2024-04-26 21:24:15,667 [INFO] Activator:176 - 


2024-04-26 21:24:15,668 [INFO] Activator:177 - !SESSION log4j initialized
2024-04-26 21:24:18,635 [INFO] LogOutputStream:77 - [STDOUT_REDIRECT] 
2024-04-26 21:24:20,815 [INFO] ApplicationProperties:184 - Using Application install path: C:\ST\STM32CubeIDE_1.13.2\STM32CubeIDE\plugins\com.st.stm32cube.common.mx_6.11.0.202403141607
2024-04-26 21:24:20,837 [INFO] DbMcusXml:78 - Set database path to: C:\ST\STM32CubeIDE_1.13.2\STM32CubeIDE\plugins\com.st.stm32cube.common.mx_6.11.0.202403141607\\db\/mcu/
2024-04-26 21:24:20,839 [INFO] ApiDb:274 - Set plugin database path to: C:\ST\STM32CubeIDE_1.13.2\STM32CubeIDE\plugins\com.st.stm32cube.common.mx_6.11.0.202403141607\\db\/plugins/boardmanager/
2024-04-26 21:24:20,839 [WARN] ApiDb:259 - Overriding images path with different value:  => C:\ST\STM32CubeIDE_1.13.2\STM32CubeIDE\plugins\com.st.stm32cube.common.mx_6.11.0.202403141607\\db\/plugins/mcufinder/images/
2024-04-26 21:24:20,845 [INFO] ApiDb:250 - Set database path to: C:\Users\Phatt\.stmcufinder\plugins\mcufinder//mcu/
2024-04-26 21:24:20,848 [INFO] DbMcusAds:125 - Set database path to: C:\Users\Phatt\.stmcufinder\plugins\mcufinder//mcu/
2024-04-26 21:24:20,851 [INFO] CrossReferenceDbSqlite:203 - Set database path to: C:\Users\Phatt\.stmcufinder\plugins\mcufinder//mcu/cs/
2024-04-26 21:24:21,001 [INFO] RulesReader:64 - Compatibility file has been processed (297 Rules)
2024-04-26 21:24:21,118 [INFO] DbMcusXml:78 - Set database path to: C:\ST\STM32CubeIDE_1.13.2\STM32CubeIDE\plugins\com.st.stm32cube.common.mx_6.11.0.202403141607\\db\/mcu/
2024-04-26 21:24:21,118 [INFO] ApiDb:274 - Set plugin database path to: C:\ST\STM32CubeIDE_1.13.2\STM32CubeIDE\plugins\com.st.stm32cube.common.mx_6.11.0.202403141607\\db\/plugins/boardmanager/
2024-04-26 21:24:21,118 [INFO] ApiDb:261 - Set plugin images path to: C:\ST\STM32CubeIDE_1.13.2\STM32CubeIDE\plugins\com.st.stm32cube.common.mx_6.11.0.202403141607\\db\/plugins/mcufinder/images/
2024-04-26 21:24:21,118 [WARN] DbFile:41 - Overriding database path with different value: C:\Users\Phatt\.stmcufinder\plugins\mcufinder/ => C:\Users\Phatt\.stmcufinder\plugins\mcufinder
2024-04-26 21:24:21,119 [INFO] ApiDb:250 - Set database path to: C:\Users\Phatt\.stmcufinder\plugins\mcufinder//mcu/
2024-04-26 21:24:21,119 [WARN] DbFile:41 - Overriding database path with different value: C:\Users\Phatt\.stmcufinder\plugins\mcufinder/ => C:\Users\Phatt\.stmcufinder\plugins\mcufinder
2024-04-26 21:24:21,119 [INFO] DbMcusAds:125 - Set database path to: C:\Users\Phatt\.stmcufinder\plugins\mcufinder//mcu/
2024-04-26 21:24:21,119 [WARN] DbFile:41 - Overriding database path with different value: C:\Users\Phatt\.stmcufinder\plugins\mcufinder/ => C:\Users\Phatt\.stmcufinder\plugins\mcufinder
2024-04-26 21:24:21,119 [WARN] DbFile:41 - Overriding database path with different value: C:\Users\Phatt\.stmcufinder\plugins\mcufinder/ => C:\Users\Phatt\.stmcufinder\plugins\mcufinder
2024-04-26 21:24:21,119 [INFO] CrossReferenceDbSqlite:203 - Set database path to: C:\Users\Phatt\.stmcufinder\plugins\mcufinder//mcu/cs/
2024-04-26 21:24:21,202 [INFO] MainPanel:264 - HeapMemory: 268435456
2024-04-26 21:24:21,280 [INFO] DbMcusXml:78 - Set database path to: C:\ST\STM32CubeIDE_1.13.2\STM32CubeIDE\plugins\com.st.stm32cube.common.mx_6.11.0.202403141607\\db\/mcu/
2024-04-26 21:24:21,280 [INFO] ApiDb:274 - Set plugin database path to: C:\ST\STM32CubeIDE_1.13.2\STM32CubeIDE\plugins\com.st.stm32cube.common.mx_6.11.0.202403141607\\db\/plugins/boardmanager/
2024-04-26 21:24:21,280 [INFO] ApiDb:261 - Set plugin images path to: C:\ST\STM32CubeIDE_1.13.2\STM32CubeIDE\plugins\com.st.stm32cube.common.mx_6.11.0.202403141607\\db\/plugins/mcufinder/images/
2024-04-26 21:24:21,280 [WARN] DbFile:41 - Overriding database path with different value: C:\Users\Phatt\.stmcufinder\plugins\mcufinder/ => C:\Users\Phatt\.stmcufinder\plugins\mcufinder
2024-04-26 21:24:21,281 [INFO] ApiDb:250 - Set database path to: C:\Users\Phatt\.stmcufinder\plugins\mcufinder//mcu/
2024-04-26 21:24:21,281 [WARN] DbFile:41 - Overriding database path with different value: C:\Users\Phatt\.stmcufinder\plugins\mcufinder/ => C:\Users\Phatt\.stmcufinder\plugins\mcufinder
2024-04-26 21:24:21,281 [INFO] DbMcusAds:125 - Set database path to: C:\Users\Phatt\.stmcufinder\plugins\mcufinder//mcu/
2024-04-26 21:24:21,281 [WARN] DbFile:41 - Overriding database path with different value: C:\Users\Phatt\.stmcufinder\plugins\mcufinder/ => C:\Users\Phatt\.stmcufinder\plugins\mcufinder
2024-04-26 21:24:21,281 [WARN] DbFile:41 - Overriding database path with different value: C:\Users\Phatt\.stmcufinder\plugins\mcufinder/ => C:\Users\Phatt\.stmcufinder\plugins\mcufinder
2024-04-26 21:24:21,281 [INFO] CrossReferenceDbSqlite:203 - Set database path to: C:\Users\Phatt\.stmcufinder\plugins\mcufinder//mcu/cs/
2024-04-26 21:24:21,296 [INFO] ApplicationProperties:184 - Using Application install path: C:\ST\STM32CubeIDE_1.13.2\STM32CubeIDE\plugins\com.st.stm32cube.common.mx_6.11.0.202403141607
2024-04-26 21:24:21,297 [INFO] PluginManage:196 - Search for loadable plugins [exclusion list=, ]
2024-04-26 21:24:21,298 [INFO] PluginManage:310 - Check plugin analytics
2024-04-26 21:24:21,570 [INFO] AnalyticsPlugin:253 - Accepted Software Licenses: 
2024-04-26 21:24:21,571 [INFO] AnalyticsPlugin:255 - Accepted CMSIS Pack Licenses: ARM.CMSIS-DSP.1.15.0,ARM.CMSIS.6.0.0
2024-04-26 21:24:21,571 [INFO] AnalyticsPlugin:257 - Accepted Firmware Licenses: FW.G4.1.5.0
2024-04-26 21:24:21,576 [INFO] PluginManage:359 - Loaded plugin analytics (category:tool,tabindex:-1)
2024-04-26 21:24:21,577 [INFO] PluginManage:310 - Check plugin cadmodel
2024-04-26 21:24:21,585 [INFO] CADModel:105 - Init CAD model plugin
2024-04-26 21:24:21,586 [INFO] PluginManage:359 - Loaded plugin cadmodel (category:power,tabindex:5)
2024-04-26 21:24:21,586 [INFO] PluginManage:310 - Check plugin clock
2024-04-26 21:24:21,596 [INFO] PluginManage:359 - Loaded plugin clock (category:base,tabindex:2)
2024-04-26 21:24:21,596 [INFO] PluginManage:310 - Check plugin ddr
2024-04-26 21:24:21,599 [INFO] PluginManage:359 - Loaded plugin ddr (category:tool,tabindex:6)
2024-04-26 21:24:21,599 [INFO] PluginManage:310 - Check plugin filemanager
2024-04-26 21:24:21,827 [INFO] PluginManage:359 - Loaded plugin filemanager (category:base,tabindex:10)
2024-04-26 21:24:21,827 [INFO] PluginManage:310 - Check plugin ipmanager
2024-04-26 21:24:21,839 [INFO] PluginManage:359 - Loaded plugin ipmanager (category:base,tabindex:5)
2024-04-26 21:24:21,840 [INFO] PluginManage:310 - Check plugin lpbam
2024-04-26 21:24:21,851 [INFO] PluginManage:359 - Loaded plugin lpbam (category:base,tabindex:0)
2024-04-26 21:24:21,851 [INFO] PluginManage:310 - Check plugin memorymap
2024-04-26 21:24:21,870 [INFO] PluginManage:359 - Loaded plugin memorymap (category:base,tabindex:4)
2024-04-26 21:24:21,870 [INFO] PluginManage:310 - Check plugin pinoutandconfiguration
2024-04-26 21:24:21,881 [INFO] PluginManage:359 - Loaded plugin pinoutandconfiguration (category:base,tabindex:1)
2024-04-26 21:24:21,881 [INFO] PluginManage:310 - Check plugin pinoutconfig
2024-04-26 21:24:21,983 [WARN] SupportedApi:132 - Cannot load RTOS API schema: s4s-elt-must-match.1: The content of 'definitions' must match (annotation?, (simpleType | complexType)?, (unique | key | keyref)*)). A problem was found starting at: attribute.
2024-04-26 21:24:22,193 [INFO] PluginManage:359 - Loaded plugin pinoutconfig (category:base,tabindex:0)
2024-04-26 21:24:22,194 [INFO] PluginManage:310 - Check plugin power
2024-04-26 21:24:22,210 [INFO] PluginManage:359 - Loaded plugin power (category:power,tabindex:4)
2024-04-26 21:24:22,210 [INFO] PluginManage:310 - Check plugin projectmanager
2024-04-26 21:24:22,230 [INFO] PluginManage:359 - Loaded plugin projectmanager (category:projectmanager,tabindex:3)
2024-04-26 21:24:22,230 [INFO] PluginManage:310 - Check plugin thirdparty
2024-04-26 21:24:22,403 [WARN] IntegrityCheckThread:84 - waiting for thirdparty lock release [integrity check]
2024-04-26 21:24:22,403 [INFO] IntegrityCheckThread:86 - entering critical section [integrity check]
2024-04-26 21:24:22,405 [INFO] PluginManage:359 - Loaded plugin thirdparty (category:base,tabindex:-1)
2024-04-26 21:24:22,405 [INFO] PluginManage:310 - Check plugin tools
2024-04-26 21:24:22,405 [INFO] ThirdPartyUpdaterWithRetryManager:70 - Updater plugin not ready yet. [1/15]
2024-04-26 21:24:22,409 [INFO] PluginManage:359 - Loaded plugin tools (category:base,tabindex:7)
2024-04-26 21:24:22,410 [INFO] PluginManage:310 - Check plugin tutovideos
2024-04-26 21:24:22,676 [INFO] PluginManage:359 - Loaded plugin tutovideos (category:base,tabindex:-1)
2024-04-26 21:24:22,676 [INFO] PluginManage:310 - Check plugin updater
2024-04-26 21:24:22,694 [INFO] PluginManage:359 - Loaded plugin updater (category:base,tabindex:12)
2024-04-26 21:24:22,694 [INFO] PluginManage:310 - Check plugin userauth
2024-04-26 21:24:22,699 [INFO] UserAuth:114 - Init User Auth plugin
2024-04-26 21:24:22,700 [INFO] PluginManage:359 - Loaded plugin userauth (category:base,tabindex:14)
2024-04-26 21:24:22,702 [INFO] PluginManage:283 - PluginManage : Loaded plugins [17]
2024-04-26 21:24:23,017 [INFO] PinOutPanel:1561 - setPackage(No Configuration,No Configuration)
2024-04-26 21:24:23,118 [INFO] CADModel:165 - CPN selected for project level
2024-04-26 21:24:23,118 [INFO] CADModel:114 - Register for checkConnection events
2024-04-26 21:24:23,135 [INFO] IPUIPlugin:80 - create IPUIPlugin
2024-04-26 21:24:23,135 [INFO] PluginManager:220 - loadIPPluginJar : add adc
2024-04-26 21:24:23,137 [INFO] IPUIPlugin:80 - create IPUIPlugin
2024-04-26 21:24:23,138 [INFO] PluginManager:220 - loadIPPluginJar : add aes
2024-04-26 21:24:23,140 [INFO] IPUIPlugin:80 - create IPUIPlugin
2024-04-26 21:24:23,140 [INFO] PluginManager:220 - loadIPPluginJar : add can
2024-04-26 21:24:23,142 [INFO] IPUIPlugin:80 - create IPUIPlugin
2024-04-26 21:24:23,142 [INFO] PluginManager:220 - loadIPPluginJar : add comp
2024-04-26 21:24:23,146 [INFO] IPUIPlugin:80 - create IPUIPlugin
2024-04-26 21:24:23,146 [INFO] PluginManager:220 - loadIPPluginJar : add cryp
2024-04-26 21:24:23,149 [INFO] IPUIPlugin:80 - create IPUIPlugin
2024-04-26 21:24:23,149 [INFO] PluginManager:220 - loadIPPluginJar : add dfsdm
2024-04-26 21:24:23,157 [INFO] IPUIPlugin:80 - create IPUIPlugin
2024-04-26 21:24:23,157 [INFO] PluginManager:220 - loadIPPluginJar : add dma
2024-04-26 21:24:23,160 [INFO] IPUIPlugin:80 - create IPUIPlugin
2024-04-26 21:24:23,160 [INFO] PluginManager:220 - loadIPPluginJar : add dma3
2024-04-26 21:24:23,163 [INFO] IPUIPlugin:80 - create IPUIPlugin
2024-04-26 21:24:23,164 [INFO] PluginManager:220 - loadIPPluginJar : add extmemmanager
2024-04-26 21:24:23,165 [INFO] IPUIPlugin:80 - create IPUIPlugin
2024-04-26 21:24:23,165 [INFO] PluginManager:220 - loadIPPluginJar : add fatfs
2024-04-26 21:24:23,169 [INFO] IPUIPlugin:80 - create IPUIPlugin
2024-04-26 21:24:23,169 [INFO] PluginManager:220 - loadIPPluginJar : add fmc
2024-04-26 21:24:23,175 [INFO] IPUIPlugin:80 - create IPUIPlugin
2024-04-26 21:24:23,175 [INFO] PluginManager:220 - loadIPPluginJar : add freertos
2024-04-26 21:24:23,177 [INFO] IPUIPlugin:80 - create IPUIPlugin
2024-04-26 21:24:23,177 [INFO] PluginManager:220 - loadIPPluginJar : add genericplugin
2024-04-26 21:24:23,179 [INFO] IPUIPlugin:80 - create IPUIPlugin
2024-04-26 21:24:23,180 [INFO] PluginManager:220 - loadIPPluginJar : add gfxmmu
2024-04-26 21:24:23,183 [INFO] IPUIPlugin:80 - create IPUIPlugin
2024-04-26 21:24:23,184 [INFO] PluginManager:220 - loadIPPluginJar : add gic
2024-04-26 21:24:23,187 [INFO] IPUIPlugin:80 - create IPUIPlugin
2024-04-26 21:24:23,189 [INFO] PluginManager:220 - loadIPPluginJar : add gpio
2024-04-26 21:24:23,190 [INFO] IPUIPlugin:80 - create IPUIPlugin
2024-04-26 21:24:23,190 [INFO] PluginManager:220 - loadIPPluginJar : add gtzc
2024-04-26 21:24:23,192 [INFO] IPUIPlugin:80 - create IPUIPlugin
2024-04-26 21:24:23,192 [INFO] PluginManager:220 - loadIPPluginJar : add hash
2024-04-26 21:24:23,195 [INFO] IPUIPlugin:80 - create IPUIPlugin
2024-04-26 21:24:23,195 [INFO] PluginManager:220 - loadIPPluginJar : add i2c
2024-04-26 21:24:23,197 [INFO] IPUIPlugin:80 - create IPUIPlugin
2024-04-26 21:24:23,197 [INFO] PluginManager:220 - loadIPPluginJar : add i2s
2024-04-26 21:24:23,199 [INFO] IPUIPlugin:80 - create IPUIPlugin
2024-04-26 21:24:23,199 [INFO] PluginManager:220 - loadIPPluginJar : add i3c
2024-04-26 21:24:23,203 [INFO] IPUIPlugin:80 - create IPUIPlugin
2024-04-26 21:24:23,203 [INFO] PluginManager:220 - loadIPPluginJar : add ipddr
2024-04-26 21:24:23,211 [INFO] IPUIPlugin:80 - create IPUIPlugin
2024-04-26 21:24:23,211 [INFO] PluginManager:220 - loadIPPluginJar : add linkedlist
2024-04-26 21:24:23,213 [INFO] IPUIPlugin:80 - create IPUIPlugin
2024-04-26 21:24:23,214 [INFO] PluginManager:220 - loadIPPluginJar : add lorawan
2024-04-26 21:24:23,215 [INFO] IPUIPlugin:80 - create IPUIPlugin
2024-04-26 21:24:23,215 [INFO] PluginManager:220 - loadIPPluginJar : add ltdc
2024-04-26 21:24:23,221 [INFO] IPUIPlugin:80 - create IPUIPlugin
2024-04-26 21:24:23,222 [INFO] PluginManager:220 - loadIPPluginJar : add mdma
2024-04-26 21:24:23,225 [INFO] IPUIPlugin:80 - create IPUIPlugin
2024-04-26 21:24:23,226 [INFO] PluginManager:220 - loadIPPluginJar : add nvic
2024-04-26 21:24:23,229 [INFO] IPUIPlugin:80 - create IPUIPlugin
2024-04-26 21:24:23,229 [INFO] PluginManager:220 - loadIPPluginJar : add opamp
2024-04-26 21:24:23,233 [INFO] IPUIPlugin:80 - create IPUIPlugin
2024-04-26 21:24:23,233 [INFO] PluginManager:220 - loadIPPluginJar : add openamp
2024-04-26 21:24:23,240 [INFO] IPUIPlugin:80 - create IPUIPlugin
2024-04-26 21:24:23,240 [INFO] PluginManager:220 - loadIPPluginJar : add pdm2pcm
2024-04-26 21:24:23,251 [INFO] IPUIPlugin:80 - create IPUIPlugin
2024-04-26 21:24:23,257 [INFO] PluginManager:220 - loadIPPluginJar : add plateformsettings
2024-04-26 21:24:23,261 [INFO] IPUIPlugin:80 - create IPUIPlugin
2024-04-26 21:24:23,261 [INFO] PluginManager:220 - loadIPPluginJar : add quadspi
2024-04-26 21:24:23,266 [INFO] IPUIPlugin:80 - create IPUIPlugin
2024-04-26 21:24:23,266 [INFO] PluginManager:220 - loadIPPluginJar : add resmgrutility
2024-04-26 21:24:23,272 [INFO] IPUIPlugin:80 - create IPUIPlugin
2024-04-26 21:24:23,272 [INFO] PluginManager:220 - loadIPPluginJar : add sai
2024-04-26 21:24:23,278 [INFO] IPUIPlugin:80 - create IPUIPlugin
2024-04-26 21:24:23,278 [INFO] PluginManager:220 - loadIPPluginJar : add spi
2024-04-26 21:24:23,289 [INFO] IPUIPlugin:80 - create IPUIPlugin
2024-04-26 21:24:23,289 [INFO] PluginManager:220 - loadIPPluginJar : add stm32_wpan
2024-04-26 21:24:23,291 [INFO] IPUIPlugin:80 - create IPUIPlugin
2024-04-26 21:24:23,292 [INFO] PluginManager:220 - loadIPPluginJar : add tim
2024-04-26 21:24:23,297 [INFO] IPUIPlugin:80 - create IPUIPlugin
2024-04-26 21:24:23,298 [INFO] PluginManager:220 - loadIPPluginJar : add touchsensing
2024-04-26 21:24:23,300 [INFO] IPUIPlugin:80 - create IPUIPlugin
2024-04-26 21:24:23,300 [INFO] PluginManager:220 - loadIPPluginJar : add tracer_emb
2024-04-26 21:24:23,304 [INFO] IPUIPlugin:80 - create IPUIPlugin
2024-04-26 21:24:23,304 [INFO] PluginManager:220 - loadIPPluginJar : add ts
2024-04-26 21:24:23,305 [INFO] IPUIPlugin:80 - create IPUIPlugin
2024-04-26 21:24:23,306 [INFO] PluginManager:220 - loadIPPluginJar : add tsc
2024-04-26 21:24:23,307 [INFO] IPUIPlugin:80 - create IPUIPlugin
2024-04-26 21:24:23,308 [INFO] PluginManager:220 - loadIPPluginJar : add ucpd
2024-04-26 21:24:23,311 [INFO] IPUIPlugin:80 - create IPUIPlugin
2024-04-26 21:24:23,311 [INFO] PluginManager:220 - loadIPPluginJar : add usart
2024-04-26 21:24:23,315 [INFO] IPUIPlugin:80 - create IPUIPlugin
2024-04-26 21:24:23,315 [INFO] PluginManager:220 - loadIPPluginJar : add usbx
2024-04-26 21:24:23,470 [INFO] CADModel:165 - CPN selected for project level
2024-04-26 21:24:23,470 [INFO] CADModel:114 - Register for checkConnection events
2024-04-26 21:24:23,470 [FATAL] Updater:308 - Updater called before beeing initialized
2024-04-26 21:24:23,470 [ERROR] CADModel:125 - Updater not yet initialized, retry later 
2024-04-26 21:24:23,615 [INFO] CADModel:165 - CPN selected for project level
2024-04-26 21:24:23,615 [INFO] CADModel:114 - Register for checkConnection events
2024-04-26 21:24:23,615 [FATAL] Updater:308 - Updater called before beeing initialized
2024-04-26 21:24:23,615 [ERROR] CADModel:125 - Updater not yet initialized, retry later 
2024-04-26 21:24:23,618 [FATAL] Updater:308 - Updater called before beeing initialized
2024-04-26 21:24:23,757 [FATAL] Updater:308 - Updater called before beeing initialized
2024-04-26 21:24:23,772 [INFO] DbMcusAds:53 - JSON generation date=Wed Nov 29 17:52:27 ICT 2023 (1701255147349)
2024-04-26 21:24:23,773 [FATAL] Updater:308 - Updater called before beeing initialized
2024-04-26 21:24:23,809 [WARN] DetailPanel:346 - Failed to get advertising image, set to default
2024-04-26 21:24:23,907 [FATAL] Updater:308 - Updater called before beeing initialized
2024-04-26 21:24:23,908 [FATAL] Updater:308 - Updater called before beeing initialized
2024-04-26 21:24:23,908 [FATAL] Updater:308 - Updater called before beeing initialized
2024-04-26 21:24:23,908 [WARN] DetailPanel:346 - Failed to get advertising image, set to default
2024-04-26 21:24:23,909 [FATAL] Updater:308 - Updater called before beeing initialized
2024-04-26 21:24:23,969 [ERROR] Updater:1120 - MainUpdater not yet initialized. External WinMGr cannot be set.
2024-04-26 21:24:23,972 [INFO] Updater:1056 - Updater Version found : 6.11.0
2024-04-26 21:24:23,990 [INFO] ApplicationProperties:184 - Using Application install path: C:\ST\STM32CubeIDE_1.13.2\STM32CubeIDE\plugins\com.st.stm32cube.common.mx_6.11.0.202403141607
2024-04-26 21:24:25,407 [INFO] ThirdPartyUpdaterWithRetryManager:70 - Updater plugin not ready yet. [2/15]
2024-04-26 21:24:25,564 [ERROR] LogOutputStream:75 - [STDERR_REDIRECT] Apr 26, 2024 9:24:25 PM java.util.prefs.WindowsPreferences <init>
2024-04-26 21:24:25,565 [ERROR] LogOutputStream:75 - [STDERR_REDIRECT] WARNING: Could not open/create prefs root node Software\JavaSoft\Prefs at root 0xffffffff80000002. Windows RegCreateKeyEx(...) returned error code 5.
2024-04-26 21:24:25,565 [ERROR] LogOutputStream:75 - [STDERR_REDIRECT] 
2024-04-26 21:24:26,287 [INFO] MainUpdater:2873 - connection check result : 10
2024-04-26 21:24:26,288 [INFO] MainUpdater:290 - Updater Check For Update Now.
2024-04-26 21:24:26,288 [INFO] MicroXplorer:498 - Change Database Version : DB.6.0.110
2024-04-26 21:24:26,305 [INFO] McuFinderGlobals:63 - Set McuFinder mode to 2 (CubeIDE integrated)
2024-04-26 21:24:26,305 [INFO] UserAuth:179 - activating auth plugin
2024-04-26 21:24:26,308 [INFO] UserAuth:415 - Internet connection configuration mode: 1
2024-04-26 21:24:26,352 [INFO] JxBrowserEngine:152 - Initiate JxBrowser Engine with user profile folder
2024-04-26 21:24:26,479 [INFO] CheckServerUpdateThread:120 - End of CheckServer Thread
2024-04-26 21:24:28,251 [INFO] WebApp:161 - Instantiating new browser for Auth
2024-04-26 21:24:28,660 [WARN] PackLoader:240 - Cannot read IP mode file for STMicroelectronics.FP-SNS-MOTENVWB1.1.4.0
2024-04-26 21:24:28,678 [WARN] PackLoader:240 - Cannot read IP mode file for STMicroelectronics.X-CUBE-SMBUS.2.1.0
2024-04-26 21:24:28,685 [WARN] PackLoader:240 - Cannot read IP mode file for STMicroelectronics.X-CUBE-TOUCHGFX.4.23.0
2024-04-26 21:24:28,688 [WARN] PackLoader:240 - Cannot read IP mode file for STMicroelectronics.X-CUBE-TOUCHGFX.4.23.2
2024-04-26 21:24:28,726 [WARN] PackLoader:240 - Cannot read IP mode file for STMicroelectronics.X-CUBE-AZRTOS-F7.1.1.0
2024-04-26 21:24:28,738 [WARN] PackLoader:240 - Cannot read IP mode file for STMicroelectronics.FP-SNS-MOTENV1.4.3.2
2024-04-26 21:24:28,744 [WARN] PackLoader:240 - Cannot read IP mode file for STMicroelectronics.FP-SNS-FLIGHT1.5.0.2
2024-04-26 21:24:28,753 [WARN] PackLoader:240 - Cannot read IP mode file for STMicroelectronics.X-CUBE-DISPLAY.3.0.0
2024-04-26 21:24:28,771 [WARN] PackLoader:240 - Cannot read IP mode file for STMicroelectronics.X-CUBE-BLE1.7.0.0
2024-04-26 21:24:28,777 [WARN] PackLoader:240 - Cannot read IP mode file for emotas.I-CUBE-CANOPEN.1.3.0
2024-04-26 21:24:28,781 [WARN] PackLoader:240 - Cannot read IP mode file for STMicroelectronics.X-CUBE-TOUCHGFX.4.22.1
2024-04-26 21:24:28,797 [WARN] PackLoader:240 - Cannot read IP mode file for STMicroelectronics.X-CUBE-BLEMGR.3.1.0
2024-04-26 21:24:28,806 [WARN] PackLoader:240 - Cannot read IP mode file for STMicroelectronics.FP-SNS-SMARTAG2.1.2.0
2024-04-26 21:24:28,817 [INFO] LogOutputStream:77 - [STDOUT_REDIRECT] 1 : Invalid condition id : UX_CORESTACK_Condition cause : null
2024-04-26 21:24:28,818 [INFO] LogOutputStream:77 - [STDOUT_REDIRECT] 1 : Invalid condition id : UX_CORESTACK_Condition cause : null
2024-04-26 21:24:28,819 [INFO] LogOutputStream:77 - [STDOUT_REDIRECT] 1 : Invalid condition id : UX_CORESTACK_Condition cause : null
2024-04-26 21:24:28,820 [INFO] LogOutputStream:77 - [STDOUT_REDIRECT] 1 : Invalid condition id : UX_CORESTACK_Condition cause : null
2024-04-26 21:24:28,821 [INFO] LogOutputStream:77 - [STDOUT_REDIRECT] 1 : Invalid condition id : UX_CORESTACK_Condition cause : null
2024-04-26 21:24:28,826 [WARN] PackLoader:240 - Cannot read IP mode file for STMicroelectronics.X-CUBE-AZRTOS-WL.2.0.0
2024-04-26 21:24:28,833 [WARN] PackLoader:240 - Cannot read IP mode file for STMicroelectronics.FP-SNS-MOTENV1.5.0.0
2024-04-26 21:24:28,848 [WARN] PackLoader:240 - Cannot read IP mode file for WES.I-CUBE-Cesium.1.3.0
2024-04-26 21:24:28,855 [WARN] PackLoader:240 - Cannot read IP mode file for STMicroelectronics.X-CUBE-BLE2.3.3.0
2024-04-26 21:24:28,865 [WARN] PackLoader:240 - Cannot read IP mode file for STMicroelectronics.X-CUBE-TCPP.4.1.0
2024-04-26 21:24:28,877 [WARN] PackLoader:240 - Cannot read IP mode file for STMicroelectronics.X-CUBE-ALGOBUILD.1.3.0
2024-04-26 21:24:28,905 [WARN] PackLoader:240 - Cannot read IP mode file for STMicroelectronics.X-CUBE-AZRTOS-G0.1.1.0
2024-04-26 21:24:28,920 [WARN] PackLoader:240 - Cannot read IP mode file for STMicroelectronics.X-CUBE-SAFEA1.1.2.2
2024-04-26 21:24:28,930 [WARN] PackLoader:240 - Cannot read IP mode file for STMicroelectronics.X-CUBE-NFC4.3.0.0
2024-04-26 21:24:28,947 [WARN] PackLoader:240 - Cannot read IP mode file for STMicroelectronics.X-CUBE-BLEMGR.3.0.0
2024-04-26 21:24:28,957 [WARN] PackLoader:240 - Cannot read IP mode file for wolfSSL.I-CUBE-wolfSSL.5.7.0
2024-04-26 21:24:28,962 [WARN] PackLoader:240 - Cannot read IP mode file for STMicroelectronics.FP-ATR-SIGFOX1.3.2.0
2024-04-26 21:24:28,968 [WARN] PackLoader:240 - Cannot read IP mode file for STMicroelectronics.X-CUBE-EEPRMA1.5.1.0
2024-04-26 21:24:28,976 [WARN] PackLoader:240 - Cannot read IP mode file for ITTIA_DB.I-CUBE-ITTIADB.8.9.0
2024-04-26 21:24:29,005 [WARN] PackLoader:240 - Cannot read IP mode file for SEGGER.I-CUBE-embOS.1.3.1
2024-04-26 21:24:29,054 [WARN] PackLoader:240 - Cannot read IP mode file for STMicroelectronics.X-CUBE-GNSS1.6.0.0
2024-04-26 21:24:29,091 [WARN] PackLoader:240 - Cannot read IP mode file for STMicroelectronics.X-CUBE-AZRTOS-F4.1.1.0
2024-04-26 21:24:29,098 [WARN] PackLoader:240 - Cannot read IP mode file for wolfSSL.I-CUBE-wolfSSL.5.6.3
2024-04-26 21:24:29,104 [WARN] PackLoader:240 - Cannot read IP mode file for STMicroelectronics.X-CUBE-FREERTOS.1.2.0
2024-04-26 21:24:29,126 [WARN] PackLoader:240 - Cannot read IP mode file for STMicroelectronics.X-CUBE-AZRTOS-L5.2.0.0
2024-04-26 21:24:29,131 [WARN] PackLoader:240 - Cannot read IP mode file for STMicroelectronics.X-CUBE-EEPRMA1.4.2.0
2024-04-26 21:24:29,137 [WARN] PackLoader:240 - Cannot read IP mode file for STMicroelectronics.X-CUBE-NFC6.3.1.0
2024-04-26 21:24:29,143 [WARN] PackLoader:240 - Cannot read IP mode file for ITTIA_DB.I-CUBE-ITTIADB.8.8.0
2024-04-26 21:24:29,190 [WARN] PackLoader:240 - Cannot read IP mode file for STMicroelectronics.X-CUBE-BLEMGR.2.0.0
2024-04-26 21:24:29,196 [WARN] PackLoader:240 - Cannot read IP mode file for STMicroelectronics.X-CUBE-AI.9.0.0
2024-04-26 21:24:29,215 [WARN] ConditionMgr:438 - getConditionDescription Invalid condition id : UX DEVICE CLASS RTOS Condition cause : null
2024-04-26 21:24:29,215 [WARN] ConditionMgr:438 - getConditionDescription Invalid condition id : UX DEVICE CLASS RTOS Condition cause : null
2024-04-26 21:24:29,217 [WARN] PackLoader:240 - Cannot read IP mode file for STMicroelectronics.X-CUBE-AZRTOS-H7.3.1.0
2024-04-26 21:24:29,218 [INFO] WebApp:779 - Register for checkConnection events
2024-04-26 21:24:29,218 [INFO] WebApp:414 - Apply proxy settings
2024-04-26 21:24:29,218 [INFO] WebApp:499 - Chromium requires no authentication
2024-04-26 21:24:29,218 [WARN] ConditionMgr:1039 - genDependencies : Invalid condition id : UX DEVICE CLASS RTOS Condition cause : null
2024-04-26 21:24:29,218 [WARN] ConditionMgr:1039 - genDependencies : Invalid condition id : UX DEVICE CLASS RTOS Condition cause : null
2024-04-26 21:24:29,219 [WARN] ConditionMgr:1039 - genDependencies : Invalid condition id : UX DEVICE CLASS RTOS Condition cause : null
2024-04-26 21:24:29,220 [WARN] ConditionMgr:1039 - genDependencies : Invalid condition id : UX DEVICE CLASS RTOS Condition cause : null
2024-04-26 21:24:29,220 [WARN] ConditionMgr:1039 - genDependencies : Invalid condition id : UX DEVICE CLASS RTOS Condition cause : null
2024-04-26 21:24:29,227 [WARN] PackLoader:240 - Cannot read IP mode file for STMicroelectronics.X-CUBE-NFC7.1.0.1
2024-04-26 21:24:29,233 [WARN] PackLoader:240 - Cannot read IP mode file for STMicroelectronics.X-CUBE-NFC6.3.0.0
2024-04-26 21:24:29,239 [WARN] PackLoader:240 - Cannot read IP mode file for STMicroelectronics.X-CUBE-EEPRMA1.4.1.0
2024-04-26 21:24:29,243 [WARN] PackLoader:240 - Cannot read IP mode file for STMicroelectronics.X-CUBE-AI.8.1.0
2024-04-26 21:24:29,243 [INFO] WebApp:442 - Direct internet connection detected
2024-04-26 21:24:29,263 [WARN] ConditionMgr:438 - getConditionDescription Invalid condition id : LAN8742 Phy interface Condition cause : null
2024-04-26 21:24:29,263 [WARN] PackLoader:240 - Cannot read IP mode file for STMicroelectronics.X-CUBE-AZRTOS-L4.2.0.0
2024-04-26 21:24:29,264 [WARN] ConditionMgr:1039 - genDependencies : Invalid condition id : LAN8742 Phy interface Condition cause : null
2024-04-26 21:24:29,264 [WARN] ConditionMgr:1039 - genDependencies : Invalid condition id : LAN8742 Phy interface Condition cause : null
2024-04-26 21:24:29,265 [WARN] ConditionMgr:1039 - genDependencies : Invalid condition id : LAN8742 Phy interface Condition cause : null
2024-04-26 21:24:29,312 [WARN] PackLoader:240 - Cannot read IP mode file for STMicroelectronics.X-CUBE-SFXS2LP1.4.0.0
2024-04-26 21:24:29,318 [WARN] PackLoader:240 - Cannot read IP mode file for STMicroelectronics.X-CUBE-ISPU.1.1.0
2024-04-26 21:24:29,331 [WARN] ConditionMgr:438 - getConditionDescription Invalid condition id : UX DEVICE CLASS RTOS Condition cause : null
2024-04-26 21:24:29,332 [WARN] ConditionMgr:438 - getConditionDescription Invalid condition id : UX DEVICE CLASS RTOS Condition cause : null
2024-04-26 21:24:29,333 [WARN] PackLoader:240 - Cannot read IP mode file for STMicroelectronics.X-CUBE-AZRTOS-WB.2.0.0
2024-04-26 21:24:29,334 [WARN] ConditionMgr:1039 - genDependencies : Invalid condition id : UX DEVICE CLASS RTOS Condition cause : null
2024-04-26 21:24:29,334 [WARN] ConditionMgr:1039 - genDependencies : Invalid condition id : UX DEVICE CLASS RTOS Condition cause : null
2024-04-26 21:24:29,335 [WARN] ConditionMgr:1039 - genDependencies : Invalid condition id : UX DEVICE CLASS RTOS Condition cause : null
2024-04-26 21:24:29,335 [WARN] ConditionMgr:1039 - genDependencies : Invalid condition id : UX DEVICE CLASS RTOS Condition cause : null
2024-04-26 21:24:29,335 [WARN] ConditionMgr:1039 - genDependencies : Invalid condition id : UX DEVICE CLASS RTOS Condition cause : null
2024-04-26 21:24:29,348 [WARN] PackLoader:240 - Cannot read IP mode file for STMicroelectronics.X-CUBE-SUBG2.5.0.0
2024-04-26 21:24:29,371 [WARN] PackLoader:240 - Cannot read IP mode file for STMicroelectronics.X-CUBE-TOF1.3.3.1
2024-04-26 21:24:29,394 [WARN] PackLoader:240 - Cannot read IP mode file for STMicroelectronics.X-CUBE-AZRTOS-G4.2.0.0
2024-04-26 21:24:29,405 [WARN] PackLoader:240 - Cannot read IP mode file for Infineon.AIROC-Wi-Fi-Bluetooth-STM32.1.5.1
2024-04-26 21:24:29,410 [WARN] PackLoader:240 - Cannot read IP mode file for STMicroelectronics.FP-SNS-MOTENVWB1.1.3.0
2024-04-26 21:24:29,413 [WARN] PackLoader:240 - Cannot read IP mode file for STMicroelectronics.FP-SNS-MOTENVWB1.1.3.1
2024-04-26 21:24:29,417 [WARN] PackLoader:240 - Cannot read IP mode file for STMicroelectronics.X-CUBE-ISPU.2.0.0
2024-04-26 21:24:29,450 [WARN] PackLoader:240 - Cannot read IP mode file for STMicroelectronics.X-CUBE-MEMS1.10.0.0
2024-04-26 21:24:29,551 [WARN] PackLoader:240 - Cannot read IP mode file for STMicroelectronics.X-CUBE-FREERTOS.1.1.0
2024-04-26 21:24:29,556 [WARN] PackLoader:240 - Cannot read IP mode file for portGmbH.I-Cube-SoM-uGOAL.1.1.0
2024-04-26 21:24:29,559 [WARN] PackLoader:240 - Cannot read IP mode file for STMicroelectronics.X-CUBE-ALS.1.0.1
2024-04-26 21:24:29,574 [WARN] PackLoader:240 - Cannot read IP mode file for STMicroelectronics.X-CUBE-AZRTOS-H7RS.1.0.0
2024-04-26 21:24:29,579 [WARN] PackLoader:240 - Cannot read IP mode file for STMicroelectronics.FP-ATR-ASTRA1.2.0.0
2024-04-26 21:24:29,590 [WARN] PackLoader:240 - Cannot read IP mode file for STMicroelectronics.X-CUBE-TOF1.3.4.0
2024-04-26 21:24:29,603 [INFO] WebApp:192 - Starting web application
2024-04-26 21:24:29,603 [INFO] WebApp:544 - Web application path used C:\ST\STM32CubeIDE_1.13.2\STM32CubeIDE\plugins\com.st.stm32cube.common.mx_6.11.0.202403141607\db\plugins\mcufinder\reactClient1\index.html
2024-04-26 21:24:29,607 [WARN] PackLoader:240 - Cannot read IP mode file for STMicroelectronics.X-CUBE-TOF1.3.4.1
2024-04-26 21:24:29,630 [WARN] PackLoader:240 - Cannot read IP mode file for STMicroelectronics.X-CUBE-AZRTOS-H7.3.2.0
2024-04-26 21:24:29,641 [WARN] PackLoader:240 - Cannot read IP mode file for Infineon.AIROC-Wi-Fi-Bluetooth-STM32.1.6.0
2024-04-26 21:24:29,646 [INFO] ThirdParty:978 - Integrity check success = true
2024-04-26 21:24:29,646 [INFO] IntegrityCheckThread:100 - exiting critical section [integrity check]
2024-04-26 21:24:29,646 [INFO] IntegrityCheckThread:103 - End integrity checks thread
2024-04-26 21:26:16,853 [ERROR] LogOutputStream:75 - [STDERR_REDIRECT] 
