2024-05-17 03:16:13,503 [INFO] Activator:176 - 


2024-05-17 03:16:13,506 [INFO] Activator:177 - !SESSION log4j initialized
2024-05-17 03:16:17,402 [INFO] LogOutputStream:77 - [STDOUT_REDIRECT] 
2024-05-17 03:16:19,685 [INFO] ApplicationProperties:184 - Using Application install path: C:\ST\STM32CubeIDE_1.13.2\STM32CubeIDE\plugins\com.st.stm32cube.common.mx_6.11.0.202403141607
2024-05-17 03:16:19,703 [INFO] DbMcusXml:78 - Set database path to: C:\ST\STM32CubeIDE_1.13.2\STM32CubeIDE\plugins\com.st.stm32cube.common.mx_6.11.0.202403141607\\db\/mcu/
2024-05-17 03:16:19,704 [INFO] ApiDb:274 - Set plugin database path to: C:\ST\STM32CubeIDE_1.13.2\STM32CubeIDE\plugins\com.st.stm32cube.common.mx_6.11.0.202403141607\\db\/plugins/boardmanager/
2024-05-17 03:16:19,704 [WARN] ApiDb:259 - Overriding images path with different value:  => C:\ST\STM32CubeIDE_1.13.2\STM32CubeIDE\plugins\com.st.stm32cube.common.mx_6.11.0.202403141607\\db\/plugins/mcufinder/images/
2024-05-17 03:16:19,713 [INFO] ApiDb:250 - Set database path to: C:\Users\Phatt\.stmcufinder\plugins\mcufinder//mcu/
2024-05-17 03:16:19,714 [INFO] DbMcusAds:125 - Set database path to: C:\Users\Phatt\.stmcufinder\plugins\mcufinder//mcu/
2024-05-17 03:16:19,716 [INFO] CrossReferenceDbSqlite:203 - Set database path to: C:\Users\Phatt\.stmcufinder\plugins\mcufinder//mcu/cs/
2024-05-17 03:16:19,847 [INFO] RulesReader:64 - Compatibility file has been processed (297 Rules)
2024-05-17 03:16:19,960 [INFO] DbMcusXml:78 - Set database path to: C:\ST\STM32CubeIDE_1.13.2\STM32CubeIDE\plugins\com.st.stm32cube.common.mx_6.11.0.202403141607\\db\/mcu/
2024-05-17 03:16:19,960 [INFO] ApiDb:274 - Set plugin database path to: C:\ST\STM32CubeIDE_1.13.2\STM32CubeIDE\plugins\com.st.stm32cube.common.mx_6.11.0.202403141607\\db\/plugins/boardmanager/
2024-05-17 03:16:19,960 [INFO] ApiDb:261 - Set plugin images path to: C:\ST\STM32CubeIDE_1.13.2\STM32CubeIDE\plugins\com.st.stm32cube.common.mx_6.11.0.202403141607\\db\/plugins/mcufinder/images/
2024-05-17 03:16:19,960 [WARN] DbFile:41 - Overriding database path with different value: C:\Users\Phatt\.stmcufinder\plugins\mcufinder/ => C:\Users\Phatt\.stmcufinder\plugins\mcufinder
2024-05-17 03:16:19,961 [INFO] ApiDb:250 - Set database path to: C:\Users\Phatt\.stmcufinder\plugins\mcufinder//mcu/
2024-05-17 03:16:19,961 [WARN] DbFile:41 - Overriding database path with different value: C:\Users\Phatt\.stmcufinder\plugins\mcufinder/ => C:\Users\Phatt\.stmcufinder\plugins\mcufinder
2024-05-17 03:16:19,961 [INFO] DbMcusAds:125 - Set database path to: C:\Users\Phatt\.stmcufinder\plugins\mcufinder//mcu/
2024-05-17 03:16:19,961 [WARN] DbFile:41 - Overriding database path with different value: C:\Users\Phatt\.stmcufinder\plugins\mcufinder/ => C:\Users\Phatt\.stmcufinder\plugins\mcufinder
2024-05-17 03:16:19,961 [WARN] DbFile:41 - Overriding database path with different value: C:\Users\Phatt\.stmcufinder\plugins\mcufinder/ => C:\Users\Phatt\.stmcufinder\plugins\mcufinder
2024-05-17 03:16:19,961 [INFO] CrossReferenceDbSqlite:203 - Set database path to: C:\Users\Phatt\.stmcufinder\plugins\mcufinder//mcu/cs/
2024-05-17 03:16:20,101 [INFO] MainPanel:264 - HeapMemory: 268435456
2024-05-17 03:16:20,249 [INFO] DbMcusXml:78 - Set database path to: C:\ST\STM32CubeIDE_1.13.2\STM32CubeIDE\plugins\com.st.stm32cube.common.mx_6.11.0.202403141607\\db\/mcu/
2024-05-17 03:16:20,249 [INFO] ApiDb:274 - Set plugin database path to: C:\ST\STM32CubeIDE_1.13.2\STM32CubeIDE\plugins\com.st.stm32cube.common.mx_6.11.0.202403141607\\db\/plugins/boardmanager/
2024-05-17 03:16:20,249 [INFO] ApiDb:261 - Set plugin images path to: C:\ST\STM32CubeIDE_1.13.2\STM32CubeIDE\plugins\com.st.stm32cube.common.mx_6.11.0.202403141607\\db\/plugins/mcufinder/images/
2024-05-17 03:16:20,251 [WARN] DbFile:41 - Overriding database path with different value: C:\Users\Phatt\.stmcufinder\plugins\mcufinder/ => C:\Users\Phatt\.stmcufinder\plugins\mcufinder
2024-05-17 03:16:20,251 [INFO] ApiDb:250 - Set database path to: C:\Users\Phatt\.stmcufinder\plugins\mcufinder//mcu/
2024-05-17 03:16:20,251 [WARN] DbFile:41 - Overriding database path with different value: C:\Users\Phatt\.stmcufinder\plugins\mcufinder/ => C:\Users\Phatt\.stmcufinder\plugins\mcufinder
2024-05-17 03:16:20,251 [INFO] DbMcusAds:125 - Set database path to: C:\Users\Phatt\.stmcufinder\plugins\mcufinder//mcu/
2024-05-17 03:16:20,251 [WARN] DbFile:41 - Overriding database path with different value: C:\Users\Phatt\.stmcufinder\plugins\mcufinder/ => C:\Users\Phatt\.stmcufinder\plugins\mcufinder
2024-05-17 03:16:20,251 [WARN] DbFile:41 - Overriding database path with different value: C:\Users\Phatt\.stmcufinder\plugins\mcufinder/ => C:\Users\Phatt\.stmcufinder\plugins\mcufinder
2024-05-17 03:16:20,252 [INFO] CrossReferenceDbSqlite:203 - Set database path to: C:\Users\Phatt\.stmcufinder\plugins\mcufinder//mcu/cs/
2024-05-17 03:16:20,291 [INFO] ApplicationProperties:184 - Using Application install path: C:\ST\STM32CubeIDE_1.13.2\STM32CubeIDE\plugins\com.st.stm32cube.common.mx_6.11.0.202403141607
2024-05-17 03:16:20,292 [INFO] PluginManage:196 - Search for loadable plugins [exclusion list=, ]
2024-05-17 03:16:20,294 [INFO] PluginManage:310 - Check plugin analytics
2024-05-17 03:16:20,670 [INFO] AnalyticsPlugin:253 - Accepted Software Licenses: 
2024-05-17 03:16:20,670 [INFO] AnalyticsPlugin:255 - Accepted CMSIS Pack Licenses: ARM.CMSIS-DSP.1.15.0,ARM.CMSIS.6.0.0
2024-05-17 03:16:20,672 [INFO] AnalyticsPlugin:257 - Accepted Firmware Licenses: FW.G4.1.5.0
2024-05-17 03:16:20,680 [INFO] PluginManage:359 - Loaded plugin analytics (category:tool,tabindex:-1)
2024-05-17 03:16:20,681 [INFO] PluginManage:310 - Check plugin cadmodel
2024-05-17 03:16:20,696 [INFO] CADModel:105 - Init CAD model plugin
2024-05-17 03:16:20,696 [INFO] PluginManage:359 - Loaded plugin cadmodel (category:power,tabindex:5)
2024-05-17 03:16:20,697 [INFO] PluginManage:310 - Check plugin clock
2024-05-17 03:16:20,726 [INFO] PluginManage:359 - Loaded plugin clock (category:base,tabindex:2)
2024-05-17 03:16:20,727 [INFO] PluginManage:310 - Check plugin ddr
2024-05-17 03:16:20,737 [INFO] PluginManage:359 - Loaded plugin ddr (category:tool,tabindex:6)
2024-05-17 03:16:20,737 [INFO] PluginManage:310 - Check plugin filemanager
2024-05-17 03:16:21,061 [INFO] PluginManage:359 - Loaded plugin filemanager (category:base,tabindex:10)
2024-05-17 03:16:21,061 [INFO] PluginManage:310 - Check plugin ipmanager
2024-05-17 03:16:21,070 [INFO] PluginManage:359 - Loaded plugin ipmanager (category:base,tabindex:5)
2024-05-17 03:16:21,072 [INFO] PluginManage:310 - Check plugin lpbam
2024-05-17 03:16:21,082 [INFO] PluginManage:359 - Loaded plugin lpbam (category:base,tabindex:0)
2024-05-17 03:16:21,083 [INFO] PluginManage:310 - Check plugin memorymap
2024-05-17 03:16:21,102 [INFO] PluginManage:359 - Loaded plugin memorymap (category:base,tabindex:4)
2024-05-17 03:16:21,102 [INFO] PluginManage:310 - Check plugin pinoutandconfiguration
2024-05-17 03:16:21,110 [INFO] PluginManage:359 - Loaded plugin pinoutandconfiguration (category:base,tabindex:1)
2024-05-17 03:16:21,110 [INFO] PluginManage:310 - Check plugin pinoutconfig
2024-05-17 03:16:21,220 [WARN] SupportedApi:132 - Cannot load RTOS API schema: s4s-elt-must-match.1: The content of 'definitions' must match (annotation?, (simpleType | complexType)?, (unique | key | keyref)*)). A problem was found starting at: attribute.
2024-05-17 03:16:21,405 [INFO] PluginManage:359 - Loaded plugin pinoutconfig (category:base,tabindex:0)
2024-05-17 03:16:21,406 [INFO] PluginManage:310 - Check plugin power
2024-05-17 03:16:21,428 [INFO] PluginManage:359 - Loaded plugin power (category:power,tabindex:4)
2024-05-17 03:16:21,429 [INFO] PluginManage:310 - Check plugin projectmanager
2024-05-17 03:16:21,452 [INFO] PluginManage:359 - Loaded plugin projectmanager (category:projectmanager,tabindex:3)
2024-05-17 03:16:21,453 [INFO] PluginManage:310 - Check plugin thirdparty
2024-05-17 03:16:21,669 [INFO] PluginManage:359 - Loaded plugin thirdparty (category:base,tabindex:-1)
2024-05-17 03:16:21,669 [INFO] PluginManage:310 - Check plugin tools
2024-05-17 03:16:21,669 [WARN] IntegrityCheckThread:84 - waiting for thirdparty lock release [integrity check]
2024-05-17 03:16:21,669 [INFO] IntegrityCheckThread:86 - entering critical section [integrity check]
2024-05-17 03:16:21,670 [INFO] ThirdPartyUpdaterWithRetryManager:70 - Updater plugin not ready yet. [1/15]
2024-05-17 03:16:21,672 [INFO] PluginManage:359 - Loaded plugin tools (category:base,tabindex:7)
2024-05-17 03:16:21,672 [INFO] PluginManage:310 - Check plugin tutovideos
2024-05-17 03:16:21,909 [INFO] PluginManage:359 - Loaded plugin tutovideos (category:base,tabindex:-1)
2024-05-17 03:16:21,909 [INFO] PluginManage:310 - Check plugin updater
2024-05-17 03:16:21,926 [INFO] PluginManage:359 - Loaded plugin updater (category:base,tabindex:12)
2024-05-17 03:16:21,926 [INFO] PluginManage:310 - Check plugin userauth
2024-05-17 03:16:21,931 [INFO] UserAuth:114 - Init User Auth plugin
2024-05-17 03:16:21,931 [INFO] PluginManage:359 - Loaded plugin userauth (category:base,tabindex:14)
2024-05-17 03:16:21,931 [INFO] PluginManage:283 - PluginManage : Loaded plugins [17]
2024-05-17 03:16:22,160 [INFO] PinOutPanel:1561 - setPackage(No Configuration,No Configuration)
2024-05-17 03:16:22,241 [INFO] CADModel:165 - CPN selected for project level
2024-05-17 03:16:22,241 [INFO] CADModel:114 - Register for checkConnection events
2024-05-17 03:16:22,260 [INFO] IPUIPlugin:80 - create IPUIPlugin
2024-05-17 03:16:22,260 [INFO] PluginManager:220 - loadIPPluginJar : add adc
2024-05-17 03:16:22,263 [INFO] IPUIPlugin:80 - create IPUIPlugin
2024-05-17 03:16:22,263 [INFO] PluginManager:220 - loadIPPluginJar : add aes
2024-05-17 03:16:22,266 [INFO] IPUIPlugin:80 - create IPUIPlugin
2024-05-17 03:16:22,266 [INFO] PluginManager:220 - loadIPPluginJar : add can
2024-05-17 03:16:22,269 [INFO] IPUIPlugin:80 - create IPUIPlugin
2024-05-17 03:16:22,269 [INFO] PluginManager:220 - loadIPPluginJar : add comp
2024-05-17 03:16:22,272 [INFO] IPUIPlugin:80 - create IPUIPlugin
2024-05-17 03:16:22,272 [INFO] PluginManager:220 - loadIPPluginJar : add cryp
2024-05-17 03:16:22,275 [INFO] IPUIPlugin:80 - create IPUIPlugin
2024-05-17 03:16:22,275 [INFO] PluginManager:220 - loadIPPluginJar : add dfsdm
2024-05-17 03:16:22,280 [INFO] IPUIPlugin:80 - create IPUIPlugin
2024-05-17 03:16:22,280 [INFO] PluginManager:220 - loadIPPluginJar : add dma
2024-05-17 03:16:22,283 [INFO] IPUIPlugin:80 - create IPUIPlugin
2024-05-17 03:16:22,283 [INFO] PluginManager:220 - loadIPPluginJar : add dma3
2024-05-17 03:16:22,286 [INFO] IPUIPlugin:80 - create IPUIPlugin
2024-05-17 03:16:22,286 [INFO] PluginManager:220 - loadIPPluginJar : add extmemmanager
2024-05-17 03:16:22,289 [INFO] IPUIPlugin:80 - create IPUIPlugin
2024-05-17 03:16:22,289 [INFO] PluginManager:220 - loadIPPluginJar : add fatfs
2024-05-17 03:16:22,293 [INFO] IPUIPlugin:80 - create IPUIPlugin
2024-05-17 03:16:22,293 [INFO] PluginManager:220 - loadIPPluginJar : add fmc
2024-05-17 03:16:22,304 [INFO] IPUIPlugin:80 - create IPUIPlugin
2024-05-17 03:16:22,304 [INFO] PluginManager:220 - loadIPPluginJar : add freertos
2024-05-17 03:16:22,308 [INFO] IPUIPlugin:80 - create IPUIPlugin
2024-05-17 03:16:22,308 [INFO] PluginManager:220 - loadIPPluginJar : add genericplugin
2024-05-17 03:16:22,310 [INFO] IPUIPlugin:80 - create IPUIPlugin
2024-05-17 03:16:22,311 [INFO] PluginManager:220 - loadIPPluginJar : add gfxmmu
2024-05-17 03:16:22,319 [INFO] IPUIPlugin:80 - create IPUIPlugin
2024-05-17 03:16:22,319 [INFO] PluginManager:220 - loadIPPluginJar : add gic
2024-05-17 03:16:22,326 [INFO] IPUIPlugin:80 - create IPUIPlugin
2024-05-17 03:16:22,326 [INFO] PluginManager:220 - loadIPPluginJar : add gpio
2024-05-17 03:16:22,330 [INFO] IPUIPlugin:80 - create IPUIPlugin
2024-05-17 03:16:22,331 [INFO] PluginManager:220 - loadIPPluginJar : add gtzc
2024-05-17 03:16:22,334 [INFO] IPUIPlugin:80 - create IPUIPlugin
2024-05-17 03:16:22,334 [INFO] PluginManager:220 - loadIPPluginJar : add hash
2024-05-17 03:16:22,338 [INFO] IPUIPlugin:80 - create IPUIPlugin
2024-05-17 03:16:22,338 [INFO] PluginManager:220 - loadIPPluginJar : add i2c
2024-05-17 03:16:22,342 [INFO] IPUIPlugin:80 - create IPUIPlugin
2024-05-17 03:16:22,342 [INFO] PluginManager:220 - loadIPPluginJar : add i2s
2024-05-17 03:16:22,346 [INFO] IPUIPlugin:80 - create IPUIPlugin
2024-05-17 03:16:22,347 [INFO] PluginManager:220 - loadIPPluginJar : add i3c
2024-05-17 03:16:22,356 [INFO] IPUIPlugin:80 - create IPUIPlugin
2024-05-17 03:16:22,356 [INFO] PluginManager:220 - loadIPPluginJar : add ipddr
2024-05-17 03:16:22,363 [INFO] IPUIPlugin:80 - create IPUIPlugin
2024-05-17 03:16:22,363 [INFO] PluginManager:220 - loadIPPluginJar : add linkedlist
2024-05-17 03:16:22,368 [INFO] IPUIPlugin:80 - create IPUIPlugin
2024-05-17 03:16:22,368 [INFO] PluginManager:220 - loadIPPluginJar : add lorawan
2024-05-17 03:16:22,371 [INFO] IPUIPlugin:80 - create IPUIPlugin
2024-05-17 03:16:22,371 [INFO] PluginManager:220 - loadIPPluginJar : add ltdc
2024-05-17 03:16:22,379 [INFO] IPUIPlugin:80 - create IPUIPlugin
2024-05-17 03:16:22,379 [INFO] PluginManager:220 - loadIPPluginJar : add mdma
2024-05-17 03:16:22,386 [INFO] IPUIPlugin:80 - create IPUIPlugin
2024-05-17 03:16:22,386 [INFO] PluginManager:220 - loadIPPluginJar : add nvic
2024-05-17 03:16:22,390 [INFO] IPUIPlugin:80 - create IPUIPlugin
2024-05-17 03:16:22,390 [INFO] PluginManager:220 - loadIPPluginJar : add opamp
2024-05-17 03:16:22,398 [INFO] IPUIPlugin:80 - create IPUIPlugin
2024-05-17 03:16:22,398 [INFO] PluginManager:220 - loadIPPluginJar : add openamp
2024-05-17 03:16:22,402 [INFO] IPUIPlugin:80 - create IPUIPlugin
2024-05-17 03:16:22,402 [INFO] PluginManager:220 - loadIPPluginJar : add pdm2pcm
2024-05-17 03:16:22,408 [INFO] IPUIPlugin:80 - create IPUIPlugin
2024-05-17 03:16:22,415 [INFO] PluginManager:220 - loadIPPluginJar : add plateformsettings
2024-05-17 03:16:22,420 [INFO] IPUIPlugin:80 - create IPUIPlugin
2024-05-17 03:16:22,420 [INFO] PluginManager:220 - loadIPPluginJar : add quadspi
2024-05-17 03:16:22,425 [INFO] IPUIPlugin:80 - create IPUIPlugin
2024-05-17 03:16:22,425 [INFO] PluginManager:220 - loadIPPluginJar : add resmgrutility
2024-05-17 03:16:22,429 [INFO] IPUIPlugin:80 - create IPUIPlugin
2024-05-17 03:16:22,429 [INFO] PluginManager:220 - loadIPPluginJar : add sai
2024-05-17 03:16:22,431 [INFO] IPUIPlugin:80 - create IPUIPlugin
2024-05-17 03:16:22,431 [INFO] PluginManager:220 - loadIPPluginJar : add spi
2024-05-17 03:16:22,437 [INFO] IPUIPlugin:80 - create IPUIPlugin
2024-05-17 03:16:22,437 [INFO] PluginManager:220 - loadIPPluginJar : add stm32_wpan
2024-05-17 03:16:22,440 [INFO] IPUIPlugin:80 - create IPUIPlugin
2024-05-17 03:16:22,440 [INFO] PluginManager:220 - loadIPPluginJar : add tim
2024-05-17 03:16:22,444 [INFO] IPUIPlugin:80 - create IPUIPlugin
2024-05-17 03:16:22,444 [INFO] PluginManager:220 - loadIPPluginJar : add touchsensing
2024-05-17 03:16:22,446 [INFO] IPUIPlugin:80 - create IPUIPlugin
2024-05-17 03:16:22,446 [INFO] PluginManager:220 - loadIPPluginJar : add tracer_emb
2024-05-17 03:16:22,448 [INFO] IPUIPlugin:80 - create IPUIPlugin
2024-05-17 03:16:22,448 [INFO] PluginManager:220 - loadIPPluginJar : add ts
2024-05-17 03:16:22,450 [INFO] IPUIPlugin:80 - create IPUIPlugin
2024-05-17 03:16:22,450 [INFO] PluginManager:220 - loadIPPluginJar : add tsc
2024-05-17 03:16:22,452 [INFO] IPUIPlugin:80 - create IPUIPlugin
2024-05-17 03:16:22,453 [INFO] PluginManager:220 - loadIPPluginJar : add ucpd
2024-05-17 03:16:22,455 [INFO] IPUIPlugin:80 - create IPUIPlugin
2024-05-17 03:16:22,455 [INFO] PluginManager:220 - loadIPPluginJar : add usart
2024-05-17 03:16:22,460 [INFO] IPUIPlugin:80 - create IPUIPlugin
2024-05-17 03:16:22,460 [INFO] PluginManager:220 - loadIPPluginJar : add usbx
2024-05-17 03:16:22,604 [INFO] CADModel:165 - CPN selected for project level
2024-05-17 03:16:22,604 [INFO] CADModel:114 - Register for checkConnection events
2024-05-17 03:16:22,604 [FATAL] Updater:308 - Updater called before beeing initialized
2024-05-17 03:16:22,604 [ERROR] CADModel:125 - Updater not yet initialized, retry later 
2024-05-17 03:16:22,766 [INFO] CADModel:165 - CPN selected for project level
2024-05-17 03:16:22,767 [INFO] CADModel:114 - Register for checkConnection events
2024-05-17 03:16:22,767 [FATAL] Updater:308 - Updater called before beeing initialized
2024-05-17 03:16:22,767 [ERROR] CADModel:125 - Updater not yet initialized, retry later 
2024-05-17 03:16:22,769 [FATAL] Updater:308 - Updater called before beeing initialized
2024-05-17 03:16:22,883 [FATAL] Updater:308 - Updater called before beeing initialized
2024-05-17 03:16:22,891 [INFO] DbMcusAds:53 - JSON generation date=Thu May 16 16:22:01 ICT 2024 (1715851321485)
2024-05-17 03:16:22,891 [FATAL] Updater:308 - Updater called before beeing initialized
2024-05-17 03:16:22,937 [WARN] DetailPanel:346 - Failed to get advertising image, set to default
2024-05-17 03:16:23,026 [FATAL] Updater:308 - Updater called before beeing initialized
2024-05-17 03:16:23,028 [FATAL] Updater:308 - Updater called before beeing initialized
2024-05-17 03:16:23,028 [FATAL] Updater:308 - Updater called before beeing initialized
2024-05-17 03:16:23,028 [WARN] DetailPanel:346 - Failed to get advertising image, set to default
2024-05-17 03:16:23,029 [FATAL] Updater:308 - Updater called before beeing initialized
2024-05-17 03:16:23,073 [ERROR] Updater:1120 - MainUpdater not yet initialized. External WinMGr cannot be set.
2024-05-17 03:16:23,075 [INFO] Updater:1056 - Updater Version found : 6.11.0
2024-05-17 03:16:23,093 [INFO] ApplicationProperties:184 - Using Application install path: C:\ST\STM32CubeIDE_1.13.2\STM32CubeIDE\plugins\com.st.stm32cube.common.mx_6.11.0.202403141607
2024-05-17 03:16:24,668 [ERROR] LogOutputStream:75 - [STDERR_REDIRECT] May 17, 2024 3:16:24 AM java.util.prefs.WindowsPreferences <init>
2024-05-17 03:16:24,670 [INFO] ThirdPartyUpdaterWithRetryManager:70 - Updater plugin not ready yet. [2/15]
2024-05-17 03:16:24,670 [ERROR] LogOutputStream:75 - [STDERR_REDIRECT] WARNING: Could not open/create prefs root node Software\JavaSoft\Prefs at root 0xffffffff80000002. Windows RegCreateKeyEx(...) returned error code 5.
2024-05-17 03:16:24,670 [ERROR] LogOutputStream:75 - [STDERR_REDIRECT] 
2024-05-17 03:16:25,965 [INFO] MainUpdater:2873 - connection check result : 10
2024-05-17 03:16:25,965 [INFO] MainUpdater:290 - Updater Check For Update Now.
2024-05-17 03:16:25,965 [INFO] MicroXplorer:498 - Change Database Version : DB.6.0.110
2024-05-17 03:16:25,985 [INFO] McuFinderGlobals:63 - Set McuFinder mode to 2 (CubeIDE integrated)
2024-05-17 03:16:25,985 [INFO] UserAuth:179 - activating auth plugin
2024-05-17 03:16:25,987 [INFO] UserAuth:415 - Internet connection configuration mode: 1
2024-05-17 03:16:26,034 [INFO] JxBrowserEngine:152 - Initiate JxBrowser Engine with user profile folder
2024-05-17 03:16:26,155 [INFO] CheckServerUpdateThread:120 - End of CheckServer Thread
2024-05-17 03:16:27,882 [WARN] PackLoader:240 - Cannot read IP mode file for STMicroelectronics.FP-SNS-MOTENVWB1.1.4.0
2024-05-17 03:16:27,902 [WARN] PackLoader:240 - Cannot read IP mode file for STMicroelectronics.X-CUBE-SMBUS.2.1.0
2024-05-17 03:16:27,910 [WARN] PackLoader:240 - Cannot read IP mode file for STMicroelectronics.X-CUBE-TOUCHGFX.4.23.0
2024-05-17 03:16:27,913 [WARN] PackLoader:240 - Cannot read IP mode file for STMicroelectronics.X-CUBE-TOUCHGFX.4.23.2
2024-05-17 03:16:27,956 [WARN] PackLoader:240 - Cannot read IP mode file for STMicroelectronics.X-CUBE-AZRTOS-F7.1.1.0
2024-05-17 03:16:27,968 [WARN] PackLoader:240 - Cannot read IP mode file for STMicroelectronics.FP-SNS-MOTENV1.4.3.2
2024-05-17 03:16:27,976 [WARN] PackLoader:240 - Cannot read IP mode file for STMicroelectronics.FP-SNS-FLIGHT1.5.0.2
2024-05-17 03:16:28,009 [WARN] PackLoader:240 - Cannot read IP mode file for STMicroelectronics.X-CUBE-DISPLAY.3.0.0
2024-05-17 03:16:28,038 [WARN] PackLoader:240 - Cannot read IP mode file for STMicroelectronics.X-CUBE-BLE1.7.0.0
2024-05-17 03:16:28,045 [WARN] PackLoader:240 - Cannot read IP mode file for emotas.I-CUBE-CANOPEN.1.3.0
2024-05-17 03:16:28,048 [WARN] PackLoader:240 - Cannot read IP mode file for STMicroelectronics.X-CUBE-TOUCHGFX.4.22.1
2024-05-17 03:16:28,062 [WARN] PackLoader:240 - Cannot read IP mode file for STMicroelectronics.X-CUBE-BLEMGR.3.1.0
2024-05-17 03:16:28,070 [WARN] PackLoader:240 - Cannot read IP mode file for STMicroelectronics.FP-SNS-SMARTAG2.1.2.0
2024-05-17 03:16:28,080 [INFO] LogOutputStream:77 - [STDOUT_REDIRECT] 1 : Invalid condition id : UX_CORESTACK_Condition cause : null
2024-05-17 03:16:28,081 [INFO] LogOutputStream:77 - [STDOUT_REDIRECT] 1 : Invalid condition id : UX_CORESTACK_Condition cause : null
2024-05-17 03:16:28,083 [INFO] LogOutputStream:77 - [STDOUT_REDIRECT] 1 : Invalid condition id : UX_CORESTACK_Condition cause : null
2024-05-17 03:16:28,085 [INFO] LogOutputStream:77 - [STDOUT_REDIRECT] 1 : Invalid condition id : UX_CORESTACK_Condition cause : null
2024-05-17 03:16:28,087 [INFO] LogOutputStream:77 - [STDOUT_REDIRECT] 1 : Invalid condition id : UX_CORESTACK_Condition cause : null
2024-05-17 03:16:28,091 [WARN] PackLoader:240 - Cannot read IP mode file for STMicroelectronics.X-CUBE-AZRTOS-WL.2.0.0
2024-05-17 03:16:28,096 [WARN] PackLoader:240 - Cannot read IP mode file for STMicroelectronics.FP-SNS-MOTENV1.5.0.0
2024-05-17 03:16:28,108 [WARN] PackLoader:240 - Cannot read IP mode file for WES.I-CUBE-Cesium.1.3.0
2024-05-17 03:16:28,112 [WARN] PackLoader:240 - Cannot read IP mode file for STMicroelectronics.X-CUBE-BLE2.3.3.0
2024-05-17 03:16:28,119 [WARN] PackLoader:240 - Cannot read IP mode file for STMicroelectronics.X-CUBE-TCPP.4.1.0
2024-05-17 03:16:28,125 [WARN] PackLoader:240 - Cannot read IP mode file for STMicroelectronics.X-CUBE-ALGOBUILD.1.3.0
2024-05-17 03:16:28,142 [WARN] PackLoader:240 - Cannot read IP mode file for STMicroelectronics.X-CUBE-AZRTOS-G0.1.1.0
2024-05-17 03:16:28,151 [WARN] PackLoader:240 - Cannot read IP mode file for STMicroelectronics.X-CUBE-SAFEA1.1.2.2
2024-05-17 03:16:28,157 [WARN] PackLoader:240 - Cannot read IP mode file for STMicroelectronics.X-CUBE-NFC4.3.0.0
2024-05-17 03:16:28,167 [WARN] PackLoader:240 - Cannot read IP mode file for STMicroelectronics.X-CUBE-BLEMGR.3.0.0
2024-05-17 03:16:28,173 [WARN] PackLoader:240 - Cannot read IP mode file for wolfSSL.I-CUBE-wolfSSL.5.7.0
2024-05-17 03:16:28,178 [WARN] PackLoader:240 - Cannot read IP mode file for STMicroelectronics.FP-ATR-SIGFOX1.3.2.0
2024-05-17 03:16:28,183 [WARN] PackLoader:240 - Cannot read IP mode file for STMicroelectronics.X-CUBE-EEPRMA1.5.1.0
2024-05-17 03:16:28,190 [WARN] PackLoader:240 - Cannot read IP mode file for ITTIA_DB.I-CUBE-ITTIADB.8.9.0
2024-05-17 03:16:28,214 [WARN] PackLoader:240 - Cannot read IP mode file for SEGGER.I-CUBE-embOS.1.3.1
2024-05-17 03:16:28,257 [WARN] PackLoader:240 - Cannot read IP mode file for STMicroelectronics.X-CUBE-ALGOBUILD.1.4.0
2024-05-17 03:16:28,262 [WARN] PackLoader:240 - Cannot read IP mode file for STMicroelectronics.X-CUBE-GNSS1.6.0.0
2024-05-17 03:16:28,279 [WARN] PackLoader:240 - Cannot read IP mode file for STMicroelectronics.X-CUBE-AZRTOS-F4.1.1.0
2024-05-17 03:16:28,284 [WARN] PackLoader:240 - Cannot read IP mode file for wolfSSL.I-CUBE-wolfSSL.5.6.3
2024-05-17 03:16:28,290 [WARN] PackLoader:240 - Cannot read IP mode file for STMicroelectronics.X-CUBE-FREERTOS.1.2.0
2024-05-17 03:16:28,309 [WARN] PackLoader:240 - Cannot read IP mode file for STMicroelectronics.X-CUBE-AZRTOS-L5.2.0.0
2024-05-17 03:16:28,322 [WARN] PackLoader:240 - Cannot read IP mode file for STMicroelectronics.X-CUBE-EEPRMA1.4.2.0
2024-05-17 03:16:28,328 [WARN] PackLoader:240 - Cannot read IP mode file for STMicroelectronics.X-CUBE-NFC6.3.1.0
2024-05-17 03:16:28,333 [WARN] PackLoader:240 - Cannot read IP mode file for ITTIA_DB.I-CUBE-ITTIADB.8.8.0
2024-05-17 03:16:28,382 [WARN] PackLoader:240 - Cannot read IP mode file for STMicroelectronics.X-CUBE-BLEMGR.2.0.0
2024-05-17 03:16:28,389 [WARN] PackLoader:240 - Cannot read IP mode file for STMicroelectronics.X-CUBE-AI.9.0.0
2024-05-17 03:16:28,406 [WARN] ConditionMgr:438 - getConditionDescription Invalid condition id : UX DEVICE CLASS RTOS Condition cause : null
2024-05-17 03:16:28,407 [WARN] ConditionMgr:438 - getConditionDescription Invalid condition id : UX DEVICE CLASS RTOS Condition cause : null
2024-05-17 03:16:28,410 [WARN] PackLoader:240 - Cannot read IP mode file for STMicroelectronics.X-CUBE-AZRTOS-H7.3.1.0
2024-05-17 03:16:28,411 [WARN] ConditionMgr:1039 - genDependencies : Invalid condition id : UX DEVICE CLASS RTOS Condition cause : null
2024-05-17 03:16:28,412 [WARN] ConditionMgr:1039 - genDependencies : Invalid condition id : UX DEVICE CLASS RTOS Condition cause : null
2024-05-17 03:16:28,413 [WARN] ConditionMgr:1039 - genDependencies : Invalid condition id : UX DEVICE CLASS RTOS Condition cause : null
2024-05-17 03:16:28,413 [WARN] ConditionMgr:1039 - genDependencies : Invalid condition id : UX DEVICE CLASS RTOS Condition cause : null
2024-05-17 03:16:28,413 [WARN] ConditionMgr:1039 - genDependencies : Invalid condition id : UX DEVICE CLASS RTOS Condition cause : null
2024-05-17 03:16:28,420 [WARN] PackLoader:240 - Cannot read IP mode file for STMicroelectronics.X-CUBE-NFC7.1.0.1
2024-05-17 03:16:28,425 [WARN] PackLoader:240 - Cannot read IP mode file for STMicroelectronics.X-CUBE-NFC6.3.0.0
2024-05-17 03:16:28,433 [WARN] PackLoader:240 - Cannot read IP mode file for STMicroelectronics.X-CUBE-EEPRMA1.4.1.0
2024-05-17 03:16:28,437 [WARN] PackLoader:240 - Cannot read IP mode file for STMicroelectronics.X-CUBE-AI.8.1.0
2024-05-17 03:16:28,454 [WARN] ConditionMgr:438 - getConditionDescription Invalid condition id : LAN8742 Phy interface Condition cause : null
2024-05-17 03:16:28,455 [WARN] PackLoader:240 - Cannot read IP mode file for STMicroelectronics.X-CUBE-AZRTOS-L4.2.0.0
2024-05-17 03:16:28,456 [WARN] ConditionMgr:1039 - genDependencies : Invalid condition id : LAN8742 Phy interface Condition cause : null
2024-05-17 03:16:28,457 [WARN] ConditionMgr:1039 - genDependencies : Invalid condition id : LAN8742 Phy interface Condition cause : null
2024-05-17 03:16:28,457 [WARN] ConditionMgr:1039 - genDependencies : Invalid condition id : LAN8742 Phy interface Condition cause : null
2024-05-17 03:16:28,507 [WARN] PackLoader:240 - Cannot read IP mode file for STMicroelectronics.X-CUBE-SFXS2LP1.4.0.0
2024-05-17 03:16:28,512 [WARN] PackLoader:240 - Cannot read IP mode file for STMicroelectronics.X-CUBE-ISPU.1.1.0
2024-05-17 03:16:28,525 [WARN] ConditionMgr:438 - getConditionDescription Invalid condition id : UX DEVICE CLASS RTOS Condition cause : null
2024-05-17 03:16:28,525 [WARN] ConditionMgr:438 - getConditionDescription Invalid condition id : UX DEVICE CLASS RTOS Condition cause : null
2024-05-17 03:16:28,527 [WARN] PackLoader:240 - Cannot read IP mode file for STMicroelectronics.X-CUBE-AZRTOS-WB.2.0.0
2024-05-17 03:16:28,528 [WARN] ConditionMgr:1039 - genDependencies : Invalid condition id : UX DEVICE CLASS RTOS Condition cause : null
2024-05-17 03:16:28,528 [WARN] ConditionMgr:1039 - genDependencies : Invalid condition id : UX DEVICE CLASS RTOS Condition cause : null
2024-05-17 03:16:28,529 [WARN] ConditionMgr:1039 - genDependencies : Invalid condition id : UX DEVICE CLASS RTOS Condition cause : null
2024-05-17 03:16:28,529 [WARN] ConditionMgr:1039 - genDependencies : Invalid condition id : UX DEVICE CLASS RTOS Condition cause : null
2024-05-17 03:16:28,529 [WARN] ConditionMgr:1039 - genDependencies : Invalid condition id : UX DEVICE CLASS RTOS Condition cause : null
2024-05-17 03:16:28,539 [WARN] PackLoader:240 - Cannot read IP mode file for STMicroelectronics.X-CUBE-SUBG2.5.0.0
2024-05-17 03:16:28,550 [WARN] PackLoader:240 - Cannot read IP mode file for Cesanta.I-CUBE-Mongoose.7.13.0
2024-05-17 03:16:28,564 [WARN] PackLoader:240 - Cannot read IP mode file for STMicroelectronics.X-CUBE-TOF1.3.3.1
2024-05-17 03:16:28,599 [WARN] PackLoader:240 - Cannot read IP mode file for STMicroelectronics.X-CUBE-AZRTOS-G4.2.0.0
2024-05-17 03:16:28,613 [WARN] PackLoader:240 - Cannot read IP mode file for Infineon.AIROC-Wi-Fi-Bluetooth-STM32.1.5.1
2024-05-17 03:16:28,623 [WARN] PackLoader:240 - Cannot read IP mode file for STMicroelectronics.FP-SNS-MOTENVWB1.1.3.0
2024-05-17 03:16:28,628 [WARN] PackLoader:240 - Cannot read IP mode file for STMicroelectronics.FP-SNS-MOTENVWB1.1.3.1
2024-05-17 03:16:28,633 [WARN] PackLoader:240 - Cannot read IP mode file for STMicroelectronics.X-CUBE-ISPU.2.0.0
2024-05-17 03:16:28,681 [WARN] PackLoader:240 - Cannot read IP mode file for STMicroelectronics.X-CUBE-MEMS1.10.0.0
2024-05-17 03:16:28,820 [WARN] PackLoader:240 - Cannot read IP mode file for STMicroelectronics.X-CUBE-FREERTOS.1.1.0
2024-05-17 03:16:28,825 [WARN] PackLoader:240 - Cannot read IP mode file for portGmbH.I-Cube-SoM-uGOAL.1.1.0
2024-05-17 03:16:28,829 [WARN] PackLoader:240 - Cannot read IP mode file for STMicroelectronics.X-CUBE-ALS.1.0.1
2024-05-17 03:16:28,845 [WARN] PackLoader:240 - Cannot read IP mode file for STMicroelectronics.X-CUBE-AZRTOS-H7RS.1.0.0
2024-05-17 03:16:28,851 [WARN] PackLoader:240 - Cannot read IP mode file for STMicroelectronics.FP-ATR-ASTRA1.2.0.0
2024-05-17 03:16:28,859 [WARN] PackLoader:240 - Cannot read IP mode file for STMicroelectronics.X-CUBE-TOF1.3.4.0
2024-05-17 03:16:28,875 [WARN] PackLoader:240 - Cannot read IP mode file for STMicroelectronics.X-CUBE-TOF1.3.4.1
2024-05-17 03:16:28,901 [WARN] PackLoader:240 - Cannot read IP mode file for STMicroelectronics.X-CUBE-AZRTOS-H7.3.2.0
2024-05-17 03:16:28,914 [WARN] PackLoader:240 - Cannot read IP mode file for Infineon.AIROC-Wi-Fi-Bluetooth-STM32.1.6.0
2024-05-17 03:16:28,919 [INFO] ThirdParty:978 - Integrity check success = true
2024-05-17 03:16:28,919 [INFO] IntegrityCheckThread:100 - exiting critical section [integrity check]
2024-05-17 03:16:28,919 [INFO] IntegrityCheckThread:103 - End integrity checks thread
2024-05-17 03:16:31,327 [INFO] WebApp:161 - Instantiating new browser for Auth
2024-05-17 03:16:31,955 [INFO] WebApp:779 - Register for checkConnection events
2024-05-17 03:16:31,955 [INFO] WebApp:414 - Apply proxy settings
2024-05-17 03:16:31,955 [INFO] WebApp:499 - Chromium requires no authentication
2024-05-17 03:16:31,965 [INFO] WebApp:442 - Direct internet connection detected
2024-05-17 03:16:32,143 [INFO] WebApp:192 - Starting web application
2024-05-17 03:16:32,143 [INFO] WebApp:544 - Web application path used C:\ST\STM32CubeIDE_1.13.2\STM32CubeIDE\plugins\com.st.stm32cube.common.mx_6.11.0.202403141607\db\plugins\mcufinder\reactClient1\index.html
2024-05-17 03:16:56,864 [INFO] McuFinderGlobals:63 - Set McuFinder mode to 2 (CubeIDE integrated)
2024-05-17 03:17:00,169 [INFO] MainUpdater:2873 - connection check result : 10
2024-05-17 03:17:00,170 [INFO] MainUpdater:2873 - connection check result : 10
2024-05-17 03:17:00,236 [INFO] MicroXplorer:468 - Change Database Path : 
2024-05-17 03:17:00,236 [INFO] MicroXplorer:498 - Change Database Version : DB.6.0.110
2024-05-17 03:17:00,250 [WARN] ThirdParty:871 - waiting for thirdparty lock release [close project]
2024-05-17 03:17:00,250 [INFO] ThirdParty:873 - entering critical section [close project]
2024-05-17 03:17:00,254 [INFO] ThirdParty:883 - exiting critical section [close project]
2024-05-17 03:17:00,265 [INFO] PinOutPanel:1561 - setPackage(No Configuration,No Configuration)
2024-05-17 03:17:00,267 [INFO] UtilMem:75 - Begin LoadConfig() Used Memory: 308280072 Bytes (437256192)
2024-05-17 03:17:00,270 [INFO] MicroXplorer:468 - Change Database Path : 
2024-05-17 03:17:00,270 [INFO] MicroXplorer:498 - Change Database Version : DB.6.0.110
2024-05-17 03:17:00,270 [INFO] OpenFileManager:312 - Change cursor
2024-05-17 03:17:00,290 [INFO] ThirdPartyDownloadManager:103 - Found SW packARM.CMSIS.6.0.0up-to-date on disk
2024-05-17 03:17:00,302 [INFO] ThirdPartyDownloadManager:103 - Found SW packARM.CMSIS-DSP.1.15.0up-to-date on disk
2024-05-17 03:17:00,340 [INFO] Mcu:2021 - Initializing MCU STM32G474R(B-C-E)Tx STM32G474RETx STM32G474RET6
2024-05-17 03:17:06,616 [INFO] Context:663 - Trying to add GPIOservice into a context  which must be forbidden
2024-05-17 03:17:08,597 [INFO] ApiDbMcu:508 - Load IP Config File for ARM.CMSIS.6.0.0
2024-05-17 03:17:08,715 [INFO] ApiDbMcu:508 - Load IP Config File for ARM.CMSIS-DSP.1.15.0
2024-05-17 03:17:08,956 [INFO] RtosManager:555 - Registered RTOS mode: class=CMSIS, group=RTOS, mode=CMSIS_V1, owner=FREERTOS
2024-05-17 03:17:08,956 [INFO] RtosManager:555 - Registered RTOS mode: class=CMSIS, group=RTOS2, mode=CMSIS_V2, owner=FREERTOS
2024-05-17 03:17:08,956 [INFO] RtosManager:555 - Registered RTOS mode: class=RTOS, group=Core, mode=CMSIS_V1, owner=FREERTOS
2024-05-17 03:17:08,956 [INFO] RtosManager:555 - Registered RTOS mode: class=RTOS, group=Core, mode=CMSIS_V2, owner=FREERTOS
2024-05-17 03:17:08,957 [WARN] ModelIntegratedComponent:184 - Missing modes for component STMicroelectronics:FreeRTOS:0.0.1:STMicroelectronics:RTOS:FreeRTOS:Core:::10.2.0:
2024-05-17 03:17:08,984 [WARN] ModelIntegratedComponent:63 - No mode defined for component null
2024-05-17 03:17:08,984 [WARN] ModelIntegratedComponent:63 - No mode defined for component null
2024-05-17 03:17:08,984 [WARN] ModelIntegratedComponent:63 - No mode defined for component null
2024-05-17 03:17:08,984 [WARN] ModelIntegratedComponent:63 - No mode defined for component null
2024-05-17 03:17:08,985 [WARN] ModelIntegratedComponent:63 - No mode defined for component null
2024-05-17 03:17:08,985 [WARN] ModelIntegratedComponent:63 - No mode defined for component null
2024-05-17 03:17:08,985 [WARN] ModelIntegratedComponent:63 - No mode defined for component null
2024-05-17 03:17:08,985 [WARN] ModelIntegratedComponent:63 - No mode defined for component null
2024-05-17 03:17:08,985 [WARN] ModelIntegratedComponent:63 - No mode defined for component null
2024-05-17 03:17:08,985 [WARN] ModelIntegratedComponent:63 - No mode defined for component null
2024-05-17 03:17:08,985 [WARN] ModelIntegratedComponent:63 - No mode defined for component null
2024-05-17 03:17:08,985 [WARN] ModelIntegratedComponent:63 - No mode defined for component null
2024-05-17 03:17:08,985 [WARN] ModelIntegratedComponent:63 - No mode defined for component null
2024-05-17 03:17:08,985 [WARN] ModelIntegratedComponent:63 - No mode defined for component null
2024-05-17 03:17:08,985 [WARN] ModelIntegratedComponent:63 - No mode defined for component null
2024-05-17 03:17:08,985 [WARN] ModelIntegratedComponent:63 - No mode defined for component null
2024-05-17 03:17:08,985 [WARN] ModelIntegratedComponent:63 - No mode defined for component null
2024-05-17 03:17:08,985 [WARN] ModelIntegratedComponent:63 - No mode defined for component null
2024-05-17 03:17:08,985 [WARN] ModelIntegratedComponent:63 - No mode defined for component null
2024-05-17 03:17:08,985 [WARN] ModelIntegratedComponent:63 - No mode defined for component null
2024-05-17 03:17:08,985 [WARN] ModelIntegratedComponent:63 - No mode defined for component null
2024-05-17 03:17:08,985 [WARN] ModelIntegratedComponent:63 - No mode defined for component null
2024-05-17 03:17:08,986 [WARN] ModelIntegratedComponent:63 - No mode defined for component null
2024-05-17 03:17:08,986 [WARN] ModelIntegratedComponent:63 - No mode defined for component null
2024-05-17 03:17:08,986 [WARN] ModelIntegratedComponent:63 - No mode defined for component null
2024-05-17 03:17:08,986 [WARN] ModelIntegratedComponent:63 - No mode defined for component null
2024-05-17 03:17:08,986 [WARN] ModelIntegratedComponent:63 - No mode defined for component null
2024-05-17 03:17:08,986 [WARN] ModelIntegratedComponent:63 - No mode defined for component null
2024-05-17 03:17:08,986 [WARN] ModelIntegratedComponent:63 - No mode defined for component null
2024-05-17 03:17:08,986 [WARN] ModelIntegratedComponent:63 - No mode defined for component null
2024-05-17 03:17:08,986 [WARN] ModelIntegratedComponent:63 - No mode defined for component null
2024-05-17 03:17:08,986 [WARN] ModelIntegratedComponent:63 - No mode defined for component null
2024-05-17 03:17:08,986 [WARN] ModelIntegratedComponent:63 - No mode defined for component null
2024-05-17 03:17:08,986 [WARN] ModelIntegratedComponent:63 - No mode defined for component null
2024-05-17 03:17:09,923 [INFO] ThirdPartyModel:298 - Start build external matchings
2024-05-17 03:17:10,430 [INFO] ThirdPartyModel:316 - End build external matchings
2024-05-17 03:17:10,456 [INFO] ImportTextPane:194 - (OptionalMessage_ERROR) IP (ADC1) : Parameter (CommonPathInternal) has invalid value (null|null|null|null)
2024-05-17 03:17:10,456 [INFO] ImportTextPane:194 - (OptionalMessage_ERROR) IP (DMA) : Parameter (Instance) has Id (USART2_TX) currently not set
2024-05-17 03:17:10,456 [INFO] ImportTextPane:194 - (OptionalMessage_ERROR) IP (DMA) : Parameter (Request) has Id (USART2_TX) currently not set
2024-05-17 03:17:10,456 [INFO] ImportTextPane:194 - (OptionalMessage_ERROR) IP (DMA) : Parameter (Direction) has Id (USART2_TX) currently not set
2024-05-17 03:17:10,456 [INFO] ImportTextPane:194 - (OptionalMessage_ERROR) IP (DMA) : Parameter (PeriphInc) has Id (USART2_TX) currently not set
2024-05-17 03:17:10,456 [INFO] ImportTextPane:194 - (OptionalMessage_ERROR) IP (DMA) : Parameter (MemInc) has Id (USART2_TX) currently not set
2024-05-17 03:17:10,457 [INFO] ImportTextPane:194 - (OptionalMessage_ERROR) IP (DMA) : Parameter (PeriphDataAlignment) has Id (USART2_TX) currently not set
2024-05-17 03:17:10,457 [INFO] ImportTextPane:194 - (OptionalMessage_ERROR) IP (DMA) : Parameter (MemDataAlignment) has Id (USART2_TX) currently not set
2024-05-17 03:17:10,457 [INFO] ImportTextPane:194 - (OptionalMessage_ERROR) IP (DMA) : Parameter (Mode) has Id (USART2_TX) currently not set
2024-05-17 03:17:10,457 [INFO] ImportTextPane:194 - (OptionalMessage_ERROR) IP (DMA) : Parameter (Priority) has Id (USART2_TX) currently not set
2024-05-17 03:17:10,457 [INFO] ImportTextPane:194 - (OptionalMessage_ERROR) IP (DMA) : Parameter (SignalID) has Id (USART2_TX) currently not set
2024-05-17 03:17:10,457 [INFO] ImportTextPane:194 - (OptionalMessage_ERROR) IP (DMA) : Parameter (Polarity) has Id (USART2_TX) currently not set
2024-05-17 03:17:10,458 [INFO] ImportTextPane:194 - (OptionalMessage_ERROR) IP (DMA) : Parameter (RequestNumber) has Id (USART2_TX) currently not set
2024-05-17 03:17:10,458 [INFO] ImportTextPane:194 - (OptionalMessage_ERROR) IP (DMA) : Parameter (SyncSignalID) has Id (USART2_TX) currently not set
2024-05-17 03:17:10,458 [INFO] ImportTextPane:194 - (OptionalMessage_ERROR) IP (DMA) : Parameter (SyncPolarity) has Id (USART2_TX) currently not set
2024-05-17 03:17:10,458 [INFO] ImportTextPane:194 - (OptionalMessage_ERROR) IP (DMA) : Parameter (SyncEnable) has Id (USART2_TX) currently not set
2024-05-17 03:17:10,458 [INFO] ImportTextPane:194 - (OptionalMessage_ERROR) IP (DMA) : Parameter (EventEnable) has Id (USART2_TX) currently not set
2024-05-17 03:17:10,458 [INFO] ImportTextPane:194 - (OptionalMessage_ERROR) IP (DMA) : Parameter (SyncRequestNumber) has Id (USART2_TX) currently not set
2024-05-17 03:17:10,458 [INFO] ImportTextPane:194 - (OptionalMessage_ERROR) IP (DMA) : Parameter (Instance) has Id (USART2_RX) currently not set
2024-05-17 03:17:10,458 [INFO] ImportTextPane:194 - (OptionalMessage_ERROR) IP (DMA) : Parameter (Request) has Id (USART2_RX) currently not set
2024-05-17 03:17:10,458 [INFO] ImportTextPane:194 - (OptionalMessage_ERROR) IP (DMA) : Parameter (Direction) has Id (USART2_RX) currently not set
2024-05-17 03:17:10,458 [INFO] ImportTextPane:194 - (OptionalMessage_ERROR) IP (DMA) : Parameter (PeriphInc) has Id (USART2_RX) currently not set
2024-05-17 03:17:10,458 [INFO] ImportTextPane:194 - (OptionalMessage_ERROR) IP (DMA) : Parameter (MemInc) has Id (USART2_RX) currently not set
2024-05-17 03:17:10,458 [INFO] ImportTextPane:194 - (OptionalMessage_ERROR) IP (DMA) : Parameter (PeriphDataAlignment) has Id (USART2_RX) currently not set
2024-05-17 03:17:10,458 [INFO] ImportTextPane:194 - (OptionalMessage_ERROR) IP (DMA) : Parameter (MemDataAlignment) has Id (USART2_RX) currently not set
2024-05-17 03:17:10,458 [INFO] ImportTextPane:194 - (OptionalMessage_ERROR) IP (DMA) : Parameter (Mode) has Id (USART2_RX) currently not set
2024-05-17 03:17:10,459 [INFO] ImportTextPane:194 - (OptionalMessage_ERROR) IP (DMA) : Parameter (Priority) has Id (USART2_RX) currently not set
2024-05-17 03:17:10,459 [INFO] ImportTextPane:194 - (OptionalMessage_ERROR) IP (DMA) : Parameter (SignalID) has Id (USART2_RX) currently not set
2024-05-17 03:17:10,459 [INFO] ImportTextPane:194 - (OptionalMessage_ERROR) IP (DMA) : Parameter (Polarity) has Id (USART2_RX) currently not set
2024-05-17 03:17:10,459 [INFO] ImportTextPane:194 - (OptionalMessage_ERROR) IP (DMA) : Parameter (RequestNumber) has Id (USART2_RX) currently not set
2024-05-17 03:17:10,459 [INFO] ImportTextPane:194 - (OptionalMessage_ERROR) IP (DMA) : Parameter (SyncSignalID) has Id (USART2_RX) currently not set
2024-05-17 03:17:10,459 [INFO] ImportTextPane:194 - (OptionalMessage_ERROR) IP (DMA) : Parameter (SyncPolarity) has Id (USART2_RX) currently not set
2024-05-17 03:17:10,459 [INFO] ImportTextPane:194 - (OptionalMessage_ERROR) IP (DMA) : Parameter (SyncEnable) has Id (USART2_RX) currently not set
2024-05-17 03:17:10,459 [INFO] ImportTextPane:194 - (OptionalMessage_ERROR) IP (DMA) : Parameter (EventEnable) has Id (USART2_RX) currently not set
2024-05-17 03:17:10,459 [INFO] ImportTextPane:194 - (OptionalMessage_ERROR) IP (DMA) : Parameter (SyncRequestNumber) has Id (USART2_RX) currently not set
2024-05-17 03:17:10,459 [INFO] ImportTextPane:194 - (OptionalMessage_ERROR) IP (DMA) : Parameter (Instance) has Id (ADC1) currently not set
2024-05-17 03:17:10,459 [INFO] ImportTextPane:194 - (OptionalMessage_ERROR) IP (DMA) : Parameter (Request) has Id (ADC1) currently not set
2024-05-17 03:17:10,459 [INFO] ImportTextPane:194 - (OptionalMessage_ERROR) IP (DMA) : Parameter (Direction) has Id (ADC1) currently not set
2024-05-17 03:17:10,459 [INFO] ImportTextPane:194 - (OptionalMessage_ERROR) IP (DMA) : Parameter (PeriphInc) has Id (ADC1) currently not set
2024-05-17 03:17:10,459 [INFO] ImportTextPane:194 - (OptionalMessage_ERROR) IP (DMA) : Parameter (MemInc) has Id (ADC1) currently not set
2024-05-17 03:17:10,460 [INFO] ImportTextPane:194 - (OptionalMessage_ERROR) IP (DMA) : Parameter (PeriphDataAlignment) has Id (ADC1) currently not set
2024-05-17 03:17:10,460 [INFO] ImportTextPane:194 - (OptionalMessage_ERROR) IP (DMA) : Parameter (MemDataAlignment) has Id (ADC1) currently not set
2024-05-17 03:17:10,460 [INFO] ImportTextPane:194 - (OptionalMessage_ERROR) IP (DMA) : Parameter (Mode) has Id (ADC1) currently not set
2024-05-17 03:17:10,460 [INFO] ImportTextPane:194 - (OptionalMessage_ERROR) IP (DMA) : Parameter (Priority) has Id (ADC1) currently not set
2024-05-17 03:17:10,460 [INFO] ImportTextPane:194 - (OptionalMessage_ERROR) IP (DMA) : Parameter (SignalID) has Id (ADC1) currently not set
2024-05-17 03:17:10,460 [INFO] ImportTextPane:194 - (OptionalMessage_ERROR) IP (DMA) : Parameter (Polarity) has Id (ADC1) currently not set
2024-05-17 03:17:10,460 [INFO] ImportTextPane:194 - (OptionalMessage_ERROR) IP (DMA) : Parameter (RequestNumber) has Id (ADC1) currently not set
2024-05-17 03:17:10,460 [INFO] ImportTextPane:194 - (OptionalMessage_ERROR) IP (DMA) : Parameter (SyncSignalID) has Id (ADC1) currently not set
2024-05-17 03:17:10,460 [INFO] ImportTextPane:194 - (OptionalMessage_ERROR) IP (DMA) : Parameter (SyncPolarity) has Id (ADC1) currently not set
2024-05-17 03:17:10,460 [INFO] ImportTextPane:194 - (OptionalMessage_ERROR) IP (DMA) : Parameter (SyncEnable) has Id (ADC1) currently not set
2024-05-17 03:17:10,460 [INFO] ImportTextPane:194 - (OptionalMessage_ERROR) IP (DMA) : Parameter (EventEnable) has Id (ADC1) currently not set
2024-05-17 03:17:10,460 [INFO] ImportTextPane:194 - (OptionalMessage_ERROR) IP (DMA) : Parameter (SyncRequestNumber) has Id (ADC1) currently not set
2024-05-17 03:17:10,461 [INFO] ImportTextPane:194 - (OptionalMessage_ERROR) IP (RCC) : Invalid parameter (FamilyName)
2024-05-17 03:17:10,464 [INFO] ImportTextPane:194 - (OptionalMessage_ERROR) IP (RCC) : Parameter (RNGFreq_Value) has invalid value (170000000)
2024-05-17 03:17:10,465 [INFO] ImportTextPane:194 - (OptionalMessage_ERROR) IP (RCC) : Parameter (USBFreq_Value) has invalid value (170000000)
2024-05-17 03:17:11,628 [INFO] ApiDb:581 - Connected to CubeFinder SQLite database (C:\Users\Phatt\.stmcufinder\plugins\mcufinder\mcu\cube-finder-db.db)
2024-05-17 03:17:11,743 [INFO] ApiDb:668 - CubeFinder database Data Model version=2.1
2024-05-17 03:17:11,743 [INFO] ApiDb:669 - CubeFinder database Configuration version=3.0.39
2024-05-17 03:17:11,743 [INFO] ApiDb:670 - CubeFinder database generation date=2024-04-15 (1713193726)
2024-05-17 03:17:11,743 [INFO] ApiDb:671 - CubeFinder database FW Pack versions=[FP-ATR-ASTRA1_V2.0.0, FP-SNS-FLIGHT1_V5.0.1, FP-SNS-FLIGHT1_V5.0.2, FP-SNS-MOTENV1_V4.3.1, FP-SNS-MOTENV1_V4.3.2, FP-SNS-MOTENVWB1_V1.3.1, FP-SNS-SMARTAG2_V1.2.0, STM32Cube_FW_C0_V1.1.0, STM32Cube_FW_F4_V1.28.0, STM32Cube_FW_F7_V1.17.0, STM32Cube_FW_G0_V1.6.2, STM32Cube_FW_G4_V1.5.2, STM32Cube_FW_H5_V0.5.1, STM32Cube_FW_H5_V1.1.1, STM32Cube_FW_H5_V1.2.0, STM32Cube_FW_H5_V1.2.0RC4, STM32Cube_FW_H7RS_V1.0.0, STM32Cube_FW_H7RS_V1.0.0RC4, STM32Cube_FW_H7_V1.11.0, STM32Cube_FW_L0_V1.12.2, STM32Cube_FW_L5_V1.5.1, STM32Cube_FW_U0_V1.0.0, STM32Cube_FW_U0_V1.0.0RC1, STM32Cube_FW_U5_V1.3.0RC4, STM32Cube_FW_U5_V1.5.0, STM32Cube_FW_U5_V1.5.0RC1, STM32Cube_FW_WBA_V1.0.0RC1, STM32Cube_FW_WBA_V1.2.0, STM32Cube_FW_WBA_V1.2.0RC2, STM32Cube_FW_WBA_V1.3.0, STM32Cube_FW_WBA_V1.3.0RC1, STM32Cube_FW_WB_V1.15.0RC1, STM32Cube_FW_WB_V1.16.0, STM32Cube_FW_WB_V1.16.0RC2, STM32Cube_FW_WB_V1.18.0, STM32Cube_FW_WB_V1.19.0, STM32Cube_FW_WL_V1.3.0, X-CUBE-ALGOBUILD_V1.3.0, X-CUBE-ALS_V1.0.1, X-CUBE-AZRTOS-F4_V1.1.0, X-CUBE-AZRTOS-F7_V1.1.0, X-CUBE-AZRTOS-G0_V1.1.0, X-CUBE-AZRTOS-G4_V2.0.0, X-CUBE-AZRTOS-H7_V3.2.0, X-CUBE-AZRTOS-L4_V1.0.0, X-CUBE-AZRTOS-L4_V2.0.0, X-CUBE-AZRTOS-L5_V1.1.0, X-CUBE-AZRTOS-WB_V2.0.0, X-CUBE-AZRTOS-WL_V2.0.0, X-CUBE-BLE1_V7.0.0, X-CUBE-BLE2_V3.3.0, X-CUBE-BLEMGR_V3.1.0, X-CUBE-EEPRMA1_V4.1.0, X-CUBE-EEPRMA1_V5.1.0, X-CUBE-FREERTOS_V1.1.0, X-CUBE-GNSS1_V6.0.0, X-CUBE-MEMS1_V10.0.0, X-CUBE-MEMS1_V9.1.0, X-CUBE-MEMS1_V9.4.0, X-CUBE-MEMS1_V9.6.0, X-CUBE-NFC4_V3.0.0, X-CUBE-NFC7_V1.0.1, X-CUBE-SFXS2LP1_V4.0.0, X-CUBE-SUBG2_V5.0.0, X-CUBE-TOF1_V3.4.0]
2024-05-17 03:17:11,929 [INFO] DbBoardsSqlite:226 - include board P-NUCLEO-WB55-NUCLEO as a kit item of type 'Nucleo-64'
2024-05-17 03:17:11,930 [INFO] DbBoardsSqlite:226 - include board P-NUCLEO-WB55-USBDONGLE as a kit item of type 'Nucleo USB Dongle'
2024-05-17 03:17:11,932 [INFO] DbBoardsSqlite:226 - include board STEVAL-IDP005V1 as a kit item of type 'Evaluation Board'
2024-05-17 03:17:11,932 [INFO] DbBoardsSqlite:226 - include board STEVAL-IDP005V2 as a kit item of type 'Evaluation Board'
2024-05-17 03:17:12,520 [INFO] ApiDb:240 - Found 483 in-development CPN: [B-G473E-ZEST1S, B-WB1M-WPAN1, B-WL5M-SUBG1, NUCLEO-C031C6, NUCLEO-H503RB, NUCLEO-H533RE, NUCLEO-H563ZI, NUCLEO-H7S3L8, NUCLEO-U031R8, NUCLEO-U083RC, NUCLEO-U545RE-Q, NUCLEO-U5A5ZJ-Q, NUCLEO-WBA52CG, NUCLEO-WBA55CG, STEVAL-PROTEUS1, STEVAL-SMARTAG2, STEVAL-STWINBX1, STM320518-EVAL, STM32C0116-DK, STM32C011D6Y3TR, STM32C011D6Y6TR, STM32C011F4P3, STM32C011F4P6, STM32C011F4U3, STM32C011F4U6TR, STM32C011F6P3, STM32C011F6P6, STM32C011F6U3, STM32C011F6U6TR, STM32C011J4M3, STM32C011J4M6, STM32C011J6M3, STM32C011J6M6, STM32C0316-DK, STM32C031C4T3, STM32C031C4T6, STM32C031C4U3, STM32C031C4U6, STM32C031C6T3, STM32C031C6T6, STM32C031C6U3, STM32C031C6U6, STM32C031F4P3, STM32C031F4P6, STM32C031F6P3, STM32C031F6P6, STM32C031G4U3, STM32C031G4U6, STM32C031G6U3, STM32C031G6U6, STM32C031K4T3, STM32C031K4T6, STM32C031K4U3, STM32C031K4U6, STM32C031K6T3, STM32C031K6T6, STM32C031K6U3, STM32C031K6U6, STM32G071K8TXN, STM32G071K8UXN, STM32G081GBU6N, STM32G081KBT6N, STM32G081KBUXN, STM32G0B1CCT6N, STM32G0B1KCT6, STM32G0B1NEY6TR, STM32G0B1RCT6N, STM32G0C1CCT6, STM32G0C1CCT6N, STM32G0C1CCU6N, STM32G0C1CET6N, STM32G0C1CEU6N, STM32G0C1KCT6, STM32G0C1NEY6TR, STM32G0C1RCI6N, STM32G0C1RCT6N, STM32G0C1REI6N, STM32G0C1RET6N, STM32G0C1VCI6, STM32G0C1VEI6, STM32G471CCT6, STM32G471CCU6, STM32G471CET3, STM32G471CET6, STM32G471CEU3, STM32G471CEU6, STM32G471MCT6, STM32G471MET3, STM32G471MET6, STM32G471MEY6TR, STM32G471QCT6, STM32G471QET3, STM32G471RCT6, STM32G471RET3, STM32G471RET6, STM32G471VCH6, STM32G471VCI6, STM32G471VCT6, STM32G471VEH3, STM32G471VEH6, STM32G471VEI3, STM32G471VEI6, STM32G471VET3, STM32G471VET6, STM32G474CCT6, STM32H503CBT6, STM32H503CBU6, STM32H503EBY6TR, STM32H503KBU6, STM32H503RBT6, STM32H523CCT6, STM32H523CCU6, STM32H523CET6, STM32H523CEU6, STM32H523HEY6TR, STM32H523RCT6, STM32H523RET6, STM32H523VCI6, STM32H523VCT6, STM32H523VEI6, STM32H523VET6, STM32H523ZCJ6, STM32H523ZCT6, STM32H523ZEJ6, STM32H523ZET6, STM32H533CET6, STM32H533CEU6, STM32H533HEY6TR, STM32H533RET6, STM32H533VEI6, STM32H533VET6, STM32H533ZEJ6, STM32H533ZET6, STM32H562AGI6, STM32H562AII6, STM32H562IGK6, STM32H562IGT6, STM32H562IIK6, STM32H562IIT6, STM32H562RGT6, STM32H562RGV6, STM32H562RIT6, STM32H562RIV6, STM32H562VGT6, STM32H562VIT6, STM32H562ZGT6, STM32H562ZIT6, STM32H563AGI6, STM32H563AII3Q, STM32H563AII6, STM32H563IGK6, STM32H563IGT6, STM32H563IIK3Q, STM32H563IIK6, STM32H563IIT3Q, STM32H563IIT6, STM32H563MIY3QTR, STM32H563RGT6, STM32H563RGV6, STM32H563RIT6, STM32H563RIV6, STM32H563VGT6, STM32H563VIT3Q, STM32H563VIT6, STM32H563ZGT6, STM32H563ZIT3Q, STM32H563ZIT6, STM32H573AII3Q, STM32H573AII6, STM32H573I-DK, STM32H573IIK3Q, STM32H573IIK6, STM32H573IIT3Q, STM32H573IIT6, STM32H573MIY3QTR, STM32H573RIT6, STM32H573RIV6, STM32H573VIT3Q, STM32H573VIT6, STM32H573ZIT3Q, STM32H573ZIT6, STM32H7R3A8I6, STM32H7R3I8K6, STM32H7R3I8T6, STM32H7R3L8H6, STM32H7R3L8H6H, STM32H7R3R8V6, STM32H7R3V8H6, STM32H7R3V8T6, STM32H7R3V8Y6, STM32H7R3Z8J6, STM32H7R3Z8T6, STM32H7R7A8I6, STM32H7R7I8K6, STM32H7R7I8T6, STM32H7R7L8H6, STM32H7R7L8H6H, STM32H7R7Z8J6, STM32H7S3A8I6, STM32H7S3I8K6, STM32H7S3I8T6, STM32H7S3L8H6, STM32H7S3L8H6H, STM32H7S3R8V6, STM32H7S3V8H6, STM32H7S3V8T6, STM32H7S3V8Y6, STM32H7S3Z8J6, STM32H7S3Z8T6, STM32H7S78-DK, STM32H7S7A8I6, STM32H7S7I8K6, STM32H7S7I8T6, STM32H7S7L8H6, STM32H7S7L8H6H, STM32H7S7Z8J6, STM32L4R5QGI6STR, STM32MP131AAE3, STM32MP131AAF3, STM32MP131AAG3, STM32MP131CAE3, STM32MP131CAF3, STM32MP131CAG3, STM32MP131DAE7, STM32MP131DAF7, STM32MP131DAG7, STM32MP131FAE7, STM32MP131FAF7, STM32MP131FAG7, STM32MP133AAE3, STM32MP133AAF3, STM32MP133AAG3, STM32MP133CAE3, STM32MP133CAF3, STM32MP133CAG3, STM32MP133DAE7, STM32MP133DAF7, STM32MP133DAG7, STM32MP133FAE7, STM32MP133FAF7, STM32MP133FAG7, STM32MP135AAE3, STM32MP135AAF3, STM32MP135AAG3, STM32MP135CAE3, STM32MP135CAF3, STM32MP135CAG3, STM32MP135DAE7, STM32MP135DAF7, STM32MP135DAG7, STM32MP135F-DK, STM32MP135FAE7, STM32MP135FAF7, STM32MP135FAF7T, STM32MP135FAF7U, STM32MP135FAG7, STM32U031C6T6, STM32U031C6U6, STM32U031C8T6, STM32U031C8U6, STM32U031F4P6, STM32U031F6P6, STM32U031F8P6, STM32U031G6Y6TR, STM32U031G8Y6TR, STM32U031K4U6, STM32U031K6U6, STM32U031K8U6, STM32U031R6I6, STM32U031R6T6, STM32U031R8I6, STM32U031R8T6, STM32U073C8T6, STM32U073C8U6, STM32U073CBT6, STM32U073CBU6, STM32U073CCT6, STM32U073CCU6, STM32U073H8Y6TR, STM32U073HBY6TR, STM32U073HCY6TR, STM32U073K8U6, STM32U073KBU6, STM32U073KCU6, STM32U073M8I6, STM32U073M8T6, STM32U073MBI6, STM32U073MBT6, STM32U073MCI6, STM32U073MCT6, STM32U073R8I6, STM32U073R8T6, STM32U073RBI6, STM32U073RBT6, STM32U073RCI6, STM32U073RCT6, STM32U083C-DK, STM32U083CCT6, STM32U083CCU6, STM32U083HCY6TR, STM32U083KCU6, STM32U083MCI6, STM32U083MCT6, STM32U083RCI6, STM32U083RCT6, STM32U535CBT6, STM32U535CBT6Q, STM32U535CBU6, STM32U535CBU6Q, STM32U535CCT6, STM32U535CCT6Q, STM32U535CCU6, STM32U535CCU6Q, STM32U535CET6, STM32U535CET6Q, STM32U535CEU6, STM32U535CEU6Q, STM32U535JEY6QTR, STM32U535NCY6QTR, STM32U535NEY6QTR, STM32U535RBI6, STM32U535RBI6Q, STM32U535RBT6, STM32U535RBT6Q, STM32U535RCI6, STM32U535RCI6Q, STM32U535RCT6, STM32U535RCT6Q, STM32U535REI6, STM32U535REI6Q, STM32U535RET6, STM32U535RET6Q, STM32U535VCI6, STM32U535VCI6Q, STM32U535VCT6, STM32U535VCT6Q, STM32U535VEI6, STM32U535VEI6Q, STM32U535VET6, STM32U535VET6Q, STM32U545CET6, STM32U545CET6Q, STM32U545CEU6, STM32U545CEU6Q, STM32U545JEY6QTR, STM32U545NEY6QTR, STM32U545REI6, STM32U545REI6Q, STM32U545RET6, STM32U545RET6Q, STM32U545VEI6, STM32U545VEI6Q, STM32U545VET6, STM32U545VET6Q, STM32U595AIH6, STM32U595AIH6Q, STM32U595AJH6, STM32U595AJH6Q, STM32U595QII6, STM32U595QII6Q, STM32U595QJI6, STM32U595QJI6Q, STM32U595RIT6, STM32U595RIT6Q, STM32U595RJT6, STM32U595RJT6Q, STM32U595VIT6, STM32U595VIT6Q, STM32U595VJT6, STM32U595VJT6Q, STM32U595ZIT6, STM32U595ZIT6Q, STM32U595ZIY6QTR, STM32U595ZJT6, STM32U595ZJT6Q, STM32U595ZJY6QTR, STM32U599BJY6QTR, STM32U599NIH6Q, STM32U599NJH6Q, STM32U599VIT6Q, STM32U599VJT6, STM32U599VJT6Q, STM32U599ZIT6Q, STM32U599ZIY6QTR, STM32U599ZJT6Q, STM32U599ZJY6QTR, STM32U5A5AJH6, STM32U5A5AJH6Q, STM32U5A5QII3Q , STM32U5A5QJI6, STM32U5A5QJI6Q, STM32U5A5RJT6, STM32U5A5RJT6Q, STM32U5A5VJT6, STM32U5A5VJT6Q, STM32U5A5ZJT6, STM32U5A5ZJT6Q, STM32U5A5ZJY6QTR, STM32U5A9BJY6QTR, STM32U5A9J-DK, STM32U5A9NJH6Q, STM32U5A9VJT6Q, STM32U5A9ZJT6Q, STM32U5A9ZJY6QTR, STM32U5F7VIT6, STM32U5F7VIT6Q, STM32U5F7VJT6, STM32U5F7VJT6Q, STM32U5F9BJY6QTR, STM32U5F9NJH6Q, STM32U5F9VIT6Q, STM32U5F9VJT6Q, STM32U5F9ZIJ6QTR, STM32U5F9ZIT6Q, STM32U5F9ZJJ6QTR, STM32U5F9ZJT6Q, STM32U5G7VJT6, STM32U5G7VJT6Q, STM32U5G9BJY6QTR, STM32U5G9J-DK1, STM32U5G9J-DK2, STM32U5G9NJH6Q, STM32U5G9VJT6Q, STM32U5G9ZJJ6QTR, STM32U5G9ZJT6Q, STM32WB1MMCH6, STM32WBA50KEU6, STM32WBA50KEU6TR, STM32WBA50KGU6, STM32WBA50KGU6TR, STM32WBA52CEU6, STM32WBA52CEU6TR, STM32WBA52CEU7, STM32WBA52CEU7TR, STM32WBA52CGU6, STM32WBA52CGU6TR, STM32WBA52CGU6U, STM32WBA52CGU7, STM32WBA52CGU7TR, STM32WBA52KEU6, STM32WBA52KEU6TR, STM32WBA52KGU6, STM32WBA52KGU6TR, STM32WBA54CEU6, STM32WBA54CEU6TR, STM32WBA54CEU7, STM32WBA54CEU7TR, STM32WBA54CGU6, STM32WBA54CGU6TR, STM32WBA54CGU7, STM32WBA54CGU7TR, STM32WBA54KEU6, STM32WBA54KEU6TR, STM32WBA54KEU7, STM32WBA54KEU7TR, STM32WBA54KGU6, STM32WBA54KGU6TR, STM32WBA54KGU7, STM32WBA54KGU7TR, STM32WBA55CEU6, STM32WBA55CEU6TR, STM32WBA55CEU7, STM32WBA55CEU7TR, STM32WBA55CGU6, STM32WBA55CGU6TR, STM32WBA55CGU6U, STM32WBA55CGU7, STM32WBA55CGU7TR, STM32WBA55G-DK1, STM32WBA55HEF6, STM32WBA55HEF7, STM32WBA55HGF6, STM32WBA55HGF7, STM32WBA55UEI6, STM32WBA55UEI6TR, STM32WBA55UEI7, STM32WBA55UEI7TR, STM32WBA55UGI6, STM32WBA55UGI6TR, STM32WBA55UGI7, STM32WBA55UGI7TR, STM32WL5MOCH6, STM32WL5MOCH6TR]
2024-05-17 03:17:12,677 [INFO] BoardInfo:889 - No configuration file found for board P-NUCLEO-WB55
2024-05-17 03:17:12,677 [INFO] DbBoards:161 - Kit is not supported: P-NUCLEO-WB55
2024-05-17 03:17:12,683 [INFO] BoardInfo:889 - No configuration file found for board STEVAL-BFA001V1B
2024-05-17 03:17:12,684 [INFO] DbBoards:161 - Kit is not supported: STEVAL-BFA001V1B
2024-05-17 03:17:12,685 [INFO] BoardInfo:889 - No configuration file found for board STEVAL-BFA001V2B
2024-05-17 03:17:12,685 [INFO] DbBoards:161 - Kit is not supported: STEVAL-BFA001V2B
2024-05-17 03:17:12,846 [INFO] DbBoards:168 - Found 199 boards, 196 are supported
2024-05-17 03:17:12,846 [INFO] DbBoards:169 - Found 199 boards, 8 of them is supported for  Bsp
2024-05-17 03:17:12,849 [INFO] ApiDb:668 - CubeFinder database Data Model version=2.1
2024-05-17 03:17:12,849 [INFO] ApiDb:669 - CubeFinder database Configuration version=3.0.39
2024-05-17 03:17:12,849 [INFO] ApiDb:670 - CubeFinder database generation date=2024-04-15 (1713193726)
2024-05-17 03:17:12,849 [INFO] ApiDb:671 - CubeFinder database FW Pack versions=[FP-ATR-ASTRA1_V2.0.0, FP-SNS-FLIGHT1_V5.0.1, FP-SNS-FLIGHT1_V5.0.2, FP-SNS-MOTENV1_V4.3.1, FP-SNS-MOTENV1_V4.3.2, FP-SNS-MOTENVWB1_V1.3.1, FP-SNS-SMARTAG2_V1.2.0, STM32Cube_FW_C0_V1.1.0, STM32Cube_FW_F4_V1.28.0, STM32Cube_FW_F7_V1.17.0, STM32Cube_FW_G0_V1.6.2, STM32Cube_FW_G4_V1.5.2, STM32Cube_FW_H5_V0.5.1, STM32Cube_FW_H5_V1.1.1, STM32Cube_FW_H5_V1.2.0, STM32Cube_FW_H5_V1.2.0RC4, STM32Cube_FW_H7RS_V1.0.0, STM32Cube_FW_H7RS_V1.0.0RC4, STM32Cube_FW_H7_V1.11.0, STM32Cube_FW_L0_V1.12.2, STM32Cube_FW_L5_V1.5.1, STM32Cube_FW_U0_V1.0.0, STM32Cube_FW_U0_V1.0.0RC1, STM32Cube_FW_U5_V1.3.0RC4, STM32Cube_FW_U5_V1.5.0, STM32Cube_FW_U5_V1.5.0RC1, STM32Cube_FW_WBA_V1.0.0RC1, STM32Cube_FW_WBA_V1.2.0, STM32Cube_FW_WBA_V1.2.0RC2, STM32Cube_FW_WBA_V1.3.0, STM32Cube_FW_WBA_V1.3.0RC1, STM32Cube_FW_WB_V1.15.0RC1, STM32Cube_FW_WB_V1.16.0, STM32Cube_FW_WB_V1.16.0RC2, STM32Cube_FW_WB_V1.18.0, STM32Cube_FW_WB_V1.19.0, STM32Cube_FW_WL_V1.3.0, X-CUBE-ALGOBUILD_V1.3.0, X-CUBE-ALS_V1.0.1, X-CUBE-AZRTOS-F4_V1.1.0, X-CUBE-AZRTOS-F7_V1.1.0, X-CUBE-AZRTOS-G0_V1.1.0, X-CUBE-AZRTOS-G4_V2.0.0, X-CUBE-AZRTOS-H7_V3.2.0, X-CUBE-AZRTOS-L4_V1.0.0, X-CUBE-AZRTOS-L4_V2.0.0, X-CUBE-AZRTOS-L5_V1.1.0, X-CUBE-AZRTOS-WB_V2.0.0, X-CUBE-AZRTOS-WL_V2.0.0, X-CUBE-BLE1_V7.0.0, X-CUBE-BLE2_V3.3.0, X-CUBE-BLEMGR_V3.1.0, X-CUBE-EEPRMA1_V4.1.0, X-CUBE-EEPRMA1_V5.1.0, X-CUBE-FREERTOS_V1.1.0, X-CUBE-GNSS1_V6.0.0, X-CUBE-MEMS1_V10.0.0, X-CUBE-MEMS1_V9.1.0, X-CUBE-MEMS1_V9.4.0, X-CUBE-MEMS1_V9.6.0, X-CUBE-NFC4_V3.0.0, X-CUBE-NFC7_V1.0.1, X-CUBE-SFXS2LP1_V4.0.0, X-CUBE-SUBG2_V5.0.0, X-CUBE-TOF1_V3.4.0]
2024-05-17 03:17:14,916 [INFO] ApiDb:240 - Found 483 in-development CPN: [B-G473E-ZEST1S, B-WB1M-WPAN1, B-WL5M-SUBG1, NUCLEO-C031C6, NUCLEO-H503RB, NUCLEO-H533RE, NUCLEO-H563ZI, NUCLEO-H7S3L8, NUCLEO-U031R8, NUCLEO-U083RC, NUCLEO-U545RE-Q, NUCLEO-U5A5ZJ-Q, NUCLEO-WBA52CG, NUCLEO-WBA55CG, STEVAL-PROTEUS1, STEVAL-SMARTAG2, STEVAL-STWINBX1, STM320518-EVAL, STM32C0116-DK, STM32C011D6Y3TR, STM32C011D6Y6TR, STM32C011F4P3, STM32C011F4P6, STM32C011F4U3, STM32C011F4U6TR, STM32C011F6P3, STM32C011F6P6, STM32C011F6U3, STM32C011F6U6TR, STM32C011J4M3, STM32C011J4M6, STM32C011J6M3, STM32C011J6M6, STM32C0316-DK, STM32C031C4T3, STM32C031C4T6, STM32C031C4U3, STM32C031C4U6, STM32C031C6T3, STM32C031C6T6, STM32C031C6U3, STM32C031C6U6, STM32C031F4P3, STM32C031F4P6, STM32C031F6P3, STM32C031F6P6, STM32C031G4U3, STM32C031G4U6, STM32C031G6U3, STM32C031G6U6, STM32C031K4T3, STM32C031K4T6, STM32C031K4U3, STM32C031K4U6, STM32C031K6T3, STM32C031K6T6, STM32C031K6U3, STM32C031K6U6, STM32G071K8TXN, STM32G071K8UXN, STM32G081GBU6N, STM32G081KBT6N, STM32G081KBUXN, STM32G0B1CCT6N, STM32G0B1KCT6, STM32G0B1NEY6TR, STM32G0B1RCT6N, STM32G0C1CCT6, STM32G0C1CCT6N, STM32G0C1CCU6N, STM32G0C1CET6N, STM32G0C1CEU6N, STM32G0C1KCT6, STM32G0C1NEY6TR, STM32G0C1RCI6N, STM32G0C1RCT6N, STM32G0C1REI6N, STM32G0C1RET6N, STM32G0C1VCI6, STM32G0C1VEI6, STM32G471CCT6, STM32G471CCU6, STM32G471CET3, STM32G471CET6, STM32G471CEU3, STM32G471CEU6, STM32G471MCT6, STM32G471MET3, STM32G471MET6, STM32G471MEY6TR, STM32G471QCT6, STM32G471QET3, STM32G471RCT6, STM32G471RET3, STM32G471RET6, STM32G471VCH6, STM32G471VCI6, STM32G471VCT6, STM32G471VEH3, STM32G471VEH6, STM32G471VEI3, STM32G471VEI6, STM32G471VET3, STM32G471VET6, STM32G474CCT6, STM32H503CBT6, STM32H503CBU6, STM32H503EBY6TR, STM32H503KBU6, STM32H503RBT6, STM32H523CCT6, STM32H523CCU6, STM32H523CET6, STM32H523CEU6, STM32H523HEY6TR, STM32H523RCT6, STM32H523RET6, STM32H523VCI6, STM32H523VCT6, STM32H523VEI6, STM32H523VET6, STM32H523ZCJ6, STM32H523ZCT6, STM32H523ZEJ6, STM32H523ZET6, STM32H533CET6, STM32H533CEU6, STM32H533HEY6TR, STM32H533RET6, STM32H533VEI6, STM32H533VET6, STM32H533ZEJ6, STM32H533ZET6, STM32H562AGI6, STM32H562AII6, STM32H562IGK6, STM32H562IGT6, STM32H562IIK6, STM32H562IIT6, STM32H562RGT6, STM32H562RGV6, STM32H562RIT6, STM32H562RIV6, STM32H562VGT6, STM32H562VIT6, STM32H562ZGT6, STM32H562ZIT6, STM32H563AGI6, STM32H563AII3Q, STM32H563AII6, STM32H563IGK6, STM32H563IGT6, STM32H563IIK3Q, STM32H563IIK6, STM32H563IIT3Q, STM32H563IIT6, STM32H563MIY3QTR, STM32H563RGT6, STM32H563RGV6, STM32H563RIT6, STM32H563RIV6, STM32H563VGT6, STM32H563VIT3Q, STM32H563VIT6, STM32H563ZGT6, STM32H563ZIT3Q, STM32H563ZIT6, STM32H573AII3Q, STM32H573AII6, STM32H573I-DK, STM32H573IIK3Q, STM32H573IIK6, STM32H573IIT3Q, STM32H573IIT6, STM32H573MIY3QTR, STM32H573RIT6, STM32H573RIV6, STM32H573VIT3Q, STM32H573VIT6, STM32H573ZIT3Q, STM32H573ZIT6, STM32H7R3A8I6, STM32H7R3I8K6, STM32H7R3I8T6, STM32H7R3L8H6, STM32H7R3L8H6H, STM32H7R3R8V6, STM32H7R3V8H6, STM32H7R3V8T6, STM32H7R3V8Y6, STM32H7R3Z8J6, STM32H7R3Z8T6, STM32H7R7A8I6, STM32H7R7I8K6, STM32H7R7I8T6, STM32H7R7L8H6, STM32H7R7L8H6H, STM32H7R7Z8J6, STM32H7S3A8I6, STM32H7S3I8K6, STM32H7S3I8T6, STM32H7S3L8H6, STM32H7S3L8H6H, STM32H7S3R8V6, STM32H7S3V8H6, STM32H7S3V8T6, STM32H7S3V8Y6, STM32H7S3Z8J6, STM32H7S3Z8T6, STM32H7S78-DK, STM32H7S7A8I6, STM32H7S7I8K6, STM32H7S7I8T6, STM32H7S7L8H6, STM32H7S7L8H6H, STM32H7S7Z8J6, STM32L4R5QGI6STR, STM32MP131AAE3, STM32MP131AAF3, STM32MP131AAG3, STM32MP131CAE3, STM32MP131CAF3, STM32MP131CAG3, STM32MP131DAE7, STM32MP131DAF7, STM32MP131DAG7, STM32MP131FAE7, STM32MP131FAF7, STM32MP131FAG7, STM32MP133AAE3, STM32MP133AAF3, STM32MP133AAG3, STM32MP133CAE3, STM32MP133CAF3, STM32MP133CAG3, STM32MP133DAE7, STM32MP133DAF7, STM32MP133DAG7, STM32MP133FAE7, STM32MP133FAF7, STM32MP133FAG7, STM32MP135AAE3, STM32MP135AAF3, STM32MP135AAG3, STM32MP135CAE3, STM32MP135CAF3, STM32MP135CAG3, STM32MP135DAE7, STM32MP135DAF7, STM32MP135DAG7, STM32MP135F-DK, STM32MP135FAE7, STM32MP135FAF7, STM32MP135FAF7T, STM32MP135FAF7U, STM32MP135FAG7, STM32U031C6T6, STM32U031C6U6, STM32U031C8T6, STM32U031C8U6, STM32U031F4P6, STM32U031F6P6, STM32U031F8P6, STM32U031G6Y6TR, STM32U031G8Y6TR, STM32U031K4U6, STM32U031K6U6, STM32U031K8U6, STM32U031R6I6, STM32U031R6T6, STM32U031R8I6, STM32U031R8T6, STM32U073C8T6, STM32U073C8U6, STM32U073CBT6, STM32U073CBU6, STM32U073CCT6, STM32U073CCU6, STM32U073H8Y6TR, STM32U073HBY6TR, STM32U073HCY6TR, STM32U073K8U6, STM32U073KBU6, STM32U073KCU6, STM32U073M8I6, STM32U073M8T6, STM32U073MBI6, STM32U073MBT6, STM32U073MCI6, STM32U073MCT6, STM32U073R8I6, STM32U073R8T6, STM32U073RBI6, STM32U073RBT6, STM32U073RCI6, STM32U073RCT6, STM32U083C-DK, STM32U083CCT6, STM32U083CCU6, STM32U083HCY6TR, STM32U083KCU6, STM32U083MCI6, STM32U083MCT6, STM32U083RCI6, STM32U083RCT6, STM32U535CBT6, STM32U535CBT6Q, STM32U535CBU6, STM32U535CBU6Q, STM32U535CCT6, STM32U535CCT6Q, STM32U535CCU6, STM32U535CCU6Q, STM32U535CET6, STM32U535CET6Q, STM32U535CEU6, STM32U535CEU6Q, STM32U535JEY6QTR, STM32U535NCY6QTR, STM32U535NEY6QTR, STM32U535RBI6, STM32U535RBI6Q, STM32U535RBT6, STM32U535RBT6Q, STM32U535RCI6, STM32U535RCI6Q, STM32U535RCT6, STM32U535RCT6Q, STM32U535REI6, STM32U535REI6Q, STM32U535RET6, STM32U535RET6Q, STM32U535VCI6, STM32U535VCI6Q, STM32U535VCT6, STM32U535VCT6Q, STM32U535VEI6, STM32U535VEI6Q, STM32U535VET6, STM32U535VET6Q, STM32U545CET6, STM32U545CET6Q, STM32U545CEU6, STM32U545CEU6Q, STM32U545JEY6QTR, STM32U545NEY6QTR, STM32U545REI6, STM32U545REI6Q, STM32U545RET6, STM32U545RET6Q, STM32U545VEI6, STM32U545VEI6Q, STM32U545VET6, STM32U545VET6Q, STM32U595AIH6, STM32U595AIH6Q, STM32U595AJH6, STM32U595AJH6Q, STM32U595QII6, STM32U595QII6Q, STM32U595QJI6, STM32U595QJI6Q, STM32U595RIT6, STM32U595RIT6Q, STM32U595RJT6, STM32U595RJT6Q, STM32U595VIT6, STM32U595VIT6Q, STM32U595VJT6, STM32U595VJT6Q, STM32U595ZIT6, STM32U595ZIT6Q, STM32U595ZIY6QTR, STM32U595ZJT6, STM32U595ZJT6Q, STM32U595ZJY6QTR, STM32U599BJY6QTR, STM32U599NIH6Q, STM32U599NJH6Q, STM32U599VIT6Q, STM32U599VJT6, STM32U599VJT6Q, STM32U599ZIT6Q, STM32U599ZIY6QTR, STM32U599ZJT6Q, STM32U599ZJY6QTR, STM32U5A5AJH6, STM32U5A5AJH6Q, STM32U5A5QII3Q , STM32U5A5QJI6, STM32U5A5QJI6Q, STM32U5A5RJT6, STM32U5A5RJT6Q, STM32U5A5VJT6, STM32U5A5VJT6Q, STM32U5A5ZJT6, STM32U5A5ZJT6Q, STM32U5A5ZJY6QTR, STM32U5A9BJY6QTR, STM32U5A9J-DK, STM32U5A9NJH6Q, STM32U5A9VJT6Q, STM32U5A9ZJT6Q, STM32U5A9ZJY6QTR, STM32U5F7VIT6, STM32U5F7VIT6Q, STM32U5F7VJT6, STM32U5F7VJT6Q, STM32U5F9BJY6QTR, STM32U5F9NJH6Q, STM32U5F9VIT6Q, STM32U5F9VJT6Q, STM32U5F9ZIJ6QTR, STM32U5F9ZIT6Q, STM32U5F9ZJJ6QTR, STM32U5F9ZJT6Q, STM32U5G7VJT6, STM32U5G7VJT6Q, STM32U5G9BJY6QTR, STM32U5G9J-DK1, STM32U5G9J-DK2, STM32U5G9NJH6Q, STM32U5G9VJT6Q, STM32U5G9ZJJ6QTR, STM32U5G9ZJT6Q, STM32WB1MMCH6, STM32WBA50KEU6, STM32WBA50KEU6TR, STM32WBA50KGU6, STM32WBA50KGU6TR, STM32WBA52CEU6, STM32WBA52CEU6TR, STM32WBA52CEU7, STM32WBA52CEU7TR, STM32WBA52CGU6, STM32WBA52CGU6TR, STM32WBA52CGU6U, STM32WBA52CGU7, STM32WBA52CGU7TR, STM32WBA52KEU6, STM32WBA52KEU6TR, STM32WBA52KGU6, STM32WBA52KGU6TR, STM32WBA54CEU6, STM32WBA54CEU6TR, STM32WBA54CEU7, STM32WBA54CEU7TR, STM32WBA54CGU6, STM32WBA54CGU6TR, STM32WBA54CGU7, STM32WBA54CGU7TR, STM32WBA54KEU6, STM32WBA54KEU6TR, STM32WBA54KEU7, STM32WBA54KEU7TR, STM32WBA54KGU6, STM32WBA54KGU6TR, STM32WBA54KGU7, STM32WBA54KGU7TR, STM32WBA55CEU6, STM32WBA55CEU6TR, STM32WBA55CEU7, STM32WBA55CEU7TR, STM32WBA55CGU6, STM32WBA55CGU6TR, STM32WBA55CGU6U, STM32WBA55CGU7, STM32WBA55CGU7TR, STM32WBA55G-DK1, STM32WBA55HEF6, STM32WBA55HEF7, STM32WBA55HGF6, STM32WBA55HGF7, STM32WBA55UEI6, STM32WBA55UEI6TR, STM32WBA55UEI7, STM32WBA55UEI7TR, STM32WBA55UGI6, STM32WBA55UGI6TR, STM32WBA55UGI7, STM32WBA55UGI7TR, STM32WL5MOCH6, STM32WL5MOCH6TR]
2024-05-17 03:17:14,920 [INFO] DbMcus:218 - Found 4096 MCUs, 4096 are supported
2024-05-17 03:17:14,920 [INFO] ApiDb:423 - Load user favorites file C:\Users\Phatt/.stm32cubeide/favorites.mcus.txt: 0 item(s)
2024-05-17 03:17:14,921 [INFO] ApiDb:427 - User favorites MCUs=[]
2024-05-17 03:17:14,921 [INFO] DbMcus:224 - Set 0 / 0 favorites MCUs
2024-05-17 03:17:15,177 [INFO] ApiDb:423 - Load user favorites file C:\Users\Phatt/.stm32cubeide/favorites.boards.txt: 0 item(s)
2024-05-17 03:17:15,177 [INFO] ApiDb:427 - User favorites Boards=[]
2024-05-17 03:17:15,177 [INFO] DbBoards:198 - Set 0 / 0 favorites Boards
2024-05-17 03:17:15,264 [INFO] UtilMem:75 - End LoadConfig() Used Memory: 393572384 Bytes (463470592)
2024-05-17 03:17:15,456 [WARN] ThirdParty:833 - waiting for thirdparty lock release [change project]
2024-05-17 03:17:15,456 [INFO] ThirdParty:835 - entering critical section [change project]
2024-05-17 03:17:15,457 [INFO] ThirdParty:1030 - CMSIS Pack Vendor :STMicroelectronics X-CUBE-ISPU 1.1.0
2024-05-17 03:17:15,457 [INFO] ThirdParty:1030 - CMSIS Pack Vendor :STMicroelectronics USBPD 4.1
2024-05-17 03:17:15,457 [INFO] ThirdParty:1030 - CMSIS Pack Vendor :STMicroelectronics X-CUBE-GNSS1 6.0.0
2024-05-17 03:17:15,457 [INFO] ThirdParty:1030 - CMSIS Pack Vendor :STMicroelectronics USB_HOST 2.0.0
2024-05-17 03:17:15,457 [INFO] ThirdParty:1030 - CMSIS Pack Vendor :STMicroelectronics FP-SNS-MOTENVWB1 1.4.0
2024-05-17 03:17:15,457 [INFO] ThirdParty:1030 - CMSIS Pack Vendor :STMicroelectronics X-CUBE-AZRTOS-F4 1.1.0
2024-05-17 03:17:15,457 [INFO] ThirdParty:1030 - CMSIS Pack Vendor :STMicroelectronics LIBJPEG 8.0.0
2024-05-17 03:17:15,457 [INFO] ThirdParty:1030 - CMSIS Pack Vendor :wolfSSL I-CUBE-wolfSSL 5.6.3
2024-05-17 03:17:15,457 [INFO] ThirdParty:1030 - CMSIS Pack Vendor :STMicroelectronics X-CUBE-SMBUS 2.1.0
2024-05-17 03:17:15,457 [INFO] ThirdParty:1030 - CMSIS Pack Vendor :STMicroelectronics USB_DEVICE 3.0.0
2024-05-17 03:17:15,457 [INFO] ThirdParty:1030 - CMSIS Pack Vendor :STMicroelectronics X-CUBE-TCPP 4.1.0
2024-05-17 03:17:15,457 [INFO] ThirdParty:1030 - CMSIS Pack Vendor :STMicroelectronics X-CUBE-FREERTOS 1.2.0
2024-05-17 03:17:15,457 [INFO] ThirdParty:1030 - CMSIS Pack Vendor :STMicroelectronics X-CUBE-AZRTOS-WB 2.0.0
2024-05-17 03:17:15,457 [INFO] ThirdParty:1030 - CMSIS Pack Vendor :STMicroelectronics X-CUBE-TOUCHGFX 4.23.0
2024-05-17 03:17:15,457 [INFO] ThirdParty:1030 - CMSIS Pack Vendor :STMicroelectronics X-CUBE-TOUCHGFX 4.23.2
2024-05-17 03:17:15,457 [INFO] ThirdParty:1030 - CMSIS Pack Vendor :STMicroelectronics X-CUBE-AZRTOS-F7 1.1.0
2024-05-17 03:17:15,457 [INFO] ThirdParty:1030 - CMSIS Pack Vendor :STMicroelectronics X-CUBE-AZRTOS-L5 2.0.0
2024-05-17 03:17:15,457 [INFO] ThirdParty:1030 - CMSIS Pack Vendor :STMicroelectronics USB_DEVICE 2.0.0
2024-05-17 03:17:15,457 [INFO] ThirdParty:1030 - CMSIS Pack Vendor :STMicroelectronics X-CUBE-EEPRMA1 4.2.0
2024-05-17 03:17:15,458 [INFO] ThirdParty:1030 - CMSIS Pack Vendor :STMicroelectronics X-CUBE-NFC6 3.1.0
2024-05-17 03:17:15,458 [INFO] ThirdParty:1030 - CMSIS Pack Vendor :ITTIA_DB I-CUBE-ITTIADB 8.8.0
2024-05-17 03:17:15,458 [INFO] ThirdParty:1030 - CMSIS Pack Vendor :STMicroelectronics FP-SNS-MOTENV1 4.3.2
2024-05-17 03:17:15,458 [INFO] ThirdParty:1030 - CMSIS Pack Vendor :ARM CMSIS-DSP 1.15.0
2024-05-17 03:17:15,458 [INFO] ThirdParty:1030 - CMSIS Pack Vendor :STMicroelectronics X-CUBE-ALGOBUILD 1.3.0
2024-05-17 03:17:15,458 [INFO] ThirdParty:1030 - CMSIS Pack Vendor :STMicroelectronics FreeRTOS 0.0.1
2024-05-17 03:17:15,458 [INFO] ThirdParty:1030 - CMSIS Pack Vendor :STMicroelectronics X-CUBE-AZRTOS-G0 1.1.0
2024-05-17 03:17:15,458 [INFO] ThirdParty:1030 - CMSIS Pack Vendor :STMicroelectronics X-CUBE-BLEMGR 2.0.0
2024-05-17 03:17:15,458 [INFO] ThirdParty:1030 - CMSIS Pack Vendor :STMicroelectronics X-CUBE-SAFEA1 1.2.2
2024-05-17 03:17:15,458 [INFO] ThirdParty:1030 - CMSIS Pack Vendor :STMicroelectronics X-CUBE-NFC4 3.0.0
2024-05-17 03:17:15,458 [INFO] ThirdParty:1030 - CMSIS Pack Vendor :STMicroelectronics X-CUBE-SUBG2 5.0.0
2024-05-17 03:17:15,458 [INFO] ThirdParty:1030 - CMSIS Pack Vendor :STMicroelectronics STM32_WPAN 1.0.0
2024-05-17 03:17:15,458 [INFO] ThirdParty:1030 - CMSIS Pack Vendor :STMicroelectronics lwIP 2.0.3
2024-05-17 03:17:15,458 [INFO] ThirdParty:1030 - CMSIS Pack Vendor :STMicroelectronics FP-SNS-FLIGHT1 5.0.2
2024-05-17 03:17:15,458 [INFO] ThirdParty:1030 - CMSIS Pack Vendor :Cesanta I-CUBE-Mongoose 7.13.0
2024-05-17 03:17:15,458 [INFO] ThirdParty:1030 - CMSIS Pack Vendor :STMicroelectronics USB_HOST 1.0.0
2024-05-17 03:17:15,458 [INFO] ThirdParty:1030 - CMSIS Pack Vendor :STMicroelectronics X-CUBE-TOF1 3.3.1
2024-05-17 03:17:15,459 [INFO] ThirdParty:1030 - CMSIS Pack Vendor :STMicroelectronics X-CUBE-AI 9.0.0
2024-05-17 03:17:15,459 [INFO] ThirdParty:1030 - CMSIS Pack Vendor :STMicroelectronics X-CUBE-AZRTOS-G4 2.0.0
2024-05-17 03:17:15,459 [INFO] ThirdParty:1030 - CMSIS Pack Vendor :STMicroelectronics PDM2PCM 3.1.0
2024-05-17 03:17:15,459 [INFO] ThirdParty:1030 - CMSIS Pack Vendor :STMicroelectronics X-CUBE-AZRTOS-H7 3.1.0
2024-05-17 03:17:15,459 [INFO] ThirdParty:1030 - CMSIS Pack Vendor :Infineon AIROC-Wi-Fi-Bluetooth-STM32 1.5.1
2024-05-17 03:17:15,459 [INFO] ThirdParty:1030 - CMSIS Pack Vendor :STMicroelectronics X-CUBE-BLEMGR 3.0.0
2024-05-17 03:17:15,459 [INFO] ThirdParty:1030 - CMSIS Pack Vendor :STMicroelectronics PDM2PCM 3.3.0
2024-05-17 03:17:15,459 [INFO] ThirdParty:1030 - CMSIS Pack Vendor :STMicroelectronics X-CUBE-DISPLAY 3.0.0
2024-05-17 03:17:15,459 [INFO] ThirdParty:1030 - CMSIS Pack Vendor :STMicroelectronics FP-SNS-MOTENVWB1 1.3.0
2024-05-17 03:17:15,459 [INFO] ThirdParty:1030 - CMSIS Pack Vendor :wolfSSL I-CUBE-wolfSSL 5.7.0
2024-05-17 03:17:15,459 [INFO] ThirdParty:1030 - CMSIS Pack Vendor :STMicroelectronics FP-SNS-MOTENVWB1 1.3.1
2024-05-17 03:17:15,459 [INFO] ThirdParty:1030 - CMSIS Pack Vendor :STMicroelectronics X-CUBE-BLE1 7.0.0
2024-05-17 03:17:15,459 [INFO] ThirdParty:1030 - CMSIS Pack Vendor :STMicroelectronics FP-ATR-SIGFOX1 3.2.0
2024-05-17 03:17:15,459 [INFO] ThirdParty:1030 - CMSIS Pack Vendor :STMicroelectronics X-CUBE-ISPU 2.0.0
2024-05-17 03:17:15,459 [INFO] ThirdParty:1030 - CMSIS Pack Vendor :STMicroelectronics X-CUBE-EEPRMA1 5.1.0
2024-05-17 03:17:15,459 [INFO] ThirdParty:1030 - CMSIS Pack Vendor :STMicroelectronics HAL Drivers 0.0.0
2024-05-17 03:17:15,459 [INFO] ThirdParty:1030 - CMSIS Pack Vendor :STMicroelectronics MBEDTLS 2.16.2
2024-05-17 03:17:15,459 [INFO] ThirdParty:1030 - CMSIS Pack Vendor :emotas I-CUBE-CANOPEN 1.3.0
2024-05-17 03:17:15,459 [INFO] ThirdParty:1030 - CMSIS Pack Vendor :STMicroelectronics X-CUBE-MEMS1 10.0.0
2024-05-17 03:17:15,459 [INFO] ThirdParty:1030 - CMSIS Pack Vendor :STMicroelectronics X-CUBE-FREERTOS 1.1.0
2024-05-17 03:17:15,459 [INFO] ThirdParty:1030 - CMSIS Pack Vendor :STMicroelectronics X-CUBE-NFC7 1.0.1
2024-05-17 03:17:15,459 [INFO] ThirdParty:1030 - CMSIS Pack Vendor :STMicroelectronics MBEDTLS 2.14.1
2024-05-17 03:17:15,459 [INFO] ThirdParty:1030 - CMSIS Pack Vendor :STMicroelectronics X-CUBE-TOUCHGFX 4.22.1
2024-05-17 03:17:15,459 [INFO] ThirdParty:1030 - CMSIS Pack Vendor :ITTIA_DB I-CUBE-ITTIADB 8.9.0
2024-05-17 03:17:15,459 [INFO] ThirdParty:1030 - CMSIS Pack Vendor :STMicroelectronics X-CUBE-NFC6 3.0.0
2024-05-17 03:17:15,459 [INFO] ThirdParty:1030 - CMSIS Pack Vendor :STMicroelectronics X-CUBE-EEPRMA1 4.1.0
2024-05-17 03:17:15,460 [INFO] ThirdParty:1030 - CMSIS Pack Vendor :portGmbH I-Cube-SoM-uGOAL 1.1.0
2024-05-17 03:17:15,460 [INFO] ThirdParty:1030 - CMSIS Pack Vendor :STMicroelectronics X-CUBE-ALS 1.0.1
2024-05-17 03:17:15,460 [INFO] ThirdParty:1030 - CMSIS Pack Vendor :STMicroelectronics X-CUBE-BLEMGR 3.1.0
2024-05-17 03:17:15,460 [INFO] ThirdParty:1030 - CMSIS Pack Vendor :STMicroelectronics ThreadX 1.0.0
2024-05-17 03:17:15,460 [INFO] ThirdParty:1030 - CMSIS Pack Vendor :STMicroelectronics FP-SNS-SMARTAG2 1.2.0
2024-05-17 03:17:15,460 [INFO] ThirdParty:1030 - CMSIS Pack Vendor :STMicroelectronics X-CUBE-AZRTOS-WL 2.0.0
2024-05-17 03:17:15,460 [INFO] ThirdParty:1030 - CMSIS Pack Vendor :SEGGER I-CUBE-embOS 1.3.1
2024-05-17 03:17:15,460 [INFO] ThirdParty:1030 - CMSIS Pack Vendor :STMicroelectronics X-CUBE-ALGOBUILD 1.4.0
2024-05-17 03:17:15,460 [INFO] ThirdParty:1030 - CMSIS Pack Vendor :STMicroelectronics FP-SNS-MOTENV1 5.0.0
2024-05-17 03:17:15,460 [INFO] ThirdParty:1030 - CMSIS Pack Vendor :STMicroelectronics USB_DEVICE 1.0.0
2024-05-17 03:17:15,460 [INFO] ThirdParty:1030 - CMSIS Pack Vendor :STMicroelectronics X-CUBE-AI 8.1.0
2024-05-17 03:17:15,460 [INFO] ThirdParty:1030 - CMSIS Pack Vendor :STMicroelectronics X-CUBE-AZRTOS-H7RS 1.0.0
2024-05-17 03:17:15,461 [INFO] ThirdParty:1030 - CMSIS Pack Vendor :STMicroelectronics X-CUBE-AZRTOS-L4 2.0.0
2024-05-17 03:17:15,461 [INFO] ThirdParty:1030 - CMSIS Pack Vendor :ARM CMSIS 6.0.0
2024-05-17 03:17:15,461 [INFO] ThirdParty:1030 - CMSIS Pack Vendor :STMicroelectronics ThreadX 0.0.2
2024-05-17 03:17:15,461 [INFO] ThirdParty:1030 - CMSIS Pack Vendor :WES I-CUBE-Cesium 1.3.0
2024-05-17 03:17:15,461 [INFO] ThirdParty:1030 - CMSIS Pack Vendor :STMicroelectronics FP-ATR-ASTRA1 2.0.0
2024-05-17 03:17:15,461 [INFO] ThirdParty:1030 - CMSIS Pack Vendor :STMicroelectronics lwIP 2.1.2
2024-05-17 03:17:15,461 [INFO] ThirdParty:1030 - CMSIS Pack Vendor :STMicroelectronics X-CUBE-SFXS2LP1 4.0.0
2024-05-17 03:17:15,461 [INFO] ThirdParty:1030 - CMSIS Pack Vendor :STMicroelectronics X-CUBE-BLE2 3.3.0
2024-05-17 03:17:15,461 [INFO] ThirdParty:1030 - CMSIS Pack Vendor :STMicroelectronics X-CUBE-TOF1 3.4.0
2024-05-17 03:17:15,461 [INFO] ThirdParty:1030 - CMSIS Pack Vendor :STMicroelectronics X-CUBE-TOF1 3.4.1
2024-05-17 03:17:15,461 [INFO] ThirdParty:1030 - CMSIS Pack Vendor :STMicroelectronics X-CUBE-AZRTOS-H7 3.2.0
2024-05-17 03:17:15,461 [INFO] ThirdParty:1030 - CMSIS Pack Vendor :Infineon AIROC-Wi-Fi-Bluetooth-STM32 1.6.0
2024-05-17 03:17:15,461 [INFO] ThirdParty:1030 - CMSIS Pack Vendor :STMicroelectronics PDM2PCM 3.2.0
2024-05-17 03:17:15,461 [INFO] ThirdParty:841 - exiting critical section [change project]
2024-05-17 03:17:15,916 [INFO] PinOutPanel:1561 - setPackage(No Configuration,No Configuration)
2024-05-17 03:17:15,919 [INFO] PinOutPanel:1561 - setPackage(STM32G474RETx,LQFP64)
2024-05-17 03:17:16,797 [INFO] UtilMem:75 - Before build in PCC Used Memory: 365244224 Bytes (463470592)
2024-05-17 03:17:18,758 [INFO] UtilMem:75 - After build in PCC Used Memory: 397615168 Bytes (463470592)
2024-05-17 03:17:18,802 [INFO] IPUIPlugin:80 - create IPUIPlugin
2024-05-17 03:17:18,802 [INFO] IPUIPlugin:80 - create IPUIPlugin
2024-05-17 03:17:18,802 [INFO] IPUIPlugin:80 - create IPUIPlugin
2024-05-17 03:17:18,802 [INFO] IPUIPlugin:80 - create IPUIPlugin
2024-05-17 03:17:18,802 [INFO] IPUIPlugin:80 - create IPUIPlugin
2024-05-17 03:17:18,803 [INFO] IPUIPlugin:80 - create IPUIPlugin
2024-05-17 03:17:18,803 [INFO] IPUIPlugin:80 - create IPUIPlugin
2024-05-17 03:17:18,803 [INFO] IPUIPlugin:80 - create IPUIPlugin
2024-05-17 03:17:18,803 [INFO] IPUIPlugin:80 - create IPUIPlugin
2024-05-17 03:17:18,803 [INFO] IPUIPlugin:80 - create IPUIPlugin
2024-05-17 03:17:18,803 [INFO] IPUIPlugin:80 - create IPUIPlugin
2024-05-17 03:17:18,803 [INFO] IPUIPlugin:80 - create IPUIPlugin
2024-05-17 03:17:18,803 [INFO] IPUIPlugin:80 - create IPUIPlugin
2024-05-17 03:17:18,803 [INFO] IPUIPlugin:80 - create IPUIPlugin
2024-05-17 03:17:18,804 [INFO] IPUIPlugin:80 - create IPUIPlugin
2024-05-17 03:17:18,804 [INFO] IPUIPlugin:80 - create IPUIPlugin
2024-05-17 03:17:18,804 [INFO] IPUIPlugin:80 - create IPUIPlugin
2024-05-17 03:17:18,804 [INFO] IPUIPlugin:80 - create IPUIPlugin
2024-05-17 03:17:18,804 [INFO] IPUIPlugin:80 - create IPUIPlugin
2024-05-17 03:17:18,804 [INFO] IPUIPlugin:80 - create IPUIPlugin
2024-05-17 03:17:18,804 [INFO] IPUIPlugin:80 - create IPUIPlugin
2024-05-17 03:17:18,805 [INFO] IPUIPlugin:80 - create IPUIPlugin
2024-05-17 03:17:18,805 [INFO] IPUIPlugin:80 - create IPUIPlugin
2024-05-17 03:17:18,805 [INFO] IPUIPlugin:80 - create IPUIPlugin
2024-05-17 03:17:18,805 [INFO] IPUIPlugin:80 - create IPUIPlugin
2024-05-17 03:17:18,805 [INFO] IPUIPlugin:80 - create IPUIPlugin
2024-05-17 03:17:18,805 [INFO] IPUIPlugin:80 - create IPUIPlugin
2024-05-17 03:17:18,805 [INFO] IPUIPlugin:80 - create IPUIPlugin
2024-05-17 03:17:18,806 [INFO] IPUIPlugin:80 - create IPUIPlugin
2024-05-17 03:17:18,806 [INFO] IPUIPlugin:80 - create IPUIPlugin
2024-05-17 03:17:18,806 [INFO] IPUIPlugin:80 - create IPUIPlugin
2024-05-17 03:17:18,806 [INFO] IPUIPlugin:80 - create IPUIPlugin
2024-05-17 03:17:18,806 [INFO] IPUIPlugin:80 - create IPUIPlugin
2024-05-17 03:17:18,806 [INFO] IPUIPlugin:80 - create IPUIPlugin
2024-05-17 03:17:18,806 [INFO] IPUIPlugin:80 - create IPUIPlugin
2024-05-17 03:17:18,807 [INFO] IPUIPlugin:80 - create IPUIPlugin
2024-05-17 03:17:18,807 [INFO] IPUIPlugin:80 - create IPUIPlugin
2024-05-17 03:17:18,807 [INFO] IPUIPlugin:80 - create IPUIPlugin
2024-05-17 03:17:18,808 [INFO] IPUIPlugin:80 - create IPUIPlugin
2024-05-17 03:17:18,808 [INFO] IPUIPlugin:80 - create IPUIPlugin
2024-05-17 03:17:18,808 [INFO] IPUIPlugin:80 - create IPUIPlugin
2024-05-17 03:17:18,808 [INFO] IPUIPlugin:80 - create IPUIPlugin
2024-05-17 03:17:18,808 [INFO] IPUIPlugin:80 - create IPUIPlugin
2024-05-17 03:17:18,809 [INFO] IPUIPlugin:80 - create IPUIPlugin
2024-05-17 03:17:18,809 [INFO] IPUIPlugin:80 - create IPUIPlugin
2024-05-17 03:17:18,809 [INFO] IPUIPlugin:80 - create IPUIPlugin
2024-05-17 03:17:18,809 [INFO] IPUIPlugin:80 - create IPUIPlugin
2024-05-17 03:17:18,810 [INFO] IPUIPlugin:80 - create IPUIPlugin
2024-05-17 03:17:18,811 [INFO] IPUIPlugin:80 - create IPUIPlugin
2024-05-17 03:17:18,811 [INFO] IPUIPlugin:80 - create IPUIPlugin
2024-05-17 03:17:18,811 [INFO] IPUIPlugin:80 - create IPUIPlugin
2024-05-17 03:17:18,812 [INFO] IPUIPlugin:80 - create IPUIPlugin
2024-05-17 03:17:18,812 [INFO] IPUIPlugin:80 - create IPUIPlugin
2024-05-17 03:17:18,812 [INFO] IPUIPlugin:80 - create IPUIPlugin
2024-05-17 03:17:18,812 [INFO] IPUIPlugin:80 - create IPUIPlugin
2024-05-17 03:17:18,813 [INFO] IPUIPlugin:80 - create IPUIPlugin
2024-05-17 03:17:18,813 [INFO] IPUIPlugin:80 - create IPUIPlugin
2024-05-17 03:17:18,813 [INFO] IPUIPlugin:80 - create IPUIPlugin
2024-05-17 03:17:18,821 [INFO] IPUIPlugin:80 - create IPUIPlugin
2024-05-17 03:17:18,821 [INFO] IPUIPlugin:80 - create IPUIPlugin
2024-05-17 03:17:18,822 [INFO] IPUIPlugin:80 - create IPUIPlugin
2024-05-17 03:17:18,822 [INFO] IPUIPlugin:80 - create IPUIPlugin
2024-05-17 03:17:18,822 [INFO] IPUIPlugin:80 - create IPUIPlugin
2024-05-17 03:17:18,822 [INFO] IPUIPlugin:80 - create IPUIPlugin
2024-05-17 03:17:18,824 [INFO] IPUIPlugin:80 - create IPUIPlugin
2024-05-17 03:17:18,824 [INFO] IPUIPlugin:80 - create IPUIPlugin
2024-05-17 03:17:18,824 [INFO] IPUIPlugin:80 - create IPUIPlugin
2024-05-17 03:17:18,825 [INFO] IPUIPlugin:80 - create IPUIPlugin
2024-05-17 03:17:18,825 [INFO] IPUIPlugin:80 - create IPUIPlugin
2024-05-17 03:17:18,825 [INFO] IPUIPlugin:80 - create IPUIPlugin
2024-05-17 03:17:18,826 [INFO] IPUIPlugin:80 - create IPUIPlugin
2024-05-17 03:17:18,826 [INFO] IPUIPlugin:80 - create IPUIPlugin
2024-05-17 03:17:18,827 [INFO] IPUIPlugin:80 - create IPUIPlugin
2024-05-17 03:17:18,827 [INFO] IPUIPlugin:80 - create IPUIPlugin
2024-05-17 03:17:18,828 [INFO] IPUIPlugin:80 - create IPUIPlugin
2024-05-17 03:17:18,828 [INFO] IPUIPlugin:80 - create IPUIPlugin
2024-05-17 03:17:18,828 [INFO] IPUIPlugin:80 - create IPUIPlugin
2024-05-17 03:17:18,829 [INFO] IPUIPlugin:80 - create IPUIPlugin
2024-05-17 03:17:18,829 [INFO] IPUIPlugin:80 - create IPUIPlugin
2024-05-17 03:17:19,297 [INFO] CADModel:165 - CPN selected for project levelSTM32G474RET6
2024-05-17 03:17:19,297 [INFO] CADModel:114 - Register for checkConnection events
2024-05-17 03:17:19,375 [INFO] OpenFileManager:343 - Restore cursor
2024-05-17 03:17:44,727 [INFO] NvicIntPanel:101 - NVIC parent = com.st.microxplorer.plugins.ip.nvic.MultiNvicIntPanel[,0,0,450x623,layout=javax.swing.BoxLayout,alignmentX=0.0,alignmentY=0.0,border=,flags=9,maximumSize=,minimumSize=,preferredSize=]
2024-05-17 03:47:47,781 [INFO] UtilMem:75 - End SaveConfig() Used Memory: 733366480 Bytes (1073741824)
2024-05-17 03:47:48,396 [INFO] BlockDiagram:2759 - set Specific Code input for plugin: TIM1_8G4
2024-05-17 03:47:48,396 [INFO] BlockDiagram:2759 - set Specific Code input for plugin: TIM1_8G4
2024-05-17 03:47:48,396 [INFO] BlockDiagram:2759 - set Specific Code input for plugin: TIM1_8G4
2024-05-17 03:47:48,397 [INFO] BlockDiagram:2759 - set Specific Code input for plugin: TIM1_8G4
2024-05-17 03:47:48,397 [INFO] BlockDiagram:2759 - set Specific Code input for plugin: ARM.CMSIS-DSP.1.15.0
2024-05-17 03:47:48,397 [INFO] BlockDiagram:2759 - set Specific Code input for plugin: SYS
2024-05-17 03:47:48,397 [INFO] BlockDiagram:2759 - set Specific Code input for plugin: ADC
2024-05-17 03:47:48,397 [INFO] BlockDiagram:2759 - set Specific Code input for plugin: RCC
2024-05-17 03:47:48,397 [INFO] BlockDiagram:2759 - set Specific Code input for plugin: NVIC
2024-05-17 03:47:48,397 [INFO] BlockDiagram:2759 - set Specific Code input for plugin: USART
2024-05-17 03:47:48,397 [INFO] BlockDiagram:2759 - set Specific Code input for plugin: DMA
2024-05-17 03:47:48,397 [INFO] BlockDiagram:2759 - set Specific Code input for plugin: TIM1_8G4
2024-05-17 03:47:48,397 [INFO] BlockDiagram:2759 - set Specific Code input for plugin: TIM1_8G4
2024-05-17 03:47:48,398 [INFO] BlockDiagram:2759 - set Specific Code input for plugin: GPIO
2024-05-17 03:47:48,399 [INFO] BlockDiagram:2759 - set Specific Code input for plugin: ARM.CMSIS.6.0.0
2024-05-17 03:47:48,399 [INFO] BlockDiagram:2759 - set Specific Code input for plugin: TIM1_8G4
2024-05-17 03:47:48,405 [WARN] ThirdPartyIpManager:480 - Condition 'TrustZone' not fulfilled in pack 'ARM.CMSIS.6.0.0'
2024-05-17 03:47:48,405 [WARN] ThirdPartyRefParameterProcessor:173 - Condition 'TrustZone;(SIiDtzIiTZ)' has not the same result using Semaphore or Dynamic solver for pack 'ARM.CMSIS.6.0.0''
2024-05-17 03:47:48,406 [WARN] ThirdPartyIpManager:480 - Condition 'TZ Secure' not fulfilled in pack 'ARM.CMSIS.6.0.0'
2024-05-17 03:47:48,406 [WARN] ThirdPartyRefParameterProcessor:173 - Condition 'TZ Secure;(SIiDtzIiTZ&SIiDsecureIiSecure)' has not the same result using Semaphore or Dynamic solver for pack 'ARM.CMSIS.6.0.0''
2024-05-17 03:47:48,406 [WARN] ThirdPartyIpManager:480 - Condition 'TZ Secure' not fulfilled in pack 'ARM.CMSIS.6.0.0'
2024-05-17 03:47:48,406 [WARN] ThirdPartyRefParameterProcessor:173 - Condition 'TZ Secure;(SIiDtzIiTZ&SIiDsecureIiSecure)' has not the same result using Semaphore or Dynamic solver for pack 'ARM.CMSIS.6.0.0''
2024-05-17 03:47:48,406 [WARN] ThirdPartyIpManager:480 - Condition 'ARMv7-A Device' not fulfilled in pack 'ARM.CMSIS-DSP.1.15.0'
2024-05-17 03:47:48,407 [WARN] ThirdPartyIpManager:480 - Condition 'ARMv7-A Device' not fulfilled in pack 'ARM.CMSIS-DSP.1.15.0'
2024-05-17 03:47:48,407 [INFO] CodeGenerator:807 - code generatio: config db path: C:\ST\STM32CubeIDE_1.13.2\STM32CubeIDE\plugins\com.st.stm32cube.common.mx_6.11.0.202403141607\\db\
2024-05-17 03:47:48,971 [INFO] CodeEngine:255 - oldGeneratedFile, E:\Fibo_2_2\Stu\All_code\Robotic_Studio_III_ASRS\ModbusDemo2024\MODBUS2024ALT\MXTmpFiles\license.tmp_save
2024-05-17 03:47:49,379 [INFO] CodeEngine:279 - Generated code: E:\Fibo_2_2\Stu\All_code\Robotic_Studio_III_ASRS\ModbusDemo2024\MODBUS2024ALT\MXTmpFiles\license.tmp
2024-05-17 03:47:49,534 [INFO] CodeEngine:255 - oldGeneratedFile, E:\Fibo_2_2\Stu\All_code\Robotic_Studio_III_ASRS\ModbusDemo2024\MODBUS2024ALT\MXTmpFiles\gpio.tmp_save
2024-05-17 03:47:49,689 [INFO] CodeEngine:279 - Generated code: E:\Fibo_2_2\Stu\All_code\Robotic_Studio_III_ASRS\ModbusDemo2024\MODBUS2024ALT\MXTmpFiles\gpio.tmp
2024-05-17 03:47:52,288 [INFO] CodeEngine:255 - oldGeneratedFile, E:\Fibo_2_2\Stu\All_code\Robotic_Studio_III_ASRS\ModbusDemo2024\MODBUS2024ALT\MXTmpFiles\dma.tmp_save
2024-05-17 03:47:52,396 [INFO] CodeEngine:279 - Generated code: E:\Fibo_2_2\Stu\All_code\Robotic_Studio_III_ASRS\ModbusDemo2024\MODBUS2024ALT\MXTmpFiles\dma.tmp
2024-05-17 03:47:52,401 [INFO] CodeEngine:255 - oldGeneratedFile, E:\Fibo_2_2\Stu\All_code\Robotic_Studio_III_ASRS\ModbusDemo2024\MODBUS2024ALT\MXTmpFiles\dma_GV.tmp_save
2024-05-17 03:47:52,453 [INFO] CodeEngine:279 - Generated code: E:\Fibo_2_2\Stu\All_code\Robotic_Studio_III_ASRS\ModbusDemo2024\MODBUS2024ALT\MXTmpFiles\dma_GV.tmp
2024-05-17 03:47:52,491 [INFO] CodeEngine:255 - oldGeneratedFile, E:\Fibo_2_2\Stu\All_code\Robotic_Studio_III_ASRS\ModbusDemo2024\MODBUS2024ALT\Core\Src\stm32g4xx_it.c_save
2024-05-17 03:47:52,617 [INFO] CodeEngine:279 - Generated code: E:\Fibo_2_2\Stu\All_code\Robotic_Studio_III_ASRS\ModbusDemo2024\MODBUS2024ALT\Core\Src\stm32g4xx_it.c
2024-05-17 03:47:52,623 [INFO] CodeEngine:255 - oldGeneratedFile, E:\Fibo_2_2\Stu\All_code\Robotic_Studio_III_ASRS\ModbusDemo2024\MODBUS2024ALT\Core\Inc\stm32g4xx_it.h_save
2024-05-17 03:47:52,698 [INFO] CodeEngine:279 - Generated code: E:\Fibo_2_2\Stu\All_code\Robotic_Studio_III_ASRS\ModbusDemo2024\MODBUS2024ALT\Core\Inc\stm32g4xx_it.h
2024-05-17 03:47:52,737 [INFO] CodeEngine:255 - oldGeneratedFile, E:\Fibo_2_2\Stu\All_code\Robotic_Studio_III_ASRS\ModbusDemo2024\MODBUS2024ALT\Core\Src\stm32g4xx_hal_msp.c_save
2024-05-17 03:47:52,909 [INFO] CodeEngine:279 - Generated code: E:\Fibo_2_2\Stu\All_code\Robotic_Studio_III_ASRS\ModbusDemo2024\MODBUS2024ALT\Core\Src\stm32g4xx_hal_msp.c
2024-05-17 03:47:52,915 [INFO] CodeEngine:255 - oldGeneratedFile, E:\Fibo_2_2\Stu\All_code\Robotic_Studio_III_ASRS\ModbusDemo2024\MODBUS2024ALT\MXTmpFiles\system.tmp_save
2024-05-17 03:47:52,970 [INFO] CodeEngine:279 - Generated code: E:\Fibo_2_2\Stu\All_code\Robotic_Studio_III_ASRS\ModbusDemo2024\MODBUS2024ALT\MXTmpFiles\system.tmp
2024-05-17 03:47:52,990 [INFO] CodeEngine:311 - oldGeneratedFile, E:\Fibo_2_2\Stu\All_code\Robotic_Studio_III_ASRS\ModbusDemo2024\MODBUS2024ALT\Core\Inc\stm32g4xx_hal_conf.h_save
2024-05-17 03:47:53,082 [INFO] CodeEngine:335 - Generated code: E:\Fibo_2_2\Stu\All_code\Robotic_Studio_III_ASRS\ModbusDemo2024\MODBUS2024ALT\Core\Inc\stm32g4xx_hal_conf.h
2024-05-17 03:47:53,117 [WARN] IPConfigManager:2982 - Warning: the RefConfig RCC_CommonPeriphClockConfig is not available in your config.xml file
2024-05-17 03:47:53,130 [WARN] IPConfigManager:3513 - IP not found : TIM
2024-05-17 03:47:53,131 [WARN] CodeGenerator:3951 - IP not found : null
2024-05-17 03:47:53,146 [INFO] CodeEngine:255 - oldGeneratedFile, E:\Fibo_2_2\Stu\All_code\Robotic_Studio_III_ASRS\ModbusDemo2024\MODBUS2024ALT\Core\Inc\main.h_save
2024-05-17 03:47:53,255 [INFO] CodeEngine:279 - Generated code: E:\Fibo_2_2\Stu\All_code\Robotic_Studio_III_ASRS\ModbusDemo2024\MODBUS2024ALT\Core\Inc\main.h
2024-05-17 03:47:53,267 [INFO] CodeEngine:255 - oldGeneratedFile, E:\Fibo_2_2\Stu\All_code\Robotic_Studio_III_ASRS\ModbusDemo2024\MODBUS2024ALT\Core\Src\main.c_save
2024-05-17 03:47:53,481 [INFO] CodeEngine:279 - Generated code: E:\Fibo_2_2\Stu\All_code\Robotic_Studio_III_ASRS\ModbusDemo2024\MODBUS2024ALT\Core\Src\main.c
2024-05-17 03:47:53,959 [INFO] ProjectBuilder:3163 - Time for Copy HAL[1] : 250mS.
2024-05-17 03:47:53,960 [WARN] ThirdPartyIpManager:480 - Condition 'TrustZone' not fulfilled in pack 'ARM.CMSIS.6.0.0'
2024-05-17 03:47:53,960 [WARN] ThirdPartyRefParameterProcessor:173 - Condition 'TrustZone;(SIiDtzIiTZ)' has not the same result using Semaphore or Dynamic solver for pack 'ARM.CMSIS.6.0.0''
2024-05-17 03:47:53,961 [WARN] ThirdPartyIpManager:480 - Condition 'TZ Secure' not fulfilled in pack 'ARM.CMSIS.6.0.0'
2024-05-17 03:47:53,961 [WARN] ThirdPartyRefParameterProcessor:173 - Condition 'TZ Secure;(SIiDtzIiTZ&SIiDsecureIiSecure)' has not the same result using Semaphore or Dynamic solver for pack 'ARM.CMSIS.6.0.0''
2024-05-17 03:47:53,961 [WARN] ThirdPartyIpManager:480 - Condition 'TZ Secure' not fulfilled in pack 'ARM.CMSIS.6.0.0'
2024-05-17 03:47:53,961 [WARN] ThirdPartyRefParameterProcessor:173 - Condition 'TZ Secure;(SIiDtzIiTZ&SIiDsecureIiSecure)' has not the same result using Semaphore or Dynamic solver for pack 'ARM.CMSIS.6.0.0''
2024-05-17 03:47:53,961 [WARN] ThirdPartyIpManager:480 - Condition 'ARMv7-A Device' not fulfilled in pack 'ARM.CMSIS-DSP.1.15.0'
2024-05-17 03:47:53,962 [WARN] ThirdPartyIpManager:480 - Condition 'ARMv7-A Device' not fulfilled in pack 'ARM.CMSIS-DSP.1.15.0'
2024-05-17 03:47:54,430 [INFO] ProjectBuilder:8898 - Time for Copy ThirdParty[1] : 467mS.
2024-05-17 03:47:55,396 [INFO] ProjectBuilder:8898 - Time for Copy ThirdParty[1] : 965mS.
2024-05-17 03:47:55,405 [INFO] ProjectBuilder:4736 - Project Generator version: 4.3.0-B58
2024-05-17 03:47:55,508 [INFO] ConfigFileManager:1503 - The Die is : DIE469
2024-05-17 03:47:55,512 [INFO] ApiDbMcu:508 - Load IP Config File for FATFS
2024-05-17 03:47:55,517 [INFO] ApiDbMcu:508 - Load IP Config File for FREERTOS
2024-05-17 03:47:55,525 [INFO] ApiDbMcu:508 - Load IP Config File for USBPD
2024-05-17 03:47:55,534 [INFO] ApiDbMcu:508 - Load IP Config File for USB_Device
2024-05-17 03:47:55,962 [INFO] LogOutputStream:77 - [STDOUT_REDIRECT] 
2024-05-17 03:47:57,680 [INFO] ProjectBuilder:5002 - Time for Generating toolchain IDE Files: 2273mS.
2024-05-17 03:47:57,681 [INFO] ProjectBuilder:3034 - Time for Copy CMSIS : 1mS.
2024-05-17 03:47:57,693 [INFO] ProjectBuilder:3034 - Time for Copy CMSIS : 0mS.
2024-05-17 04:15:03,273 [ERROR] LogOutputStream:75 - [STDERR_REDIRECT] 
