2024-06-03 09:59:10,024 [INFO] Activator:176 - 


2024-06-03 09:59:10,030 [INFO] Activator:177 - !SESSION log4j initialized
2024-06-03 09:59:17,044 [INFO] LogOutputStream:77 - [STDOUT_REDIRECT] 
2024-06-03 09:59:19,957 [INFO] ApplicationProperties:184 - Using Application install path: C:\ST\STM32CubeIDE_1.13.2\STM32CubeIDE\plugins\com.st.stm32cube.common.mx_6.11.0.202403141607
2024-06-03 09:59:19,978 [INFO] DbMcusXml:78 - Set database path to: C:\ST\STM32CubeIDE_1.13.2\STM32CubeIDE\plugins\com.st.stm32cube.common.mx_6.11.0.202403141607\\db\/mcu/
2024-06-03 09:59:19,978 [INFO] ApiDb:274 - Set plugin database path to: C:\ST\STM32CubeIDE_1.13.2\STM32CubeIDE\plugins\com.st.stm32cube.common.mx_6.11.0.202403141607\\db\/plugins/boardmanager/
2024-06-03 09:59:19,979 [WARN] ApiDb:259 - Overriding images path with different value:  => C:\ST\STM32CubeIDE_1.13.2\STM32CubeIDE\plugins\com.st.stm32cube.common.mx_6.11.0.202403141607\\db\/plugins/mcufinder/images/
2024-06-03 09:59:19,993 [INFO] ApiDb:250 - Set database path to: C:\Users\Phatt\.stmcufinder\plugins\mcufinder//mcu/
2024-06-03 09:59:19,994 [INFO] DbMcusAds:125 - Set database path to: C:\Users\Phatt\.stmcufinder\plugins\mcufinder//mcu/
2024-06-03 09:59:19,996 [INFO] CrossReferenceDbSqlite:203 - Set database path to: C:\Users\Phatt\.stmcufinder\plugins\mcufinder//mcu/cs/
2024-06-03 09:59:20,146 [INFO] RulesReader:64 - Compatibility file has been processed (297 Rules)
2024-06-03 09:59:20,250 [INFO] DbMcusXml:78 - Set database path to: C:\ST\STM32CubeIDE_1.13.2\STM32CubeIDE\plugins\com.st.stm32cube.common.mx_6.11.0.202403141607\\db\/mcu/
2024-06-03 09:59:20,251 [INFO] ApiDb:274 - Set plugin database path to: C:\ST\STM32CubeIDE_1.13.2\STM32CubeIDE\plugins\com.st.stm32cube.common.mx_6.11.0.202403141607\\db\/plugins/boardmanager/
2024-06-03 09:59:20,251 [INFO] ApiDb:261 - Set plugin images path to: C:\ST\STM32CubeIDE_1.13.2\STM32CubeIDE\plugins\com.st.stm32cube.common.mx_6.11.0.202403141607\\db\/plugins/mcufinder/images/
2024-06-03 09:59:20,251 [WARN] DbFile:41 - Overriding database path with different value: C:\Users\Phatt\.stmcufinder\plugins\mcufinder/ => C:\Users\Phatt\.stmcufinder\plugins\mcufinder
2024-06-03 09:59:20,251 [INFO] ApiDb:250 - Set database path to: C:\Users\Phatt\.stmcufinder\plugins\mcufinder//mcu/
2024-06-03 09:59:20,251 [WARN] DbFile:41 - Overriding database path with different value: C:\Users\Phatt\.stmcufinder\plugins\mcufinder/ => C:\Users\Phatt\.stmcufinder\plugins\mcufinder
2024-06-03 09:59:20,251 [INFO] DbMcusAds:125 - Set database path to: C:\Users\Phatt\.stmcufinder\plugins\mcufinder//mcu/
2024-06-03 09:59:20,252 [WARN] DbFile:41 - Overriding database path with different value: C:\Users\Phatt\.stmcufinder\plugins\mcufinder/ => C:\Users\Phatt\.stmcufinder\plugins\mcufinder
2024-06-03 09:59:20,252 [WARN] DbFile:41 - Overriding database path with different value: C:\Users\Phatt\.stmcufinder\plugins\mcufinder/ => C:\Users\Phatt\.stmcufinder\plugins\mcufinder
2024-06-03 09:59:20,252 [INFO] CrossReferenceDbSqlite:203 - Set database path to: C:\Users\Phatt\.stmcufinder\plugins\mcufinder//mcu/cs/
2024-06-03 09:59:20,395 [INFO] MainPanel:264 - HeapMemory: 268435456
2024-06-03 09:59:20,504 [INFO] DbMcusXml:78 - Set database path to: C:\ST\STM32CubeIDE_1.13.2\STM32CubeIDE\plugins\com.st.stm32cube.common.mx_6.11.0.202403141607\\db\/mcu/
2024-06-03 09:59:20,505 [INFO] ApiDb:274 - Set plugin database path to: C:\ST\STM32CubeIDE_1.13.2\STM32CubeIDE\plugins\com.st.stm32cube.common.mx_6.11.0.202403141607\\db\/plugins/boardmanager/
2024-06-03 09:59:20,505 [INFO] ApiDb:261 - Set plugin images path to: C:\ST\STM32CubeIDE_1.13.2\STM32CubeIDE\plugins\com.st.stm32cube.common.mx_6.11.0.202403141607\\db\/plugins/mcufinder/images/
2024-06-03 09:59:20,505 [WARN] DbFile:41 - Overriding database path with different value: C:\Users\Phatt\.stmcufinder\plugins\mcufinder/ => C:\Users\Phatt\.stmcufinder\plugins\mcufinder
2024-06-03 09:59:20,505 [INFO] ApiDb:250 - Set database path to: C:\Users\Phatt\.stmcufinder\plugins\mcufinder//mcu/
2024-06-03 09:59:20,505 [WARN] DbFile:41 - Overriding database path with different value: C:\Users\Phatt\.stmcufinder\plugins\mcufinder/ => C:\Users\Phatt\.stmcufinder\plugins\mcufinder
2024-06-03 09:59:20,505 [INFO] DbMcusAds:125 - Set database path to: C:\Users\Phatt\.stmcufinder\plugins\mcufinder//mcu/
2024-06-03 09:59:20,505 [WARN] DbFile:41 - Overriding database path with different value: C:\Users\Phatt\.stmcufinder\plugins\mcufinder/ => C:\Users\Phatt\.stmcufinder\plugins\mcufinder
2024-06-03 09:59:20,506 [WARN] DbFile:41 - Overriding database path with different value: C:\Users\Phatt\.stmcufinder\plugins\mcufinder/ => C:\Users\Phatt\.stmcufinder\plugins\mcufinder
2024-06-03 09:59:20,506 [INFO] CrossReferenceDbSqlite:203 - Set database path to: C:\Users\Phatt\.stmcufinder\plugins\mcufinder//mcu/cs/
2024-06-03 09:59:20,523 [INFO] ApplicationProperties:184 - Using Application install path: C:\ST\STM32CubeIDE_1.13.2\STM32CubeIDE\plugins\com.st.stm32cube.common.mx_6.11.0.202403141607
2024-06-03 09:59:20,524 [INFO] PluginManage:196 - Search for loadable plugins [exclusion list=, ]
2024-06-03 09:59:20,526 [INFO] PluginManage:310 - Check plugin analytics
2024-06-03 09:59:20,740 [INFO] AnalyticsPlugin:253 - Accepted Software Licenses: 
2024-06-03 09:59:20,740 [INFO] AnalyticsPlugin:255 - Accepted CMSIS Pack Licenses: ARM.CMSIS-DSP.1.15.0,ARM.CMSIS.6.0.0
2024-06-03 09:59:20,740 [INFO] AnalyticsPlugin:257 - Accepted Firmware Licenses: FW.G4.1.5.0
2024-06-03 09:59:20,744 [INFO] PluginManage:359 - Loaded plugin analytics (category:tool,tabindex:-1)
2024-06-03 09:59:20,744 [INFO] PluginManage:310 - Check plugin cadmodel
2024-06-03 09:59:20,757 [INFO] CADModel:105 - Init CAD model plugin
2024-06-03 09:59:20,757 [INFO] PluginManage:359 - Loaded plugin cadmodel (category:power,tabindex:5)
2024-06-03 09:59:20,757 [INFO] PluginManage:310 - Check plugin clock
2024-06-03 09:59:20,777 [INFO] PluginManage:359 - Loaded plugin clock (category:base,tabindex:2)
2024-06-03 09:59:20,777 [INFO] PluginManage:310 - Check plugin ddr
2024-06-03 09:59:20,780 [INFO] PluginManage:359 - Loaded plugin ddr (category:tool,tabindex:6)
2024-06-03 09:59:20,780 [INFO] PluginManage:310 - Check plugin filemanager
2024-06-03 09:59:21,065 [INFO] PluginManage:359 - Loaded plugin filemanager (category:base,tabindex:10)
2024-06-03 09:59:21,065 [INFO] PluginManage:310 - Check plugin ipmanager
2024-06-03 09:59:21,075 [INFO] PluginManage:359 - Loaded plugin ipmanager (category:base,tabindex:5)
2024-06-03 09:59:21,075 [INFO] PluginManage:310 - Check plugin lpbam
2024-06-03 09:59:21,092 [INFO] PluginManage:359 - Loaded plugin lpbam (category:base,tabindex:0)
2024-06-03 09:59:21,092 [INFO] PluginManage:310 - Check plugin memorymap
2024-06-03 09:59:21,116 [INFO] PluginManage:359 - Loaded plugin memorymap (category:base,tabindex:4)
2024-06-03 09:59:21,116 [INFO] PluginManage:310 - Check plugin pinoutandconfiguration
2024-06-03 09:59:21,134 [INFO] PluginManage:359 - Loaded plugin pinoutandconfiguration (category:base,tabindex:1)
2024-06-03 09:59:21,134 [INFO] PluginManage:310 - Check plugin pinoutconfig
2024-06-03 09:59:21,249 [WARN] SupportedApi:132 - Cannot load RTOS API schema: s4s-elt-must-match.1: The content of 'definitions' must match (annotation?, (simpleType | complexType)?, (unique | key | keyref)*)). A problem was found starting at: attribute.
2024-06-03 09:59:21,399 [INFO] PluginManage:359 - Loaded plugin pinoutconfig (category:base,tabindex:0)
2024-06-03 09:59:21,400 [INFO] PluginManage:310 - Check plugin power
2024-06-03 09:59:21,419 [INFO] PluginManage:359 - Loaded plugin power (category:power,tabindex:4)
2024-06-03 09:59:21,419 [INFO] PluginManage:310 - Check plugin projectmanager
2024-06-03 09:59:21,433 [INFO] PluginManage:359 - Loaded plugin projectmanager (category:projectmanager,tabindex:3)
2024-06-03 09:59:21,433 [INFO] PluginManage:310 - Check plugin thirdparty
2024-06-03 09:59:21,684 [WARN] IntegrityCheckThread:84 - waiting for thirdparty lock release [integrity check]
2024-06-03 09:59:21,685 [INFO] IntegrityCheckThread:86 - entering critical section [integrity check]
2024-06-03 09:59:21,686 [INFO] ThirdPartyUpdaterWithRetryManager:70 - Updater plugin not ready yet. [1/15]
2024-06-03 09:59:21,686 [INFO] PluginManage:359 - Loaded plugin thirdparty (category:base,tabindex:-1)
2024-06-03 09:59:21,686 [INFO] PluginManage:310 - Check plugin tools
2024-06-03 09:59:21,717 [INFO] PluginManage:359 - Loaded plugin tools (category:base,tabindex:7)
2024-06-03 09:59:21,717 [INFO] PluginManage:310 - Check plugin tutovideos
2024-06-03 09:59:21,915 [INFO] PluginManage:359 - Loaded plugin tutovideos (category:base,tabindex:-1)
2024-06-03 09:59:21,915 [INFO] PluginManage:310 - Check plugin updater
2024-06-03 09:59:21,925 [INFO] PluginManage:359 - Loaded plugin updater (category:base,tabindex:12)
2024-06-03 09:59:21,925 [INFO] PluginManage:310 - Check plugin userauth
2024-06-03 09:59:21,931 [INFO] UserAuth:114 - Init User Auth plugin
2024-06-03 09:59:21,931 [INFO] PluginManage:359 - Loaded plugin userauth (category:base,tabindex:14)
2024-06-03 09:59:21,932 [INFO] PluginManage:283 - PluginManage : Loaded plugins [17]
2024-06-03 09:59:22,186 [INFO] PinOutPanel:1561 - setPackage(No Configuration,No Configuration)
2024-06-03 09:59:22,421 [INFO] CADModel:165 - CPN selected for project level
2024-06-03 09:59:22,422 [INFO] CADModel:114 - Register for checkConnection events
2024-06-03 09:59:22,446 [INFO] IPUIPlugin:80 - create IPUIPlugin
2024-06-03 09:59:22,446 [INFO] PluginManager:220 - loadIPPluginJar : add adc
2024-06-03 09:59:22,479 [INFO] IPUIPlugin:80 - create IPUIPlugin
2024-06-03 09:59:22,479 [INFO] PluginManager:220 - loadIPPluginJar : add aes
2024-06-03 09:59:22,552 [INFO] IPUIPlugin:80 - create IPUIPlugin
2024-06-03 09:59:22,552 [INFO] PluginManager:220 - loadIPPluginJar : add can
2024-06-03 09:59:22,600 [INFO] IPUIPlugin:80 - create IPUIPlugin
2024-06-03 09:59:22,600 [INFO] PluginManager:220 - loadIPPluginJar : add comp
2024-06-03 09:59:22,631 [INFO] IPUIPlugin:80 - create IPUIPlugin
2024-06-03 09:59:22,631 [INFO] PluginManager:220 - loadIPPluginJar : add cryp
2024-06-03 09:59:22,657 [INFO] IPUIPlugin:80 - create IPUIPlugin
2024-06-03 09:59:22,657 [INFO] PluginManager:220 - loadIPPluginJar : add dfsdm
2024-06-03 09:59:22,668 [INFO] IPUIPlugin:80 - create IPUIPlugin
2024-06-03 09:59:22,668 [INFO] PluginManager:220 - loadIPPluginJar : add dma
2024-06-03 09:59:22,711 [INFO] IPUIPlugin:80 - create IPUIPlugin
2024-06-03 09:59:22,711 [INFO] PluginManager:220 - loadIPPluginJar : add dma3
2024-06-03 09:59:22,750 [INFO] IPUIPlugin:80 - create IPUIPlugin
2024-06-03 09:59:22,750 [INFO] PluginManager:220 - loadIPPluginJar : add extmemmanager
2024-06-03 09:59:22,766 [INFO] IPUIPlugin:80 - create IPUIPlugin
2024-06-03 09:59:22,766 [INFO] PluginManager:220 - loadIPPluginJar : add fatfs
2024-06-03 09:59:22,806 [INFO] IPUIPlugin:80 - create IPUIPlugin
2024-06-03 09:59:22,806 [INFO] PluginManager:220 - loadIPPluginJar : add fmc
2024-06-03 09:59:22,819 [INFO] IPUIPlugin:80 - create IPUIPlugin
2024-06-03 09:59:22,819 [INFO] PluginManager:220 - loadIPPluginJar : add freertos
2024-06-03 09:59:22,837 [INFO] IPUIPlugin:80 - create IPUIPlugin
2024-06-03 09:59:22,838 [INFO] PluginManager:220 - loadIPPluginJar : add genericplugin
2024-06-03 09:59:22,915 [INFO] IPUIPlugin:80 - create IPUIPlugin
2024-06-03 09:59:22,916 [INFO] PluginManager:220 - loadIPPluginJar : add gfxmmu
2024-06-03 09:59:23,023 [INFO] IPUIPlugin:80 - create IPUIPlugin
2024-06-03 09:59:23,023 [INFO] PluginManager:220 - loadIPPluginJar : add gic
2024-06-03 09:59:23,033 [INFO] IPUIPlugin:80 - create IPUIPlugin
2024-06-03 09:59:23,033 [INFO] PluginManager:220 - loadIPPluginJar : add gpio
2024-06-03 09:59:23,109 [INFO] IPUIPlugin:80 - create IPUIPlugin
2024-06-03 09:59:23,109 [INFO] PluginManager:220 - loadIPPluginJar : add gtzc
2024-06-03 09:59:23,136 [INFO] IPUIPlugin:80 - create IPUIPlugin
2024-06-03 09:59:23,137 [INFO] PluginManager:220 - loadIPPluginJar : add hash
2024-06-03 09:59:23,181 [INFO] IPUIPlugin:80 - create IPUIPlugin
2024-06-03 09:59:23,181 [INFO] PluginManager:220 - loadIPPluginJar : add i2c
2024-06-03 09:59:23,212 [INFO] IPUIPlugin:80 - create IPUIPlugin
2024-06-03 09:59:23,212 [INFO] PluginManager:220 - loadIPPluginJar : add i2s
2024-06-03 09:59:23,247 [INFO] IPUIPlugin:80 - create IPUIPlugin
2024-06-03 09:59:23,247 [INFO] PluginManager:220 - loadIPPluginJar : add i3c
2024-06-03 09:59:23,335 [INFO] IPUIPlugin:80 - create IPUIPlugin
2024-06-03 09:59:23,335 [INFO] PluginManager:220 - loadIPPluginJar : add ipddr
2024-06-03 09:59:23,411 [INFO] IPUIPlugin:80 - create IPUIPlugin
2024-06-03 09:59:23,411 [INFO] PluginManager:220 - loadIPPluginJar : add linkedlist
2024-06-03 09:59:23,440 [INFO] IPUIPlugin:80 - create IPUIPlugin
2024-06-03 09:59:23,440 [INFO] PluginManager:220 - loadIPPluginJar : add lorawan
2024-06-03 09:59:23,472 [INFO] IPUIPlugin:80 - create IPUIPlugin
2024-06-03 09:59:23,472 [INFO] PluginManager:220 - loadIPPluginJar : add ltdc
2024-06-03 09:59:23,484 [INFO] IPUIPlugin:80 - create IPUIPlugin
2024-06-03 09:59:23,484 [INFO] PluginManager:220 - loadIPPluginJar : add mdma
2024-06-03 09:59:23,494 [INFO] IPUIPlugin:80 - create IPUIPlugin
2024-06-03 09:59:23,494 [INFO] PluginManager:220 - loadIPPluginJar : add nvic
2024-06-03 09:59:23,526 [INFO] IPUIPlugin:80 - create IPUIPlugin
2024-06-03 09:59:23,526 [INFO] PluginManager:220 - loadIPPluginJar : add opamp
2024-06-03 09:59:23,577 [INFO] IPUIPlugin:80 - create IPUIPlugin
2024-06-03 09:59:23,577 [INFO] PluginManager:220 - loadIPPluginJar : add openamp
2024-06-03 09:59:23,642 [INFO] IPUIPlugin:80 - create IPUIPlugin
2024-06-03 09:59:23,643 [INFO] PluginManager:220 - loadIPPluginJar : add pdm2pcm
2024-06-03 09:59:23,655 [INFO] IPUIPlugin:80 - create IPUIPlugin
2024-06-03 09:59:23,657 [INFO] PluginManager:220 - loadIPPluginJar : add plateformsettings
2024-06-03 09:59:23,675 [INFO] IPUIPlugin:80 - create IPUIPlugin
2024-06-03 09:59:23,675 [INFO] PluginManager:220 - loadIPPluginJar : add quadspi
2024-06-03 09:59:23,685 [INFO] IPUIPlugin:80 - create IPUIPlugin
2024-06-03 09:59:23,685 [INFO] PluginManager:220 - loadIPPluginJar : add resmgrutility
2024-06-03 09:59:23,726 [INFO] IPUIPlugin:80 - create IPUIPlugin
2024-06-03 09:59:23,726 [INFO] PluginManager:220 - loadIPPluginJar : add sai
2024-06-03 09:59:23,756 [INFO] IPUIPlugin:80 - create IPUIPlugin
2024-06-03 09:59:23,757 [INFO] PluginManager:220 - loadIPPluginJar : add spi
2024-06-03 09:59:23,817 [INFO] IPUIPlugin:80 - create IPUIPlugin
2024-06-03 09:59:23,817 [INFO] PluginManager:220 - loadIPPluginJar : add stm32_wpan
2024-06-03 09:59:23,837 [INFO] IPUIPlugin:80 - create IPUIPlugin
2024-06-03 09:59:23,838 [INFO] PluginManager:220 - loadIPPluginJar : add tim
2024-06-03 09:59:23,888 [INFO] IPUIPlugin:80 - create IPUIPlugin
2024-06-03 09:59:23,888 [INFO] PluginManager:220 - loadIPPluginJar : add touchsensing
2024-06-03 09:59:23,908 [INFO] IPUIPlugin:80 - create IPUIPlugin
2024-06-03 09:59:23,908 [INFO] PluginManager:220 - loadIPPluginJar : add tracer_emb
2024-06-03 09:59:23,927 [INFO] IPUIPlugin:80 - create IPUIPlugin
2024-06-03 09:59:23,927 [INFO] PluginManager:220 - loadIPPluginJar : add ts
2024-06-03 09:59:23,946 [INFO] IPUIPlugin:80 - create IPUIPlugin
2024-06-03 09:59:23,946 [INFO] PluginManager:220 - loadIPPluginJar : add tsc
2024-06-03 09:59:23,964 [INFO] IPUIPlugin:80 - create IPUIPlugin
2024-06-03 09:59:23,964 [INFO] PluginManager:220 - loadIPPluginJar : add ucpd
2024-06-03 09:59:24,000 [INFO] IPUIPlugin:80 - create IPUIPlugin
2024-06-03 09:59:24,000 [INFO] PluginManager:220 - loadIPPluginJar : add usart
2024-06-03 09:59:24,037 [INFO] IPUIPlugin:80 - create IPUIPlugin
2024-06-03 09:59:24,037 [INFO] PluginManager:220 - loadIPPluginJar : add usbx
2024-06-03 09:59:24,166 [INFO] CADModel:165 - CPN selected for project level
2024-06-03 09:59:24,166 [INFO] CADModel:114 - Register for checkConnection events
2024-06-03 09:59:24,166 [FATAL] Updater:308 - Updater called before beeing initialized
2024-06-03 09:59:24,166 [ERROR] CADModel:125 - Updater not yet initialized, retry later 
2024-06-03 09:59:24,341 [INFO] CADModel:165 - CPN selected for project level
2024-06-03 09:59:24,341 [INFO] CADModel:114 - Register for checkConnection events
2024-06-03 09:59:24,341 [FATAL] Updater:308 - Updater called before beeing initialized
2024-06-03 09:59:24,341 [ERROR] CADModel:125 - Updater not yet initialized, retry later 
2024-06-03 09:59:24,344 [FATAL] Updater:308 - Updater called before beeing initialized
2024-06-03 09:59:24,446 [FATAL] Updater:308 - Updater called before beeing initialized
2024-06-03 09:59:24,455 [INFO] DbMcusAds:53 - JSON generation date=Thu May 16 16:22:01 ICT 2024 (1715851321456)
2024-06-03 09:59:24,455 [FATAL] Updater:308 - Updater called before beeing initialized
2024-06-03 09:59:24,498 [WARN] DetailPanel:346 - Failed to get advertising image, set to default
2024-06-03 09:59:24,654 [FATAL] Updater:308 - Updater called before beeing initialized
2024-06-03 09:59:24,656 [FATAL] Updater:308 - Updater called before beeing initialized
2024-06-03 09:59:24,656 [FATAL] Updater:308 - Updater called before beeing initialized
2024-06-03 09:59:24,656 [WARN] DetailPanel:346 - Failed to get advertising image, set to default
2024-06-03 09:59:24,657 [FATAL] Updater:308 - Updater called before beeing initialized
2024-06-03 09:59:24,686 [INFO] ThirdPartyUpdaterWithRetryManager:70 - Updater plugin not ready yet. [2/15]
2024-06-03 09:59:24,719 [ERROR] Updater:1120 - MainUpdater not yet initialized. External WinMGr cannot be set.
2024-06-03 09:59:24,768 [INFO] Updater:1056 - Updater Version found : 6.11.0
2024-06-03 09:59:24,784 [INFO] ApplicationProperties:184 - Using Application install path: C:\ST\STM32CubeIDE_1.13.2\STM32CubeIDE\plugins\com.st.stm32cube.common.mx_6.11.0.202403141607
2024-06-03 09:59:26,389 [ERROR] LogOutputStream:75 - [STDERR_REDIRECT] Jun 03, 2024 9:59:26 AM java.util.prefs.WindowsPreferences <init>
2024-06-03 09:59:26,390 [ERROR] LogOutputStream:75 - [STDERR_REDIRECT] WARNING: Could not open/create prefs root node Software\JavaSoft\Prefs at root 0xffffffff80000002. Windows RegCreateKeyEx(...) returned error code 5.
2024-06-03 09:59:26,390 [ERROR] LogOutputStream:75 - [STDERR_REDIRECT] 
2024-06-03 09:59:26,680 [INFO] MainUpdater:2873 - connection check result : 22
2024-06-03 09:59:26,680 [INFO] MainUpdater:290 - Updater Check For Update Now.
2024-06-03 09:59:26,680 [INFO] MicroXplorer:498 - Change Database Version : DB.6.0.110
2024-06-03 09:59:26,698 [INFO] McuFinderGlobals:63 - Set McuFinder mode to 2 (CubeIDE integrated)
2024-06-03 09:59:26,698 [INFO] UserAuth:179 - activating auth plugin
2024-06-03 09:59:26,701 [INFO] UserAuth:415 - Internet connection configuration mode: 2
2024-06-03 09:59:26,722 [INFO] UserAuth:415 - Internet connection configuration mode: 2
2024-06-03 09:59:26,878 [INFO] CheckServerUpdateThread:120 - End of CheckServer Thread
2024-06-03 09:59:27,984 [WARN] PackLoader:240 - Cannot read IP mode file for STMicroelectronics.FP-SNS-MOTENVWB1.1.4.0
2024-06-03 09:59:28,005 [WARN] PackLoader:240 - Cannot read IP mode file for STMicroelectronics.X-CUBE-SMBUS.2.1.0
2024-06-03 09:59:28,015 [WARN] PackLoader:240 - Cannot read IP mode file for STMicroelectronics.X-CUBE-TOUCHGFX.4.23.0
2024-06-03 09:59:28,024 [WARN] PackLoader:240 - Cannot read IP mode file for STMicroelectronics.X-CUBE-TOUCHGFX.4.23.2
2024-06-03 09:59:28,064 [WARN] PackLoader:240 - Cannot read IP mode file for STMicroelectronics.X-CUBE-AZRTOS-F7.1.1.0
2024-06-03 09:59:28,080 [WARN] PackLoader:240 - Cannot read IP mode file for STMicroelectronics.FP-SNS-MOTENV1.4.3.2
2024-06-03 09:59:28,093 [WARN] PackLoader:240 - Cannot read IP mode file for STMicroelectronics.FP-SNS-FLIGHT1.5.0.2
2024-06-03 09:59:28,110 [WARN] PackLoader:240 - Cannot read IP mode file for STMicroelectronics.X-CUBE-DISPLAY.3.0.0
2024-06-03 09:59:28,132 [WARN] PackLoader:240 - Cannot read IP mode file for STMicroelectronics.X-CUBE-BLE1.7.0.0
2024-06-03 09:59:28,143 [WARN] PackLoader:240 - Cannot read IP mode file for emotas.I-CUBE-CANOPEN.1.3.0
2024-06-03 09:59:28,153 [WARN] PackLoader:240 - Cannot read IP mode file for STMicroelectronics.X-CUBE-TOUCHGFX.4.22.1
2024-06-03 09:59:28,168 [WARN] PackLoader:240 - Cannot read IP mode file for STMicroelectronics.X-CUBE-BLEMGR.3.1.0
2024-06-03 09:59:28,180 [WARN] PackLoader:240 - Cannot read IP mode file for STMicroelectronics.FP-SNS-SMARTAG2.1.2.0
2024-06-03 09:59:28,237 [INFO] LogOutputStream:77 - [STDOUT_REDIRECT] 1 : Invalid condition id : UX_CORESTACK_Condition cause : null
2024-06-03 09:59:28,238 [INFO] LogOutputStream:77 - [STDOUT_REDIRECT] 1 : Invalid condition id : UX_CORESTACK_Condition cause : null
2024-06-03 09:59:28,239 [INFO] LogOutputStream:77 - [STDOUT_REDIRECT] 1 : Invalid condition id : UX_CORESTACK_Condition cause : null
2024-06-03 09:59:28,241 [INFO] LogOutputStream:77 - [STDOUT_REDIRECT] 1 : Invalid condition id : UX_CORESTACK_Condition cause : null
2024-06-03 09:59:28,242 [INFO] LogOutputStream:77 - [STDOUT_REDIRECT] 1 : Invalid condition id : UX_CORESTACK_Condition cause : null
2024-06-03 09:59:28,245 [WARN] PackLoader:240 - Cannot read IP mode file for STMicroelectronics.X-CUBE-AZRTOS-WL.2.0.0
2024-06-03 09:59:28,255 [WARN] PackLoader:240 - Cannot read IP mode file for STMicroelectronics.FP-SNS-MOTENV1.5.0.0
2024-06-03 09:59:28,268 [WARN] PackLoader:240 - Cannot read IP mode file for WES.I-CUBE-Cesium.1.3.0
2024-06-03 09:59:28,279 [WARN] PackLoader:240 - Cannot read IP mode file for STMicroelectronics.X-CUBE-BLE2.3.3.0
2024-06-03 09:59:28,294 [WARN] PackLoader:240 - Cannot read IP mode file for STMicroelectronics.X-CUBE-TCPP.4.1.0
2024-06-03 09:59:28,307 [WARN] PackLoader:240 - Cannot read IP mode file for STMicroelectronics.X-CUBE-ALGOBUILD.1.3.0
2024-06-03 09:59:28,333 [WARN] PackLoader:240 - Cannot read IP mode file for STMicroelectronics.X-CUBE-AZRTOS-G0.1.1.0
2024-06-03 09:59:28,346 [WARN] PackLoader:240 - Cannot read IP mode file for STMicroelectronics.X-CUBE-SAFEA1.1.2.2
2024-06-03 09:59:28,358 [WARN] PackLoader:240 - Cannot read IP mode file for STMicroelectronics.X-CUBE-NFC4.3.0.0
2024-06-03 09:59:28,373 [WARN] PackLoader:240 - Cannot read IP mode file for STMicroelectronics.X-CUBE-BLEMGR.3.0.0
2024-06-03 09:59:28,385 [WARN] PackLoader:240 - Cannot read IP mode file for wolfSSL.I-CUBE-wolfSSL.5.7.0
2024-06-03 09:59:28,396 [WARN] PackLoader:240 - Cannot read IP mode file for STMicroelectronics.FP-ATR-SIGFOX1.3.2.0
2024-06-03 09:59:28,408 [WARN] PackLoader:240 - Cannot read IP mode file for STMicroelectronics.X-CUBE-EEPRMA1.5.1.0
2024-06-03 09:59:28,422 [WARN] PackLoader:240 - Cannot read IP mode file for ITTIA_DB.I-CUBE-ITTIADB.8.9.0
2024-06-03 09:59:28,452 [WARN] PackLoader:240 - Cannot read IP mode file for SEGGER.I-CUBE-embOS.1.3.1
2024-06-03 09:59:28,488 [WARN] PackLoader:240 - Cannot read IP mode file for STMicroelectronics.X-CUBE-ALGOBUILD.1.4.0
2024-06-03 09:59:28,501 [WARN] PackLoader:240 - Cannot read IP mode file for STMicroelectronics.X-CUBE-GNSS1.6.0.0
2024-06-03 09:59:28,524 [WARN] PackLoader:240 - Cannot read IP mode file for STMicroelectronics.X-CUBE-AZRTOS-F4.1.1.0
2024-06-03 09:59:28,536 [WARN] PackLoader:240 - Cannot read IP mode file for wolfSSL.I-CUBE-wolfSSL.5.6.3
2024-06-03 09:59:28,547 [WARN] PackLoader:240 - Cannot read IP mode file for STMicroelectronics.X-CUBE-FREERTOS.1.2.0
2024-06-03 09:59:28,570 [WARN] PackLoader:240 - Cannot read IP mode file for STMicroelectronics.X-CUBE-AZRTOS-L5.2.0.0
2024-06-03 09:59:28,586 [WARN] PackLoader:240 - Cannot read IP mode file for STMicroelectronics.X-CUBE-EEPRMA1.4.2.0
2024-06-03 09:59:28,599 [WARN] PackLoader:240 - Cannot read IP mode file for STMicroelectronics.X-CUBE-NFC6.3.1.0
2024-06-03 09:59:28,611 [WARN] PackLoader:240 - Cannot read IP mode file for ITTIA_DB.I-CUBE-ITTIADB.8.8.0
2024-06-03 09:59:28,684 [WARN] PackLoader:240 - Cannot read IP mode file for STMicroelectronics.X-CUBE-BLEMGR.2.0.0
2024-06-03 09:59:28,697 [WARN] PackLoader:240 - Cannot read IP mode file for STMicroelectronics.X-CUBE-AI.9.0.0
2024-06-03 09:59:28,719 [WARN] ConditionMgr:438 - getConditionDescription Invalid condition id : UX DEVICE CLASS RTOS Condition cause : null
2024-06-03 09:59:28,719 [WARN] ConditionMgr:438 - getConditionDescription Invalid condition id : UX DEVICE CLASS RTOS Condition cause : null
2024-06-03 09:59:28,721 [WARN] PackLoader:240 - Cannot read IP mode file for STMicroelectronics.X-CUBE-AZRTOS-H7.3.1.0
2024-06-03 09:59:28,722 [WARN] ConditionMgr:1039 - genDependencies : Invalid condition id : UX DEVICE CLASS RTOS Condition cause : null
2024-06-03 09:59:28,722 [WARN] ConditionMgr:1039 - genDependencies : Invalid condition id : UX DEVICE CLASS RTOS Condition cause : null
2024-06-03 09:59:28,723 [WARN] ConditionMgr:1039 - genDependencies : Invalid condition id : UX DEVICE CLASS RTOS Condition cause : null
2024-06-03 09:59:28,723 [WARN] ConditionMgr:1039 - genDependencies : Invalid condition id : UX DEVICE CLASS RTOS Condition cause : null
2024-06-03 09:59:28,723 [WARN] ConditionMgr:1039 - genDependencies : Invalid condition id : UX DEVICE CLASS RTOS Condition cause : null
2024-06-03 09:59:28,735 [WARN] PackLoader:240 - Cannot read IP mode file for STMicroelectronics.X-CUBE-NFC7.1.0.1
2024-06-03 09:59:28,747 [WARN] PackLoader:240 - Cannot read IP mode file for STMicroelectronics.X-CUBE-NFC6.3.0.0
2024-06-03 09:59:28,759 [WARN] PackLoader:240 - Cannot read IP mode file for STMicroelectronics.X-CUBE-EEPRMA1.4.1.0
2024-06-03 09:59:28,769 [WARN] PackLoader:240 - Cannot read IP mode file for STMicroelectronics.X-CUBE-AI.8.1.0
2024-06-03 09:59:28,792 [WARN] ConditionMgr:438 - getConditionDescription Invalid condition id : LAN8742 Phy interface Condition cause : null
2024-06-03 09:59:28,793 [WARN] PackLoader:240 - Cannot read IP mode file for STMicroelectronics.X-CUBE-AZRTOS-L4.2.0.0
2024-06-03 09:59:28,793 [WARN] ConditionMgr:1039 - genDependencies : Invalid condition id : LAN8742 Phy interface Condition cause : null
2024-06-03 09:59:28,794 [WARN] ConditionMgr:1039 - genDependencies : Invalid condition id : LAN8742 Phy interface Condition cause : null
2024-06-03 09:59:28,794 [WARN] ConditionMgr:1039 - genDependencies : Invalid condition id : LAN8742 Phy interface Condition cause : null
2024-06-03 09:59:28,847 [WARN] PackLoader:240 - Cannot read IP mode file for STMicroelectronics.X-CUBE-SFXS2LP1.4.0.0
2024-06-03 09:59:28,859 [WARN] PackLoader:240 - Cannot read IP mode file for STMicroelectronics.X-CUBE-ISPU.1.1.0
2024-06-03 09:59:28,879 [WARN] ConditionMgr:438 - getConditionDescription Invalid condition id : UX DEVICE CLASS RTOS Condition cause : null
2024-06-03 09:59:28,880 [WARN] ConditionMgr:438 - getConditionDescription Invalid condition id : UX DEVICE CLASS RTOS Condition cause : null
2024-06-03 09:59:28,881 [WARN] PackLoader:240 - Cannot read IP mode file for STMicroelectronics.X-CUBE-AZRTOS-WB.2.0.0
2024-06-03 09:59:28,881 [WARN] ConditionMgr:1039 - genDependencies : Invalid condition id : UX DEVICE CLASS RTOS Condition cause : null
2024-06-03 09:59:28,881 [WARN] ConditionMgr:1039 - genDependencies : Invalid condition id : UX DEVICE CLASS RTOS Condition cause : null
2024-06-03 09:59:28,882 [WARN] ConditionMgr:1039 - genDependencies : Invalid condition id : UX DEVICE CLASS RTOS Condition cause : null
2024-06-03 09:59:28,882 [WARN] ConditionMgr:1039 - genDependencies : Invalid condition id : UX DEVICE CLASS RTOS Condition cause : null
2024-06-03 09:59:28,882 [WARN] ConditionMgr:1039 - genDependencies : Invalid condition id : UX DEVICE CLASS RTOS Condition cause : null
2024-06-03 09:59:28,898 [WARN] PackLoader:240 - Cannot read IP mode file for STMicroelectronics.X-CUBE-SUBG2.5.0.0
2024-06-03 09:59:28,910 [WARN] PackLoader:240 - Cannot read IP mode file for Cesanta.I-CUBE-Mongoose.7.13.0
2024-06-03 09:59:28,926 [WARN] PackLoader:240 - Cannot read IP mode file for STMicroelectronics.X-CUBE-TOF1.3.3.1
2024-06-03 09:59:28,953 [WARN] PackLoader:240 - Cannot read IP mode file for STMicroelectronics.X-CUBE-AZRTOS-G4.2.0.0
2024-06-03 09:59:28,976 [WARN] PackLoader:240 - Cannot read IP mode file for Infineon.AIROC-Wi-Fi-Bluetooth-STM32.1.5.1
2024-06-03 09:59:28,988 [WARN] PackLoader:240 - Cannot read IP mode file for STMicroelectronics.FP-SNS-MOTENVWB1.1.3.0
2024-06-03 09:59:28,998 [WARN] PackLoader:240 - Cannot read IP mode file for STMicroelectronics.FP-SNS-MOTENVWB1.1.3.1
2024-06-03 09:59:29,011 [WARN] PackLoader:240 - Cannot read IP mode file for STMicroelectronics.X-CUBE-ISPU.2.0.0
2024-06-03 09:59:29,177 [WARN] PackLoader:240 - Cannot read IP mode file for STMicroelectronics.X-CUBE-ALS.1.0.2
2024-06-03 09:59:29,423 [WARN] PackLoader:240 - Cannot read IP mode file for STMicroelectronics.X-CUBE-MEMS1.10.0.0
2024-06-03 09:59:29,519 [WARN] PackLoader:240 - Cannot read IP mode file for STMicroelectronics.X-CUBE-FREERTOS.1.1.0
2024-06-03 09:59:29,541 [WARN] PackLoader:240 - Cannot read IP mode file for portGmbH.I-Cube-SoM-uGOAL.1.1.0
2024-06-03 09:59:29,550 [WARN] PackLoader:240 - Cannot read IP mode file for STMicroelectronics.X-CUBE-ALS.1.0.1
2024-06-03 09:59:29,578 [WARN] PackLoader:240 - Cannot read IP mode file for STMicroelectronics.X-CUBE-AZRTOS-H7RS.1.0.0
2024-06-03 09:59:29,591 [WARN] PackLoader:240 - Cannot read IP mode file for STMicroelectronics.FP-ATR-ASTRA1.2.0.0
2024-06-03 09:59:29,615 [WARN] PackLoader:240 - Cannot read IP mode file for STMicroelectronics.X-CUBE-TOF1.3.4.0
2024-06-03 09:59:29,646 [WARN] PackLoader:240 - Cannot read IP mode file for STMicroelectronics.X-CUBE-TOF1.3.4.1
2024-06-03 09:59:29,680 [WARN] PackLoader:240 - Cannot read IP mode file for STMicroelectronics.X-CUBE-AZRTOS-H7.3.2.0
2024-06-03 09:59:29,700 [WARN] PackLoader:240 - Cannot read IP mode file for Infineon.AIROC-Wi-Fi-Bluetooth-STM32.1.6.0
2024-06-03 09:59:29,702 [INFO] ThirdParty:978 - Integrity check success = true
2024-06-03 09:59:29,702 [INFO] IntegrityCheckThread:100 - exiting critical section [integrity check]
2024-06-03 09:59:29,702 [INFO] IntegrityCheckThread:103 - End integrity checks thread
2024-06-03 11:56:12,801 [ERROR] LogOutputStream:75 - [STDERR_REDIRECT] 
