2024-06-01 00:26:46,521 [ERROR] LogOutputStream:75 - [STDERR_REDIRECT] 
2024-06-01 08:12:11,897 [INFO] Activator:176 - 


2024-06-01 08:12:11,902 [INFO] Activator:177 - !SESSION log4j initialized
2024-06-01 08:12:19,200 [INFO] LogOutputStream:77 - [STDOUT_REDIRECT] 
2024-06-01 08:12:20,993 [INFO] ApplicationProperties:184 - Using Application install path: C:\ST\STM32CubeIDE_1.13.2\STM32CubeIDE\plugins\com.st.stm32cube.common.mx_6.11.0.202403141607
2024-06-01 08:12:21,018 [INFO] DbMcusXml:78 - Set database path to: C:\ST\STM32CubeIDE_1.13.2\STM32CubeIDE\plugins\com.st.stm32cube.common.mx_6.11.0.202403141607\\db\/mcu/
2024-06-01 08:12:21,018 [INFO] ApiDb:274 - Set plugin database path to: C:\ST\STM32CubeIDE_1.13.2\STM32CubeIDE\plugins\com.st.stm32cube.common.mx_6.11.0.202403141607\\db\/plugins/boardmanager/
2024-06-01 08:12:21,019 [WARN] ApiDb:259 - Overriding images path with different value:  => C:\ST\STM32CubeIDE_1.13.2\STM32CubeIDE\plugins\com.st.stm32cube.common.mx_6.11.0.202403141607\\db\/plugins/mcufinder/images/
2024-06-01 08:12:21,031 [INFO] ApiDb:250 - Set database path to: C:\Users\Phatt\.stmcufinder\plugins\mcufinder//mcu/
2024-06-01 08:12:21,032 [INFO] DbMcusAds:125 - Set database path to: C:\Users\Phatt\.stmcufinder\plugins\mcufinder//mcu/
2024-06-01 08:12:21,036 [INFO] CrossReferenceDbSqlite:203 - Set database path to: C:\Users\Phatt\.stmcufinder\plugins\mcufinder//mcu/cs/
2024-06-01 08:12:21,178 [INFO] RulesReader:64 - Compatibility file has been processed (297 Rules)
2024-06-01 08:12:21,283 [INFO] DbMcusXml:78 - Set database path to: C:\ST\STM32CubeIDE_1.13.2\STM32CubeIDE\plugins\com.st.stm32cube.common.mx_6.11.0.202403141607\\db\/mcu/
2024-06-01 08:12:21,283 [INFO] ApiDb:274 - Set plugin database path to: C:\ST\STM32CubeIDE_1.13.2\STM32CubeIDE\plugins\com.st.stm32cube.common.mx_6.11.0.202403141607\\db\/plugins/boardmanager/
2024-06-01 08:12:21,284 [INFO] ApiDb:261 - Set plugin images path to: C:\ST\STM32CubeIDE_1.13.2\STM32CubeIDE\plugins\com.st.stm32cube.common.mx_6.11.0.202403141607\\db\/plugins/mcufinder/images/
2024-06-01 08:12:21,284 [WARN] DbFile:41 - Overriding database path with different value: C:\Users\Phatt\.stmcufinder\plugins\mcufinder/ => C:\Users\Phatt\.stmcufinder\plugins\mcufinder
2024-06-01 08:12:21,284 [INFO] ApiDb:250 - Set database path to: C:\Users\Phatt\.stmcufinder\plugins\mcufinder//mcu/
2024-06-01 08:12:21,284 [WARN] DbFile:41 - Overriding database path with different value: C:\Users\Phatt\.stmcufinder\plugins\mcufinder/ => C:\Users\Phatt\.stmcufinder\plugins\mcufinder
2024-06-01 08:12:21,284 [INFO] DbMcusAds:125 - Set database path to: C:\Users\Phatt\.stmcufinder\plugins\mcufinder//mcu/
2024-06-01 08:12:21,284 [WARN] DbFile:41 - Overriding database path with different value: C:\Users\Phatt\.stmcufinder\plugins\mcufinder/ => C:\Users\Phatt\.stmcufinder\plugins\mcufinder
2024-06-01 08:12:21,284 [WARN] DbFile:41 - Overriding database path with different value: C:\Users\Phatt\.stmcufinder\plugins\mcufinder/ => C:\Users\Phatt\.stmcufinder\plugins\mcufinder
2024-06-01 08:12:21,284 [INFO] CrossReferenceDbSqlite:203 - Set database path to: C:\Users\Phatt\.stmcufinder\plugins\mcufinder//mcu/cs/
2024-06-01 08:12:21,377 [INFO] MainPanel:264 - HeapMemory: 268435456
2024-06-01 08:12:21,484 [INFO] DbMcusXml:78 - Set database path to: C:\ST\STM32CubeIDE_1.13.2\STM32CubeIDE\plugins\com.st.stm32cube.common.mx_6.11.0.202403141607\\db\/mcu/
2024-06-01 08:12:21,484 [INFO] ApiDb:274 - Set plugin database path to: C:\ST\STM32CubeIDE_1.13.2\STM32CubeIDE\plugins\com.st.stm32cube.common.mx_6.11.0.202403141607\\db\/plugins/boardmanager/
2024-06-01 08:12:21,484 [INFO] ApiDb:261 - Set plugin images path to: C:\ST\STM32CubeIDE_1.13.2\STM32CubeIDE\plugins\com.st.stm32cube.common.mx_6.11.0.202403141607\\db\/plugins/mcufinder/images/
2024-06-01 08:12:21,484 [WARN] DbFile:41 - Overriding database path with different value: C:\Users\Phatt\.stmcufinder\plugins\mcufinder/ => C:\Users\Phatt\.stmcufinder\plugins\mcufinder
2024-06-01 08:12:21,484 [INFO] ApiDb:250 - Set database path to: C:\Users\Phatt\.stmcufinder\plugins\mcufinder//mcu/
2024-06-01 08:12:21,484 [WARN] DbFile:41 - Overriding database path with different value: C:\Users\Phatt\.stmcufinder\plugins\mcufinder/ => C:\Users\Phatt\.stmcufinder\plugins\mcufinder
2024-06-01 08:12:21,484 [INFO] DbMcusAds:125 - Set database path to: C:\Users\Phatt\.stmcufinder\plugins\mcufinder//mcu/
2024-06-01 08:12:21,485 [WARN] DbFile:41 - Overriding database path with different value: C:\Users\Phatt\.stmcufinder\plugins\mcufinder/ => C:\Users\Phatt\.stmcufinder\plugins\mcufinder
2024-06-01 08:12:21,485 [WARN] DbFile:41 - Overriding database path with different value: C:\Users\Phatt\.stmcufinder\plugins\mcufinder/ => C:\Users\Phatt\.stmcufinder\plugins\mcufinder
2024-06-01 08:12:21,485 [INFO] CrossReferenceDbSqlite:203 - Set database path to: C:\Users\Phatt\.stmcufinder\plugins\mcufinder//mcu/cs/
2024-06-01 08:12:21,502 [INFO] ApplicationProperties:184 - Using Application install path: C:\ST\STM32CubeIDE_1.13.2\STM32CubeIDE\plugins\com.st.stm32cube.common.mx_6.11.0.202403141607
2024-06-01 08:12:21,503 [INFO] PluginManage:196 - Search for loadable plugins [exclusion list=, ]
2024-06-01 08:12:21,505 [INFO] PluginManage:310 - Check plugin analytics
2024-06-01 08:12:21,705 [INFO] AnalyticsPlugin:253 - Accepted Software Licenses: 
2024-06-01 08:12:21,705 [INFO] AnalyticsPlugin:255 - Accepted CMSIS Pack Licenses: ARM.CMSIS-DSP.1.15.0,ARM.CMSIS.6.0.0
2024-06-01 08:12:21,706 [INFO] AnalyticsPlugin:257 - Accepted Firmware Licenses: FW.G4.1.5.0
2024-06-01 08:12:21,710 [INFO] PluginManage:359 - Loaded plugin analytics (category:tool,tabindex:-1)
2024-06-01 08:12:21,710 [INFO] PluginManage:310 - Check plugin cadmodel
2024-06-01 08:12:21,730 [INFO] CADModel:105 - Init CAD model plugin
2024-06-01 08:12:21,730 [INFO] PluginManage:359 - Loaded plugin cadmodel (category:power,tabindex:5)
2024-06-01 08:12:21,730 [INFO] PluginManage:310 - Check plugin clock
2024-06-01 08:12:21,754 [INFO] PluginManage:359 - Loaded plugin clock (category:base,tabindex:2)
2024-06-01 08:12:21,754 [INFO] PluginManage:310 - Check plugin ddr
2024-06-01 08:12:21,756 [INFO] PluginManage:359 - Loaded plugin ddr (category:tool,tabindex:6)
2024-06-01 08:12:21,757 [INFO] PluginManage:310 - Check plugin filemanager
2024-06-01 08:12:21,924 [INFO] PluginManage:359 - Loaded plugin filemanager (category:base,tabindex:10)
2024-06-01 08:12:21,924 [INFO] PluginManage:310 - Check plugin ipmanager
2024-06-01 08:12:21,931 [INFO] PluginManage:359 - Loaded plugin ipmanager (category:base,tabindex:5)
2024-06-01 08:12:21,931 [INFO] PluginManage:310 - Check plugin lpbam
2024-06-01 08:12:21,948 [INFO] PluginManage:359 - Loaded plugin lpbam (category:base,tabindex:0)
2024-06-01 08:12:21,948 [INFO] PluginManage:310 - Check plugin memorymap
2024-06-01 08:12:21,971 [INFO] PluginManage:359 - Loaded plugin memorymap (category:base,tabindex:4)
2024-06-01 08:12:21,971 [INFO] PluginManage:310 - Check plugin pinoutandconfiguration
2024-06-01 08:12:21,987 [INFO] PluginManage:359 - Loaded plugin pinoutandconfiguration (category:base,tabindex:1)
2024-06-01 08:12:21,987 [INFO] PluginManage:310 - Check plugin pinoutconfig
2024-06-01 08:12:22,084 [WARN] SupportedApi:132 - Cannot load RTOS API schema: s4s-elt-must-match.1: The content of 'definitions' must match (annotation?, (simpleType | complexType)?, (unique | key | keyref)*)). A problem was found starting at: attribute.
2024-06-01 08:12:22,223 [INFO] PluginManage:359 - Loaded plugin pinoutconfig (category:base,tabindex:0)
2024-06-01 08:12:22,223 [INFO] PluginManage:310 - Check plugin power
2024-06-01 08:12:22,241 [INFO] PluginManage:359 - Loaded plugin power (category:power,tabindex:4)
2024-06-01 08:12:22,241 [INFO] PluginManage:310 - Check plugin projectmanager
2024-06-01 08:12:22,256 [INFO] PluginManage:359 - Loaded plugin projectmanager (category:projectmanager,tabindex:3)
2024-06-01 08:12:22,256 [INFO] PluginManage:310 - Check plugin thirdparty
2024-06-01 08:12:22,551 [WARN] IntegrityCheckThread:84 - waiting for thirdparty lock release [integrity check]
2024-06-01 08:12:22,551 [INFO] IntegrityCheckThread:86 - entering critical section [integrity check]
2024-06-01 08:12:22,552 [INFO] PluginManage:359 - Loaded plugin thirdparty (category:base,tabindex:-1)
2024-06-01 08:12:22,552 [INFO] PluginManage:310 - Check plugin tools
2024-06-01 08:12:22,552 [INFO] ThirdPartyUpdaterWithRetryManager:70 - Updater plugin not ready yet. [1/15]
2024-06-01 08:12:22,583 [INFO] PluginManage:359 - Loaded plugin tools (category:base,tabindex:7)
2024-06-01 08:12:22,583 [INFO] PluginManage:310 - Check plugin tutovideos
2024-06-01 08:12:22,784 [INFO] PluginManage:359 - Loaded plugin tutovideos (category:base,tabindex:-1)
2024-06-01 08:12:22,784 [INFO] PluginManage:310 - Check plugin updater
2024-06-01 08:12:22,795 [INFO] PluginManage:359 - Loaded plugin updater (category:base,tabindex:12)
2024-06-01 08:12:22,795 [INFO] PluginManage:310 - Check plugin userauth
2024-06-01 08:12:22,802 [INFO] UserAuth:114 - Init User Auth plugin
2024-06-01 08:12:22,802 [INFO] PluginManage:359 - Loaded plugin userauth (category:base,tabindex:14)
2024-06-01 08:12:22,802 [INFO] PluginManage:283 - PluginManage : Loaded plugins [17]
2024-06-01 08:12:23,018 [INFO] PinOutPanel:1561 - setPackage(No Configuration,No Configuration)
2024-06-01 08:12:23,091 [INFO] CADModel:165 - CPN selected for project level
2024-06-01 08:12:23,091 [INFO] CADModel:114 - Register for checkConnection events
2024-06-01 08:12:23,116 [INFO] IPUIPlugin:80 - create IPUIPlugin
2024-06-01 08:12:23,116 [INFO] PluginManager:220 - loadIPPluginJar : add adc
2024-06-01 08:12:23,147 [INFO] IPUIPlugin:80 - create IPUIPlugin
2024-06-01 08:12:23,148 [INFO] PluginManager:220 - loadIPPluginJar : add aes
2024-06-01 08:12:23,182 [INFO] IPUIPlugin:80 - create IPUIPlugin
2024-06-01 08:12:23,182 [INFO] PluginManager:220 - loadIPPluginJar : add can
2024-06-01 08:12:23,202 [INFO] IPUIPlugin:80 - create IPUIPlugin
2024-06-01 08:12:23,202 [INFO] PluginManager:220 - loadIPPluginJar : add comp
2024-06-01 08:12:23,230 [INFO] IPUIPlugin:80 - create IPUIPlugin
2024-06-01 08:12:23,230 [INFO] PluginManager:220 - loadIPPluginJar : add cryp
2024-06-01 08:12:23,256 [INFO] IPUIPlugin:80 - create IPUIPlugin
2024-06-01 08:12:23,256 [INFO] PluginManager:220 - loadIPPluginJar : add dfsdm
2024-06-01 08:12:23,268 [INFO] IPUIPlugin:80 - create IPUIPlugin
2024-06-01 08:12:23,268 [INFO] PluginManager:220 - loadIPPluginJar : add dma
2024-06-01 08:12:23,306 [INFO] IPUIPlugin:80 - create IPUIPlugin
2024-06-01 08:12:23,306 [INFO] PluginManager:220 - loadIPPluginJar : add dma3
2024-06-01 08:12:23,346 [INFO] IPUIPlugin:80 - create IPUIPlugin
2024-06-01 08:12:23,346 [INFO] PluginManager:220 - loadIPPluginJar : add extmemmanager
2024-06-01 08:12:23,364 [INFO] IPUIPlugin:80 - create IPUIPlugin
2024-06-01 08:12:23,364 [INFO] PluginManager:220 - loadIPPluginJar : add fatfs
2024-06-01 08:12:23,408 [INFO] IPUIPlugin:80 - create IPUIPlugin
2024-06-01 08:12:23,409 [INFO] PluginManager:220 - loadIPPluginJar : add fmc
2024-06-01 08:12:23,422 [INFO] IPUIPlugin:80 - create IPUIPlugin
2024-06-01 08:12:23,422 [INFO] PluginManager:220 - loadIPPluginJar : add freertos
2024-06-01 08:12:23,440 [INFO] IPUIPlugin:80 - create IPUIPlugin
2024-06-01 08:12:23,440 [INFO] PluginManager:220 - loadIPPluginJar : add genericplugin
2024-06-01 08:12:23,523 [INFO] IPUIPlugin:80 - create IPUIPlugin
2024-06-01 08:12:23,523 [INFO] PluginManager:220 - loadIPPluginJar : add gfxmmu
2024-06-01 08:12:23,638 [INFO] IPUIPlugin:80 - create IPUIPlugin
2024-06-01 08:12:23,639 [INFO] PluginManager:220 - loadIPPluginJar : add gic
2024-06-01 08:12:23,650 [INFO] IPUIPlugin:80 - create IPUIPlugin
2024-06-01 08:12:23,650 [INFO] PluginManager:220 - loadIPPluginJar : add gpio
2024-06-01 08:12:23,734 [INFO] IPUIPlugin:80 - create IPUIPlugin
2024-06-01 08:12:23,734 [INFO] PluginManager:220 - loadIPPluginJar : add gtzc
2024-06-01 08:12:23,762 [INFO] IPUIPlugin:80 - create IPUIPlugin
2024-06-01 08:12:23,762 [INFO] PluginManager:220 - loadIPPluginJar : add hash
2024-06-01 08:12:23,805 [INFO] IPUIPlugin:80 - create IPUIPlugin
2024-06-01 08:12:23,805 [INFO] PluginManager:220 - loadIPPluginJar : add i2c
2024-06-01 08:12:23,838 [INFO] IPUIPlugin:80 - create IPUIPlugin
2024-06-01 08:12:23,838 [INFO] PluginManager:220 - loadIPPluginJar : add i2s
2024-06-01 08:12:23,874 [INFO] IPUIPlugin:80 - create IPUIPlugin
2024-06-01 08:12:23,874 [INFO] PluginManager:220 - loadIPPluginJar : add i3c
2024-06-01 08:12:23,963 [INFO] IPUIPlugin:80 - create IPUIPlugin
2024-06-01 08:12:23,963 [INFO] PluginManager:220 - loadIPPluginJar : add ipddr
2024-06-01 08:12:24,043 [INFO] IPUIPlugin:80 - create IPUIPlugin
2024-06-01 08:12:24,043 [INFO] PluginManager:220 - loadIPPluginJar : add linkedlist
2024-06-01 08:12:24,073 [INFO] IPUIPlugin:80 - create IPUIPlugin
2024-06-01 08:12:24,073 [INFO] PluginManager:220 - loadIPPluginJar : add lorawan
2024-06-01 08:12:24,105 [INFO] IPUIPlugin:80 - create IPUIPlugin
2024-06-01 08:12:24,106 [INFO] PluginManager:220 - loadIPPluginJar : add ltdc
2024-06-01 08:12:24,120 [INFO] IPUIPlugin:80 - create IPUIPlugin
2024-06-01 08:12:24,120 [INFO] PluginManager:220 - loadIPPluginJar : add mdma
2024-06-01 08:12:24,132 [INFO] IPUIPlugin:80 - create IPUIPlugin
2024-06-01 08:12:24,132 [INFO] PluginManager:220 - loadIPPluginJar : add nvic
2024-06-01 08:12:24,162 [INFO] IPUIPlugin:80 - create IPUIPlugin
2024-06-01 08:12:24,162 [INFO] PluginManager:220 - loadIPPluginJar : add opamp
2024-06-01 08:12:24,212 [INFO] IPUIPlugin:80 - create IPUIPlugin
2024-06-01 08:12:24,212 [INFO] PluginManager:220 - loadIPPluginJar : add openamp
2024-06-01 08:12:24,247 [INFO] IPUIPlugin:80 - create IPUIPlugin
2024-06-01 08:12:24,247 [INFO] PluginManager:220 - loadIPPluginJar : add pdm2pcm
2024-06-01 08:12:24,260 [INFO] IPUIPlugin:80 - create IPUIPlugin
2024-06-01 08:12:24,262 [INFO] PluginManager:220 - loadIPPluginJar : add plateformsettings
2024-06-01 08:12:24,281 [INFO] IPUIPlugin:80 - create IPUIPlugin
2024-06-01 08:12:24,282 [INFO] PluginManager:220 - loadIPPluginJar : add quadspi
2024-06-01 08:12:24,294 [INFO] IPUIPlugin:80 - create IPUIPlugin
2024-06-01 08:12:24,294 [INFO] PluginManager:220 - loadIPPluginJar : add resmgrutility
2024-06-01 08:12:24,335 [INFO] IPUIPlugin:80 - create IPUIPlugin
2024-06-01 08:12:24,335 [INFO] PluginManager:220 - loadIPPluginJar : add sai
2024-06-01 08:12:24,366 [INFO] IPUIPlugin:80 - create IPUIPlugin
2024-06-01 08:12:24,367 [INFO] PluginManager:220 - loadIPPluginJar : add spi
2024-06-01 08:12:24,426 [INFO] IPUIPlugin:80 - create IPUIPlugin
2024-06-01 08:12:24,426 [INFO] PluginManager:220 - loadIPPluginJar : add stm32_wpan
2024-06-01 08:12:24,447 [INFO] IPUIPlugin:80 - create IPUIPlugin
2024-06-01 08:12:24,447 [INFO] PluginManager:220 - loadIPPluginJar : add tim
2024-06-01 08:12:24,499 [INFO] IPUIPlugin:80 - create IPUIPlugin
2024-06-01 08:12:24,499 [INFO] PluginManager:220 - loadIPPluginJar : add touchsensing
2024-06-01 08:12:24,520 [INFO] IPUIPlugin:80 - create IPUIPlugin
2024-06-01 08:12:24,520 [INFO] PluginManager:220 - loadIPPluginJar : add tracer_emb
2024-06-01 08:12:24,540 [INFO] IPUIPlugin:80 - create IPUIPlugin
2024-06-01 08:12:24,540 [INFO] PluginManager:220 - loadIPPluginJar : add ts
2024-06-01 08:12:24,560 [INFO] IPUIPlugin:80 - create IPUIPlugin
2024-06-01 08:12:24,560 [INFO] PluginManager:220 - loadIPPluginJar : add tsc
2024-06-01 08:12:24,578 [INFO] IPUIPlugin:80 - create IPUIPlugin
2024-06-01 08:12:24,579 [INFO] PluginManager:220 - loadIPPluginJar : add ucpd
2024-06-01 08:12:24,616 [INFO] IPUIPlugin:80 - create IPUIPlugin
2024-06-01 08:12:24,616 [INFO] PluginManager:220 - loadIPPluginJar : add usart
2024-06-01 08:12:24,653 [INFO] IPUIPlugin:80 - create IPUIPlugin
2024-06-01 08:12:24,653 [INFO] PluginManager:220 - loadIPPluginJar : add usbx
2024-06-01 08:12:24,790 [INFO] CADModel:165 - CPN selected for project level
2024-06-01 08:12:24,790 [INFO] CADModel:114 - Register for checkConnection events
2024-06-01 08:12:24,790 [FATAL] Updater:308 - Updater called before beeing initialized
2024-06-01 08:12:24,790 [ERROR] CADModel:125 - Updater not yet initialized, retry later 
2024-06-01 08:12:24,919 [INFO] CADModel:165 - CPN selected for project level
2024-06-01 08:12:24,919 [INFO] CADModel:114 - Register for checkConnection events
2024-06-01 08:12:24,919 [FATAL] Updater:308 - Updater called before beeing initialized
2024-06-01 08:12:24,919 [ERROR] CADModel:125 - Updater not yet initialized, retry later 
2024-06-01 08:12:24,922 [FATAL] Updater:308 - Updater called before beeing initialized
2024-06-01 08:12:25,036 [FATAL] Updater:308 - Updater called before beeing initialized
2024-06-01 08:12:25,050 [INFO] DbMcusAds:53 - JSON generation date=Thu May 16 16:22:01 ICT 2024 (1715851321456)
2024-06-01 08:12:25,051 [FATAL] Updater:308 - Updater called before beeing initialized
2024-06-01 08:12:25,095 [WARN] DetailPanel:346 - Failed to get advertising image, set to default
2024-06-01 08:12:25,194 [FATAL] Updater:308 - Updater called before beeing initialized
2024-06-01 08:12:25,196 [FATAL] Updater:308 - Updater called before beeing initialized
2024-06-01 08:12:25,196 [FATAL] Updater:308 - Updater called before beeing initialized
2024-06-01 08:12:25,196 [WARN] DetailPanel:346 - Failed to get advertising image, set to default
2024-06-01 08:12:25,197 [FATAL] Updater:308 - Updater called before beeing initialized
2024-06-01 08:12:25,298 [ERROR] Updater:1120 - MainUpdater not yet initialized. External WinMGr cannot be set.
2024-06-01 08:12:25,308 [INFO] Updater:1056 - Updater Version found : 6.11.0
2024-06-01 08:12:25,325 [INFO] ApplicationProperties:184 - Using Application install path: C:\ST\STM32CubeIDE_1.13.2\STM32CubeIDE\plugins\com.st.stm32cube.common.mx_6.11.0.202403141607
2024-06-01 08:12:25,553 [INFO] ThirdPartyUpdaterWithRetryManager:70 - Updater plugin not ready yet. [2/15]
2024-06-01 08:12:26,904 [ERROR] LogOutputStream:75 - [STDERR_REDIRECT] Jun 01, 2024 8:12:26 AM java.util.prefs.WindowsPreferences <init>
2024-06-01 08:12:26,906 [ERROR] LogOutputStream:75 - [STDERR_REDIRECT] WARNING: Could not open/create prefs root node Software\JavaSoft\Prefs at root 0xffffffff80000002. Windows RegCreateKeyEx(...) returned error code 5.
2024-06-01 08:12:26,906 [ERROR] LogOutputStream:75 - [STDERR_REDIRECT] 
2024-06-01 08:12:28,553 [FATAL] Updater:308 - Updater called before beeing initialized
2024-06-01 08:12:28,553 [ERROR] IntegrityCheckThread:130 - Cannot retrieve database content from updater: error 21
2024-06-01 08:12:28,553 [INFO] ThirdParty:978 - Integrity check success = false
2024-06-01 08:12:28,553 [INFO] IntegrityCheckThread:100 - exiting critical section [integrity check]
2024-06-01 08:12:28,553 [INFO] IntegrityCheckThread:103 - End integrity checks thread
2024-06-01 08:12:29,026 [INFO] MainUpdater:2873 - connection check result : 10
2024-06-01 08:12:29,027 [INFO] MainUpdater:290 - Updater Check For Update Now.
2024-06-01 08:12:29,027 [INFO] MicroXplorer:498 - Change Database Version : DB.6.0.110
2024-06-01 08:12:29,041 [INFO] McuFinderGlobals:63 - Set McuFinder mode to 2 (CubeIDE integrated)
2024-06-01 08:12:29,042 [INFO] UserAuth:179 - activating auth plugin
2024-06-01 08:12:29,045 [INFO] UserAuth:415 - Internet connection configuration mode: 1
2024-06-01 08:12:29,094 [INFO] JxBrowserEngine:152 - Initiate JxBrowser Engine with user profile folder
2024-06-01 08:12:29,237 [INFO] CheckServerUpdateThread:120 - End of CheckServer Thread
2024-06-01 08:12:33,607 [INFO] WebApp:161 - Instantiating new browser for Auth
2024-06-01 08:12:34,224 [INFO] WebApp:779 - Register for checkConnection events
2024-06-01 08:12:34,224 [INFO] WebApp:414 - Apply proxy settings
2024-06-01 08:12:34,224 [INFO] WebApp:499 - Chromium requires no authentication
2024-06-01 08:12:34,233 [INFO] WebApp:442 - Direct internet connection detected
2024-06-01 08:12:34,407 [INFO] WebApp:192 - Starting web application
2024-06-01 08:12:34,407 [INFO] WebApp:544 - Web application path used C:\ST\STM32CubeIDE_1.13.2\STM32CubeIDE\plugins\com.st.stm32cube.common.mx_6.11.0.202403141607\db\plugins\mcufinder\reactClient1\index.html
2024-06-01 12:48:52,250 [ERROR] LogOutputStream:75 - [STDERR_REDIRECT] 
2024-06-01 12:58:09,648 [INFO] Activator:176 - 


2024-06-01 12:58:09,650 [INFO] Activator:177 - !SESSION log4j initialized
2024-06-01 12:58:17,301 [INFO] LogOutputStream:77 - [STDOUT_REDIRECT] 
2024-06-01 12:58:19,002 [INFO] ApplicationProperties:184 - Using Application install path: C:\ST\STM32CubeIDE_1.13.2\STM32CubeIDE\plugins\com.st.stm32cube.common.mx_6.11.0.202403141607
2024-06-01 12:58:19,021 [INFO] DbMcusXml:78 - Set database path to: C:\ST\STM32CubeIDE_1.13.2\STM32CubeIDE\plugins\com.st.stm32cube.common.mx_6.11.0.202403141607\\db\/mcu/
2024-06-01 12:58:19,021 [INFO] ApiDb:274 - Set plugin database path to: C:\ST\STM32CubeIDE_1.13.2\STM32CubeIDE\plugins\com.st.stm32cube.common.mx_6.11.0.202403141607\\db\/plugins/boardmanager/
2024-06-01 12:58:19,022 [WARN] ApiDb:259 - Overriding images path with different value:  => C:\ST\STM32CubeIDE_1.13.2\STM32CubeIDE\plugins\com.st.stm32cube.common.mx_6.11.0.202403141607\\db\/plugins/mcufinder/images/
2024-06-01 12:58:19,034 [INFO] ApiDb:250 - Set database path to: C:\Users\Phatt\.stmcufinder\plugins\mcufinder//mcu/
2024-06-01 12:58:19,036 [INFO] DbMcusAds:125 - Set database path to: C:\Users\Phatt\.stmcufinder\plugins\mcufinder//mcu/
2024-06-01 12:58:19,039 [INFO] CrossReferenceDbSqlite:203 - Set database path to: C:\Users\Phatt\.stmcufinder\plugins\mcufinder//mcu/cs/
2024-06-01 12:58:19,180 [INFO] RulesReader:64 - Compatibility file has been processed (297 Rules)
2024-06-01 12:58:19,277 [INFO] DbMcusXml:78 - Set database path to: C:\ST\STM32CubeIDE_1.13.2\STM32CubeIDE\plugins\com.st.stm32cube.common.mx_6.11.0.202403141607\\db\/mcu/
2024-06-01 12:58:19,277 [INFO] ApiDb:274 - Set plugin database path to: C:\ST\STM32CubeIDE_1.13.2\STM32CubeIDE\plugins\com.st.stm32cube.common.mx_6.11.0.202403141607\\db\/plugins/boardmanager/
2024-06-01 12:58:19,277 [INFO] ApiDb:261 - Set plugin images path to: C:\ST\STM32CubeIDE_1.13.2\STM32CubeIDE\plugins\com.st.stm32cube.common.mx_6.11.0.202403141607\\db\/plugins/mcufinder/images/
2024-06-01 12:58:19,277 [WARN] DbFile:41 - Overriding database path with different value: C:\Users\Phatt\.stmcufinder\plugins\mcufinder/ => C:\Users\Phatt\.stmcufinder\plugins\mcufinder
2024-06-01 12:58:19,277 [INFO] ApiDb:250 - Set database path to: C:\Users\Phatt\.stmcufinder\plugins\mcufinder//mcu/
2024-06-01 12:58:19,277 [WARN] DbFile:41 - Overriding database path with different value: C:\Users\Phatt\.stmcufinder\plugins\mcufinder/ => C:\Users\Phatt\.stmcufinder\plugins\mcufinder
2024-06-01 12:58:19,277 [INFO] DbMcusAds:125 - Set database path to: C:\Users\Phatt\.stmcufinder\plugins\mcufinder//mcu/
2024-06-01 12:58:19,278 [WARN] DbFile:41 - Overriding database path with different value: C:\Users\Phatt\.stmcufinder\plugins\mcufinder/ => C:\Users\Phatt\.stmcufinder\plugins\mcufinder
2024-06-01 12:58:19,278 [WARN] DbFile:41 - Overriding database path with different value: C:\Users\Phatt\.stmcufinder\plugins\mcufinder/ => C:\Users\Phatt\.stmcufinder\plugins\mcufinder
2024-06-01 12:58:19,278 [INFO] CrossReferenceDbSqlite:203 - Set database path to: C:\Users\Phatt\.stmcufinder\plugins\mcufinder//mcu/cs/
2024-06-01 12:58:19,371 [INFO] MainPanel:264 - HeapMemory: 268435456
2024-06-01 12:58:19,465 [INFO] DbMcusXml:78 - Set database path to: C:\ST\STM32CubeIDE_1.13.2\STM32CubeIDE\plugins\com.st.stm32cube.common.mx_6.11.0.202403141607\\db\/mcu/
2024-06-01 12:58:19,465 [INFO] ApiDb:274 - Set plugin database path to: C:\ST\STM32CubeIDE_1.13.2\STM32CubeIDE\plugins\com.st.stm32cube.common.mx_6.11.0.202403141607\\db\/plugins/boardmanager/
2024-06-01 12:58:19,465 [INFO] ApiDb:261 - Set plugin images path to: C:\ST\STM32CubeIDE_1.13.2\STM32CubeIDE\plugins\com.st.stm32cube.common.mx_6.11.0.202403141607\\db\/plugins/mcufinder/images/
2024-06-01 12:58:19,465 [WARN] DbFile:41 - Overriding database path with different value: C:\Users\Phatt\.stmcufinder\plugins\mcufinder/ => C:\Users\Phatt\.stmcufinder\plugins\mcufinder
2024-06-01 12:58:19,465 [INFO] ApiDb:250 - Set database path to: C:\Users\Phatt\.stmcufinder\plugins\mcufinder//mcu/
2024-06-01 12:58:19,465 [WARN] DbFile:41 - Overriding database path with different value: C:\Users\Phatt\.stmcufinder\plugins\mcufinder/ => C:\Users\Phatt\.stmcufinder\plugins\mcufinder
2024-06-01 12:58:19,466 [INFO] DbMcusAds:125 - Set database path to: C:\Users\Phatt\.stmcufinder\plugins\mcufinder//mcu/
2024-06-01 12:58:19,466 [WARN] DbFile:41 - Overriding database path with different value: C:\Users\Phatt\.stmcufinder\plugins\mcufinder/ => C:\Users\Phatt\.stmcufinder\plugins\mcufinder
2024-06-01 12:58:19,466 [WARN] DbFile:41 - Overriding database path with different value: C:\Users\Phatt\.stmcufinder\plugins\mcufinder/ => C:\Users\Phatt\.stmcufinder\plugins\mcufinder
2024-06-01 12:58:19,466 [INFO] CrossReferenceDbSqlite:203 - Set database path to: C:\Users\Phatt\.stmcufinder\plugins\mcufinder//mcu/cs/
2024-06-01 12:58:19,483 [INFO] ApplicationProperties:184 - Using Application install path: C:\ST\STM32CubeIDE_1.13.2\STM32CubeIDE\plugins\com.st.stm32cube.common.mx_6.11.0.202403141607
2024-06-01 12:58:19,485 [INFO] PluginManage:196 - Search for loadable plugins [exclusion list=, ]
2024-06-01 12:58:19,486 [INFO] PluginManage:310 - Check plugin analytics
2024-06-01 12:58:19,673 [INFO] AnalyticsPlugin:253 - Accepted Software Licenses: 
2024-06-01 12:58:19,674 [INFO] AnalyticsPlugin:255 - Accepted CMSIS Pack Licenses: ARM.CMSIS-DSP.1.15.0,ARM.CMSIS.6.0.0
2024-06-01 12:58:19,674 [INFO] AnalyticsPlugin:257 - Accepted Firmware Licenses: FW.G4.1.5.0
2024-06-01 12:58:19,676 [INFO] PluginManage:359 - Loaded plugin analytics (category:tool,tabindex:-1)
2024-06-01 12:58:19,677 [INFO] PluginManage:310 - Check plugin cadmodel
2024-06-01 12:58:19,690 [INFO] CADModel:105 - Init CAD model plugin
2024-06-01 12:58:19,691 [INFO] PluginManage:359 - Loaded plugin cadmodel (category:power,tabindex:5)
2024-06-01 12:58:19,691 [INFO] PluginManage:310 - Check plugin clock
2024-06-01 12:58:19,707 [INFO] PluginManage:359 - Loaded plugin clock (category:base,tabindex:2)
2024-06-01 12:58:19,707 [INFO] PluginManage:310 - Check plugin ddr
2024-06-01 12:58:19,709 [INFO] PluginManage:359 - Loaded plugin ddr (category:tool,tabindex:6)
2024-06-01 12:58:19,709 [INFO] PluginManage:310 - Check plugin filemanager
2024-06-01 12:58:19,850 [INFO] PluginManage:359 - Loaded plugin filemanager (category:base,tabindex:10)
2024-06-01 12:58:19,850 [INFO] PluginManage:310 - Check plugin ipmanager
2024-06-01 12:58:19,856 [INFO] PluginManage:359 - Loaded plugin ipmanager (category:base,tabindex:5)
2024-06-01 12:58:19,857 [INFO] PluginManage:310 - Check plugin lpbam
2024-06-01 12:58:19,870 [INFO] PluginManage:359 - Loaded plugin lpbam (category:base,tabindex:0)
2024-06-01 12:58:19,870 [INFO] PluginManage:310 - Check plugin memorymap
2024-06-01 12:58:19,894 [INFO] PluginManage:359 - Loaded plugin memorymap (category:base,tabindex:4)
2024-06-01 12:58:19,894 [INFO] PluginManage:310 - Check plugin pinoutandconfiguration
2024-06-01 12:58:19,912 [INFO] PluginManage:359 - Loaded plugin pinoutandconfiguration (category:base,tabindex:1)
2024-06-01 12:58:19,912 [INFO] PluginManage:310 - Check plugin pinoutconfig
2024-06-01 12:58:20,039 [WARN] SupportedApi:132 - Cannot load RTOS API schema: s4s-elt-must-match.1: The content of 'definitions' must match (annotation?, (simpleType | complexType)?, (unique | key | keyref)*)). A problem was found starting at: attribute.
2024-06-01 12:58:20,225 [INFO] PluginManage:359 - Loaded plugin pinoutconfig (category:base,tabindex:0)
2024-06-01 12:58:20,225 [INFO] PluginManage:310 - Check plugin power
2024-06-01 12:58:20,249 [INFO] PluginManage:359 - Loaded plugin power (category:power,tabindex:4)
2024-06-01 12:58:20,249 [INFO] PluginManage:310 - Check plugin projectmanager
2024-06-01 12:58:20,268 [INFO] PluginManage:359 - Loaded plugin projectmanager (category:projectmanager,tabindex:3)
2024-06-01 12:58:20,268 [INFO] PluginManage:310 - Check plugin thirdparty
2024-06-01 12:58:20,543 [WARN] IntegrityCheckThread:84 - waiting for thirdparty lock release [integrity check]
2024-06-01 12:58:20,543 [INFO] IntegrityCheckThread:86 - entering critical section [integrity check]
2024-06-01 12:58:20,544 [INFO] PluginManage:359 - Loaded plugin thirdparty (category:base,tabindex:-1)
2024-06-01 12:58:20,544 [INFO] PluginManage:310 - Check plugin tools
2024-06-01 12:58:20,545 [INFO] ThirdPartyUpdaterWithRetryManager:70 - Updater plugin not ready yet. [1/15]
2024-06-01 12:58:20,574 [INFO] PluginManage:359 - Loaded plugin tools (category:base,tabindex:7)
2024-06-01 12:58:20,574 [INFO] PluginManage:310 - Check plugin tutovideos
2024-06-01 12:58:20,778 [INFO] PluginManage:359 - Loaded plugin tutovideos (category:base,tabindex:-1)
2024-06-01 12:58:20,778 [INFO] PluginManage:310 - Check plugin updater
2024-06-01 12:58:20,788 [INFO] PluginManage:359 - Loaded plugin updater (category:base,tabindex:12)
2024-06-01 12:58:20,788 [INFO] PluginManage:310 - Check plugin userauth
2024-06-01 12:58:20,792 [INFO] UserAuth:114 - Init User Auth plugin
2024-06-01 12:58:20,793 [INFO] PluginManage:359 - Loaded plugin userauth (category:base,tabindex:14)
2024-06-01 12:58:20,794 [INFO] PluginManage:283 - PluginManage : Loaded plugins [17]
2024-06-01 12:58:20,996 [INFO] PinOutPanel:1561 - setPackage(No Configuration,No Configuration)
2024-06-01 12:58:21,061 [INFO] CADModel:165 - CPN selected for project level
2024-06-01 12:58:21,061 [INFO] CADModel:114 - Register for checkConnection events
2024-06-01 12:58:21,083 [INFO] IPUIPlugin:80 - create IPUIPlugin
2024-06-01 12:58:21,084 [INFO] PluginManager:220 - loadIPPluginJar : add adc
2024-06-01 12:58:21,116 [INFO] IPUIPlugin:80 - create IPUIPlugin
2024-06-01 12:58:21,116 [INFO] PluginManager:220 - loadIPPluginJar : add aes
2024-06-01 12:58:21,155 [INFO] IPUIPlugin:80 - create IPUIPlugin
2024-06-01 12:58:21,155 [INFO] PluginManager:220 - loadIPPluginJar : add can
2024-06-01 12:58:21,175 [INFO] IPUIPlugin:80 - create IPUIPlugin
2024-06-01 12:58:21,175 [INFO] PluginManager:220 - loadIPPluginJar : add comp
2024-06-01 12:58:21,206 [INFO] IPUIPlugin:80 - create IPUIPlugin
2024-06-01 12:58:21,206 [INFO] PluginManager:220 - loadIPPluginJar : add cryp
2024-06-01 12:58:21,230 [INFO] IPUIPlugin:80 - create IPUIPlugin
2024-06-01 12:58:21,231 [INFO] PluginManager:220 - loadIPPluginJar : add dfsdm
2024-06-01 12:58:21,242 [INFO] IPUIPlugin:80 - create IPUIPlugin
2024-06-01 12:58:21,243 [INFO] PluginManager:220 - loadIPPluginJar : add dma
2024-06-01 12:58:21,278 [INFO] IPUIPlugin:80 - create IPUIPlugin
2024-06-01 12:58:21,278 [INFO] PluginManager:220 - loadIPPluginJar : add dma3
2024-06-01 12:58:21,316 [INFO] IPUIPlugin:80 - create IPUIPlugin
2024-06-01 12:58:21,316 [INFO] PluginManager:220 - loadIPPluginJar : add extmemmanager
2024-06-01 12:58:21,332 [INFO] IPUIPlugin:80 - create IPUIPlugin
2024-06-01 12:58:21,332 [INFO] PluginManager:220 - loadIPPluginJar : add fatfs
2024-06-01 12:58:21,372 [INFO] IPUIPlugin:80 - create IPUIPlugin
2024-06-01 12:58:21,372 [INFO] PluginManager:220 - loadIPPluginJar : add fmc
2024-06-01 12:58:21,383 [INFO] IPUIPlugin:80 - create IPUIPlugin
2024-06-01 12:58:21,384 [INFO] PluginManager:220 - loadIPPluginJar : add freertos
2024-06-01 12:58:21,401 [INFO] IPUIPlugin:80 - create IPUIPlugin
2024-06-01 12:58:21,401 [INFO] PluginManager:220 - loadIPPluginJar : add genericplugin
2024-06-01 12:58:21,477 [INFO] IPUIPlugin:80 - create IPUIPlugin
2024-06-01 12:58:21,477 [INFO] PluginManager:220 - loadIPPluginJar : add gfxmmu
2024-06-01 12:58:21,582 [INFO] IPUIPlugin:80 - create IPUIPlugin
2024-06-01 12:58:21,582 [INFO] PluginManager:220 - loadIPPluginJar : add gic
2024-06-01 12:58:21,592 [INFO] IPUIPlugin:80 - create IPUIPlugin
2024-06-01 12:58:21,592 [INFO] PluginManager:220 - loadIPPluginJar : add gpio
2024-06-01 12:58:21,666 [INFO] IPUIPlugin:80 - create IPUIPlugin
2024-06-01 12:58:21,666 [INFO] PluginManager:220 - loadIPPluginJar : add gtzc
2024-06-01 12:58:21,691 [INFO] IPUIPlugin:80 - create IPUIPlugin
2024-06-01 12:58:21,692 [INFO] PluginManager:220 - loadIPPluginJar : add hash
2024-06-01 12:58:21,734 [INFO] IPUIPlugin:80 - create IPUIPlugin
2024-06-01 12:58:21,734 [INFO] PluginManager:220 - loadIPPluginJar : add i2c
2024-06-01 12:58:21,765 [INFO] IPUIPlugin:80 - create IPUIPlugin
2024-06-01 12:58:21,765 [INFO] PluginManager:220 - loadIPPluginJar : add i2s
2024-06-01 12:58:21,800 [INFO] IPUIPlugin:80 - create IPUIPlugin
2024-06-01 12:58:21,800 [INFO] PluginManager:220 - loadIPPluginJar : add i3c
2024-06-01 12:58:21,885 [INFO] IPUIPlugin:80 - create IPUIPlugin
2024-06-01 12:58:21,885 [INFO] PluginManager:220 - loadIPPluginJar : add ipddr
2024-06-01 12:58:21,960 [INFO] IPUIPlugin:80 - create IPUIPlugin
2024-06-01 12:58:21,960 [INFO] PluginManager:220 - loadIPPluginJar : add linkedlist
2024-06-01 12:58:21,989 [INFO] IPUIPlugin:80 - create IPUIPlugin
2024-06-01 12:58:21,990 [INFO] PluginManager:220 - loadIPPluginJar : add lorawan
2024-06-01 12:58:22,021 [INFO] IPUIPlugin:80 - create IPUIPlugin
2024-06-01 12:58:22,021 [INFO] PluginManager:220 - loadIPPluginJar : add ltdc
2024-06-01 12:58:22,033 [INFO] IPUIPlugin:80 - create IPUIPlugin
2024-06-01 12:58:22,033 [INFO] PluginManager:220 - loadIPPluginJar : add mdma
2024-06-01 12:58:22,043 [INFO] IPUIPlugin:80 - create IPUIPlugin
2024-06-01 12:58:22,043 [INFO] PluginManager:220 - loadIPPluginJar : add nvic
2024-06-01 12:58:22,075 [INFO] IPUIPlugin:80 - create IPUIPlugin
2024-06-01 12:58:22,075 [INFO] PluginManager:220 - loadIPPluginJar : add opamp
2024-06-01 12:58:22,125 [INFO] IPUIPlugin:80 - create IPUIPlugin
2024-06-01 12:58:22,126 [INFO] PluginManager:220 - loadIPPluginJar : add openamp
2024-06-01 12:58:22,160 [INFO] IPUIPlugin:80 - create IPUIPlugin
2024-06-01 12:58:22,160 [INFO] PluginManager:220 - loadIPPluginJar : add pdm2pcm
2024-06-01 12:58:22,172 [INFO] IPUIPlugin:80 - create IPUIPlugin
2024-06-01 12:58:22,174 [INFO] PluginManager:220 - loadIPPluginJar : add plateformsettings
2024-06-01 12:58:22,191 [INFO] IPUIPlugin:80 - create IPUIPlugin
2024-06-01 12:58:22,191 [INFO] PluginManager:220 - loadIPPluginJar : add quadspi
2024-06-01 12:58:22,201 [INFO] IPUIPlugin:80 - create IPUIPlugin
2024-06-01 12:58:22,201 [INFO] PluginManager:220 - loadIPPluginJar : add resmgrutility
2024-06-01 12:58:22,242 [INFO] IPUIPlugin:80 - create IPUIPlugin
2024-06-01 12:58:22,242 [INFO] PluginManager:220 - loadIPPluginJar : add sai
2024-06-01 12:58:22,271 [INFO] IPUIPlugin:80 - create IPUIPlugin
2024-06-01 12:58:22,271 [INFO] PluginManager:220 - loadIPPluginJar : add spi
2024-06-01 12:58:22,327 [INFO] IPUIPlugin:80 - create IPUIPlugin
2024-06-01 12:58:22,327 [INFO] PluginManager:220 - loadIPPluginJar : add stm32_wpan
2024-06-01 12:58:22,348 [INFO] IPUIPlugin:80 - create IPUIPlugin
2024-06-01 12:58:22,348 [INFO] PluginManager:220 - loadIPPluginJar : add tim
2024-06-01 12:58:22,403 [INFO] IPUIPlugin:80 - create IPUIPlugin
2024-06-01 12:58:22,403 [INFO] PluginManager:220 - loadIPPluginJar : add touchsensing
2024-06-01 12:58:22,421 [INFO] IPUIPlugin:80 - create IPUIPlugin
2024-06-01 12:58:22,421 [INFO] PluginManager:220 - loadIPPluginJar : add tracer_emb
2024-06-01 12:58:22,440 [INFO] IPUIPlugin:80 - create IPUIPlugin
2024-06-01 12:58:22,440 [INFO] PluginManager:220 - loadIPPluginJar : add ts
2024-06-01 12:58:22,457 [INFO] IPUIPlugin:80 - create IPUIPlugin
2024-06-01 12:58:22,457 [INFO] PluginManager:220 - loadIPPluginJar : add tsc
2024-06-01 12:58:22,476 [INFO] IPUIPlugin:80 - create IPUIPlugin
2024-06-01 12:58:22,476 [INFO] PluginManager:220 - loadIPPluginJar : add ucpd
2024-06-01 12:58:22,511 [INFO] IPUIPlugin:80 - create IPUIPlugin
2024-06-01 12:58:22,511 [INFO] PluginManager:220 - loadIPPluginJar : add usart
2024-06-01 12:58:22,546 [INFO] IPUIPlugin:80 - create IPUIPlugin
2024-06-01 12:58:22,546 [INFO] PluginManager:220 - loadIPPluginJar : add usbx
2024-06-01 12:58:22,667 [INFO] CADModel:165 - CPN selected for project level
2024-06-01 12:58:22,667 [INFO] CADModel:114 - Register for checkConnection events
2024-06-01 12:58:22,667 [FATAL] Updater:308 - Updater called before beeing initialized
2024-06-01 12:58:22,667 [ERROR] CADModel:125 - Updater not yet initialized, retry later 
2024-06-01 12:58:22,800 [INFO] CADModel:165 - CPN selected for project level
2024-06-01 12:58:22,800 [INFO] CADModel:114 - Register for checkConnection events
2024-06-01 12:58:22,800 [FATAL] Updater:308 - Updater called before beeing initialized
2024-06-01 12:58:22,801 [ERROR] CADModel:125 - Updater not yet initialized, retry later 
2024-06-01 12:58:22,803 [FATAL] Updater:308 - Updater called before beeing initialized
2024-06-01 12:58:22,909 [FATAL] Updater:308 - Updater called before beeing initialized
2024-06-01 12:58:22,925 [INFO] DbMcusAds:53 - JSON generation date=Thu May 16 16:22:01 ICT 2024 (1715851321456)
2024-06-01 12:58:22,925 [FATAL] Updater:308 - Updater called before beeing initialized
2024-06-01 12:58:22,960 [WARN] DetailPanel:346 - Failed to get advertising image, set to default
2024-06-01 12:58:23,039 [FATAL] Updater:308 - Updater called before beeing initialized
2024-06-01 12:58:23,041 [FATAL] Updater:308 - Updater called before beeing initialized
2024-06-01 12:58:23,041 [FATAL] Updater:308 - Updater called before beeing initialized
2024-06-01 12:58:23,041 [WARN] DetailPanel:346 - Failed to get advertising image, set to default
2024-06-01 12:58:23,041 [FATAL] Updater:308 - Updater called before beeing initialized
2024-06-01 12:58:23,100 [ERROR] Updater:1120 - MainUpdater not yet initialized. External WinMGr cannot be set.
2024-06-01 12:58:23,110 [INFO] Updater:1056 - Updater Version found : 6.11.0
2024-06-01 12:58:23,125 [INFO] ApplicationProperties:184 - Using Application install path: C:\ST\STM32CubeIDE_1.13.2\STM32CubeIDE\plugins\com.st.stm32cube.common.mx_6.11.0.202403141607
2024-06-01 12:58:23,545 [INFO] ThirdPartyUpdaterWithRetryManager:70 - Updater plugin not ready yet. [2/15]
2024-06-01 12:58:24,700 [ERROR] LogOutputStream:75 - [STDERR_REDIRECT] Jun 01, 2024 12:58:24 PM java.util.prefs.WindowsPreferences <init>
2024-06-01 12:58:24,701 [ERROR] LogOutputStream:75 - [STDERR_REDIRECT] WARNING: Could not open/create prefs root node Software\JavaSoft\Prefs at root 0xffffffff80000002. Windows RegCreateKeyEx(...) returned error code 5.
2024-06-01 12:58:24,702 [ERROR] LogOutputStream:75 - [STDERR_REDIRECT] 
2024-06-01 12:58:25,791 [INFO] MainUpdater:2873 - connection check result : 10
2024-06-01 12:58:25,791 [INFO] MainUpdater:290 - Updater Check For Update Now.
2024-06-01 12:58:25,792 [INFO] MicroXplorer:498 - Change Database Version : DB.6.0.110
2024-06-01 12:58:25,821 [INFO] McuFinderGlobals:63 - Set McuFinder mode to 2 (CubeIDE integrated)
2024-06-01 12:58:25,821 [INFO] UserAuth:179 - activating auth plugin
2024-06-01 12:58:25,824 [INFO] UserAuth:415 - Internet connection configuration mode: 1
2024-06-01 12:58:25,885 [INFO] JxBrowserEngine:152 - Initiate JxBrowser Engine with user profile folder
2024-06-01 12:58:26,071 [INFO] CheckServerUpdateThread:120 - End of CheckServer Thread
2024-06-01 12:58:26,803 [WARN] PackLoader:240 - Cannot read IP mode file for STMicroelectronics.FP-SNS-MOTENVWB1.1.4.0
2024-06-01 12:58:26,818 [WARN] PackLoader:240 - Cannot read IP mode file for STMicroelectronics.X-CUBE-SMBUS.2.1.0
2024-06-01 12:58:26,832 [WARN] PackLoader:240 - Cannot read IP mode file for STMicroelectronics.X-CUBE-TOUCHGFX.4.23.0
2024-06-01 12:58:26,843 [WARN] PackLoader:240 - Cannot read IP mode file for STMicroelectronics.X-CUBE-TOUCHGFX.4.23.2
2024-06-01 12:58:26,893 [WARN] PackLoader:240 - Cannot read IP mode file for STMicroelectronics.X-CUBE-AZRTOS-F7.1.1.0
2024-06-01 12:58:26,909 [WARN] PackLoader:240 - Cannot read IP mode file for STMicroelectronics.FP-SNS-MOTENV1.4.3.2
2024-06-01 12:58:26,924 [WARN] PackLoader:240 - Cannot read IP mode file for STMicroelectronics.FP-SNS-FLIGHT1.5.0.2
2024-06-01 12:58:26,940 [WARN] PackLoader:240 - Cannot read IP mode file for STMicroelectronics.X-CUBE-DISPLAY.3.0.0
2024-06-01 12:58:26,959 [WARN] PackLoader:240 - Cannot read IP mode file for STMicroelectronics.X-CUBE-BLE1.7.0.0
2024-06-01 12:58:26,970 [WARN] PackLoader:240 - Cannot read IP mode file for emotas.I-CUBE-CANOPEN.1.3.0
2024-06-01 12:58:26,981 [WARN] PackLoader:240 - Cannot read IP mode file for STMicroelectronics.X-CUBE-TOUCHGFX.4.22.1
2024-06-01 12:58:26,995 [WARN] PackLoader:240 - Cannot read IP mode file for STMicroelectronics.X-CUBE-BLEMGR.3.1.0
2024-06-01 12:58:27,010 [WARN] PackLoader:240 - Cannot read IP mode file for STMicroelectronics.FP-SNS-SMARTAG2.1.2.0
2024-06-01 12:58:27,030 [INFO] LogOutputStream:77 - [STDOUT_REDIRECT] 1 : Invalid condition id : UX_CORESTACK_Condition cause : null
2024-06-01 12:58:27,031 [INFO] LogOutputStream:77 - [STDOUT_REDIRECT] 1 : Invalid condition id : UX_CORESTACK_Condition cause : null
2024-06-01 12:58:27,033 [INFO] LogOutputStream:77 - [STDOUT_REDIRECT] 1 : Invalid condition id : UX_CORESTACK_Condition cause : null
2024-06-01 12:58:27,035 [INFO] LogOutputStream:77 - [STDOUT_REDIRECT] 1 : Invalid condition id : UX_CORESTACK_Condition cause : null
2024-06-01 12:58:27,036 [INFO] LogOutputStream:77 - [STDOUT_REDIRECT] 1 : Invalid condition id : UX_CORESTACK_Condition cause : null
2024-06-01 12:58:27,039 [WARN] PackLoader:240 - Cannot read IP mode file for STMicroelectronics.X-CUBE-AZRTOS-WL.2.0.0
2024-06-01 12:58:27,050 [WARN] PackLoader:240 - Cannot read IP mode file for STMicroelectronics.FP-SNS-MOTENV1.5.0.0
2024-06-01 12:58:27,067 [WARN] PackLoader:240 - Cannot read IP mode file for WES.I-CUBE-Cesium.1.3.0
2024-06-01 12:58:27,078 [WARN] PackLoader:240 - Cannot read IP mode file for STMicroelectronics.X-CUBE-BLE2.3.3.0
2024-06-01 12:58:27,089 [WARN] PackLoader:240 - Cannot read IP mode file for STMicroelectronics.X-CUBE-TCPP.4.1.0
2024-06-01 12:58:27,103 [WARN] PackLoader:240 - Cannot read IP mode file for STMicroelectronics.X-CUBE-ALGOBUILD.1.3.0
2024-06-01 12:58:27,130 [WARN] PackLoader:240 - Cannot read IP mode file for STMicroelectronics.X-CUBE-AZRTOS-G0.1.1.0
2024-06-01 12:58:27,144 [WARN] PackLoader:240 - Cannot read IP mode file for STMicroelectronics.X-CUBE-SAFEA1.1.2.2
2024-06-01 12:58:27,158 [WARN] PackLoader:240 - Cannot read IP mode file for STMicroelectronics.X-CUBE-NFC4.3.0.0
2024-06-01 12:58:27,173 [WARN] PackLoader:240 - Cannot read IP mode file for STMicroelectronics.X-CUBE-BLEMGR.3.0.0
2024-06-01 12:58:27,186 [WARN] PackLoader:240 - Cannot read IP mode file for wolfSSL.I-CUBE-wolfSSL.5.7.0
2024-06-01 12:58:27,198 [WARN] PackLoader:240 - Cannot read IP mode file for STMicroelectronics.FP-ATR-SIGFOX1.3.2.0
2024-06-01 12:58:27,211 [WARN] PackLoader:240 - Cannot read IP mode file for STMicroelectronics.X-CUBE-EEPRMA1.5.1.0
2024-06-01 12:58:27,223 [WARN] PackLoader:240 - Cannot read IP mode file for ITTIA_DB.I-CUBE-ITTIADB.8.9.0
2024-06-01 12:58:27,268 [WARN] PackLoader:240 - Cannot read IP mode file for SEGGER.I-CUBE-embOS.1.3.1
2024-06-01 12:58:27,317 [WARN] PackLoader:240 - Cannot read IP mode file for STMicroelectronics.X-CUBE-ALGOBUILD.1.4.0
2024-06-01 12:58:27,330 [WARN] PackLoader:240 - Cannot read IP mode file for STMicroelectronics.X-CUBE-GNSS1.6.0.0
2024-06-01 12:58:27,356 [WARN] PackLoader:240 - Cannot read IP mode file for STMicroelectronics.X-CUBE-AZRTOS-F4.1.1.0
2024-06-01 12:58:27,368 [WARN] PackLoader:240 - Cannot read IP mode file for wolfSSL.I-CUBE-wolfSSL.5.6.3
2024-06-01 12:58:27,378 [WARN] PackLoader:240 - Cannot read IP mode file for STMicroelectronics.X-CUBE-FREERTOS.1.2.0
2024-06-01 12:58:27,401 [WARN] PackLoader:240 - Cannot read IP mode file for STMicroelectronics.X-CUBE-AZRTOS-L5.2.0.0
2024-06-01 12:58:27,414 [WARN] PackLoader:240 - Cannot read IP mode file for STMicroelectronics.X-CUBE-EEPRMA1.4.2.0
2024-06-01 12:58:27,428 [WARN] PackLoader:240 - Cannot read IP mode file for STMicroelectronics.X-CUBE-NFC6.3.1.0
2024-06-01 12:58:27,439 [WARN] PackLoader:240 - Cannot read IP mode file for ITTIA_DB.I-CUBE-ITTIADB.8.8.0
2024-06-01 12:58:27,483 [WARN] PackLoader:240 - Cannot read IP mode file for STMicroelectronics.X-CUBE-BLEMGR.2.0.0
2024-06-01 12:58:27,496 [WARN] PackLoader:240 - Cannot read IP mode file for STMicroelectronics.X-CUBE-AI.9.0.0
2024-06-01 12:58:27,519 [WARN] ConditionMgr:438 - getConditionDescription Invalid condition id : UX DEVICE CLASS RTOS Condition cause : null
2024-06-01 12:58:27,519 [WARN] ConditionMgr:438 - getConditionDescription Invalid condition id : UX DEVICE CLASS RTOS Condition cause : null
2024-06-01 12:58:27,522 [WARN] PackLoader:240 - Cannot read IP mode file for STMicroelectronics.X-CUBE-AZRTOS-H7.3.1.0
2024-06-01 12:58:27,522 [WARN] ConditionMgr:1039 - genDependencies : Invalid condition id : UX DEVICE CLASS RTOS Condition cause : null
2024-06-01 12:58:27,523 [WARN] ConditionMgr:1039 - genDependencies : Invalid condition id : UX DEVICE CLASS RTOS Condition cause : null
2024-06-01 12:58:27,523 [WARN] ConditionMgr:1039 - genDependencies : Invalid condition id : UX DEVICE CLASS RTOS Condition cause : null
2024-06-01 12:58:27,523 [WARN] ConditionMgr:1039 - genDependencies : Invalid condition id : UX DEVICE CLASS RTOS Condition cause : null
2024-06-01 12:58:27,523 [WARN] ConditionMgr:1039 - genDependencies : Invalid condition id : UX DEVICE CLASS RTOS Condition cause : null
2024-06-01 12:58:27,536 [WARN] PackLoader:240 - Cannot read IP mode file for STMicroelectronics.X-CUBE-NFC7.1.0.1
2024-06-01 12:58:27,548 [WARN] PackLoader:240 - Cannot read IP mode file for STMicroelectronics.X-CUBE-NFC6.3.0.0
2024-06-01 12:58:27,561 [WARN] PackLoader:240 - Cannot read IP mode file for STMicroelectronics.X-CUBE-EEPRMA1.4.1.0
2024-06-01 12:58:27,571 [WARN] PackLoader:240 - Cannot read IP mode file for STMicroelectronics.X-CUBE-AI.8.1.0
2024-06-01 12:58:27,594 [WARN] ConditionMgr:438 - getConditionDescription Invalid condition id : LAN8742 Phy interface Condition cause : null
2024-06-01 12:58:27,594 [WARN] PackLoader:240 - Cannot read IP mode file for STMicroelectronics.X-CUBE-AZRTOS-L4.2.0.0
2024-06-01 12:58:27,595 [WARN] ConditionMgr:1039 - genDependencies : Invalid condition id : LAN8742 Phy interface Condition cause : null
2024-06-01 12:58:27,595 [WARN] ConditionMgr:1039 - genDependencies : Invalid condition id : LAN8742 Phy interface Condition cause : null
2024-06-01 12:58:27,596 [WARN] ConditionMgr:1039 - genDependencies : Invalid condition id : LAN8742 Phy interface Condition cause : null
2024-06-01 12:58:27,649 [WARN] PackLoader:240 - Cannot read IP mode file for STMicroelectronics.X-CUBE-SFXS2LP1.4.0.0
2024-06-01 12:58:27,660 [WARN] PackLoader:240 - Cannot read IP mode file for STMicroelectronics.X-CUBE-ISPU.1.1.0
2024-06-01 12:58:27,680 [WARN] ConditionMgr:438 - getConditionDescription Invalid condition id : UX DEVICE CLASS RTOS Condition cause : null
2024-06-01 12:58:27,681 [WARN] ConditionMgr:438 - getConditionDescription Invalid condition id : UX DEVICE CLASS RTOS Condition cause : null
2024-06-01 12:58:27,682 [WARN] PackLoader:240 - Cannot read IP mode file for STMicroelectronics.X-CUBE-AZRTOS-WB.2.0.0
2024-06-01 12:58:27,683 [WARN] ConditionMgr:1039 - genDependencies : Invalid condition id : UX DEVICE CLASS RTOS Condition cause : null
2024-06-01 12:58:27,683 [WARN] ConditionMgr:1039 - genDependencies : Invalid condition id : UX DEVICE CLASS RTOS Condition cause : null
2024-06-01 12:58:27,683 [WARN] ConditionMgr:1039 - genDependencies : Invalid condition id : UX DEVICE CLASS RTOS Condition cause : null
2024-06-01 12:58:27,683 [WARN] ConditionMgr:1039 - genDependencies : Invalid condition id : UX DEVICE CLASS RTOS Condition cause : null
2024-06-01 12:58:27,683 [WARN] ConditionMgr:1039 - genDependencies : Invalid condition id : UX DEVICE CLASS RTOS Condition cause : null
2024-06-01 12:58:27,699 [WARN] PackLoader:240 - Cannot read IP mode file for STMicroelectronics.X-CUBE-SUBG2.5.0.0
2024-06-01 12:58:27,718 [WARN] PackLoader:240 - Cannot read IP mode file for Cesanta.I-CUBE-Mongoose.7.13.0
2024-06-01 12:58:27,734 [WARN] PackLoader:240 - Cannot read IP mode file for STMicroelectronics.X-CUBE-TOF1.3.3.1
2024-06-01 12:58:27,761 [WARN] PackLoader:240 - Cannot read IP mode file for STMicroelectronics.X-CUBE-AZRTOS-G4.2.0.0
2024-06-01 12:58:27,781 [WARN] PackLoader:240 - Cannot read IP mode file for Infineon.AIROC-Wi-Fi-Bluetooth-STM32.1.5.1
2024-06-01 12:58:27,792 [WARN] PackLoader:240 - Cannot read IP mode file for STMicroelectronics.FP-SNS-MOTENVWB1.1.3.0
2024-06-01 12:58:27,801 [WARN] PackLoader:240 - Cannot read IP mode file for STMicroelectronics.FP-SNS-MOTENVWB1.1.3.1
2024-06-01 12:58:27,810 [WARN] PackLoader:240 - Cannot read IP mode file for STMicroelectronics.X-CUBE-ISPU.2.0.0
2024-06-01 12:58:27,821 [WARN] PackLoader:240 - Cannot read IP mode file for STMicroelectronics.X-CUBE-ALS.1.0.2
2024-06-01 12:58:27,859 [WARN] PackLoader:240 - Cannot read IP mode file for STMicroelectronics.X-CUBE-MEMS1.10.0.0
2024-06-01 12:58:27,950 [WARN] PackLoader:240 - Cannot read IP mode file for STMicroelectronics.X-CUBE-FREERTOS.1.1.0
2024-06-01 12:58:27,962 [WARN] PackLoader:240 - Cannot read IP mode file for portGmbH.I-Cube-SoM-uGOAL.1.1.0
2024-06-01 12:58:27,972 [WARN] PackLoader:240 - Cannot read IP mode file for STMicroelectronics.X-CUBE-ALS.1.0.1
2024-06-01 12:58:28,000 [WARN] PackLoader:240 - Cannot read IP mode file for STMicroelectronics.X-CUBE-AZRTOS-H7RS.1.0.0
2024-06-01 12:58:28,011 [WARN] PackLoader:240 - Cannot read IP mode file for STMicroelectronics.FP-ATR-ASTRA1.2.0.0
2024-06-01 12:58:28,027 [WARN] PackLoader:240 - Cannot read IP mode file for STMicroelectronics.X-CUBE-TOF1.3.4.0
2024-06-01 12:58:28,055 [WARN] PackLoader:240 - Cannot read IP mode file for STMicroelectronics.X-CUBE-TOF1.3.4.1
2024-06-01 12:58:28,087 [WARN] PackLoader:240 - Cannot read IP mode file for STMicroelectronics.X-CUBE-AZRTOS-H7.3.2.0
2024-06-01 12:58:28,111 [WARN] PackLoader:240 - Cannot read IP mode file for Infineon.AIROC-Wi-Fi-Bluetooth-STM32.1.6.0
2024-06-01 12:58:28,114 [INFO] ThirdParty:978 - Integrity check success = true
2024-06-01 12:58:28,114 [INFO] IntegrityCheckThread:100 - exiting critical section [integrity check]
2024-06-01 12:58:28,114 [INFO] IntegrityCheckThread:103 - End integrity checks thread
2024-06-01 12:58:30,546 [INFO] WebApp:161 - Instantiating new browser for Auth
2024-06-01 12:58:31,232 [INFO] WebApp:779 - Register for checkConnection events
2024-06-01 12:58:31,233 [INFO] WebApp:414 - Apply proxy settings
2024-06-01 12:58:31,233 [INFO] WebApp:499 - Chromium requires no authentication
2024-06-01 12:58:31,242 [INFO] WebApp:442 - Direct internet connection detected
2024-06-01 12:58:31,427 [INFO] WebApp:192 - Starting web application
2024-06-01 12:58:31,427 [INFO] WebApp:544 - Web application path used C:\ST\STM32CubeIDE_1.13.2\STM32CubeIDE\plugins\com.st.stm32cube.common.mx_6.11.0.202403141607\db\plugins\mcufinder\reactClient1\index.html
2024-06-01 13:28:53,278 [ERROR] LogOutputStream:75 - [STDERR_REDIRECT] 
