2024-06-12 12:47:04,297 [INFO] Activator:176 - 


2024-06-12 12:47:04,303 [INFO] Activator:177 - !SESSION log4j initialized
2024-06-12 12:47:12,038 [INFO] LogOutputStream:77 - [STDOUT_REDIRECT] 
2024-06-12 12:47:15,637 [INFO] ApplicationProperties:184 - Using Application install path: C:\ST\STM32CubeIDE_1.13.2\STM32CubeIDE\plugins\com.st.stm32cube.common.mx_6.11.0.202403141607
2024-06-12 12:47:15,660 [INFO] DbMcusXml:78 - Set database path to: C:\ST\STM32CubeIDE_1.13.2\STM32CubeIDE\plugins\com.st.stm32cube.common.mx_6.11.0.202403141607\\db\/mcu/
2024-06-12 12:47:15,661 [INFO] ApiDb:274 - Set plugin database path to: C:\ST\STM32CubeIDE_1.13.2\STM32CubeIDE\plugins\com.st.stm32cube.common.mx_6.11.0.202403141607\\db\/plugins/boardmanager/
2024-06-12 12:47:15,661 [WARN] ApiDb:259 - Overriding images path with different value:  => C:\ST\STM32CubeIDE_1.13.2\STM32CubeIDE\plugins\com.st.stm32cube.common.mx_6.11.0.202403141607\\db\/plugins/mcufinder/images/
2024-06-12 12:47:15,673 [INFO] ApiDb:250 - Set database path to: C:\Users\Phatt\.stmcufinder\plugins\mcufinder//mcu/
2024-06-12 12:47:15,674 [INFO] DbMcusAds:125 - Set database path to: C:\Users\Phatt\.stmcufinder\plugins\mcufinder//mcu/
2024-06-12 12:47:15,676 [INFO] CrossReferenceDbSqlite:203 - Set database path to: C:\Users\Phatt\.stmcufinder\plugins\mcufinder//mcu/cs/
2024-06-12 12:47:15,844 [INFO] RulesReader:64 - Compatibility file has been processed (297 Rules)
2024-06-12 12:47:15,958 [INFO] DbMcusXml:78 - Set database path to: C:\ST\STM32CubeIDE_1.13.2\STM32CubeIDE\plugins\com.st.stm32cube.common.mx_6.11.0.202403141607\\db\/mcu/
2024-06-12 12:47:15,958 [INFO] ApiDb:274 - Set plugin database path to: C:\ST\STM32CubeIDE_1.13.2\STM32CubeIDE\plugins\com.st.stm32cube.common.mx_6.11.0.202403141607\\db\/plugins/boardmanager/
2024-06-12 12:47:15,958 [INFO] ApiDb:261 - Set plugin images path to: C:\ST\STM32CubeIDE_1.13.2\STM32CubeIDE\plugins\com.st.stm32cube.common.mx_6.11.0.202403141607\\db\/plugins/mcufinder/images/
2024-06-12 12:47:15,958 [WARN] DbFile:41 - Overriding database path with different value: C:\Users\Phatt\.stmcufinder\plugins\mcufinder/ => C:\Users\Phatt\.stmcufinder\plugins\mcufinder
2024-06-12 12:47:15,958 [INFO] ApiDb:250 - Set database path to: C:\Users\Phatt\.stmcufinder\plugins\mcufinder//mcu/
2024-06-12 12:47:15,958 [WARN] DbFile:41 - Overriding database path with different value: C:\Users\Phatt\.stmcufinder\plugins\mcufinder/ => C:\Users\Phatt\.stmcufinder\plugins\mcufinder
2024-06-12 12:47:15,958 [INFO] DbMcusAds:125 - Set database path to: C:\Users\Phatt\.stmcufinder\plugins\mcufinder//mcu/
2024-06-12 12:47:15,958 [WARN] DbFile:41 - Overriding database path with different value: C:\Users\Phatt\.stmcufinder\plugins\mcufinder/ => C:\Users\Phatt\.stmcufinder\plugins\mcufinder
2024-06-12 12:47:15,958 [WARN] DbFile:41 - Overriding database path with different value: C:\Users\Phatt\.stmcufinder\plugins\mcufinder/ => C:\Users\Phatt\.stmcufinder\plugins\mcufinder
2024-06-12 12:47:15,959 [INFO] CrossReferenceDbSqlite:203 - Set database path to: C:\Users\Phatt\.stmcufinder\plugins\mcufinder//mcu/cs/
2024-06-12 12:47:16,048 [INFO] MainPanel:264 - HeapMemory: 268435456
2024-06-12 12:47:16,163 [INFO] DbMcusXml:78 - Set database path to: C:\ST\STM32CubeIDE_1.13.2\STM32CubeIDE\plugins\com.st.stm32cube.common.mx_6.11.0.202403141607\\db\/mcu/
2024-06-12 12:47:16,164 [INFO] ApiDb:274 - Set plugin database path to: C:\ST\STM32CubeIDE_1.13.2\STM32CubeIDE\plugins\com.st.stm32cube.common.mx_6.11.0.202403141607\\db\/plugins/boardmanager/
2024-06-12 12:47:16,164 [INFO] ApiDb:261 - Set plugin images path to: C:\ST\STM32CubeIDE_1.13.2\STM32CubeIDE\plugins\com.st.stm32cube.common.mx_6.11.0.202403141607\\db\/plugins/mcufinder/images/
2024-06-12 12:47:16,165 [WARN] DbFile:41 - Overriding database path with different value: C:\Users\Phatt\.stmcufinder\plugins\mcufinder/ => C:\Users\Phatt\.stmcufinder\plugins\mcufinder
2024-06-12 12:47:16,165 [INFO] ApiDb:250 - Set database path to: C:\Users\Phatt\.stmcufinder\plugins\mcufinder//mcu/
2024-06-12 12:47:16,166 [WARN] DbFile:41 - Overriding database path with different value: C:\Users\Phatt\.stmcufinder\plugins\mcufinder/ => C:\Users\Phatt\.stmcufinder\plugins\mcufinder
2024-06-12 12:47:16,166 [INFO] DbMcusAds:125 - Set database path to: C:\Users\Phatt\.stmcufinder\plugins\mcufinder//mcu/
2024-06-12 12:47:16,166 [WARN] DbFile:41 - Overriding database path with different value: C:\Users\Phatt\.stmcufinder\plugins\mcufinder/ => C:\Users\Phatt\.stmcufinder\plugins\mcufinder
2024-06-12 12:47:16,166 [WARN] DbFile:41 - Overriding database path with different value: C:\Users\Phatt\.stmcufinder\plugins\mcufinder/ => C:\Users\Phatt\.stmcufinder\plugins\mcufinder
2024-06-12 12:47:16,166 [INFO] CrossReferenceDbSqlite:203 - Set database path to: C:\Users\Phatt\.stmcufinder\plugins\mcufinder//mcu/cs/
2024-06-12 12:47:16,184 [INFO] ApplicationProperties:184 - Using Application install path: C:\ST\STM32CubeIDE_1.13.2\STM32CubeIDE\plugins\com.st.stm32cube.common.mx_6.11.0.202403141607
2024-06-12 12:47:16,185 [INFO] PluginManage:196 - Search for loadable plugins [exclusion list=, ]
2024-06-12 12:47:16,187 [INFO] PluginManage:310 - Check plugin analytics
2024-06-12 12:47:16,431 [INFO] AnalyticsPlugin:253 - Accepted Software Licenses: 
2024-06-12 12:47:16,431 [INFO] AnalyticsPlugin:255 - Accepted CMSIS Pack Licenses: ARM.CMSIS-DSP.1.15.0,ARM.CMSIS.6.0.0
2024-06-12 12:47:16,431 [INFO] AnalyticsPlugin:257 - Accepted Firmware Licenses: FW.G4.1.5.0
2024-06-12 12:47:16,434 [INFO] PluginManage:359 - Loaded plugin analytics (category:tool,tabindex:-1)
2024-06-12 12:47:16,435 [INFO] PluginManage:310 - Check plugin cadmodel
2024-06-12 12:47:16,451 [INFO] CADModel:105 - Init CAD model plugin
2024-06-12 12:47:16,451 [INFO] PluginManage:359 - Loaded plugin cadmodel (category:power,tabindex:5)
2024-06-12 12:47:16,451 [INFO] PluginManage:310 - Check plugin clock
2024-06-12 12:47:16,475 [INFO] PluginManage:359 - Loaded plugin clock (category:base,tabindex:2)
2024-06-12 12:47:16,475 [INFO] PluginManage:310 - Check plugin ddr
2024-06-12 12:47:16,478 [INFO] PluginManage:359 - Loaded plugin ddr (category:tool,tabindex:6)
2024-06-12 12:47:16,478 [INFO] PluginManage:310 - Check plugin filemanager
2024-06-12 12:47:16,635 [INFO] PluginManage:359 - Loaded plugin filemanager (category:base,tabindex:10)
2024-06-12 12:47:16,635 [INFO] PluginManage:310 - Check plugin ipmanager
2024-06-12 12:47:16,642 [INFO] PluginManage:359 - Loaded plugin ipmanager (category:base,tabindex:5)
2024-06-12 12:47:16,643 [INFO] PluginManage:310 - Check plugin lpbam
2024-06-12 12:47:16,659 [INFO] PluginManage:359 - Loaded plugin lpbam (category:base,tabindex:0)
2024-06-12 12:47:16,659 [INFO] PluginManage:310 - Check plugin memorymap
2024-06-12 12:47:16,681 [INFO] PluginManage:359 - Loaded plugin memorymap (category:base,tabindex:4)
2024-06-12 12:47:16,681 [INFO] PluginManage:310 - Check plugin pinoutandconfiguration
2024-06-12 12:47:16,697 [INFO] PluginManage:359 - Loaded plugin pinoutandconfiguration (category:base,tabindex:1)
2024-06-12 12:47:16,697 [INFO] PluginManage:310 - Check plugin pinoutconfig
2024-06-12 12:47:16,796 [WARN] SupportedApi:132 - Cannot load RTOS API schema: s4s-elt-must-match.1: The content of 'definitions' must match (annotation?, (simpleType | complexType)?, (unique | key | keyref)*)). A problem was found starting at: attribute.
2024-06-12 12:47:16,991 [INFO] PluginManage:359 - Loaded plugin pinoutconfig (category:base,tabindex:0)
2024-06-12 12:47:16,991 [INFO] PluginManage:310 - Check plugin power
2024-06-12 12:47:17,018 [INFO] PluginManage:359 - Loaded plugin power (category:power,tabindex:4)
2024-06-12 12:47:17,018 [INFO] PluginManage:310 - Check plugin projectmanager
2024-06-12 12:47:17,040 [INFO] PluginManage:359 - Loaded plugin projectmanager (category:projectmanager,tabindex:3)
2024-06-12 12:47:17,040 [INFO] PluginManage:310 - Check plugin thirdparty
2024-06-12 12:47:17,350 [INFO] PluginManage:359 - Loaded plugin thirdparty (category:base,tabindex:-1)
2024-06-12 12:47:17,350 [WARN] IntegrityCheckThread:84 - waiting for thirdparty lock release [integrity check]
2024-06-12 12:47:17,350 [INFO] PluginManage:310 - Check plugin tools
2024-06-12 12:47:17,351 [INFO] IntegrityCheckThread:86 - entering critical section [integrity check]
2024-06-12 12:47:17,351 [INFO] ThirdPartyUpdaterWithRetryManager:70 - Updater plugin not ready yet. [1/15]
2024-06-12 12:47:17,390 [INFO] PluginManage:359 - Loaded plugin tools (category:base,tabindex:7)
2024-06-12 12:47:17,390 [INFO] PluginManage:310 - Check plugin tutovideos
2024-06-12 12:47:17,579 [INFO] PluginManage:359 - Loaded plugin tutovideos (category:base,tabindex:-1)
2024-06-12 12:47:17,579 [INFO] PluginManage:310 - Check plugin updater
2024-06-12 12:47:17,592 [INFO] PluginManage:359 - Loaded plugin updater (category:base,tabindex:12)
2024-06-12 12:47:17,593 [INFO] PluginManage:310 - Check plugin userauth
2024-06-12 12:47:17,598 [INFO] UserAuth:114 - Init User Auth plugin
2024-06-12 12:47:17,598 [INFO] PluginManage:359 - Loaded plugin userauth (category:base,tabindex:14)
2024-06-12 12:47:17,599 [INFO] PluginManage:283 - PluginManage : Loaded plugins [17]
2024-06-12 12:47:17,844 [INFO] PinOutPanel:1561 - setPackage(No Configuration,No Configuration)
2024-06-12 12:47:17,926 [INFO] CADModel:165 - CPN selected for project level
2024-06-12 12:47:17,926 [INFO] CADModel:114 - Register for checkConnection events
2024-06-12 12:47:17,953 [INFO] IPUIPlugin:80 - create IPUIPlugin
2024-06-12 12:47:17,954 [INFO] PluginManager:220 - loadIPPluginJar : add adc
2024-06-12 12:47:17,987 [INFO] IPUIPlugin:80 - create IPUIPlugin
2024-06-12 12:47:17,987 [INFO] PluginManager:220 - loadIPPluginJar : add aes
2024-06-12 12:47:18,025 [INFO] IPUIPlugin:80 - create IPUIPlugin
2024-06-12 12:47:18,025 [INFO] PluginManager:220 - loadIPPluginJar : add can
2024-06-12 12:47:18,048 [INFO] IPUIPlugin:80 - create IPUIPlugin
2024-06-12 12:47:18,048 [INFO] PluginManager:220 - loadIPPluginJar : add comp
2024-06-12 12:47:18,079 [INFO] IPUIPlugin:80 - create IPUIPlugin
2024-06-12 12:47:18,079 [INFO] PluginManager:220 - loadIPPluginJar : add cryp
2024-06-12 12:47:18,109 [INFO] IPUIPlugin:80 - create IPUIPlugin
2024-06-12 12:47:18,109 [INFO] PluginManager:220 - loadIPPluginJar : add dfsdm
2024-06-12 12:47:18,127 [INFO] IPUIPlugin:80 - create IPUIPlugin
2024-06-12 12:47:18,129 [INFO] PluginManager:220 - loadIPPluginJar : add dma
2024-06-12 12:47:18,174 [INFO] IPUIPlugin:80 - create IPUIPlugin
2024-06-12 12:47:18,174 [INFO] PluginManager:220 - loadIPPluginJar : add dma3
2024-06-12 12:47:18,216 [INFO] IPUIPlugin:80 - create IPUIPlugin
2024-06-12 12:47:18,217 [INFO] PluginManager:220 - loadIPPluginJar : add extmemmanager
2024-06-12 12:47:18,236 [INFO] IPUIPlugin:80 - create IPUIPlugin
2024-06-12 12:47:18,236 [INFO] PluginManager:220 - loadIPPluginJar : add fatfs
2024-06-12 12:47:18,279 [INFO] IPUIPlugin:80 - create IPUIPlugin
2024-06-12 12:47:18,279 [INFO] PluginManager:220 - loadIPPluginJar : add fmc
2024-06-12 12:47:18,294 [INFO] IPUIPlugin:80 - create IPUIPlugin
2024-06-12 12:47:18,294 [INFO] PluginManager:220 - loadIPPluginJar : add freertos
2024-06-12 12:47:18,313 [INFO] IPUIPlugin:80 - create IPUIPlugin
2024-06-12 12:47:18,313 [INFO] PluginManager:220 - loadIPPluginJar : add genericplugin
2024-06-12 12:47:18,413 [INFO] IPUIPlugin:80 - create IPUIPlugin
2024-06-12 12:47:18,413 [INFO] PluginManager:220 - loadIPPluginJar : add gfxmmu
2024-06-12 12:47:18,532 [INFO] IPUIPlugin:80 - create IPUIPlugin
2024-06-12 12:47:18,533 [INFO] PluginManager:220 - loadIPPluginJar : add gic
2024-06-12 12:47:18,543 [INFO] IPUIPlugin:80 - create IPUIPlugin
2024-06-12 12:47:18,543 [INFO] PluginManager:220 - loadIPPluginJar : add gpio
2024-06-12 12:47:18,635 [INFO] IPUIPlugin:80 - create IPUIPlugin
2024-06-12 12:47:18,635 [INFO] PluginManager:220 - loadIPPluginJar : add gtzc
2024-06-12 12:47:18,665 [INFO] IPUIPlugin:80 - create IPUIPlugin
2024-06-12 12:47:18,665 [INFO] PluginManager:220 - loadIPPluginJar : add hash
2024-06-12 12:47:18,716 [INFO] IPUIPlugin:80 - create IPUIPlugin
2024-06-12 12:47:18,716 [INFO] PluginManager:220 - loadIPPluginJar : add i2c
2024-06-12 12:47:18,760 [INFO] IPUIPlugin:80 - create IPUIPlugin
2024-06-12 12:47:18,761 [INFO] PluginManager:220 - loadIPPluginJar : add i2s
2024-06-12 12:47:18,803 [INFO] IPUIPlugin:80 - create IPUIPlugin
2024-06-12 12:47:18,803 [INFO] PluginManager:220 - loadIPPluginJar : add i3c
2024-06-12 12:47:18,907 [INFO] IPUIPlugin:80 - create IPUIPlugin
2024-06-12 12:47:18,907 [INFO] PluginManager:220 - loadIPPluginJar : add ipddr
2024-06-12 12:47:18,988 [INFO] IPUIPlugin:80 - create IPUIPlugin
2024-06-12 12:47:18,988 [INFO] PluginManager:220 - loadIPPluginJar : add linkedlist
2024-06-12 12:47:19,022 [INFO] IPUIPlugin:80 - create IPUIPlugin
2024-06-12 12:47:19,022 [INFO] PluginManager:220 - loadIPPluginJar : add lorawan
2024-06-12 12:47:19,067 [INFO] IPUIPlugin:80 - create IPUIPlugin
2024-06-12 12:47:19,067 [INFO] PluginManager:220 - loadIPPluginJar : add ltdc
2024-06-12 12:47:19,089 [INFO] IPUIPlugin:80 - create IPUIPlugin
2024-06-12 12:47:19,089 [INFO] PluginManager:220 - loadIPPluginJar : add mdma
2024-06-12 12:47:19,108 [INFO] IPUIPlugin:80 - create IPUIPlugin
2024-06-12 12:47:19,108 [INFO] PluginManager:220 - loadIPPluginJar : add nvic
2024-06-12 12:47:19,159 [INFO] IPUIPlugin:80 - create IPUIPlugin
2024-06-12 12:47:19,159 [INFO] PluginManager:220 - loadIPPluginJar : add opamp
2024-06-12 12:47:19,215 [INFO] IPUIPlugin:80 - create IPUIPlugin
2024-06-12 12:47:19,215 [INFO] PluginManager:220 - loadIPPluginJar : add openamp
2024-06-12 12:47:19,255 [INFO] IPUIPlugin:80 - create IPUIPlugin
2024-06-12 12:47:19,255 [INFO] PluginManager:220 - loadIPPluginJar : add pdm2pcm
2024-06-12 12:47:19,268 [INFO] IPUIPlugin:80 - create IPUIPlugin
2024-06-12 12:47:19,271 [INFO] PluginManager:220 - loadIPPluginJar : add plateformsettings
2024-06-12 12:47:19,290 [INFO] IPUIPlugin:80 - create IPUIPlugin
2024-06-12 12:47:19,290 [INFO] PluginManager:220 - loadIPPluginJar : add quadspi
2024-06-12 12:47:19,303 [INFO] IPUIPlugin:80 - create IPUIPlugin
2024-06-12 12:47:19,303 [INFO] PluginManager:220 - loadIPPluginJar : add resmgrutility
2024-06-12 12:47:19,345 [INFO] IPUIPlugin:80 - create IPUIPlugin
2024-06-12 12:47:19,345 [INFO] PluginManager:220 - loadIPPluginJar : add sai
2024-06-12 12:47:19,392 [INFO] IPUIPlugin:80 - create IPUIPlugin
2024-06-12 12:47:19,392 [INFO] PluginManager:220 - loadIPPluginJar : add spi
2024-06-12 12:47:19,454 [INFO] IPUIPlugin:80 - create IPUIPlugin
2024-06-12 12:47:19,454 [INFO] PluginManager:220 - loadIPPluginJar : add stm32_wpan
2024-06-12 12:47:19,474 [INFO] IPUIPlugin:80 - create IPUIPlugin
2024-06-12 12:47:19,474 [INFO] PluginManager:220 - loadIPPluginJar : add tim
2024-06-12 12:47:19,528 [INFO] IPUIPlugin:80 - create IPUIPlugin
2024-06-12 12:47:19,528 [INFO] PluginManager:220 - loadIPPluginJar : add touchsensing
2024-06-12 12:47:19,548 [INFO] IPUIPlugin:80 - create IPUIPlugin
2024-06-12 12:47:19,548 [INFO] PluginManager:220 - loadIPPluginJar : add tracer_emb
2024-06-12 12:47:19,569 [INFO] IPUIPlugin:80 - create IPUIPlugin
2024-06-12 12:47:19,569 [INFO] PluginManager:220 - loadIPPluginJar : add ts
2024-06-12 12:47:19,592 [INFO] IPUIPlugin:80 - create IPUIPlugin
2024-06-12 12:47:19,593 [INFO] PluginManager:220 - loadIPPluginJar : add tsc
2024-06-12 12:47:19,615 [INFO] IPUIPlugin:80 - create IPUIPlugin
2024-06-12 12:47:19,616 [INFO] PluginManager:220 - loadIPPluginJar : add ucpd
2024-06-12 12:47:19,666 [INFO] IPUIPlugin:80 - create IPUIPlugin
2024-06-12 12:47:19,666 [INFO] PluginManager:220 - loadIPPluginJar : add usart
2024-06-12 12:47:19,706 [INFO] IPUIPlugin:80 - create IPUIPlugin
2024-06-12 12:47:19,706 [INFO] PluginManager:220 - loadIPPluginJar : add usbx
2024-06-12 12:47:19,836 [INFO] CADModel:165 - CPN selected for project level
2024-06-12 12:47:19,836 [INFO] CADModel:114 - Register for checkConnection events
2024-06-12 12:47:19,837 [FATAL] Updater:308 - Updater called before beeing initialized
2024-06-12 12:47:19,837 [ERROR] CADModel:125 - Updater not yet initialized, retry later 
2024-06-12 12:47:19,989 [INFO] CADModel:165 - CPN selected for project level
2024-06-12 12:47:19,989 [INFO] CADModel:114 - Register for checkConnection events
2024-06-12 12:47:19,989 [FATAL] Updater:308 - Updater called before beeing initialized
2024-06-12 12:47:19,989 [ERROR] CADModel:125 - Updater not yet initialized, retry later 
2024-06-12 12:47:19,992 [FATAL] Updater:308 - Updater called before beeing initialized
2024-06-12 12:47:20,111 [FATAL] Updater:308 - Updater called before beeing initialized
2024-06-12 12:47:20,119 [INFO] DbMcusAds:53 - JSON generation date=Thu May 16 16:22:01 ICT 2024 (1715851321456)
2024-06-12 12:47:20,120 [FATAL] Updater:308 - Updater called before beeing initialized
2024-06-12 12:47:20,176 [WARN] DetailPanel:346 - Failed to get advertising image, set to default
2024-06-12 12:47:20,272 [FATAL] Updater:308 - Updater called before beeing initialized
2024-06-12 12:47:20,275 [FATAL] Updater:308 - Updater called before beeing initialized
2024-06-12 12:47:20,275 [FATAL] Updater:308 - Updater called before beeing initialized
2024-06-12 12:47:20,275 [WARN] DetailPanel:346 - Failed to get advertising image, set to default
2024-06-12 12:47:20,276 [FATAL] Updater:308 - Updater called before beeing initialized
2024-06-12 12:47:20,353 [INFO] ThirdPartyUpdaterWithRetryManager:70 - Updater plugin not ready yet. [2/15]
2024-06-12 12:47:20,394 [ERROR] Updater:1120 - MainUpdater not yet initialized. External WinMGr cannot be set.
2024-06-12 12:47:20,404 [INFO] Updater:1056 - Updater Version found : 6.11.0
2024-06-12 12:47:20,421 [INFO] ApplicationProperties:184 - Using Application install path: C:\ST\STM32CubeIDE_1.13.2\STM32CubeIDE\plugins\com.st.stm32cube.common.mx_6.11.0.202403141607
2024-06-12 12:47:21,997 [ERROR] LogOutputStream:75 - [STDERR_REDIRECT] Jun 12, 2024 12:47:21 PM java.util.prefs.WindowsPreferences <init>
2024-06-12 12:47:21,998 [ERROR] LogOutputStream:75 - [STDERR_REDIRECT] WARNING: Could not open/create prefs root node Software\JavaSoft\Prefs at root 0xffffffff80000002. Windows RegCreateKeyEx(...) returned error code 5.
2024-06-12 12:47:21,999 [ERROR] LogOutputStream:75 - [STDERR_REDIRECT] 
2024-06-12 12:47:22,881 [INFO] MainUpdater:2873 - connection check result : 10
2024-06-12 12:47:22,881 [INFO] MainUpdater:3567 - Updater definition file requires update
2024-06-12 12:47:22,883 [INFO] MainUpdater:290 - Updater Check For Update Now.
2024-06-12 12:47:22,883 [INFO] MicroXplorer:498 - Change Database Version : DB.6.0.110
2024-06-12 12:47:22,909 [INFO] McuFinderGlobals:63 - Set McuFinder mode to 2 (CubeIDE integrated)
2024-06-12 12:47:22,909 [INFO] UserAuth:179 - activating auth plugin
2024-06-12 12:47:22,912 [INFO] UserAuth:415 - Internet connection configuration mode: 1
2024-06-12 12:47:22,933 [INFO] JxBrowserEngine:152 - Initiate JxBrowser Engine with user profile folder
2024-06-12 12:47:23,133 [INFO] ServerAccessManage:473 - Download File updaters.zip
2024-06-12 12:47:23,356 [WARN] MainUpdater:1194 - Updater busy. Cannot search thirdparties
2024-06-12 12:47:23,356 [INFO] ThirdPartyUpdaterWithRetryManager:96 - Updater plugin is busy. [1/15]
2024-06-12 12:47:23,454 [INFO] FileExtend:240 - Unzip File : updaters.zip
2024-06-12 12:47:23,454 [INFO] FileExtend:255 - Standard Zip Deflate
2024-06-12 12:47:23,993 [INFO] ServerAccessManage:473 - Download File PacksControlFlags.xml
2024-06-12 12:47:24,237 [INFO] ServerAccessManage:473 - Download File cubemx.pidx
2024-06-12 12:47:26,357 [WARN] MainUpdater:1194 - Updater busy. Cannot search thirdparties
2024-06-12 12:47:26,357 [INFO] ThirdPartyUpdaterWithRetryManager:96 - Updater plugin is busy. [2/15]
2024-06-12 12:47:26,880 [INFO] ServerAccessManage:473 - Download File wolfSSL.I-CUBE-wolfMQTT.pdsc
2024-06-12 12:47:28,172 [INFO] WebApp:161 - Instantiating new browser for Auth
2024-06-12 12:47:28,846 [INFO] WebApp:779 - Register for checkConnection events
2024-06-12 12:47:28,846 [INFO] WebApp:414 - Apply proxy settings
2024-06-12 12:47:28,846 [INFO] WebApp:499 - Chromium requires no authentication
2024-06-12 12:47:28,855 [INFO] WebApp:442 - Direct internet connection detected
2024-06-12 12:47:28,857 [ERROR] ServerAccessManage:1089 - Problem, file not found on Server
2024-06-12 12:47:29,170 [WARN] PackLoader:240 - Cannot read IP mode file for wolfSSL.I-CUBE-wolfMQTT.1.19.0
2024-06-12 12:47:29,172 [INFO] PopulateThirdPartyThread:66 - Ending populate Thread
2024-06-12 12:47:29,175 [INFO] ThirdParty:1030 - CMSIS Pack Vendor :wolfSSL I-CUBE-wolfMQTT 1.19.0
2024-06-12 12:47:29,176 [INFO] LoadServerUpdatesThread:375 - End of LoadServerUpdate Thread
2024-06-12 12:47:29,221 [INFO] CheckServerUpdateThread:120 - End of CheckServer Thread
2024-06-12 12:47:29,609 [WARN] PackLoader:240 - Cannot read IP mode file for STMicroelectronics.FP-SNS-MOTENVWB1.1.4.0
2024-06-12 12:47:29,634 [WARN] PackLoader:240 - Cannot read IP mode file for STMicroelectronics.X-CUBE-SMBUS.2.1.0
2024-06-12 12:47:29,646 [WARN] PackLoader:240 - Cannot read IP mode file for STMicroelectronics.X-CUBE-TOUCHGFX.4.23.0
2024-06-12 12:47:29,656 [WARN] PackLoader:240 - Cannot read IP mode file for STMicroelectronics.X-CUBE-TOUCHGFX.4.23.2
2024-06-12 12:47:29,675 [INFO] WebApp:192 - Starting web application
2024-06-12 12:47:29,675 [INFO] WebApp:544 - Web application path used C:\ST\STM32CubeIDE_1.13.2\STM32CubeIDE\plugins\com.st.stm32cube.common.mx_6.11.0.202403141607\db\plugins\mcufinder\reactClient1\index.html
2024-06-12 12:47:29,709 [WARN] PackLoader:240 - Cannot read IP mode file for STMicroelectronics.X-CUBE-AZRTOS-F7.1.1.0
2024-06-12 12:47:29,728 [WARN] PackLoader:240 - Cannot read IP mode file for STMicroelectronics.FP-SNS-MOTENV1.4.3.2
2024-06-12 12:47:29,749 [WARN] PackLoader:240 - Cannot read IP mode file for STMicroelectronics.FP-SNS-FLIGHT1.5.0.2
2024-06-12 12:47:29,766 [WARN] PackLoader:240 - Cannot read IP mode file for STMicroelectronics.X-CUBE-DISPLAY.3.0.0
2024-06-12 12:47:29,790 [WARN] PackLoader:240 - Cannot read IP mode file for STMicroelectronics.X-CUBE-BLE1.7.0.0
2024-06-12 12:47:29,801 [WARN] PackLoader:240 - Cannot read IP mode file for emotas.I-CUBE-CANOPEN.1.3.0
2024-06-12 12:47:29,815 [WARN] PackLoader:240 - Cannot read IP mode file for STMicroelectronics.X-CUBE-TOUCHGFX.4.22.1
2024-06-12 12:47:29,832 [WARN] PackLoader:240 - Cannot read IP mode file for STMicroelectronics.X-CUBE-BLEMGR.3.1.0
2024-06-12 12:47:29,844 [WARN] PackLoader:240 - Cannot read IP mode file for STMicroelectronics.FP-SNS-SMARTAG2.1.2.0
2024-06-12 12:47:29,863 [INFO] LogOutputStream:77 - [STDOUT_REDIRECT] 1 : Invalid condition id : UX_CORESTACK_Condition cause : null
2024-06-12 12:47:29,864 [INFO] LogOutputStream:77 - [STDOUT_REDIRECT] 1 : Invalid condition id : UX_CORESTACK_Condition cause : null
2024-06-12 12:47:29,865 [INFO] LogOutputStream:77 - [STDOUT_REDIRECT] 1 : Invalid condition id : UX_CORESTACK_Condition cause : null
2024-06-12 12:47:29,867 [INFO] LogOutputStream:77 - [STDOUT_REDIRECT] 1 : Invalid condition id : UX_CORESTACK_Condition cause : null
2024-06-12 12:47:29,869 [INFO] LogOutputStream:77 - [STDOUT_REDIRECT] 1 : Invalid condition id : UX_CORESTACK_Condition cause : null
2024-06-12 12:47:29,873 [WARN] PackLoader:240 - Cannot read IP mode file for STMicroelectronics.X-CUBE-AZRTOS-WL.2.0.0
2024-06-12 12:47:29,884 [WARN] PackLoader:240 - Cannot read IP mode file for STMicroelectronics.FP-SNS-MOTENV1.5.0.0
2024-06-12 12:47:29,889 [WARN] PackLoader:240 - Cannot read IP mode file for wolfSSL.I-CUBE-wolfMQTT.1.19.0
2024-06-12 12:47:29,903 [WARN] PackLoader:240 - Cannot read IP mode file for WES.I-CUBE-Cesium.1.3.0
2024-06-12 12:47:29,914 [WARN] PackLoader:240 - Cannot read IP mode file for STMicroelectronics.X-CUBE-BLE2.3.3.0
2024-06-12 12:47:29,927 [WARN] PackLoader:240 - Cannot read IP mode file for STMicroelectronics.X-CUBE-TCPP.4.1.0
2024-06-12 12:47:29,943 [WARN] PackLoader:240 - Cannot read IP mode file for STMicroelectronics.X-CUBE-ALGOBUILD.1.3.0
2024-06-12 12:47:29,987 [WARN] PackLoader:240 - Cannot read IP mode file for STMicroelectronics.X-CUBE-AZRTOS-G0.1.1.0
2024-06-12 12:47:30,007 [WARN] PackLoader:240 - Cannot read IP mode file for STMicroelectronics.X-CUBE-SAFEA1.1.2.2
2024-06-12 12:47:30,020 [WARN] PackLoader:240 - Cannot read IP mode file for STMicroelectronics.X-CUBE-NFC4.3.0.0
2024-06-12 12:47:30,039 [WARN] PackLoader:240 - Cannot read IP mode file for STMicroelectronics.X-CUBE-BLEMGR.3.0.0
2024-06-12 12:47:30,056 [WARN] PackLoader:240 - Cannot read IP mode file for wolfSSL.I-CUBE-wolfSSL.5.7.0
2024-06-12 12:47:30,061 [WARN] PackLoader:240 - Cannot read IP mode file for STMicroelectronics.FP-ATR-SIGFOX1.3.2.0
2024-06-12 12:47:30,079 [WARN] PackLoader:240 - Cannot read IP mode file for STMicroelectronics.X-CUBE-EEPRMA1.5.1.0
2024-06-12 12:47:30,098 [WARN] PackLoader:240 - Cannot read IP mode file for ITTIA_DB.I-CUBE-ITTIADB.8.9.0
2024-06-12 12:47:30,131 [WARN] PackLoader:240 - Cannot read IP mode file for SEGGER.I-CUBE-embOS.1.3.1
2024-06-12 12:47:30,179 [WARN] PackLoader:240 - Cannot read IP mode file for STMicroelectronics.X-CUBE-ALGOBUILD.1.4.0
2024-06-12 12:47:30,194 [WARN] PackLoader:240 - Cannot read IP mode file for STMicroelectronics.X-CUBE-GNSS1.6.0.0
2024-06-12 12:47:30,226 [WARN] PackLoader:240 - Cannot read IP mode file for STMicroelectronics.X-CUBE-AZRTOS-F4.1.1.0
2024-06-12 12:47:30,240 [WARN] PackLoader:240 - Cannot read IP mode file for wolfSSL.I-CUBE-wolfSSL.5.6.3
2024-06-12 12:47:30,251 [WARN] PackLoader:240 - Cannot read IP mode file for STMicroelectronics.X-CUBE-FREERTOS.1.2.0
2024-06-12 12:47:30,275 [WARN] PackLoader:240 - Cannot read IP mode file for STMicroelectronics.X-CUBE-AZRTOS-L5.2.0.0
2024-06-12 12:47:30,286 [WARN] PackLoader:240 - Cannot read IP mode file for STMicroelectronics.X-CUBE-EEPRMA1.4.2.0
2024-06-12 12:47:30,301 [WARN] PackLoader:240 - Cannot read IP mode file for STMicroelectronics.X-CUBE-NFC6.3.1.0
2024-06-12 12:47:30,314 [WARN] PackLoader:240 - Cannot read IP mode file for ITTIA_DB.I-CUBE-ITTIADB.8.8.0
2024-06-12 12:47:30,367 [WARN] PackLoader:240 - Cannot read IP mode file for STMicroelectronics.X-CUBE-BLEMGR.2.0.0
2024-06-12 12:47:30,379 [WARN] PackLoader:240 - Cannot read IP mode file for STMicroelectronics.X-CUBE-AI.9.0.0
2024-06-12 12:47:30,404 [WARN] ConditionMgr:438 - getConditionDescription Invalid condition id : UX DEVICE CLASS RTOS Condition cause : null
2024-06-12 12:47:30,404 [WARN] ConditionMgr:438 - getConditionDescription Invalid condition id : UX DEVICE CLASS RTOS Condition cause : null
2024-06-12 12:47:30,406 [WARN] PackLoader:240 - Cannot read IP mode file for STMicroelectronics.X-CUBE-AZRTOS-H7.3.1.0
2024-06-12 12:47:30,407 [WARN] ConditionMgr:1039 - genDependencies : Invalid condition id : UX DEVICE CLASS RTOS Condition cause : null
2024-06-12 12:47:30,407 [WARN] ConditionMgr:1039 - genDependencies : Invalid condition id : UX DEVICE CLASS RTOS Condition cause : null
2024-06-12 12:47:30,408 [WARN] ConditionMgr:1039 - genDependencies : Invalid condition id : UX DEVICE CLASS RTOS Condition cause : null
2024-06-12 12:47:30,408 [WARN] ConditionMgr:1039 - genDependencies : Invalid condition id : UX DEVICE CLASS RTOS Condition cause : null
2024-06-12 12:47:30,408 [WARN] ConditionMgr:1039 - genDependencies : Invalid condition id : UX DEVICE CLASS RTOS Condition cause : null
2024-06-12 12:47:30,422 [WARN] PackLoader:240 - Cannot read IP mode file for STMicroelectronics.X-CUBE-NFC7.1.0.1
2024-06-12 12:47:30,434 [WARN] PackLoader:240 - Cannot read IP mode file for STMicroelectronics.X-CUBE-NFC6.3.0.0
2024-06-12 12:47:30,466 [WARN] PackLoader:240 - Cannot read IP mode file for STMicroelectronics.X-CUBE-EEPRMA1.4.1.0
2024-06-12 12:47:30,476 [WARN] PackLoader:240 - Cannot read IP mode file for STMicroelectronics.X-CUBE-AI.8.1.0
2024-06-12 12:47:30,500 [WARN] ConditionMgr:438 - getConditionDescription Invalid condition id : LAN8742 Phy interface Condition cause : null
2024-06-12 12:47:30,501 [WARN] PackLoader:240 - Cannot read IP mode file for STMicroelectronics.X-CUBE-AZRTOS-L4.2.0.0
2024-06-12 12:47:30,501 [WARN] ConditionMgr:1039 - genDependencies : Invalid condition id : LAN8742 Phy interface Condition cause : null
2024-06-12 12:47:30,501 [WARN] ConditionMgr:1039 - genDependencies : Invalid condition id : LAN8742 Phy interface Condition cause : null
2024-06-12 12:47:30,503 [WARN] ConditionMgr:1039 - genDependencies : Invalid condition id : LAN8742 Phy interface Condition cause : null
2024-06-12 12:47:30,549 [WARN] PackLoader:240 - Cannot read IP mode file for STMicroelectronics.X-CUBE-SFXS2LP1.4.0.0
2024-06-12 12:47:30,562 [WARN] PackLoader:240 - Cannot read IP mode file for STMicroelectronics.X-CUBE-ISPU.1.1.0
2024-06-12 12:47:30,583 [WARN] ConditionMgr:438 - getConditionDescription Invalid condition id : UX DEVICE CLASS RTOS Condition cause : null
2024-06-12 12:47:30,583 [WARN] ConditionMgr:438 - getConditionDescription Invalid condition id : UX DEVICE CLASS RTOS Condition cause : null
2024-06-12 12:47:30,585 [WARN] PackLoader:240 - Cannot read IP mode file for STMicroelectronics.X-CUBE-AZRTOS-WB.2.0.0
2024-06-12 12:47:30,585 [WARN] ConditionMgr:1039 - genDependencies : Invalid condition id : UX DEVICE CLASS RTOS Condition cause : null
2024-06-12 12:47:30,585 [WARN] ConditionMgr:1039 - genDependencies : Invalid condition id : UX DEVICE CLASS RTOS Condition cause : null
2024-06-12 12:47:30,586 [WARN] ConditionMgr:1039 - genDependencies : Invalid condition id : UX DEVICE CLASS RTOS Condition cause : null
2024-06-12 12:47:30,586 [WARN] ConditionMgr:1039 - genDependencies : Invalid condition id : UX DEVICE CLASS RTOS Condition cause : null
2024-06-12 12:47:30,586 [WARN] ConditionMgr:1039 - genDependencies : Invalid condition id : UX DEVICE CLASS RTOS Condition cause : null
2024-06-12 12:47:30,602 [WARN] PackLoader:240 - Cannot read IP mode file for STMicroelectronics.X-CUBE-SUBG2.5.0.0
2024-06-12 12:47:30,610 [WARN] PackLoader:240 - Cannot read IP mode file for Cesanta.I-CUBE-Mongoose.7.13.0
2024-06-12 12:47:30,626 [WARN] PackLoader:240 - Cannot read IP mode file for STMicroelectronics.X-CUBE-TOF1.3.3.1
2024-06-12 12:47:30,653 [WARN] PackLoader:240 - Cannot read IP mode file for STMicroelectronics.X-CUBE-AZRTOS-G4.2.0.0
2024-06-12 12:47:30,673 [WARN] PackLoader:240 - Cannot read IP mode file for Infineon.AIROC-Wi-Fi-Bluetooth-STM32.1.5.1
2024-06-12 12:47:30,684 [WARN] PackLoader:240 - Cannot read IP mode file for STMicroelectronics.FP-SNS-MOTENVWB1.1.3.0
2024-06-12 12:47:30,707 [WARN] PackLoader:240 - Cannot read IP mode file for STMicroelectronics.FP-SNS-MOTENVWB1.1.3.1
2024-06-12 12:47:30,717 [WARN] PackLoader:240 - Cannot read IP mode file for STMicroelectronics.X-CUBE-ISPU.2.0.0
2024-06-12 12:47:30,728 [WARN] PackLoader:240 - Cannot read IP mode file for STMicroelectronics.X-CUBE-ALS.1.0.2
2024-06-12 12:47:30,771 [WARN] PackLoader:240 - Cannot read IP mode file for STMicroelectronics.X-CUBE-MEMS1.10.0.0
2024-06-12 12:47:30,865 [WARN] PackLoader:240 - Cannot read IP mode file for STMicroelectronics.X-CUBE-FREERTOS.1.1.0
2024-06-12 12:47:30,877 [WARN] PackLoader:240 - Cannot read IP mode file for portGmbH.I-Cube-SoM-uGOAL.1.1.0
2024-06-12 12:47:30,887 [WARN] PackLoader:240 - Cannot read IP mode file for STMicroelectronics.X-CUBE-ALS.1.0.1
2024-06-12 12:47:30,911 [WARN] PackLoader:240 - Cannot read IP mode file for STMicroelectronics.X-CUBE-AZRTOS-H7RS.1.0.0
2024-06-12 12:47:30,916 [WARN] PackLoader:240 - Cannot read IP mode file for STMicroelectronics.FP-ATR-ASTRA1.2.0.0
2024-06-12 12:47:30,931 [WARN] PackLoader:240 - Cannot read IP mode file for STMicroelectronics.X-CUBE-TOF1.3.4.0
2024-06-12 12:47:30,965 [WARN] PackLoader:240 - Cannot read IP mode file for STMicroelectronics.X-CUBE-TOF1.3.4.1
2024-06-12 12:47:30,995 [WARN] PackLoader:240 - Cannot read IP mode file for STMicroelectronics.X-CUBE-AZRTOS-H7.3.2.0
2024-06-12 12:47:31,015 [WARN] PackLoader:240 - Cannot read IP mode file for Infineon.AIROC-Wi-Fi-Bluetooth-STM32.1.6.0
2024-06-12 12:47:31,018 [INFO] ThirdParty:978 - Integrity check success = true
2024-06-12 12:47:31,018 [INFO] IntegrityCheckThread:100 - exiting critical section [integrity check]
2024-06-12 12:47:31,018 [INFO] IntegrityCheckThread:103 - End integrity checks thread
2024-06-12 12:51:32,621 [INFO] McuFinderGlobals:63 - Set McuFinder mode to 2 (CubeIDE integrated)
2024-06-12 12:51:32,660 [INFO] MainUpdater:2873 - connection check result : 10
2024-06-12 12:51:32,669 [INFO] MainUpdater:2873 - connection check result : 10
2024-06-12 12:51:32,834 [INFO] MicroXplorer:468 - Change Database Path : 
2024-06-12 12:51:32,834 [INFO] MicroXplorer:498 - Change Database Version : DB.6.0.110
2024-06-12 12:51:32,838 [WARN] ThirdParty:871 - waiting for thirdparty lock release [close project]
2024-06-12 12:51:32,838 [INFO] ThirdParty:873 - entering critical section [close project]
2024-06-12 12:51:32,839 [INFO] ThirdParty:883 - exiting critical section [close project]
2024-06-12 12:51:32,841 [INFO] PinOutPanel:1561 - setPackage(No Configuration,No Configuration)
2024-06-12 12:51:32,843 [INFO] UtilMem:75 - Begin LoadConfig() Used Memory: 831635008 Bytes (1073741824)
2024-06-12 12:51:32,844 [INFO] MicroXplorer:468 - Change Database Path : 
2024-06-12 12:51:32,845 [INFO] MicroXplorer:498 - Change Database Version : DB.6.0.110
2024-06-12 12:51:32,845 [INFO] OpenFileManager:312 - Change cursor
2024-06-12 12:51:32,858 [INFO] ThirdPartyDownloadManager:103 - Found SW packARM.CMSIS.6.0.0up-to-date on disk
2024-06-12 12:51:32,864 [INFO] ThirdPartyDownloadManager:103 - Found SW packARM.CMSIS-DSP.1.15.0up-to-date on disk
2024-06-12 12:51:32,918 [INFO] Mcu:2021 - Initializing MCU STM32G474R(B-C-E)Tx STM32G474RETx STM32G474RET6
2024-06-12 12:51:39,594 [INFO] Context:663 - Trying to add GPIOservice into a context  which must be forbidden
2024-06-12 12:51:41,679 [INFO] ApiDbMcu:508 - Load IP Config File for ARM.CMSIS.6.0.0
2024-06-12 12:51:41,789 [INFO] ApiDbMcu:508 - Load IP Config File for ARM.CMSIS-DSP.1.15.0
2024-06-12 12:51:42,015 [INFO] RtosManager:555 - Registered RTOS mode: class=CMSIS, group=RTOS, mode=CMSIS_V1, owner=FREERTOS
2024-06-12 12:51:42,015 [INFO] RtosManager:555 - Registered RTOS mode: class=CMSIS, group=RTOS2, mode=CMSIS_V2, owner=FREERTOS
2024-06-12 12:51:42,015 [INFO] RtosManager:555 - Registered RTOS mode: class=RTOS, group=Core, mode=CMSIS_V1, owner=FREERTOS
2024-06-12 12:51:42,016 [INFO] RtosManager:555 - Registered RTOS mode: class=RTOS, group=Core, mode=CMSIS_V2, owner=FREERTOS
2024-06-12 12:51:42,016 [WARN] ModelIntegratedComponent:184 - Missing modes for component STMicroelectronics:FreeRTOS:0.0.1:STMicroelectronics:RTOS:FreeRTOS:Core:::10.2.0:
2024-06-12 12:51:42,034 [WARN] ModelIntegratedComponent:63 - No mode defined for component null
2024-06-12 12:51:42,034 [WARN] ModelIntegratedComponent:63 - No mode defined for component null
2024-06-12 12:51:42,034 [WARN] ModelIntegratedComponent:63 - No mode defined for component null
2024-06-12 12:51:42,034 [WARN] ModelIntegratedComponent:63 - No mode defined for component null
2024-06-12 12:51:42,034 [WARN] ModelIntegratedComponent:63 - No mode defined for component null
2024-06-12 12:51:42,034 [WARN] ModelIntegratedComponent:63 - No mode defined for component null
2024-06-12 12:51:42,034 [WARN] ModelIntegratedComponent:63 - No mode defined for component null
2024-06-12 12:51:42,034 [WARN] ModelIntegratedComponent:63 - No mode defined for component null
2024-06-12 12:51:42,034 [WARN] ModelIntegratedComponent:63 - No mode defined for component null
2024-06-12 12:51:42,035 [WARN] ModelIntegratedComponent:63 - No mode defined for component null
2024-06-12 12:51:42,035 [WARN] ModelIntegratedComponent:63 - No mode defined for component null
2024-06-12 12:51:42,035 [WARN] ModelIntegratedComponent:63 - No mode defined for component null
2024-06-12 12:51:42,035 [WARN] ModelIntegratedComponent:63 - No mode defined for component null
2024-06-12 12:51:42,035 [WARN] ModelIntegratedComponent:63 - No mode defined for component null
2024-06-12 12:51:42,035 [WARN] ModelIntegratedComponent:63 - No mode defined for component null
2024-06-12 12:51:42,035 [WARN] ModelIntegratedComponent:63 - No mode defined for component null
2024-06-12 12:51:42,035 [WARN] ModelIntegratedComponent:63 - No mode defined for component null
2024-06-12 12:51:42,035 [WARN] ModelIntegratedComponent:63 - No mode defined for component null
2024-06-12 12:51:42,035 [WARN] ModelIntegratedComponent:63 - No mode defined for component null
2024-06-12 12:51:42,035 [WARN] ModelIntegratedComponent:63 - No mode defined for component null
2024-06-12 12:51:42,035 [WARN] ModelIntegratedComponent:63 - No mode defined for component null
2024-06-12 12:51:42,035 [WARN] ModelIntegratedComponent:63 - No mode defined for component null
2024-06-12 12:51:42,035 [WARN] ModelIntegratedComponent:63 - No mode defined for component null
2024-06-12 12:51:42,035 [WARN] ModelIntegratedComponent:63 - No mode defined for component null
2024-06-12 12:51:42,035 [WARN] ModelIntegratedComponent:63 - No mode defined for component null
2024-06-12 12:51:42,035 [WARN] ModelIntegratedComponent:63 - No mode defined for component null
2024-06-12 12:51:42,035 [WARN] ModelIntegratedComponent:63 - No mode defined for component null
2024-06-12 12:51:42,035 [WARN] ModelIntegratedComponent:63 - No mode defined for component null
2024-06-12 12:51:42,036 [WARN] ModelIntegratedComponent:63 - No mode defined for component null
2024-06-12 12:51:42,036 [WARN] ModelIntegratedComponent:63 - No mode defined for component null
2024-06-12 12:51:42,036 [WARN] ModelIntegratedComponent:63 - No mode defined for component null
2024-06-12 12:51:42,036 [WARN] ModelIntegratedComponent:63 - No mode defined for component null
2024-06-12 12:51:42,036 [WARN] ModelIntegratedComponent:63 - No mode defined for component null
2024-06-12 12:51:42,036 [WARN] ModelIntegratedComponent:63 - No mode defined for component null
2024-06-12 12:51:42,814 [INFO] ThirdPartyModel:298 - Start build external matchings
2024-06-12 12:51:43,274 [INFO] ThirdPartyModel:316 - End build external matchings
2024-06-12 12:51:43,299 [INFO] ImportTextPane:194 - (OptionalMessage_ERROR) IP (DMA) : Parameter (Instance) has Id (USART2_TX) currently not set
2024-06-12 12:51:43,299 [INFO] ImportTextPane:194 - (OptionalMessage_ERROR) IP (DMA) : Parameter (Request) has Id (USART2_TX) currently not set
2024-06-12 12:51:43,299 [INFO] ImportTextPane:194 - (OptionalMessage_ERROR) IP (DMA) : Parameter (Direction) has Id (USART2_TX) currently not set
2024-06-12 12:51:43,299 [INFO] ImportTextPane:194 - (OptionalMessage_ERROR) IP (DMA) : Parameter (PeriphInc) has Id (USART2_TX) currently not set
2024-06-12 12:51:43,299 [INFO] ImportTextPane:194 - (OptionalMessage_ERROR) IP (DMA) : Parameter (MemInc) has Id (USART2_TX) currently not set
2024-06-12 12:51:43,301 [INFO] ImportTextPane:194 - (OptionalMessage_ERROR) IP (DMA) : Parameter (PeriphDataAlignment) has Id (USART2_TX) currently not set
2024-06-12 12:51:43,301 [INFO] ImportTextPane:194 - (OptionalMessage_ERROR) IP (DMA) : Parameter (MemDataAlignment) has Id (USART2_TX) currently not set
2024-06-12 12:51:43,301 [INFO] ImportTextPane:194 - (OptionalMessage_ERROR) IP (DMA) : Parameter (Mode) has Id (USART2_TX) currently not set
2024-06-12 12:51:43,301 [INFO] ImportTextPane:194 - (OptionalMessage_ERROR) IP (DMA) : Parameter (Priority) has Id (USART2_TX) currently not set
2024-06-12 12:51:43,301 [INFO] ImportTextPane:194 - (OptionalMessage_ERROR) IP (DMA) : Parameter (SignalID) has Id (USART2_TX) currently not set
2024-06-12 12:51:43,301 [INFO] ImportTextPane:194 - (OptionalMessage_ERROR) IP (DMA) : Parameter (Polarity) has Id (USART2_TX) currently not set
2024-06-12 12:51:43,301 [INFO] ImportTextPane:194 - (OptionalMessage_ERROR) IP (DMA) : Parameter (RequestNumber) has Id (USART2_TX) currently not set
2024-06-12 12:51:43,301 [INFO] ImportTextPane:194 - (OptionalMessage_ERROR) IP (DMA) : Parameter (SyncSignalID) has Id (USART2_TX) currently not set
2024-06-12 12:51:43,301 [INFO] ImportTextPane:194 - (OptionalMessage_ERROR) IP (DMA) : Parameter (SyncPolarity) has Id (USART2_TX) currently not set
2024-06-12 12:51:43,301 [INFO] ImportTextPane:194 - (OptionalMessage_ERROR) IP (DMA) : Parameter (SyncEnable) has Id (USART2_TX) currently not set
2024-06-12 12:51:43,302 [INFO] ImportTextPane:194 - (OptionalMessage_ERROR) IP (DMA) : Parameter (EventEnable) has Id (USART2_TX) currently not set
2024-06-12 12:51:43,302 [INFO] ImportTextPane:194 - (OptionalMessage_ERROR) IP (DMA) : Parameter (SyncRequestNumber) has Id (USART2_TX) currently not set
2024-06-12 12:51:43,302 [INFO] ImportTextPane:194 - (OptionalMessage_ERROR) IP (DMA) : Parameter (Instance) has Id (USART2_RX) currently not set
2024-06-12 12:51:43,302 [INFO] ImportTextPane:194 - (OptionalMessage_ERROR) IP (DMA) : Parameter (Request) has Id (USART2_RX) currently not set
2024-06-12 12:51:43,302 [INFO] ImportTextPane:194 - (OptionalMessage_ERROR) IP (DMA) : Parameter (Direction) has Id (USART2_RX) currently not set
2024-06-12 12:51:43,302 [INFO] ImportTextPane:194 - (OptionalMessage_ERROR) IP (DMA) : Parameter (PeriphInc) has Id (USART2_RX) currently not set
2024-06-12 12:51:43,302 [INFO] ImportTextPane:194 - (OptionalMessage_ERROR) IP (DMA) : Parameter (MemInc) has Id (USART2_RX) currently not set
2024-06-12 12:51:43,302 [INFO] ImportTextPane:194 - (OptionalMessage_ERROR) IP (DMA) : Parameter (PeriphDataAlignment) has Id (USART2_RX) currently not set
2024-06-12 12:51:43,302 [INFO] ImportTextPane:194 - (OptionalMessage_ERROR) IP (DMA) : Parameter (MemDataAlignment) has Id (USART2_RX) currently not set
2024-06-12 12:51:43,302 [INFO] ImportTextPane:194 - (OptionalMessage_ERROR) IP (DMA) : Parameter (Mode) has Id (USART2_RX) currently not set
2024-06-12 12:51:43,302 [INFO] ImportTextPane:194 - (OptionalMessage_ERROR) IP (DMA) : Parameter (Priority) has Id (USART2_RX) currently not set
2024-06-12 12:51:43,302 [INFO] ImportTextPane:194 - (OptionalMessage_ERROR) IP (DMA) : Parameter (SignalID) has Id (USART2_RX) currently not set
2024-06-12 12:51:43,302 [INFO] ImportTextPane:194 - (OptionalMessage_ERROR) IP (DMA) : Parameter (Polarity) has Id (USART2_RX) currently not set
2024-06-12 12:51:43,302 [INFO] ImportTextPane:194 - (OptionalMessage_ERROR) IP (DMA) : Parameter (RequestNumber) has Id (USART2_RX) currently not set
2024-06-12 12:51:43,302 [INFO] ImportTextPane:194 - (OptionalMessage_ERROR) IP (DMA) : Parameter (SyncSignalID) has Id (USART2_RX) currently not set
2024-06-12 12:51:43,302 [INFO] ImportTextPane:194 - (OptionalMessage_ERROR) IP (DMA) : Parameter (SyncPolarity) has Id (USART2_RX) currently not set
2024-06-12 12:51:43,302 [INFO] ImportTextPane:194 - (OptionalMessage_ERROR) IP (DMA) : Parameter (SyncEnable) has Id (USART2_RX) currently not set
2024-06-12 12:51:43,303 [INFO] ImportTextPane:194 - (OptionalMessage_ERROR) IP (DMA) : Parameter (EventEnable) has Id (USART2_RX) currently not set
2024-06-12 12:51:43,303 [INFO] ImportTextPane:194 - (OptionalMessage_ERROR) IP (DMA) : Parameter (SyncRequestNumber) has Id (USART2_RX) currently not set
2024-06-12 12:51:43,304 [INFO] ImportTextPane:194 - (OptionalMessage_ERROR) IP (RCC) : Invalid parameter (FamilyName)
2024-06-12 12:51:43,310 [INFO] ImportTextPane:194 - (OptionalMessage_ERROR) IP (RCC) : Parameter (RNGFreq_Value) has invalid value (170000000)
2024-06-12 12:51:43,310 [INFO] ImportTextPane:194 - (OptionalMessage_ERROR) IP (RCC) : Parameter (USBFreq_Value) has invalid value (170000000)
2024-06-12 12:51:44,466 [INFO] ApiDb:581 - Connected to CubeFinder SQLite database (C:\Users\Phatt\.stmcufinder\plugins\mcufinder\mcu\cube-finder-db.db)
2024-06-12 12:51:44,567 [INFO] ApiDb:668 - CubeFinder database Data Model version=2.1
2024-06-12 12:51:44,567 [INFO] ApiDb:669 - CubeFinder database Configuration version=3.0.39
2024-06-12 12:51:44,567 [INFO] ApiDb:670 - CubeFinder database generation date=2024-04-15 (1713193726)
2024-06-12 12:51:44,568 [INFO] ApiDb:671 - CubeFinder database FW Pack versions=[FP-ATR-ASTRA1_V2.0.0, FP-SNS-FLIGHT1_V5.0.1, FP-SNS-FLIGHT1_V5.0.2, FP-SNS-MOTENV1_V4.3.1, FP-SNS-MOTENV1_V4.3.2, FP-SNS-MOTENVWB1_V1.3.1, FP-SNS-SMARTAG2_V1.2.0, STM32Cube_FW_C0_V1.1.0, STM32Cube_FW_F4_V1.28.0, STM32Cube_FW_F7_V1.17.0, STM32Cube_FW_G0_V1.6.2, STM32Cube_FW_G4_V1.5.2, STM32Cube_FW_H5_V0.5.1, STM32Cube_FW_H5_V1.1.1, STM32Cube_FW_H5_V1.2.0, STM32Cube_FW_H5_V1.2.0RC4, STM32Cube_FW_H7RS_V1.0.0, STM32Cube_FW_H7RS_V1.0.0RC4, STM32Cube_FW_H7_V1.11.0, STM32Cube_FW_L0_V1.12.2, STM32Cube_FW_L5_V1.5.1, STM32Cube_FW_U0_V1.0.0, STM32Cube_FW_U0_V1.0.0RC1, STM32Cube_FW_U5_V1.3.0RC4, STM32Cube_FW_U5_V1.5.0, STM32Cube_FW_U5_V1.5.0RC1, STM32Cube_FW_WBA_V1.0.0RC1, STM32Cube_FW_WBA_V1.2.0, STM32Cube_FW_WBA_V1.2.0RC2, STM32Cube_FW_WBA_V1.3.0, STM32Cube_FW_WBA_V1.3.0RC1, STM32Cube_FW_WB_V1.15.0RC1, STM32Cube_FW_WB_V1.16.0, STM32Cube_FW_WB_V1.16.0RC2, STM32Cube_FW_WB_V1.18.0, STM32Cube_FW_WB_V1.19.0, STM32Cube_FW_WL_V1.3.0, X-CUBE-ALGOBUILD_V1.3.0, X-CUBE-ALS_V1.0.1, X-CUBE-AZRTOS-F4_V1.1.0, X-CUBE-AZRTOS-F7_V1.1.0, X-CUBE-AZRTOS-G0_V1.1.0, X-CUBE-AZRTOS-G4_V2.0.0, X-CUBE-AZRTOS-H7_V3.2.0, X-CUBE-AZRTOS-L4_V1.0.0, X-CUBE-AZRTOS-L4_V2.0.0, X-CUBE-AZRTOS-L5_V1.1.0, X-CUBE-AZRTOS-WB_V2.0.0, X-CUBE-AZRTOS-WL_V2.0.0, X-CUBE-BLE1_V7.0.0, X-CUBE-BLE2_V3.3.0, X-CUBE-BLEMGR_V3.1.0, X-CUBE-EEPRMA1_V4.1.0, X-CUBE-EEPRMA1_V5.1.0, X-CUBE-FREERTOS_V1.1.0, X-CUBE-GNSS1_V6.0.0, X-CUBE-MEMS1_V10.0.0, X-CUBE-MEMS1_V9.1.0, X-CUBE-MEMS1_V9.4.0, X-CUBE-MEMS1_V9.6.0, X-CUBE-NFC4_V3.0.0, X-CUBE-NFC7_V1.0.1, X-CUBE-SFXS2LP1_V4.0.0, X-CUBE-SUBG2_V5.0.0, X-CUBE-TOF1_V3.4.0]
2024-06-12 12:51:44,719 [INFO] DbBoardsSqlite:226 - include board P-NUCLEO-WB55-NUCLEO as a kit item of type 'Nucleo-64'
2024-06-12 12:51:44,719 [INFO] DbBoardsSqlite:226 - include board P-NUCLEO-WB55-USBDONGLE as a kit item of type 'Nucleo USB Dongle'
2024-06-12 12:51:44,721 [INFO] DbBoardsSqlite:226 - include board STEVAL-IDP005V1 as a kit item of type 'Evaluation Board'
2024-06-12 12:51:44,721 [INFO] DbBoardsSqlite:226 - include board STEVAL-IDP005V2 as a kit item of type 'Evaluation Board'
2024-06-12 12:51:45,292 [INFO] ApiDb:240 - Found 483 in-development CPN: [B-G473E-ZEST1S, B-WB1M-WPAN1, B-WL5M-SUBG1, NUCLEO-C031C6, NUCLEO-H503RB, NUCLEO-H533RE, NUCLEO-H563ZI, NUCLEO-H7S3L8, NUCLEO-U031R8, NUCLEO-U083RC, NUCLEO-U545RE-Q, NUCLEO-U5A5ZJ-Q, NUCLEO-WBA52CG, NUCLEO-WBA55CG, STEVAL-PROTEUS1, STEVAL-SMARTAG2, STEVAL-STWINBX1, STM320518-EVAL, STM32C0116-DK, STM32C011D6Y3TR, STM32C011D6Y6TR, STM32C011F4P3, STM32C011F4P6, STM32C011F4U3, STM32C011F4U6TR, STM32C011F6P3, STM32C011F6P6, STM32C011F6U3, STM32C011F6U6TR, STM32C011J4M3, STM32C011J4M6, STM32C011J6M3, STM32C011J6M6, STM32C0316-DK, STM32C031C4T3, STM32C031C4T6, STM32C031C4U3, STM32C031C4U6, STM32C031C6T3, STM32C031C6T6, STM32C031C6U3, STM32C031C6U6, STM32C031F4P3, STM32C031F4P6, STM32C031F6P3, STM32C031F6P6, STM32C031G4U3, STM32C031G4U6, STM32C031G6U3, STM32C031G6U6, STM32C031K4T3, STM32C031K4T6, STM32C031K4U3, STM32C031K4U6, STM32C031K6T3, STM32C031K6T6, STM32C031K6U3, STM32C031K6U6, STM32G071K8TXN, STM32G071K8UXN, STM32G081GBU6N, STM32G081KBT6N, STM32G081KBUXN, STM32G0B1CCT6N, STM32G0B1KCT6, STM32G0B1NEY6TR, STM32G0B1RCT6N, STM32G0C1CCT6, STM32G0C1CCT6N, STM32G0C1CCU6N, STM32G0C1CET6N, STM32G0C1CEU6N, STM32G0C1KCT6, STM32G0C1NEY6TR, STM32G0C1RCI6N, STM32G0C1RCT6N, STM32G0C1REI6N, STM32G0C1RET6N, STM32G0C1VCI6, STM32G0C1VEI6, STM32G471CCT6, STM32G471CCU6, STM32G471CET3, STM32G471CET6, STM32G471CEU3, STM32G471CEU6, STM32G471MCT6, STM32G471MET3, STM32G471MET6, STM32G471MEY6TR, STM32G471QCT6, STM32G471QET3, STM32G471RCT6, STM32G471RET3, STM32G471RET6, STM32G471VCH6, STM32G471VCI6, STM32G471VCT6, STM32G471VEH3, STM32G471VEH6, STM32G471VEI3, STM32G471VEI6, STM32G471VET3, STM32G471VET6, STM32G474CCT6, STM32H503CBT6, STM32H503CBU6, STM32H503EBY6TR, STM32H503KBU6, STM32H503RBT6, STM32H523CCT6, STM32H523CCU6, STM32H523CET6, STM32H523CEU6, STM32H523HEY6TR, STM32H523RCT6, STM32H523RET6, STM32H523VCI6, STM32H523VCT6, STM32H523VEI6, STM32H523VET6, STM32H523ZCJ6, STM32H523ZCT6, STM32H523ZEJ6, STM32H523ZET6, STM32H533CET6, STM32H533CEU6, STM32H533HEY6TR, STM32H533RET6, STM32H533VEI6, STM32H533VET6, STM32H533ZEJ6, STM32H533ZET6, STM32H562AGI6, STM32H562AII6, STM32H562IGK6, STM32H562IGT6, STM32H562IIK6, STM32H562IIT6, STM32H562RGT6, STM32H562RGV6, STM32H562RIT6, STM32H562RIV6, STM32H562VGT6, STM32H562VIT6, STM32H562ZGT6, STM32H562ZIT6, STM32H563AGI6, STM32H563AII3Q, STM32H563AII6, STM32H563IGK6, STM32H563IGT6, STM32H563IIK3Q, STM32H563IIK6, STM32H563IIT3Q, STM32H563IIT6, STM32H563MIY3QTR, STM32H563RGT6, STM32H563RGV6, STM32H563RIT6, STM32H563RIV6, STM32H563VGT6, STM32H563VIT3Q, STM32H563VIT6, STM32H563ZGT6, STM32H563ZIT3Q, STM32H563ZIT6, STM32H573AII3Q, STM32H573AII6, STM32H573I-DK, STM32H573IIK3Q, STM32H573IIK6, STM32H573IIT3Q, STM32H573IIT6, STM32H573MIY3QTR, STM32H573RIT6, STM32H573RIV6, STM32H573VIT3Q, STM32H573VIT6, STM32H573ZIT3Q, STM32H573ZIT6, STM32H7R3A8I6, STM32H7R3I8K6, STM32H7R3I8T6, STM32H7R3L8H6, STM32H7R3L8H6H, STM32H7R3R8V6, STM32H7R3V8H6, STM32H7R3V8T6, STM32H7R3V8Y6, STM32H7R3Z8J6, STM32H7R3Z8T6, STM32H7R7A8I6, STM32H7R7I8K6, STM32H7R7I8T6, STM32H7R7L8H6, STM32H7R7L8H6H, STM32H7R7Z8J6, STM32H7S3A8I6, STM32H7S3I8K6, STM32H7S3I8T6, STM32H7S3L8H6, STM32H7S3L8H6H, STM32H7S3R8V6, STM32H7S3V8H6, STM32H7S3V8T6, STM32H7S3V8Y6, STM32H7S3Z8J6, STM32H7S3Z8T6, STM32H7S78-DK, STM32H7S7A8I6, STM32H7S7I8K6, STM32H7S7I8T6, STM32H7S7L8H6, STM32H7S7L8H6H, STM32H7S7Z8J6, STM32L4R5QGI6STR, STM32MP131AAE3, STM32MP131AAF3, STM32MP131AAG3, STM32MP131CAE3, STM32MP131CAF3, STM32MP131CAG3, STM32MP131DAE7, STM32MP131DAF7, STM32MP131DAG7, STM32MP131FAE7, STM32MP131FAF7, STM32MP131FAG7, STM32MP133AAE3, STM32MP133AAF3, STM32MP133AAG3, STM32MP133CAE3, STM32MP133CAF3, STM32MP133CAG3, STM32MP133DAE7, STM32MP133DAF7, STM32MP133DAG7, STM32MP133FAE7, STM32MP133FAF7, STM32MP133FAG7, STM32MP135AAE3, STM32MP135AAF3, STM32MP135AAG3, STM32MP135CAE3, STM32MP135CAF3, STM32MP135CAG3, STM32MP135DAE7, STM32MP135DAF7, STM32MP135DAG7, STM32MP135F-DK, STM32MP135FAE7, STM32MP135FAF7, STM32MP135FAF7T, STM32MP135FAF7U, STM32MP135FAG7, STM32U031C6T6, STM32U031C6U6, STM32U031C8T6, STM32U031C8U6, STM32U031F4P6, STM32U031F6P6, STM32U031F8P6, STM32U031G6Y6TR, STM32U031G8Y6TR, STM32U031K4U6, STM32U031K6U6, STM32U031K8U6, STM32U031R6I6, STM32U031R6T6, STM32U031R8I6, STM32U031R8T6, STM32U073C8T6, STM32U073C8U6, STM32U073CBT6, STM32U073CBU6, STM32U073CCT6, STM32U073CCU6, STM32U073H8Y6TR, STM32U073HBY6TR, STM32U073HCY6TR, STM32U073K8U6, STM32U073KBU6, STM32U073KCU6, STM32U073M8I6, STM32U073M8T6, STM32U073MBI6, STM32U073MBT6, STM32U073MCI6, STM32U073MCT6, STM32U073R8I6, STM32U073R8T6, STM32U073RBI6, STM32U073RBT6, STM32U073RCI6, STM32U073RCT6, STM32U083C-DK, STM32U083CCT6, STM32U083CCU6, STM32U083HCY6TR, STM32U083KCU6, STM32U083MCI6, STM32U083MCT6, STM32U083RCI6, STM32U083RCT6, STM32U535CBT6, STM32U535CBT6Q, STM32U535CBU6, STM32U535CBU6Q, STM32U535CCT6, STM32U535CCT6Q, STM32U535CCU6, STM32U535CCU6Q, STM32U535CET6, STM32U535CET6Q, STM32U535CEU6, STM32U535CEU6Q, STM32U535JEY6QTR, STM32U535NCY6QTR, STM32U535NEY6QTR, STM32U535RBI6, STM32U535RBI6Q, STM32U535RBT6, STM32U535RBT6Q, STM32U535RCI6, STM32U535RCI6Q, STM32U535RCT6, STM32U535RCT6Q, STM32U535REI6, STM32U535REI6Q, STM32U535RET6, STM32U535RET6Q, STM32U535VCI6, STM32U535VCI6Q, STM32U535VCT6, STM32U535VCT6Q, STM32U535VEI6, STM32U535VEI6Q, STM32U535VET6, STM32U535VET6Q, STM32U545CET6, STM32U545CET6Q, STM32U545CEU6, STM32U545CEU6Q, STM32U545JEY6QTR, STM32U545NEY6QTR, STM32U545REI6, STM32U545REI6Q, STM32U545RET6, STM32U545RET6Q, STM32U545VEI6, STM32U545VEI6Q, STM32U545VET6, STM32U545VET6Q, STM32U595AIH6, STM32U595AIH6Q, STM32U595AJH6, STM32U595AJH6Q, STM32U595QII6, STM32U595QII6Q, STM32U595QJI6, STM32U595QJI6Q, STM32U595RIT6, STM32U595RIT6Q, STM32U595RJT6, STM32U595RJT6Q, STM32U595VIT6, STM32U595VIT6Q, STM32U595VJT6, STM32U595VJT6Q, STM32U595ZIT6, STM32U595ZIT6Q, STM32U595ZIY6QTR, STM32U595ZJT6, STM32U595ZJT6Q, STM32U595ZJY6QTR, STM32U599BJY6QTR, STM32U599NIH6Q, STM32U599NJH6Q, STM32U599VIT6Q, STM32U599VJT6, STM32U599VJT6Q, STM32U599ZIT6Q, STM32U599ZIY6QTR, STM32U599ZJT6Q, STM32U599ZJY6QTR, STM32U5A5AJH6, STM32U5A5AJH6Q, STM32U5A5QII3Q , STM32U5A5QJI6, STM32U5A5QJI6Q, STM32U5A5RJT6, STM32U5A5RJT6Q, STM32U5A5VJT6, STM32U5A5VJT6Q, STM32U5A5ZJT6, STM32U5A5ZJT6Q, STM32U5A5ZJY6QTR, STM32U5A9BJY6QTR, STM32U5A9J-DK, STM32U5A9NJH6Q, STM32U5A9VJT6Q, STM32U5A9ZJT6Q, STM32U5A9ZJY6QTR, STM32U5F7VIT6, STM32U5F7VIT6Q, STM32U5F7VJT6, STM32U5F7VJT6Q, STM32U5F9BJY6QTR, STM32U5F9NJH6Q, STM32U5F9VIT6Q, STM32U5F9VJT6Q, STM32U5F9ZIJ6QTR, STM32U5F9ZIT6Q, STM32U5F9ZJJ6QTR, STM32U5F9ZJT6Q, STM32U5G7VJT6, STM32U5G7VJT6Q, STM32U5G9BJY6QTR, STM32U5G9J-DK1, STM32U5G9J-DK2, STM32U5G9NJH6Q, STM32U5G9VJT6Q, STM32U5G9ZJJ6QTR, STM32U5G9ZJT6Q, STM32WB1MMCH6, STM32WBA50KEU6, STM32WBA50KEU6TR, STM32WBA50KGU6, STM32WBA50KGU6TR, STM32WBA52CEU6, STM32WBA52CEU6TR, STM32WBA52CEU7, STM32WBA52CEU7TR, STM32WBA52CGU6, STM32WBA52CGU6TR, STM32WBA52CGU6U, STM32WBA52CGU7, STM32WBA52CGU7TR, STM32WBA52KEU6, STM32WBA52KEU6TR, STM32WBA52KGU6, STM32WBA52KGU6TR, STM32WBA54CEU6, STM32WBA54CEU6TR, STM32WBA54CEU7, STM32WBA54CEU7TR, STM32WBA54CGU6, STM32WBA54CGU6TR, STM32WBA54CGU7, STM32WBA54CGU7TR, STM32WBA54KEU6, STM32WBA54KEU6TR, STM32WBA54KEU7, STM32WBA54KEU7TR, STM32WBA54KGU6, STM32WBA54KGU6TR, STM32WBA54KGU7, STM32WBA54KGU7TR, STM32WBA55CEU6, STM32WBA55CEU6TR, STM32WBA55CEU7, STM32WBA55CEU7TR, STM32WBA55CGU6, STM32WBA55CGU6TR, STM32WBA55CGU6U, STM32WBA55CGU7, STM32WBA55CGU7TR, STM32WBA55G-DK1, STM32WBA55HEF6, STM32WBA55HEF7, STM32WBA55HGF6, STM32WBA55HGF7, STM32WBA55UEI6, STM32WBA55UEI6TR, STM32WBA55UEI7, STM32WBA55UEI7TR, STM32WBA55UGI6, STM32WBA55UGI6TR, STM32WBA55UGI7, STM32WBA55UGI7TR, STM32WL5MOCH6, STM32WL5MOCH6TR]
2024-06-12 12:51:45,440 [INFO] BoardInfo:889 - No configuration file found for board P-NUCLEO-WB55
2024-06-12 12:51:45,441 [INFO] DbBoards:161 - Kit is not supported: P-NUCLEO-WB55
2024-06-12 12:51:45,446 [INFO] BoardInfo:889 - No configuration file found for board STEVAL-BFA001V1B
2024-06-12 12:51:45,446 [INFO] DbBoards:161 - Kit is not supported: STEVAL-BFA001V1B
2024-06-12 12:51:45,447 [INFO] BoardInfo:889 - No configuration file found for board STEVAL-BFA001V2B
2024-06-12 12:51:45,447 [INFO] DbBoards:161 - Kit is not supported: STEVAL-BFA001V2B
2024-06-12 12:51:45,596 [INFO] DbBoards:168 - Found 199 boards, 196 are supported
2024-06-12 12:51:45,597 [INFO] DbBoards:169 - Found 199 boards, 8 of them is supported for  Bsp
2024-06-12 12:51:45,600 [INFO] ApiDb:668 - CubeFinder database Data Model version=2.1
2024-06-12 12:51:45,600 [INFO] ApiDb:669 - CubeFinder database Configuration version=3.0.39
2024-06-12 12:51:45,600 [INFO] ApiDb:670 - CubeFinder database generation date=2024-04-15 (1713193726)
2024-06-12 12:51:45,600 [INFO] ApiDb:671 - CubeFinder database FW Pack versions=[FP-ATR-ASTRA1_V2.0.0, FP-SNS-FLIGHT1_V5.0.1, FP-SNS-FLIGHT1_V5.0.2, FP-SNS-MOTENV1_V4.3.1, FP-SNS-MOTENV1_V4.3.2, FP-SNS-MOTENVWB1_V1.3.1, FP-SNS-SMARTAG2_V1.2.0, STM32Cube_FW_C0_V1.1.0, STM32Cube_FW_F4_V1.28.0, STM32Cube_FW_F7_V1.17.0, STM32Cube_FW_G0_V1.6.2, STM32Cube_FW_G4_V1.5.2, STM32Cube_FW_H5_V0.5.1, STM32Cube_FW_H5_V1.1.1, STM32Cube_FW_H5_V1.2.0, STM32Cube_FW_H5_V1.2.0RC4, STM32Cube_FW_H7RS_V1.0.0, STM32Cube_FW_H7RS_V1.0.0RC4, STM32Cube_FW_H7_V1.11.0, STM32Cube_FW_L0_V1.12.2, STM32Cube_FW_L5_V1.5.1, STM32Cube_FW_U0_V1.0.0, STM32Cube_FW_U0_V1.0.0RC1, STM32Cube_FW_U5_V1.3.0RC4, STM32Cube_FW_U5_V1.5.0, STM32Cube_FW_U5_V1.5.0RC1, STM32Cube_FW_WBA_V1.0.0RC1, STM32Cube_FW_WBA_V1.2.0, STM32Cube_FW_WBA_V1.2.0RC2, STM32Cube_FW_WBA_V1.3.0, STM32Cube_FW_WBA_V1.3.0RC1, STM32Cube_FW_WB_V1.15.0RC1, STM32Cube_FW_WB_V1.16.0, STM32Cube_FW_WB_V1.16.0RC2, STM32Cube_FW_WB_V1.18.0, STM32Cube_FW_WB_V1.19.0, STM32Cube_FW_WL_V1.3.0, X-CUBE-ALGOBUILD_V1.3.0, X-CUBE-ALS_V1.0.1, X-CUBE-AZRTOS-F4_V1.1.0, X-CUBE-AZRTOS-F7_V1.1.0, X-CUBE-AZRTOS-G0_V1.1.0, X-CUBE-AZRTOS-G4_V2.0.0, X-CUBE-AZRTOS-H7_V3.2.0, X-CUBE-AZRTOS-L4_V1.0.0, X-CUBE-AZRTOS-L4_V2.0.0, X-CUBE-AZRTOS-L5_V1.1.0, X-CUBE-AZRTOS-WB_V2.0.0, X-CUBE-AZRTOS-WL_V2.0.0, X-CUBE-BLE1_V7.0.0, X-CUBE-BLE2_V3.3.0, X-CUBE-BLEMGR_V3.1.0, X-CUBE-EEPRMA1_V4.1.0, X-CUBE-EEPRMA1_V5.1.0, X-CUBE-FREERTOS_V1.1.0, X-CUBE-GNSS1_V6.0.0, X-CUBE-MEMS1_V10.0.0, X-CUBE-MEMS1_V9.1.0, X-CUBE-MEMS1_V9.4.0, X-CUBE-MEMS1_V9.6.0, X-CUBE-NFC4_V3.0.0, X-CUBE-NFC7_V1.0.1, X-CUBE-SFXS2LP1_V4.0.0, X-CUBE-SUBG2_V5.0.0, X-CUBE-TOF1_V3.4.0]
2024-06-12 12:51:47,432 [INFO] ApiDb:240 - Found 483 in-development CPN: [B-G473E-ZEST1S, B-WB1M-WPAN1, B-WL5M-SUBG1, NUCLEO-C031C6, NUCLEO-H503RB, NUCLEO-H533RE, NUCLEO-H563ZI, NUCLEO-H7S3L8, NUCLEO-U031R8, NUCLEO-U083RC, NUCLEO-U545RE-Q, NUCLEO-U5A5ZJ-Q, NUCLEO-WBA52CG, NUCLEO-WBA55CG, STEVAL-PROTEUS1, STEVAL-SMARTAG2, STEVAL-STWINBX1, STM320518-EVAL, STM32C0116-DK, STM32C011D6Y3TR, STM32C011D6Y6TR, STM32C011F4P3, STM32C011F4P6, STM32C011F4U3, STM32C011F4U6TR, STM32C011F6P3, STM32C011F6P6, STM32C011F6U3, STM32C011F6U6TR, STM32C011J4M3, STM32C011J4M6, STM32C011J6M3, STM32C011J6M6, STM32C0316-DK, STM32C031C4T3, STM32C031C4T6, STM32C031C4U3, STM32C031C4U6, STM32C031C6T3, STM32C031C6T6, STM32C031C6U3, STM32C031C6U6, STM32C031F4P3, STM32C031F4P6, STM32C031F6P3, STM32C031F6P6, STM32C031G4U3, STM32C031G4U6, STM32C031G6U3, STM32C031G6U6, STM32C031K4T3, STM32C031K4T6, STM32C031K4U3, STM32C031K4U6, STM32C031K6T3, STM32C031K6T6, STM32C031K6U3, STM32C031K6U6, STM32G071K8TXN, STM32G071K8UXN, STM32G081GBU6N, STM32G081KBT6N, STM32G081KBUXN, STM32G0B1CCT6N, STM32G0B1KCT6, STM32G0B1NEY6TR, STM32G0B1RCT6N, STM32G0C1CCT6, STM32G0C1CCT6N, STM32G0C1CCU6N, STM32G0C1CET6N, STM32G0C1CEU6N, STM32G0C1KCT6, STM32G0C1NEY6TR, STM32G0C1RCI6N, STM32G0C1RCT6N, STM32G0C1REI6N, STM32G0C1RET6N, STM32G0C1VCI6, STM32G0C1VEI6, STM32G471CCT6, STM32G471CCU6, STM32G471CET3, STM32G471CET6, STM32G471CEU3, STM32G471CEU6, STM32G471MCT6, STM32G471MET3, STM32G471MET6, STM32G471MEY6TR, STM32G471QCT6, STM32G471QET3, STM32G471RCT6, STM32G471RET3, STM32G471RET6, STM32G471VCH6, STM32G471VCI6, STM32G471VCT6, STM32G471VEH3, STM32G471VEH6, STM32G471VEI3, STM32G471VEI6, STM32G471VET3, STM32G471VET6, STM32G474CCT6, STM32H503CBT6, STM32H503CBU6, STM32H503EBY6TR, STM32H503KBU6, STM32H503RBT6, STM32H523CCT6, STM32H523CCU6, STM32H523CET6, STM32H523CEU6, STM32H523HEY6TR, STM32H523RCT6, STM32H523RET6, STM32H523VCI6, STM32H523VCT6, STM32H523VEI6, STM32H523VET6, STM32H523ZCJ6, STM32H523ZCT6, STM32H523ZEJ6, STM32H523ZET6, STM32H533CET6, STM32H533CEU6, STM32H533HEY6TR, STM32H533RET6, STM32H533VEI6, STM32H533VET6, STM32H533ZEJ6, STM32H533ZET6, STM32H562AGI6, STM32H562AII6, STM32H562IGK6, STM32H562IGT6, STM32H562IIK6, STM32H562IIT6, STM32H562RGT6, STM32H562RGV6, STM32H562RIT6, STM32H562RIV6, STM32H562VGT6, STM32H562VIT6, STM32H562ZGT6, STM32H562ZIT6, STM32H563AGI6, STM32H563AII3Q, STM32H563AII6, STM32H563IGK6, STM32H563IGT6, STM32H563IIK3Q, STM32H563IIK6, STM32H563IIT3Q, STM32H563IIT6, STM32H563MIY3QTR, STM32H563RGT6, STM32H563RGV6, STM32H563RIT6, STM32H563RIV6, STM32H563VGT6, STM32H563VIT3Q, STM32H563VIT6, STM32H563ZGT6, STM32H563ZIT3Q, STM32H563ZIT6, STM32H573AII3Q, STM32H573AII6, STM32H573I-DK, STM32H573IIK3Q, STM32H573IIK6, STM32H573IIT3Q, STM32H573IIT6, STM32H573MIY3QTR, STM32H573RIT6, STM32H573RIV6, STM32H573VIT3Q, STM32H573VIT6, STM32H573ZIT3Q, STM32H573ZIT6, STM32H7R3A8I6, STM32H7R3I8K6, STM32H7R3I8T6, STM32H7R3L8H6, STM32H7R3L8H6H, STM32H7R3R8V6, STM32H7R3V8H6, STM32H7R3V8T6, STM32H7R3V8Y6, STM32H7R3Z8J6, STM32H7R3Z8T6, STM32H7R7A8I6, STM32H7R7I8K6, STM32H7R7I8T6, STM32H7R7L8H6, STM32H7R7L8H6H, STM32H7R7Z8J6, STM32H7S3A8I6, STM32H7S3I8K6, STM32H7S3I8T6, STM32H7S3L8H6, STM32H7S3L8H6H, STM32H7S3R8V6, STM32H7S3V8H6, STM32H7S3V8T6, STM32H7S3V8Y6, STM32H7S3Z8J6, STM32H7S3Z8T6, STM32H7S78-DK, STM32H7S7A8I6, STM32H7S7I8K6, STM32H7S7I8T6, STM32H7S7L8H6, STM32H7S7L8H6H, STM32H7S7Z8J6, STM32L4R5QGI6STR, STM32MP131AAE3, STM32MP131AAF3, STM32MP131AAG3, STM32MP131CAE3, STM32MP131CAF3, STM32MP131CAG3, STM32MP131DAE7, STM32MP131DAF7, STM32MP131DAG7, STM32MP131FAE7, STM32MP131FAF7, STM32MP131FAG7, STM32MP133AAE3, STM32MP133AAF3, STM32MP133AAG3, STM32MP133CAE3, STM32MP133CAF3, STM32MP133CAG3, STM32MP133DAE7, STM32MP133DAF7, STM32MP133DAG7, STM32MP133FAE7, STM32MP133FAF7, STM32MP133FAG7, STM32MP135AAE3, STM32MP135AAF3, STM32MP135AAG3, STM32MP135CAE3, STM32MP135CAF3, STM32MP135CAG3, STM32MP135DAE7, STM32MP135DAF7, STM32MP135DAG7, STM32MP135F-DK, STM32MP135FAE7, STM32MP135FAF7, STM32MP135FAF7T, STM32MP135FAF7U, STM32MP135FAG7, STM32U031C6T6, STM32U031C6U6, STM32U031C8T6, STM32U031C8U6, STM32U031F4P6, STM32U031F6P6, STM32U031F8P6, STM32U031G6Y6TR, STM32U031G8Y6TR, STM32U031K4U6, STM32U031K6U6, STM32U031K8U6, STM32U031R6I6, STM32U031R6T6, STM32U031R8I6, STM32U031R8T6, STM32U073C8T6, STM32U073C8U6, STM32U073CBT6, STM32U073CBU6, STM32U073CCT6, STM32U073CCU6, STM32U073H8Y6TR, STM32U073HBY6TR, STM32U073HCY6TR, STM32U073K8U6, STM32U073KBU6, STM32U073KCU6, STM32U073M8I6, STM32U073M8T6, STM32U073MBI6, STM32U073MBT6, STM32U073MCI6, STM32U073MCT6, STM32U073R8I6, STM32U073R8T6, STM32U073RBI6, STM32U073RBT6, STM32U073RCI6, STM32U073RCT6, STM32U083C-DK, STM32U083CCT6, STM32U083CCU6, STM32U083HCY6TR, STM32U083KCU6, STM32U083MCI6, STM32U083MCT6, STM32U083RCI6, STM32U083RCT6, STM32U535CBT6, STM32U535CBT6Q, STM32U535CBU6, STM32U535CBU6Q, STM32U535CCT6, STM32U535CCT6Q, STM32U535CCU6, STM32U535CCU6Q, STM32U535CET6, STM32U535CET6Q, STM32U535CEU6, STM32U535CEU6Q, STM32U535JEY6QTR, STM32U535NCY6QTR, STM32U535NEY6QTR, STM32U535RBI6, STM32U535RBI6Q, STM32U535RBT6, STM32U535RBT6Q, STM32U535RCI6, STM32U535RCI6Q, STM32U535RCT6, STM32U535RCT6Q, STM32U535REI6, STM32U535REI6Q, STM32U535RET6, STM32U535RET6Q, STM32U535VCI6, STM32U535VCI6Q, STM32U535VCT6, STM32U535VCT6Q, STM32U535VEI6, STM32U535VEI6Q, STM32U535VET6, STM32U535VET6Q, STM32U545CET6, STM32U545CET6Q, STM32U545CEU6, STM32U545CEU6Q, STM32U545JEY6QTR, STM32U545NEY6QTR, STM32U545REI6, STM32U545REI6Q, STM32U545RET6, STM32U545RET6Q, STM32U545VEI6, STM32U545VEI6Q, STM32U545VET6, STM32U545VET6Q, STM32U595AIH6, STM32U595AIH6Q, STM32U595AJH6, STM32U595AJH6Q, STM32U595QII6, STM32U595QII6Q, STM32U595QJI6, STM32U595QJI6Q, STM32U595RIT6, STM32U595RIT6Q, STM32U595RJT6, STM32U595RJT6Q, STM32U595VIT6, STM32U595VIT6Q, STM32U595VJT6, STM32U595VJT6Q, STM32U595ZIT6, STM32U595ZIT6Q, STM32U595ZIY6QTR, STM32U595ZJT6, STM32U595ZJT6Q, STM32U595ZJY6QTR, STM32U599BJY6QTR, STM32U599NIH6Q, STM32U599NJH6Q, STM32U599VIT6Q, STM32U599VJT6, STM32U599VJT6Q, STM32U599ZIT6Q, STM32U599ZIY6QTR, STM32U599ZJT6Q, STM32U599ZJY6QTR, STM32U5A5AJH6, STM32U5A5AJH6Q, STM32U5A5QII3Q , STM32U5A5QJI6, STM32U5A5QJI6Q, STM32U5A5RJT6, STM32U5A5RJT6Q, STM32U5A5VJT6, STM32U5A5VJT6Q, STM32U5A5ZJT6, STM32U5A5ZJT6Q, STM32U5A5ZJY6QTR, STM32U5A9BJY6QTR, STM32U5A9J-DK, STM32U5A9NJH6Q, STM32U5A9VJT6Q, STM32U5A9ZJT6Q, STM32U5A9ZJY6QTR, STM32U5F7VIT6, STM32U5F7VIT6Q, STM32U5F7VJT6, STM32U5F7VJT6Q, STM32U5F9BJY6QTR, STM32U5F9NJH6Q, STM32U5F9VIT6Q, STM32U5F9VJT6Q, STM32U5F9ZIJ6QTR, STM32U5F9ZIT6Q, STM32U5F9ZJJ6QTR, STM32U5F9ZJT6Q, STM32U5G7VJT6, STM32U5G7VJT6Q, STM32U5G9BJY6QTR, STM32U5G9J-DK1, STM32U5G9J-DK2, STM32U5G9NJH6Q, STM32U5G9VJT6Q, STM32U5G9ZJJ6QTR, STM32U5G9ZJT6Q, STM32WB1MMCH6, STM32WBA50KEU6, STM32WBA50KEU6TR, STM32WBA50KGU6, STM32WBA50KGU6TR, STM32WBA52CEU6, STM32WBA52CEU6TR, STM32WBA52CEU7, STM32WBA52CEU7TR, STM32WBA52CGU6, STM32WBA52CGU6TR, STM32WBA52CGU6U, STM32WBA52CGU7, STM32WBA52CGU7TR, STM32WBA52KEU6, STM32WBA52KEU6TR, STM32WBA52KGU6, STM32WBA52KGU6TR, STM32WBA54CEU6, STM32WBA54CEU6TR, STM32WBA54CEU7, STM32WBA54CEU7TR, STM32WBA54CGU6, STM32WBA54CGU6TR, STM32WBA54CGU7, STM32WBA54CGU7TR, STM32WBA54KEU6, STM32WBA54KEU6TR, STM32WBA54KEU7, STM32WBA54KEU7TR, STM32WBA54KGU6, STM32WBA54KGU6TR, STM32WBA54KGU7, STM32WBA54KGU7TR, STM32WBA55CEU6, STM32WBA55CEU6TR, STM32WBA55CEU7, STM32WBA55CEU7TR, STM32WBA55CGU6, STM32WBA55CGU6TR, STM32WBA55CGU6U, STM32WBA55CGU7, STM32WBA55CGU7TR, STM32WBA55G-DK1, STM32WBA55HEF6, STM32WBA55HEF7, STM32WBA55HGF6, STM32WBA55HGF7, STM32WBA55UEI6, STM32WBA55UEI6TR, STM32WBA55UEI7, STM32WBA55UEI7TR, STM32WBA55UGI6, STM32WBA55UGI6TR, STM32WBA55UGI7, STM32WBA55UGI7TR, STM32WL5MOCH6, STM32WL5MOCH6TR]
2024-06-12 12:51:47,435 [INFO] DbMcus:218 - Found 4096 MCUs, 4096 are supported
2024-06-12 12:51:47,435 [INFO] ApiDb:423 - Load user favorites file C:\Users\Phatt/.stm32cubeide/favorites.mcus.txt: 0 item(s)
2024-06-12 12:51:47,436 [INFO] ApiDb:427 - User favorites MCUs=[]
2024-06-12 12:51:47,436 [INFO] DbMcus:224 - Set 0 / 0 favorites MCUs
2024-06-12 12:51:47,772 [INFO] ApiDb:423 - Load user favorites file C:\Users\Phatt/.stm32cubeide/favorites.boards.txt: 0 item(s)
2024-06-12 12:51:47,772 [INFO] ApiDb:427 - User favorites Boards=[]
2024-06-12 12:51:47,772 [INFO] DbBoards:198 - Set 0 / 0 favorites Boards
2024-06-12 12:51:47,848 [INFO] UtilMem:75 - End LoadConfig() Used Memory: 879150224 Bytes (1073741824)
2024-06-12 12:51:48,033 [WARN] ThirdParty:833 - waiting for thirdparty lock release [change project]
2024-06-12 12:51:48,033 [INFO] ThirdParty:835 - entering critical section [change project]
2024-06-12 12:51:48,033 [INFO] ThirdParty:1030 - CMSIS Pack Vendor :STMicroelectronics X-CUBE-ISPU 1.1.0
2024-06-12 12:51:48,033 [INFO] ThirdParty:1030 - CMSIS Pack Vendor :STMicroelectronics USBPD 4.1
2024-06-12 12:51:48,033 [INFO] ThirdParty:1030 - CMSIS Pack Vendor :STMicroelectronics X-CUBE-GNSS1 6.0.0
2024-06-12 12:51:48,033 [INFO] ThirdParty:1030 - CMSIS Pack Vendor :STMicroelectronics USB_HOST 2.0.0
2024-06-12 12:51:48,033 [INFO] ThirdParty:1030 - CMSIS Pack Vendor :STMicroelectronics FP-SNS-MOTENVWB1 1.4.0
2024-06-12 12:51:48,033 [INFO] ThirdParty:1030 - CMSIS Pack Vendor :STMicroelectronics X-CUBE-AZRTOS-F4 1.1.0
2024-06-12 12:51:48,033 [INFO] ThirdParty:1030 - CMSIS Pack Vendor :STMicroelectronics LIBJPEG 8.0.0
2024-06-12 12:51:48,033 [INFO] ThirdParty:1030 - CMSIS Pack Vendor :wolfSSL I-CUBE-wolfSSL 5.6.3
2024-06-12 12:51:48,034 [INFO] ThirdParty:1030 - CMSIS Pack Vendor :STMicroelectronics X-CUBE-SMBUS 2.1.0
2024-06-12 12:51:48,034 [INFO] ThirdParty:1030 - CMSIS Pack Vendor :STMicroelectronics USB_DEVICE 3.0.0
2024-06-12 12:51:48,034 [INFO] ThirdParty:1030 - CMSIS Pack Vendor :STMicroelectronics X-CUBE-TCPP 4.1.0
2024-06-12 12:51:48,034 [INFO] ThirdParty:1030 - CMSIS Pack Vendor :STMicroelectronics X-CUBE-FREERTOS 1.2.0
2024-06-12 12:51:48,034 [INFO] ThirdParty:1030 - CMSIS Pack Vendor :STMicroelectronics X-CUBE-AZRTOS-WB 2.0.0
2024-06-12 12:51:48,034 [INFO] ThirdParty:1030 - CMSIS Pack Vendor :STMicroelectronics X-CUBE-TOUCHGFX 4.23.0
2024-06-12 12:51:48,034 [INFO] ThirdParty:1030 - CMSIS Pack Vendor :STMicroelectronics X-CUBE-TOUCHGFX 4.23.2
2024-06-12 12:51:48,034 [INFO] ThirdParty:1030 - CMSIS Pack Vendor :STMicroelectronics X-CUBE-AZRTOS-F7 1.1.0
2024-06-12 12:51:48,034 [INFO] ThirdParty:1030 - CMSIS Pack Vendor :STMicroelectronics X-CUBE-AZRTOS-L5 2.0.0
2024-06-12 12:51:48,034 [INFO] ThirdParty:1030 - CMSIS Pack Vendor :STMicroelectronics USB_DEVICE 2.0.0
2024-06-12 12:51:48,034 [INFO] ThirdParty:1030 - CMSIS Pack Vendor :STMicroelectronics X-CUBE-EEPRMA1 4.2.0
2024-06-12 12:51:48,034 [INFO] ThirdParty:1030 - CMSIS Pack Vendor :STMicroelectronics X-CUBE-NFC6 3.1.0
2024-06-12 12:51:48,034 [INFO] ThirdParty:1030 - CMSIS Pack Vendor :ITTIA_DB I-CUBE-ITTIADB 8.8.0
2024-06-12 12:51:48,034 [INFO] ThirdParty:1030 - CMSIS Pack Vendor :STMicroelectronics FP-SNS-MOTENV1 4.3.2
2024-06-12 12:51:48,034 [INFO] ThirdParty:1030 - CMSIS Pack Vendor :ARM CMSIS-DSP 1.15.0
2024-06-12 12:51:48,034 [INFO] ThirdParty:1030 - CMSIS Pack Vendor :STMicroelectronics X-CUBE-ALGOBUILD 1.3.0
2024-06-12 12:51:48,034 [INFO] ThirdParty:1030 - CMSIS Pack Vendor :STMicroelectronics FreeRTOS 0.0.1
2024-06-12 12:51:48,034 [INFO] ThirdParty:1030 - CMSIS Pack Vendor :STMicroelectronics X-CUBE-AZRTOS-G0 1.1.0
2024-06-12 12:51:48,034 [INFO] ThirdParty:1030 - CMSIS Pack Vendor :STMicroelectronics X-CUBE-BLEMGR 2.0.0
2024-06-12 12:51:48,034 [INFO] ThirdParty:1030 - CMSIS Pack Vendor :STMicroelectronics X-CUBE-SAFEA1 1.2.2
2024-06-12 12:51:48,034 [INFO] ThirdParty:1030 - CMSIS Pack Vendor :STMicroelectronics X-CUBE-NFC4 3.0.0
2024-06-12 12:51:48,034 [INFO] ThirdParty:1030 - CMSIS Pack Vendor :STMicroelectronics X-CUBE-SUBG2 5.0.0
2024-06-12 12:51:48,034 [INFO] ThirdParty:1030 - CMSIS Pack Vendor :STMicroelectronics STM32_WPAN 1.0.0
2024-06-12 12:51:48,034 [INFO] ThirdParty:1030 - CMSIS Pack Vendor :STMicroelectronics lwIP 2.0.3
2024-06-12 12:51:48,034 [INFO] ThirdParty:1030 - CMSIS Pack Vendor :STMicroelectronics FP-SNS-FLIGHT1 5.0.2
2024-06-12 12:51:48,034 [INFO] ThirdParty:1030 - CMSIS Pack Vendor :Cesanta I-CUBE-Mongoose 7.13.0
2024-06-12 12:51:48,035 [INFO] ThirdParty:1030 - CMSIS Pack Vendor :STMicroelectronics USB_HOST 1.0.0
2024-06-12 12:51:48,035 [INFO] ThirdParty:1030 - CMSIS Pack Vendor :STMicroelectronics X-CUBE-TOF1 3.3.1
2024-06-12 12:51:48,035 [INFO] ThirdParty:1030 - CMSIS Pack Vendor :STMicroelectronics X-CUBE-AI 9.0.0
2024-06-12 12:51:48,035 [INFO] ThirdParty:1030 - CMSIS Pack Vendor :STMicroelectronics X-CUBE-AZRTOS-G4 2.0.0
2024-06-12 12:51:48,035 [INFO] ThirdParty:1030 - CMSIS Pack Vendor :STMicroelectronics PDM2PCM 3.1.0
2024-06-12 12:51:48,035 [INFO] ThirdParty:1030 - CMSIS Pack Vendor :STMicroelectronics X-CUBE-AZRTOS-H7 3.1.0
2024-06-12 12:51:48,035 [INFO] ThirdParty:1030 - CMSIS Pack Vendor :Infineon AIROC-Wi-Fi-Bluetooth-STM32 1.5.1
2024-06-12 12:51:48,035 [INFO] ThirdParty:1030 - CMSIS Pack Vendor :STMicroelectronics X-CUBE-BLEMGR 3.0.0
2024-06-12 12:51:48,035 [INFO] ThirdParty:1030 - CMSIS Pack Vendor :STMicroelectronics PDM2PCM 3.3.0
2024-06-12 12:51:48,035 [INFO] ThirdParty:1030 - CMSIS Pack Vendor :STMicroelectronics X-CUBE-DISPLAY 3.0.0
2024-06-12 12:51:48,035 [INFO] ThirdParty:1030 - CMSIS Pack Vendor :STMicroelectronics FP-SNS-MOTENVWB1 1.3.0
2024-06-12 12:51:48,035 [INFO] ThirdParty:1030 - CMSIS Pack Vendor :wolfSSL I-CUBE-wolfSSL 5.7.0
2024-06-12 12:51:48,035 [INFO] ThirdParty:1030 - CMSIS Pack Vendor :STMicroelectronics FP-SNS-MOTENVWB1 1.3.1
2024-06-12 12:51:48,035 [INFO] ThirdParty:1030 - CMSIS Pack Vendor :STMicroelectronics X-CUBE-BLE1 7.0.0
2024-06-12 12:51:48,035 [INFO] ThirdParty:1030 - CMSIS Pack Vendor :STMicroelectronics FP-ATR-SIGFOX1 3.2.0
2024-06-12 12:51:48,035 [INFO] ThirdParty:1030 - CMSIS Pack Vendor :STMicroelectronics X-CUBE-ISPU 2.0.0
2024-06-12 12:51:48,035 [INFO] ThirdParty:1030 - CMSIS Pack Vendor :STMicroelectronics X-CUBE-EEPRMA1 5.1.0
2024-06-12 12:51:48,035 [INFO] ThirdParty:1030 - CMSIS Pack Vendor :STMicroelectronics HAL Drivers 0.0.0
2024-06-12 12:51:48,035 [INFO] ThirdParty:1030 - CMSIS Pack Vendor :STMicroelectronics MBEDTLS 2.16.2
2024-06-12 12:51:48,035 [INFO] ThirdParty:1030 - CMSIS Pack Vendor :STMicroelectronics X-CUBE-ALS 1.0.2
2024-06-12 12:51:48,035 [INFO] ThirdParty:1030 - CMSIS Pack Vendor :emotas I-CUBE-CANOPEN 1.3.0
2024-06-12 12:51:48,035 [INFO] ThirdParty:1030 - CMSIS Pack Vendor :STMicroelectronics X-CUBE-MEMS1 10.0.0
2024-06-12 12:51:48,035 [INFO] ThirdParty:1030 - CMSIS Pack Vendor :STMicroelectronics X-CUBE-FREERTOS 1.1.0
2024-06-12 12:51:48,035 [INFO] ThirdParty:1030 - CMSIS Pack Vendor :STMicroelectronics X-CUBE-NFC7 1.0.1
2024-06-12 12:51:48,035 [INFO] ThirdParty:1030 - CMSIS Pack Vendor :STMicroelectronics MBEDTLS 2.14.1
2024-06-12 12:51:48,036 [INFO] ThirdParty:1030 - CMSIS Pack Vendor :STMicroelectronics X-CUBE-TOUCHGFX 4.22.1
2024-06-12 12:51:48,036 [INFO] ThirdParty:1030 - CMSIS Pack Vendor :ITTIA_DB I-CUBE-ITTIADB 8.9.0
2024-06-12 12:51:48,036 [INFO] ThirdParty:1030 - CMSIS Pack Vendor :STMicroelectronics X-CUBE-NFC6 3.0.0
2024-06-12 12:51:48,036 [INFO] ThirdParty:1030 - CMSIS Pack Vendor :STMicroelectronics X-CUBE-EEPRMA1 4.1.0
2024-06-12 12:51:48,036 [INFO] ThirdParty:1030 - CMSIS Pack Vendor :portGmbH I-Cube-SoM-uGOAL 1.1.0
2024-06-12 12:51:48,036 [INFO] ThirdParty:1030 - CMSIS Pack Vendor :STMicroelectronics X-CUBE-ALS 1.0.1
2024-06-12 12:51:48,036 [INFO] ThirdParty:1030 - CMSIS Pack Vendor :STMicroelectronics X-CUBE-BLEMGR 3.1.0
2024-06-12 12:51:48,036 [INFO] ThirdParty:1030 - CMSIS Pack Vendor :STMicroelectronics ThreadX 1.0.0
2024-06-12 12:51:48,036 [INFO] ThirdParty:1030 - CMSIS Pack Vendor :STMicroelectronics FP-SNS-SMARTAG2 1.2.0
2024-06-12 12:51:48,036 [INFO] ThirdParty:1030 - CMSIS Pack Vendor :STMicroelectronics X-CUBE-AZRTOS-WL 2.0.0
2024-06-12 12:51:48,036 [INFO] ThirdParty:1030 - CMSIS Pack Vendor :SEGGER I-CUBE-embOS 1.3.1
2024-06-12 12:51:48,036 [INFO] ThirdParty:1030 - CMSIS Pack Vendor :STMicroelectronics X-CUBE-ALGOBUILD 1.4.0
2024-06-12 12:51:48,036 [INFO] ThirdParty:1030 - CMSIS Pack Vendor :STMicroelectronics FP-SNS-MOTENV1 5.0.0
2024-06-12 12:51:48,036 [INFO] ThirdParty:1030 - CMSIS Pack Vendor :STMicroelectronics USB_DEVICE 1.0.0
2024-06-12 12:51:48,036 [INFO] ThirdParty:1030 - CMSIS Pack Vendor :STMicroelectronics X-CUBE-AI 8.1.0
2024-06-12 12:51:48,036 [INFO] ThirdParty:1030 - CMSIS Pack Vendor :STMicroelectronics X-CUBE-AZRTOS-H7RS 1.0.0
2024-06-12 12:51:48,036 [INFO] ThirdParty:1030 - CMSIS Pack Vendor :wolfSSL I-CUBE-wolfMQTT 1.19.0
2024-06-12 12:51:48,036 [INFO] ThirdParty:1030 - CMSIS Pack Vendor :STMicroelectronics X-CUBE-AZRTOS-L4 2.0.0
2024-06-12 12:51:48,036 [INFO] ThirdParty:1030 - CMSIS Pack Vendor :ARM CMSIS 6.0.0
2024-06-12 12:51:48,036 [INFO] ThirdParty:1030 - CMSIS Pack Vendor :STMicroelectronics ThreadX 0.0.2
2024-06-12 12:51:48,037 [INFO] ThirdParty:1030 - CMSIS Pack Vendor :WES I-CUBE-Cesium 1.3.0
2024-06-12 12:51:48,037 [INFO] ThirdParty:1030 - CMSIS Pack Vendor :STMicroelectronics FP-ATR-ASTRA1 2.0.0
2024-06-12 12:51:48,037 [INFO] ThirdParty:1030 - CMSIS Pack Vendor :STMicroelectronics lwIP 2.1.2
2024-06-12 12:51:48,037 [INFO] ThirdParty:1030 - CMSIS Pack Vendor :STMicroelectronics X-CUBE-SFXS2LP1 4.0.0
2024-06-12 12:51:48,037 [INFO] ThirdParty:1030 - CMSIS Pack Vendor :STMicroelectronics X-CUBE-BLE2 3.3.0
2024-06-12 12:51:48,037 [INFO] ThirdParty:1030 - CMSIS Pack Vendor :STMicroelectronics X-CUBE-TOF1 3.4.0
2024-06-12 12:51:48,037 [INFO] ThirdParty:1030 - CMSIS Pack Vendor :STMicroelectronics X-CUBE-TOF1 3.4.1
2024-06-12 12:51:48,037 [INFO] ThirdParty:1030 - CMSIS Pack Vendor :STMicroelectronics X-CUBE-AZRTOS-H7 3.2.0
2024-06-12 12:51:48,037 [INFO] ThirdParty:1030 - CMSIS Pack Vendor :Infineon AIROC-Wi-Fi-Bluetooth-STM32 1.6.0
2024-06-12 12:51:48,037 [INFO] ThirdParty:1030 - CMSIS Pack Vendor :STMicroelectronics PDM2PCM 3.2.0
2024-06-12 12:51:48,037 [INFO] ThirdParty:841 - exiting critical section [change project]
2024-06-12 12:51:48,439 [INFO] PinOutPanel:1561 - setPackage(No Configuration,No Configuration)
2024-06-12 12:51:48,443 [INFO] PinOutPanel:1561 - setPackage(STM32G474RETx,LQFP64)
2024-06-12 12:51:49,262 [INFO] UtilMem:75 - Before build in PCC Used Memory: 817896448 Bytes (1073741824)
2024-06-12 12:51:50,871 [INFO] UtilMem:75 - After build in PCC Used Memory: 942701168 Bytes (1073741824)
2024-06-12 12:51:50,918 [INFO] IPUIPlugin:80 - create IPUIPlugin
2024-06-12 12:51:50,918 [INFO] IPUIPlugin:80 - create IPUIPlugin
2024-06-12 12:51:50,918 [INFO] IPUIPlugin:80 - create IPUIPlugin
2024-06-12 12:51:50,918 [INFO] IPUIPlugin:80 - create IPUIPlugin
2024-06-12 12:51:50,918 [INFO] IPUIPlugin:80 - create IPUIPlugin
2024-06-12 12:51:50,919 [INFO] IPUIPlugin:80 - create IPUIPlugin
2024-06-12 12:51:50,919 [INFO] IPUIPlugin:80 - create IPUIPlugin
2024-06-12 12:51:50,919 [INFO] IPUIPlugin:80 - create IPUIPlugin
2024-06-12 12:51:50,919 [INFO] IPUIPlugin:80 - create IPUIPlugin
2024-06-12 12:51:50,919 [INFO] IPUIPlugin:80 - create IPUIPlugin
2024-06-12 12:51:50,919 [INFO] IPUIPlugin:80 - create IPUIPlugin
2024-06-12 12:51:50,919 [INFO] IPUIPlugin:80 - create IPUIPlugin
2024-06-12 12:51:50,919 [INFO] IPUIPlugin:80 - create IPUIPlugin
2024-06-12 12:51:50,919 [INFO] IPUIPlugin:80 - create IPUIPlugin
2024-06-12 12:51:50,919 [INFO] IPUIPlugin:80 - create IPUIPlugin
2024-06-12 12:51:50,920 [INFO] IPUIPlugin:80 - create IPUIPlugin
2024-06-12 12:51:50,920 [INFO] IPUIPlugin:80 - create IPUIPlugin
2024-06-12 12:51:50,920 [INFO] IPUIPlugin:80 - create IPUIPlugin
2024-06-12 12:51:50,920 [INFO] IPUIPlugin:80 - create IPUIPlugin
2024-06-12 12:51:50,920 [INFO] IPUIPlugin:80 - create IPUIPlugin
2024-06-12 12:51:50,920 [INFO] IPUIPlugin:80 - create IPUIPlugin
2024-06-12 12:51:50,920 [INFO] IPUIPlugin:80 - create IPUIPlugin
2024-06-12 12:51:50,920 [INFO] IPUIPlugin:80 - create IPUIPlugin
2024-06-12 12:51:50,920 [INFO] IPUIPlugin:80 - create IPUIPlugin
2024-06-12 12:51:50,920 [INFO] IPUIPlugin:80 - create IPUIPlugin
2024-06-12 12:51:50,921 [INFO] IPUIPlugin:80 - create IPUIPlugin
2024-06-12 12:51:50,921 [INFO] IPUIPlugin:80 - create IPUIPlugin
2024-06-12 12:51:50,921 [INFO] IPUIPlugin:80 - create IPUIPlugin
2024-06-12 12:51:50,921 [INFO] IPUIPlugin:80 - create IPUIPlugin
2024-06-12 12:51:50,921 [INFO] IPUIPlugin:80 - create IPUIPlugin
2024-06-12 12:51:50,921 [INFO] IPUIPlugin:80 - create IPUIPlugin
2024-06-12 12:51:50,922 [INFO] IPUIPlugin:80 - create IPUIPlugin
2024-06-12 12:51:50,922 [INFO] IPUIPlugin:80 - create IPUIPlugin
2024-06-12 12:51:50,922 [INFO] IPUIPlugin:80 - create IPUIPlugin
2024-06-12 12:51:50,922 [INFO] IPUIPlugin:80 - create IPUIPlugin
2024-06-12 12:51:50,922 [INFO] IPUIPlugin:80 - create IPUIPlugin
2024-06-12 12:51:50,922 [INFO] IPUIPlugin:80 - create IPUIPlugin
2024-06-12 12:51:50,923 [INFO] IPUIPlugin:80 - create IPUIPlugin
2024-06-12 12:51:50,923 [INFO] IPUIPlugin:80 - create IPUIPlugin
2024-06-12 12:51:50,923 [INFO] IPUIPlugin:80 - create IPUIPlugin
2024-06-12 12:51:50,923 [INFO] IPUIPlugin:80 - create IPUIPlugin
2024-06-12 12:51:50,924 [INFO] IPUIPlugin:80 - create IPUIPlugin
2024-06-12 12:51:50,924 [INFO] IPUIPlugin:80 - create IPUIPlugin
2024-06-12 12:51:50,924 [INFO] IPUIPlugin:80 - create IPUIPlugin
2024-06-12 12:51:50,924 [INFO] IPUIPlugin:80 - create IPUIPlugin
2024-06-12 12:51:50,925 [INFO] IPUIPlugin:80 - create IPUIPlugin
2024-06-12 12:51:50,925 [INFO] IPUIPlugin:80 - create IPUIPlugin
2024-06-12 12:51:50,925 [INFO] IPUIPlugin:80 - create IPUIPlugin
2024-06-12 12:51:50,926 [INFO] IPUIPlugin:80 - create IPUIPlugin
2024-06-12 12:51:50,927 [INFO] IPUIPlugin:80 - create IPUIPlugin
2024-06-12 12:51:50,928 [INFO] IPUIPlugin:80 - create IPUIPlugin
2024-06-12 12:51:50,928 [INFO] IPUIPlugin:80 - create IPUIPlugin
2024-06-12 12:51:50,929 [INFO] IPUIPlugin:80 - create IPUIPlugin
2024-06-12 12:51:50,929 [INFO] IPUIPlugin:80 - create IPUIPlugin
2024-06-12 12:51:50,929 [INFO] IPUIPlugin:80 - create IPUIPlugin
2024-06-12 12:51:50,930 [INFO] IPUIPlugin:80 - create IPUIPlugin
2024-06-12 12:51:50,930 [INFO] IPUIPlugin:80 - create IPUIPlugin
2024-06-12 12:51:50,931 [INFO] IPUIPlugin:80 - create IPUIPlugin
2024-06-12 12:51:50,931 [INFO] IPUIPlugin:80 - create IPUIPlugin
2024-06-12 12:51:50,931 [INFO] IPUIPlugin:80 - create IPUIPlugin
2024-06-12 12:51:50,932 [INFO] IPUIPlugin:80 - create IPUIPlugin
2024-06-12 12:51:50,932 [INFO] IPUIPlugin:80 - create IPUIPlugin
2024-06-12 12:51:50,932 [INFO] IPUIPlugin:80 - create IPUIPlugin
2024-06-12 12:51:50,933 [INFO] IPUIPlugin:80 - create IPUIPlugin
2024-06-12 12:51:50,933 [INFO] IPUIPlugin:80 - create IPUIPlugin
2024-06-12 12:51:50,933 [INFO] IPUIPlugin:80 - create IPUIPlugin
2024-06-12 12:51:50,934 [INFO] IPUIPlugin:80 - create IPUIPlugin
2024-06-12 12:51:50,934 [INFO] IPUIPlugin:80 - create IPUIPlugin
2024-06-12 12:51:50,935 [INFO] IPUIPlugin:80 - create IPUIPlugin
2024-06-12 12:51:50,935 [INFO] IPUIPlugin:80 - create IPUIPlugin
2024-06-12 12:51:50,936 [INFO] IPUIPlugin:80 - create IPUIPlugin
2024-06-12 12:51:50,936 [INFO] IPUIPlugin:80 - create IPUIPlugin
2024-06-12 12:51:50,937 [INFO] IPUIPlugin:80 - create IPUIPlugin
2024-06-12 12:51:50,937 [INFO] IPUIPlugin:80 - create IPUIPlugin
2024-06-12 12:51:50,937 [INFO] IPUIPlugin:80 - create IPUIPlugin
2024-06-12 12:51:50,938 [INFO] IPUIPlugin:80 - create IPUIPlugin
2024-06-12 12:51:50,938 [INFO] IPUIPlugin:80 - create IPUIPlugin
2024-06-12 12:51:50,939 [INFO] IPUIPlugin:80 - create IPUIPlugin
2024-06-12 12:51:50,940 [INFO] IPUIPlugin:80 - create IPUIPlugin
2024-06-12 12:51:51,249 [INFO] CADModel:165 - CPN selected for project levelSTM32G474RET6
2024-06-12 12:51:51,249 [INFO] CADModel:114 - Register for checkConnection events
2024-06-12 12:51:51,321 [INFO] OpenFileManager:343 - Restore cursor
2024-06-12 13:10:15,114 [ERROR] LogOutputStream:75 - [STDERR_REDIRECT] 
2024-06-12 13:10:15,115 [ERROR] LogOutputStream:75 - [STDERR_REDIRECT] 
