2024-05-06 21:36:34,481 [INFO] Activator:176 - 


2024-05-06 21:36:34,489 [INFO] Activator:177 - !SESSION log4j initialized
2024-05-06 21:36:43,392 [INFO] LogOutputStream:77 - [STDOUT_REDIRECT] 
2024-05-06 21:36:46,721 [INFO] ApplicationProperties:184 - Using Application install path: C:\ST\STM32CubeIDE_1.13.2\STM32CubeIDE\plugins\com.st.stm32cube.common.mx_6.11.0.202403141607
2024-05-06 21:36:46,748 [INFO] DbMcusXml:78 - Set database path to: C:\ST\STM32CubeIDE_1.13.2\STM32CubeIDE\plugins\com.st.stm32cube.common.mx_6.11.0.202403141607\\db\/mcu/
2024-05-06 21:36:46,749 [INFO] ApiDb:274 - Set plugin database path to: C:\ST\STM32CubeIDE_1.13.2\STM32CubeIDE\plugins\com.st.stm32cube.common.mx_6.11.0.202403141607\\db\/plugins/boardmanager/
2024-05-06 21:36:46,749 [WARN] ApiDb:259 - Overriding images path with different value:  => C:\ST\STM32CubeIDE_1.13.2\STM32CubeIDE\plugins\com.st.stm32cube.common.mx_6.11.0.202403141607\\db\/plugins/mcufinder/images/
2024-05-06 21:36:46,763 [INFO] ApiDb:250 - Set database path to: C:\Users\Phatt\.stmcufinder\plugins\mcufinder//mcu/
2024-05-06 21:36:46,766 [INFO] DbMcusAds:125 - Set database path to: C:\Users\Phatt\.stmcufinder\plugins\mcufinder//mcu/
2024-05-06 21:36:46,772 [INFO] CrossReferenceDbSqlite:203 - Set database path to: C:\Users\Phatt\.stmcufinder\plugins\mcufinder//mcu/cs/
2024-05-06 21:36:46,948 [INFO] RulesReader:64 - Compatibility file has been processed (297 Rules)
2024-05-06 21:36:47,091 [INFO] DbMcusXml:78 - Set database path to: C:\ST\STM32CubeIDE_1.13.2\STM32CubeIDE\plugins\com.st.stm32cube.common.mx_6.11.0.202403141607\\db\/mcu/
2024-05-06 21:36:47,091 [INFO] ApiDb:274 - Set plugin database path to: C:\ST\STM32CubeIDE_1.13.2\STM32CubeIDE\plugins\com.st.stm32cube.common.mx_6.11.0.202403141607\\db\/plugins/boardmanager/
2024-05-06 21:36:47,091 [INFO] ApiDb:261 - Set plugin images path to: C:\ST\STM32CubeIDE_1.13.2\STM32CubeIDE\plugins\com.st.stm32cube.common.mx_6.11.0.202403141607\\db\/plugins/mcufinder/images/
2024-05-06 21:36:47,091 [WARN] DbFile:41 - Overriding database path with different value: C:\Users\Phatt\.stmcufinder\plugins\mcufinder/ => C:\Users\Phatt\.stmcufinder\plugins\mcufinder
2024-05-06 21:36:47,091 [INFO] ApiDb:250 - Set database path to: C:\Users\Phatt\.stmcufinder\plugins\mcufinder//mcu/
2024-05-06 21:36:47,091 [WARN] DbFile:41 - Overriding database path with different value: C:\Users\Phatt\.stmcufinder\plugins\mcufinder/ => C:\Users\Phatt\.stmcufinder\plugins\mcufinder
2024-05-06 21:36:47,091 [INFO] DbMcusAds:125 - Set database path to: C:\Users\Phatt\.stmcufinder\plugins\mcufinder//mcu/
2024-05-06 21:36:47,092 [WARN] DbFile:41 - Overriding database path with different value: C:\Users\Phatt\.stmcufinder\plugins\mcufinder/ => C:\Users\Phatt\.stmcufinder\plugins\mcufinder
2024-05-06 21:36:47,092 [WARN] DbFile:41 - Overriding database path with different value: C:\Users\Phatt\.stmcufinder\plugins\mcufinder/ => C:\Users\Phatt\.stmcufinder\plugins\mcufinder
2024-05-06 21:36:47,092 [INFO] CrossReferenceDbSqlite:203 - Set database path to: C:\Users\Phatt\.stmcufinder\plugins\mcufinder//mcu/cs/
2024-05-06 21:36:47,240 [INFO] MainPanel:264 - HeapMemory: 268435456
2024-05-06 21:36:47,400 [INFO] DbMcusXml:78 - Set database path to: C:\ST\STM32CubeIDE_1.13.2\STM32CubeIDE\plugins\com.st.stm32cube.common.mx_6.11.0.202403141607\\db\/mcu/
2024-05-06 21:36:47,400 [INFO] ApiDb:274 - Set plugin database path to: C:\ST\STM32CubeIDE_1.13.2\STM32CubeIDE\plugins\com.st.stm32cube.common.mx_6.11.0.202403141607\\db\/plugins/boardmanager/
2024-05-06 21:36:47,400 [INFO] ApiDb:261 - Set plugin images path to: C:\ST\STM32CubeIDE_1.13.2\STM32CubeIDE\plugins\com.st.stm32cube.common.mx_6.11.0.202403141607\\db\/plugins/mcufinder/images/
2024-05-06 21:36:47,401 [WARN] DbFile:41 - Overriding database path with different value: C:\Users\Phatt\.stmcufinder\plugins\mcufinder/ => C:\Users\Phatt\.stmcufinder\plugins\mcufinder
2024-05-06 21:36:47,401 [INFO] ApiDb:250 - Set database path to: C:\Users\Phatt\.stmcufinder\plugins\mcufinder//mcu/
2024-05-06 21:36:47,401 [WARN] DbFile:41 - Overriding database path with different value: C:\Users\Phatt\.stmcufinder\plugins\mcufinder/ => C:\Users\Phatt\.stmcufinder\plugins\mcufinder
2024-05-06 21:36:47,401 [INFO] DbMcusAds:125 - Set database path to: C:\Users\Phatt\.stmcufinder\plugins\mcufinder//mcu/
2024-05-06 21:36:47,401 [WARN] DbFile:41 - Overriding database path with different value: C:\Users\Phatt\.stmcufinder\plugins\mcufinder/ => C:\Users\Phatt\.stmcufinder\plugins\mcufinder
2024-05-06 21:36:47,401 [WARN] DbFile:41 - Overriding database path with different value: C:\Users\Phatt\.stmcufinder\plugins\mcufinder/ => C:\Users\Phatt\.stmcufinder\plugins\mcufinder
2024-05-06 21:36:47,402 [INFO] CrossReferenceDbSqlite:203 - Set database path to: C:\Users\Phatt\.stmcufinder\plugins\mcufinder//mcu/cs/
2024-05-06 21:36:47,428 [INFO] ApplicationProperties:184 - Using Application install path: C:\ST\STM32CubeIDE_1.13.2\STM32CubeIDE\plugins\com.st.stm32cube.common.mx_6.11.0.202403141607
2024-05-06 21:36:47,430 [INFO] PluginManage:196 - Search for loadable plugins [exclusion list=, ]
2024-05-06 21:36:47,431 [INFO] PluginManage:310 - Check plugin analytics
2024-05-06 21:36:47,705 [INFO] AnalyticsPlugin:253 - Accepted Software Licenses: 
2024-05-06 21:36:47,706 [INFO] AnalyticsPlugin:255 - Accepted CMSIS Pack Licenses: ARM.CMSIS-DSP.1.15.0,ARM.CMSIS.6.0.0
2024-05-06 21:36:47,706 [INFO] AnalyticsPlugin:257 - Accepted Firmware Licenses: FW.G4.1.5.0
2024-05-06 21:36:47,710 [INFO] PluginManage:359 - Loaded plugin analytics (category:tool,tabindex:-1)
2024-05-06 21:36:47,711 [INFO] PluginManage:310 - Check plugin cadmodel
2024-05-06 21:36:47,728 [INFO] CADModel:105 - Init CAD model plugin
2024-05-06 21:36:47,730 [INFO] PluginManage:359 - Loaded plugin cadmodel (category:power,tabindex:5)
2024-05-06 21:36:47,730 [INFO] PluginManage:310 - Check plugin clock
2024-05-06 21:36:47,758 [INFO] PluginManage:359 - Loaded plugin clock (category:base,tabindex:2)
2024-05-06 21:36:47,758 [INFO] PluginManage:310 - Check plugin ddr
2024-05-06 21:36:47,760 [INFO] PluginManage:359 - Loaded plugin ddr (category:tool,tabindex:6)
2024-05-06 21:36:47,760 [INFO] PluginManage:310 - Check plugin filemanager
2024-05-06 21:36:47,943 [INFO] PluginManage:359 - Loaded plugin filemanager (category:base,tabindex:10)
2024-05-06 21:36:47,944 [INFO] PluginManage:310 - Check plugin ipmanager
2024-05-06 21:36:47,951 [INFO] PluginManage:359 - Loaded plugin ipmanager (category:base,tabindex:5)
2024-05-06 21:36:47,951 [INFO] PluginManage:310 - Check plugin lpbam
2024-05-06 21:36:47,968 [INFO] PluginManage:359 - Loaded plugin lpbam (category:base,tabindex:0)
2024-05-06 21:36:47,968 [INFO] PluginManage:310 - Check plugin memorymap
2024-05-06 21:36:47,992 [INFO] PluginManage:359 - Loaded plugin memorymap (category:base,tabindex:4)
2024-05-06 21:36:47,992 [INFO] PluginManage:310 - Check plugin pinoutandconfiguration
2024-05-06 21:36:48,008 [INFO] PluginManage:359 - Loaded plugin pinoutandconfiguration (category:base,tabindex:1)
2024-05-06 21:36:48,008 [INFO] PluginManage:310 - Check plugin pinoutconfig
2024-05-06 21:36:48,143 [WARN] SupportedApi:132 - Cannot load RTOS API schema: s4s-elt-must-match.1: The content of 'definitions' must match (annotation?, (simpleType | complexType)?, (unique | key | keyref)*)). A problem was found starting at: attribute.
2024-05-06 21:36:48,311 [INFO] PluginManage:359 - Loaded plugin pinoutconfig (category:base,tabindex:0)
2024-05-06 21:36:48,311 [INFO] PluginManage:310 - Check plugin power
2024-05-06 21:36:48,328 [INFO] PluginManage:359 - Loaded plugin power (category:power,tabindex:4)
2024-05-06 21:36:48,329 [INFO] PluginManage:310 - Check plugin projectmanager
2024-05-06 21:36:48,347 [INFO] PluginManage:359 - Loaded plugin projectmanager (category:projectmanager,tabindex:3)
2024-05-06 21:36:48,347 [INFO] PluginManage:310 - Check plugin thirdparty
2024-05-06 21:36:48,631 [WARN] IntegrityCheckThread:84 - waiting for thirdparty lock release [integrity check]
2024-05-06 21:36:48,631 [INFO] PluginManage:359 - Loaded plugin thirdparty (category:base,tabindex:-1)
2024-05-06 21:36:48,631 [INFO] IntegrityCheckThread:86 - entering critical section [integrity check]
2024-05-06 21:36:48,631 [INFO] PluginManage:310 - Check plugin tools
2024-05-06 21:36:48,632 [INFO] ThirdPartyUpdaterWithRetryManager:70 - Updater plugin not ready yet. [1/15]
2024-05-06 21:36:48,670 [INFO] PluginManage:359 - Loaded plugin tools (category:base,tabindex:7)
2024-05-06 21:36:48,670 [INFO] PluginManage:310 - Check plugin tutovideos
2024-05-06 21:36:48,892 [INFO] PluginManage:359 - Loaded plugin tutovideos (category:base,tabindex:-1)
2024-05-06 21:36:48,892 [INFO] PluginManage:310 - Check plugin updater
2024-05-06 21:36:48,905 [INFO] PluginManage:359 - Loaded plugin updater (category:base,tabindex:12)
2024-05-06 21:36:48,905 [INFO] PluginManage:310 - Check plugin userauth
2024-05-06 21:36:48,912 [INFO] UserAuth:114 - Init User Auth plugin
2024-05-06 21:36:48,912 [INFO] PluginManage:359 - Loaded plugin userauth (category:base,tabindex:14)
2024-05-06 21:36:48,912 [INFO] PluginManage:283 - PluginManage : Loaded plugins [17]
2024-05-06 21:36:49,163 [INFO] PinOutPanel:1561 - setPackage(No Configuration,No Configuration)
2024-05-06 21:36:49,253 [INFO] CADModel:165 - CPN selected for project level
2024-05-06 21:36:49,253 [INFO] CADModel:114 - Register for checkConnection events
2024-05-06 21:36:49,282 [INFO] IPUIPlugin:80 - create IPUIPlugin
2024-05-06 21:36:49,282 [INFO] PluginManager:220 - loadIPPluginJar : add adc
2024-05-06 21:36:49,319 [INFO] IPUIPlugin:80 - create IPUIPlugin
2024-05-06 21:36:49,320 [INFO] PluginManager:220 - loadIPPluginJar : add aes
2024-05-06 21:36:49,361 [INFO] IPUIPlugin:80 - create IPUIPlugin
2024-05-06 21:36:49,361 [INFO] PluginManager:220 - loadIPPluginJar : add can
2024-05-06 21:36:49,386 [INFO] IPUIPlugin:80 - create IPUIPlugin
2024-05-06 21:36:49,386 [INFO] PluginManager:220 - loadIPPluginJar : add comp
2024-05-06 21:36:49,419 [INFO] IPUIPlugin:80 - create IPUIPlugin
2024-05-06 21:36:49,420 [INFO] PluginManager:220 - loadIPPluginJar : add cryp
2024-05-06 21:36:49,450 [INFO] IPUIPlugin:80 - create IPUIPlugin
2024-05-06 21:36:49,450 [INFO] PluginManager:220 - loadIPPluginJar : add dfsdm
2024-05-06 21:36:49,464 [INFO] IPUIPlugin:80 - create IPUIPlugin
2024-05-06 21:36:49,465 [INFO] PluginManager:220 - loadIPPluginJar : add dma
2024-05-06 21:36:49,512 [INFO] IPUIPlugin:80 - create IPUIPlugin
2024-05-06 21:36:49,513 [INFO] PluginManager:220 - loadIPPluginJar : add dma3
2024-05-06 21:36:49,555 [INFO] IPUIPlugin:80 - create IPUIPlugin
2024-05-06 21:36:49,555 [INFO] PluginManager:220 - loadIPPluginJar : add extmemmanager
2024-05-06 21:36:49,575 [INFO] IPUIPlugin:80 - create IPUIPlugin
2024-05-06 21:36:49,576 [INFO] PluginManager:220 - loadIPPluginJar : add fatfs
2024-05-06 21:36:49,630 [INFO] IPUIPlugin:80 - create IPUIPlugin
2024-05-06 21:36:49,630 [INFO] PluginManager:220 - loadIPPluginJar : add fmc
2024-05-06 21:36:49,645 [INFO] IPUIPlugin:80 - create IPUIPlugin
2024-05-06 21:36:49,645 [INFO] PluginManager:220 - loadIPPluginJar : add freertos
2024-05-06 21:36:49,669 [INFO] IPUIPlugin:80 - create IPUIPlugin
2024-05-06 21:36:49,670 [INFO] PluginManager:220 - loadIPPluginJar : add genericplugin
2024-05-06 21:36:49,796 [INFO] IPUIPlugin:80 - create IPUIPlugin
2024-05-06 21:36:49,796 [INFO] PluginManager:220 - loadIPPluginJar : add gfxmmu
2024-05-06 21:36:50,015 [INFO] IPUIPlugin:80 - create IPUIPlugin
2024-05-06 21:36:50,016 [INFO] PluginManager:220 - loadIPPluginJar : add gic
2024-05-06 21:36:50,033 [INFO] IPUIPlugin:80 - create IPUIPlugin
2024-05-06 21:36:50,033 [INFO] PluginManager:220 - loadIPPluginJar : add gpio
2024-05-06 21:36:50,182 [INFO] IPUIPlugin:80 - create IPUIPlugin
2024-05-06 21:36:50,182 [INFO] PluginManager:220 - loadIPPluginJar : add gtzc
2024-05-06 21:36:50,223 [INFO] IPUIPlugin:80 - create IPUIPlugin
2024-05-06 21:36:50,223 [INFO] PluginManager:220 - loadIPPluginJar : add hash
2024-05-06 21:36:50,300 [INFO] IPUIPlugin:80 - create IPUIPlugin
2024-05-06 21:36:50,300 [INFO] PluginManager:220 - loadIPPluginJar : add i2c
2024-05-06 21:36:50,352 [INFO] IPUIPlugin:80 - create IPUIPlugin
2024-05-06 21:36:50,352 [INFO] PluginManager:220 - loadIPPluginJar : add i2s
2024-05-06 21:36:50,405 [INFO] IPUIPlugin:80 - create IPUIPlugin
2024-05-06 21:36:50,405 [INFO] PluginManager:220 - loadIPPluginJar : add i3c
2024-05-06 21:36:50,550 [INFO] IPUIPlugin:80 - create IPUIPlugin
2024-05-06 21:36:50,550 [INFO] PluginManager:220 - loadIPPluginJar : add ipddr
2024-05-06 21:36:50,666 [INFO] IPUIPlugin:80 - create IPUIPlugin
2024-05-06 21:36:50,667 [INFO] PluginManager:220 - loadIPPluginJar : add linkedlist
2024-05-06 21:36:50,708 [INFO] IPUIPlugin:80 - create IPUIPlugin
2024-05-06 21:36:50,708 [INFO] PluginManager:220 - loadIPPluginJar : add lorawan
2024-05-06 21:36:50,789 [INFO] IPUIPlugin:80 - create IPUIPlugin
2024-05-06 21:36:50,789 [INFO] PluginManager:220 - loadIPPluginJar : add ltdc
2024-05-06 21:36:50,819 [INFO] IPUIPlugin:80 - create IPUIPlugin
2024-05-06 21:36:50,820 [INFO] PluginManager:220 - loadIPPluginJar : add mdma
2024-05-06 21:36:50,842 [INFO] IPUIPlugin:80 - create IPUIPlugin
2024-05-06 21:36:50,842 [INFO] PluginManager:220 - loadIPPluginJar : add nvic
2024-05-06 21:36:50,908 [INFO] IPUIPlugin:80 - create IPUIPlugin
2024-05-06 21:36:50,908 [INFO] PluginManager:220 - loadIPPluginJar : add opamp
2024-05-06 21:36:51,010 [INFO] IPUIPlugin:80 - create IPUIPlugin
2024-05-06 21:36:51,010 [INFO] PluginManager:220 - loadIPPluginJar : add openamp
2024-05-06 21:36:51,097 [INFO] IPUIPlugin:80 - create IPUIPlugin
2024-05-06 21:36:51,097 [INFO] PluginManager:220 - loadIPPluginJar : add pdm2pcm
2024-05-06 21:36:51,127 [INFO] IPUIPlugin:80 - create IPUIPlugin
2024-05-06 21:36:51,131 [INFO] PluginManager:220 - loadIPPluginJar : add plateformsettings
2024-05-06 21:36:51,166 [INFO] IPUIPlugin:80 - create IPUIPlugin
2024-05-06 21:36:51,166 [INFO] PluginManager:220 - loadIPPluginJar : add quadspi
2024-05-06 21:36:51,186 [INFO] IPUIPlugin:80 - create IPUIPlugin
2024-05-06 21:36:51,186 [INFO] PluginManager:220 - loadIPPluginJar : add resmgrutility
2024-05-06 21:36:51,245 [INFO] IPUIPlugin:80 - create IPUIPlugin
2024-05-06 21:36:51,245 [INFO] PluginManager:220 - loadIPPluginJar : add sai
2024-05-06 21:36:51,309 [INFO] IPUIPlugin:80 - create IPUIPlugin
2024-05-06 21:36:51,309 [INFO] PluginManager:220 - loadIPPluginJar : add spi
2024-05-06 21:36:51,384 [INFO] IPUIPlugin:80 - create IPUIPlugin
2024-05-06 21:36:51,384 [INFO] PluginManager:220 - loadIPPluginJar : add stm32_wpan
2024-05-06 21:36:51,414 [INFO] IPUIPlugin:80 - create IPUIPlugin
2024-05-06 21:36:51,414 [INFO] PluginManager:220 - loadIPPluginJar : add tim
2024-05-06 21:36:51,482 [INFO] IPUIPlugin:80 - create IPUIPlugin
2024-05-06 21:36:51,482 [INFO] PluginManager:220 - loadIPPluginJar : add touchsensing
2024-05-06 21:36:51,506 [INFO] IPUIPlugin:80 - create IPUIPlugin
2024-05-06 21:36:51,507 [INFO] PluginManager:220 - loadIPPluginJar : add tracer_emb
2024-05-06 21:36:51,530 [INFO] IPUIPlugin:80 - create IPUIPlugin
2024-05-06 21:36:51,530 [INFO] PluginManager:220 - loadIPPluginJar : add ts
2024-05-06 21:36:51,552 [INFO] IPUIPlugin:80 - create IPUIPlugin
2024-05-06 21:36:51,552 [INFO] PluginManager:220 - loadIPPluginJar : add tsc
2024-05-06 21:36:51,575 [INFO] IPUIPlugin:80 - create IPUIPlugin
2024-05-06 21:36:51,575 [INFO] PluginManager:220 - loadIPPluginJar : add ucpd
2024-05-06 21:36:51,624 [INFO] IPUIPlugin:80 - create IPUIPlugin
2024-05-06 21:36:51,624 [INFO] PluginManager:220 - loadIPPluginJar : add usart
2024-05-06 21:36:51,632 [INFO] ThirdPartyUpdaterWithRetryManager:70 - Updater plugin not ready yet. [2/15]
2024-05-06 21:36:51,676 [INFO] IPUIPlugin:80 - create IPUIPlugin
2024-05-06 21:36:51,676 [INFO] PluginManager:220 - loadIPPluginJar : add usbx
2024-05-06 21:36:51,811 [INFO] CADModel:165 - CPN selected for project level
2024-05-06 21:36:51,811 [INFO] CADModel:114 - Register for checkConnection events
2024-05-06 21:36:51,812 [FATAL] Updater:308 - Updater called before beeing initialized
2024-05-06 21:36:51,812 [ERROR] CADModel:125 - Updater not yet initialized, retry later 
2024-05-06 21:36:52,051 [INFO] CADModel:165 - CPN selected for project level
2024-05-06 21:36:52,051 [INFO] CADModel:114 - Register for checkConnection events
2024-05-06 21:36:52,051 [FATAL] Updater:308 - Updater called before beeing initialized
2024-05-06 21:36:52,052 [ERROR] CADModel:125 - Updater not yet initialized, retry later 
2024-05-06 21:36:52,058 [FATAL] Updater:308 - Updater called before beeing initialized
2024-05-06 21:36:52,205 [FATAL] Updater:308 - Updater called before beeing initialized
2024-05-06 21:36:52,215 [INFO] DbMcusAds:53 - JSON generation date=Thu May 02 15:37:29 ICT 2024 (1714639049318)
2024-05-06 21:36:52,215 [FATAL] Updater:308 - Updater called before beeing initialized
2024-05-06 21:36:52,259 [WARN] DetailPanel:346 - Failed to get advertising image, set to default
2024-05-06 21:36:52,393 [FATAL] Updater:308 - Updater called before beeing initialized
2024-05-06 21:36:52,396 [FATAL] Updater:308 - Updater called before beeing initialized
2024-05-06 21:36:52,396 [FATAL] Updater:308 - Updater called before beeing initialized
2024-05-06 21:36:52,396 [WARN] DetailPanel:346 - Failed to get advertising image, set to default
2024-05-06 21:36:52,397 [FATAL] Updater:308 - Updater called before beeing initialized
2024-05-06 21:36:52,465 [ERROR] Updater:1120 - MainUpdater not yet initialized. External WinMGr cannot be set.
2024-05-06 21:36:52,476 [INFO] Updater:1056 - Updater Version found : 6.11.0
2024-05-06 21:36:52,496 [INFO] ApplicationProperties:184 - Using Application install path: C:\ST\STM32CubeIDE_1.13.2\STM32CubeIDE\plugins\com.st.stm32cube.common.mx_6.11.0.202403141607
2024-05-06 21:36:54,077 [ERROR] LogOutputStream:75 - [STDERR_REDIRECT] May 06, 2024 9:36:54 PM java.util.prefs.WindowsPreferences <init>
2024-05-06 21:36:54,079 [ERROR] LogOutputStream:75 - [STDERR_REDIRECT] WARNING: Could not open/create prefs root node Software\JavaSoft\Prefs at root 0xffffffff80000002. Windows RegCreateKeyEx(...) returned error code 5.
2024-05-06 21:36:54,079 [ERROR] LogOutputStream:75 - [STDERR_REDIRECT] 
2024-05-06 21:36:54,633 [INFO] ThirdPartyUpdaterWithRetryManager:70 - Updater plugin not ready yet. [3/15]
2024-05-06 21:36:54,802 [INFO] MainUpdater:2873 - connection check result : 10
2024-05-06 21:36:54,802 [INFO] MainUpdater:3567 - Updater definition file requires update
2024-05-06 21:36:54,804 [INFO] MainUpdater:290 - Updater Check For Update Now.
2024-05-06 21:36:54,804 [INFO] MicroXplorer:498 - Change Database Version : DB.6.0.110
2024-05-06 21:36:54,818 [INFO] McuFinderGlobals:63 - Set McuFinder mode to 2 (CubeIDE integrated)
2024-05-06 21:36:54,818 [INFO] UserAuth:179 - activating auth plugin
2024-05-06 21:36:54,821 [INFO] UserAuth:415 - Internet connection configuration mode: 1
2024-05-06 21:36:54,845 [INFO] JxBrowserEngine:152 - Initiate JxBrowser Engine with user profile folder
2024-05-06 21:36:55,267 [INFO] ServerAccessManage:473 - Download File updaters.zip
2024-05-06 21:36:55,517 [INFO] FileExtend:240 - Unzip File : updaters.zip
2024-05-06 21:36:55,518 [INFO] FileExtend:255 - Standard Zip Deflate
2024-05-06 21:36:56,117 [INFO] ServerAccessManage:473 - Download File PacksControlFlags.xml
2024-05-06 21:36:56,309 [INFO] ServerAccessManage:473 - Download File cubemx.pidx
2024-05-06 21:36:56,441 [INFO] LoadServerUpdatesThread:375 - End of LoadServerUpdate Thread
2024-05-06 21:36:56,624 [INFO] CheckServerUpdateThread:120 - End of CheckServer Thread
2024-05-06 21:36:57,849 [WARN] PackLoader:240 - Cannot read IP mode file for STMicroelectronics.FP-SNS-MOTENVWB1.1.4.0
2024-05-06 21:36:57,874 [WARN] PackLoader:240 - Cannot read IP mode file for STMicroelectronics.X-CUBE-SMBUS.2.1.0
2024-05-06 21:36:57,886 [WARN] PackLoader:240 - Cannot read IP mode file for STMicroelectronics.X-CUBE-TOUCHGFX.4.23.0
2024-05-06 21:36:57,898 [WARN] PackLoader:240 - Cannot read IP mode file for STMicroelectronics.X-CUBE-TOUCHGFX.4.23.2
2024-05-06 21:36:57,962 [WARN] PackLoader:240 - Cannot read IP mode file for STMicroelectronics.X-CUBE-AZRTOS-F7.1.1.0
2024-05-06 21:36:57,990 [WARN] PackLoader:240 - Cannot read IP mode file for STMicroelectronics.FP-SNS-MOTENV1.4.3.2
2024-05-06 21:36:58,009 [WARN] PackLoader:240 - Cannot read IP mode file for STMicroelectronics.FP-SNS-FLIGHT1.5.0.2
2024-05-06 21:36:58,033 [WARN] PackLoader:240 - Cannot read IP mode file for STMicroelectronics.X-CUBE-DISPLAY.3.0.0
2024-05-06 21:36:58,056 [WARN] PackLoader:240 - Cannot read IP mode file for STMicroelectronics.X-CUBE-BLE1.7.0.0
2024-05-06 21:36:58,070 [WARN] PackLoader:240 - Cannot read IP mode file for emotas.I-CUBE-CANOPEN.1.3.0
2024-05-06 21:36:58,084 [WARN] PackLoader:240 - Cannot read IP mode file for STMicroelectronics.X-CUBE-TOUCHGFX.4.22.1
2024-05-06 21:36:58,110 [WARN] PackLoader:240 - Cannot read IP mode file for STMicroelectronics.X-CUBE-BLEMGR.3.1.0
2024-05-06 21:36:58,130 [WARN] PackLoader:240 - Cannot read IP mode file for STMicroelectronics.FP-SNS-SMARTAG2.1.2.0
2024-05-06 21:36:58,158 [INFO] LogOutputStream:77 - [STDOUT_REDIRECT] 1 : Invalid condition id : UX_CORESTACK_Condition cause : null
2024-05-06 21:36:58,159 [INFO] LogOutputStream:77 - [STDOUT_REDIRECT] 1 : Invalid condition id : UX_CORESTACK_Condition cause : null
2024-05-06 21:36:58,160 [INFO] LogOutputStream:77 - [STDOUT_REDIRECT] 1 : Invalid condition id : UX_CORESTACK_Condition cause : null
2024-05-06 21:36:58,162 [INFO] LogOutputStream:77 - [STDOUT_REDIRECT] 1 : Invalid condition id : UX_CORESTACK_Condition cause : null
2024-05-06 21:36:58,164 [INFO] LogOutputStream:77 - [STDOUT_REDIRECT] 1 : Invalid condition id : UX_CORESTACK_Condition cause : null
2024-05-06 21:36:58,169 [WARN] PackLoader:240 - Cannot read IP mode file for STMicroelectronics.X-CUBE-AZRTOS-WL.2.0.0
2024-05-06 21:36:58,186 [WARN] PackLoader:240 - Cannot read IP mode file for STMicroelectronics.FP-SNS-MOTENV1.5.0.0
2024-05-06 21:36:58,205 [WARN] PackLoader:240 - Cannot read IP mode file for WES.I-CUBE-Cesium.1.3.0
2024-05-06 21:36:58,221 [WARN] PackLoader:240 - Cannot read IP mode file for STMicroelectronics.X-CUBE-BLE2.3.3.0
2024-05-06 21:36:58,233 [WARN] PackLoader:240 - Cannot read IP mode file for STMicroelectronics.X-CUBE-TCPP.4.1.0
2024-05-06 21:36:58,247 [WARN] PackLoader:240 - Cannot read IP mode file for STMicroelectronics.X-CUBE-ALGOBUILD.1.3.0
2024-05-06 21:36:58,275 [WARN] PackLoader:240 - Cannot read IP mode file for STMicroelectronics.X-CUBE-AZRTOS-G0.1.1.0
2024-05-06 21:36:58,293 [WARN] PackLoader:240 - Cannot read IP mode file for STMicroelectronics.X-CUBE-SAFEA1.1.2.2
2024-05-06 21:36:58,308 [WARN] PackLoader:240 - Cannot read IP mode file for STMicroelectronics.X-CUBE-NFC4.3.0.0
2024-05-06 21:36:58,325 [WARN] PackLoader:240 - Cannot read IP mode file for STMicroelectronics.X-CUBE-BLEMGR.3.0.0
2024-05-06 21:36:58,344 [WARN] PackLoader:240 - Cannot read IP mode file for wolfSSL.I-CUBE-wolfSSL.5.7.0
2024-05-06 21:36:58,354 [WARN] PackLoader:240 - Cannot read IP mode file for STMicroelectronics.FP-ATR-SIGFOX1.3.2.0
2024-05-06 21:36:58,368 [WARN] PackLoader:240 - Cannot read IP mode file for STMicroelectronics.X-CUBE-EEPRMA1.5.1.0
2024-05-06 21:36:58,386 [WARN] PackLoader:240 - Cannot read IP mode file for ITTIA_DB.I-CUBE-ITTIADB.8.9.0
2024-05-06 21:36:58,432 [WARN] PackLoader:240 - Cannot read IP mode file for SEGGER.I-CUBE-embOS.1.3.1
2024-05-06 21:36:58,488 [WARN] PackLoader:240 - Cannot read IP mode file for STMicroelectronics.X-CUBE-GNSS1.6.0.0
2024-05-06 21:36:58,595 [WARN] PackLoader:240 - Cannot read IP mode file for STMicroelectronics.X-CUBE-AZRTOS-F4.1.1.0
2024-05-06 21:36:58,613 [WARN] PackLoader:240 - Cannot read IP mode file for wolfSSL.I-CUBE-wolfSSL.5.6.3
2024-05-06 21:36:58,684 [WARN] PackLoader:240 - Cannot read IP mode file for STMicroelectronics.X-CUBE-FREERTOS.1.2.0
2024-05-06 21:36:58,928 [WARN] PackLoader:240 - Cannot read IP mode file for STMicroelectronics.X-CUBE-AZRTOS-L5.2.0.0
2024-05-06 21:36:58,944 [WARN] PackLoader:240 - Cannot read IP mode file for STMicroelectronics.X-CUBE-EEPRMA1.4.2.0
2024-05-06 21:36:58,959 [WARN] PackLoader:240 - Cannot read IP mode file for STMicroelectronics.X-CUBE-NFC6.3.1.0
2024-05-06 21:36:58,973 [WARN] PackLoader:240 - Cannot read IP mode file for ITTIA_DB.I-CUBE-ITTIADB.8.8.0
2024-05-06 21:36:59,033 [WARN] PackLoader:240 - Cannot read IP mode file for STMicroelectronics.X-CUBE-BLEMGR.2.0.0
2024-05-06 21:36:59,047 [WARN] PackLoader:240 - Cannot read IP mode file for STMicroelectronics.X-CUBE-AI.9.0.0
2024-05-06 21:36:59,076 [WARN] ConditionMgr:438 - getConditionDescription Invalid condition id : UX DEVICE CLASS RTOS Condition cause : null
2024-05-06 21:36:59,076 [WARN] ConditionMgr:438 - getConditionDescription Invalid condition id : UX DEVICE CLASS RTOS Condition cause : null
2024-05-06 21:36:59,078 [WARN] PackLoader:240 - Cannot read IP mode file for STMicroelectronics.X-CUBE-AZRTOS-H7.3.1.0
2024-05-06 21:36:59,079 [WARN] ConditionMgr:1039 - genDependencies : Invalid condition id : UX DEVICE CLASS RTOS Condition cause : null
2024-05-06 21:36:59,079 [WARN] ConditionMgr:1039 - genDependencies : Invalid condition id : UX DEVICE CLASS RTOS Condition cause : null
2024-05-06 21:36:59,080 [WARN] ConditionMgr:1039 - genDependencies : Invalid condition id : UX DEVICE CLASS RTOS Condition cause : null
2024-05-06 21:36:59,080 [WARN] ConditionMgr:1039 - genDependencies : Invalid condition id : UX DEVICE CLASS RTOS Condition cause : null
2024-05-06 21:36:59,080 [WARN] ConditionMgr:1039 - genDependencies : Invalid condition id : UX DEVICE CLASS RTOS Condition cause : null
2024-05-06 21:36:59,098 [WARN] PackLoader:240 - Cannot read IP mode file for STMicroelectronics.X-CUBE-NFC7.1.0.1
2024-05-06 21:36:59,119 [WARN] PackLoader:240 - Cannot read IP mode file for STMicroelectronics.X-CUBE-NFC6.3.0.0
2024-05-06 21:36:59,149 [WARN] PackLoader:240 - Cannot read IP mode file for STMicroelectronics.X-CUBE-EEPRMA1.4.1.0
2024-05-06 21:36:59,161 [WARN] PackLoader:240 - Cannot read IP mode file for STMicroelectronics.X-CUBE-AI.8.1.0
2024-05-06 21:36:59,206 [WARN] ConditionMgr:438 - getConditionDescription Invalid condition id : LAN8742 Phy interface Condition cause : null
2024-05-06 21:36:59,207 [WARN] PackLoader:240 - Cannot read IP mode file for STMicroelectronics.X-CUBE-AZRTOS-L4.2.0.0
2024-05-06 21:36:59,208 [WARN] ConditionMgr:1039 - genDependencies : Invalid condition id : LAN8742 Phy interface Condition cause : null
2024-05-06 21:36:59,209 [WARN] ConditionMgr:1039 - genDependencies : Invalid condition id : LAN8742 Phy interface Condition cause : null
2024-05-06 21:36:59,209 [WARN] ConditionMgr:1039 - genDependencies : Invalid condition id : LAN8742 Phy interface Condition cause : null
2024-05-06 21:36:59,291 [WARN] PackLoader:240 - Cannot read IP mode file for STMicroelectronics.X-CUBE-SFXS2LP1.4.0.0
2024-05-06 21:36:59,311 [WARN] PackLoader:240 - Cannot read IP mode file for STMicroelectronics.X-CUBE-ISPU.1.1.0
2024-05-06 21:36:59,342 [WARN] ConditionMgr:438 - getConditionDescription Invalid condition id : UX DEVICE CLASS RTOS Condition cause : null
2024-05-06 21:36:59,343 [WARN] ConditionMgr:438 - getConditionDescription Invalid condition id : UX DEVICE CLASS RTOS Condition cause : null
2024-05-06 21:36:59,346 [WARN] PackLoader:240 - Cannot read IP mode file for STMicroelectronics.X-CUBE-AZRTOS-WB.2.0.0
2024-05-06 21:36:59,347 [WARN] ConditionMgr:1039 - genDependencies : Invalid condition id : UX DEVICE CLASS RTOS Condition cause : null
2024-05-06 21:36:59,347 [WARN] ConditionMgr:1039 - genDependencies : Invalid condition id : UX DEVICE CLASS RTOS Condition cause : null
2024-05-06 21:36:59,347 [WARN] ConditionMgr:1039 - genDependencies : Invalid condition id : UX DEVICE CLASS RTOS Condition cause : null
2024-05-06 21:36:59,348 [WARN] ConditionMgr:1039 - genDependencies : Invalid condition id : UX DEVICE CLASS RTOS Condition cause : null
2024-05-06 21:36:59,348 [WARN] ConditionMgr:1039 - genDependencies : Invalid condition id : UX DEVICE CLASS RTOS Condition cause : null
2024-05-06 21:36:59,376 [WARN] PackLoader:240 - Cannot read IP mode file for STMicroelectronics.X-CUBE-SUBG2.5.0.0
2024-05-06 21:36:59,409 [WARN] PackLoader:240 - Cannot read IP mode file for STMicroelectronics.X-CUBE-TOF1.3.3.1
2024-05-06 21:36:59,448 [WARN] PackLoader:240 - Cannot read IP mode file for STMicroelectronics.X-CUBE-AZRTOS-G4.2.0.0
2024-05-06 21:36:59,476 [WARN] PackLoader:240 - Cannot read IP mode file for Infineon.AIROC-Wi-Fi-Bluetooth-STM32.1.5.1
2024-05-06 21:36:59,492 [WARN] PackLoader:240 - Cannot read IP mode file for STMicroelectronics.FP-SNS-MOTENVWB1.1.3.0
2024-05-06 21:36:59,506 [WARN] PackLoader:240 - Cannot read IP mode file for STMicroelectronics.FP-SNS-MOTENVWB1.1.3.1
2024-05-06 21:36:59,516 [WARN] PackLoader:240 - Cannot read IP mode file for STMicroelectronics.X-CUBE-ISPU.2.0.0
2024-05-06 21:36:59,566 [WARN] PackLoader:240 - Cannot read IP mode file for STMicroelectronics.X-CUBE-MEMS1.10.0.0
2024-05-06 21:36:59,661 [WARN] PackLoader:240 - Cannot read IP mode file for STMicroelectronics.X-CUBE-FREERTOS.1.1.0
2024-05-06 21:36:59,674 [WARN] PackLoader:240 - Cannot read IP mode file for portGmbH.I-Cube-SoM-uGOAL.1.1.0
2024-05-06 21:36:59,685 [WARN] PackLoader:240 - Cannot read IP mode file for STMicroelectronics.X-CUBE-ALS.1.0.1
2024-05-06 21:36:59,722 [WARN] PackLoader:240 - Cannot read IP mode file for STMicroelectronics.X-CUBE-AZRTOS-H7RS.1.0.0
2024-05-06 21:36:59,733 [WARN] PackLoader:240 - Cannot read IP mode file for STMicroelectronics.FP-ATR-ASTRA1.2.0.0
2024-05-06 21:36:59,749 [WARN] PackLoader:240 - Cannot read IP mode file for STMicroelectronics.X-CUBE-TOF1.3.4.0
2024-05-06 21:36:59,774 [WARN] PackLoader:240 - Cannot read IP mode file for STMicroelectronics.X-CUBE-TOF1.3.4.1
2024-05-06 21:36:59,812 [WARN] PackLoader:240 - Cannot read IP mode file for STMicroelectronics.X-CUBE-AZRTOS-H7.3.2.0
2024-05-06 21:36:59,836 [WARN] PackLoader:240 - Cannot read IP mode file for Infineon.AIROC-Wi-Fi-Bluetooth-STM32.1.6.0
2024-05-06 21:36:59,839 [INFO] ThirdParty:978 - Integrity check success = true
2024-05-06 21:36:59,839 [INFO] IntegrityCheckThread:100 - exiting critical section [integrity check]
2024-05-06 21:36:59,839 [INFO] IntegrityCheckThread:103 - End integrity checks thread
2024-05-06 21:37:00,507 [INFO] WebApp:161 - Instantiating new browser for Auth
2024-05-06 21:37:01,307 [INFO] WebApp:779 - Register for checkConnection events
2024-05-06 21:37:01,307 [INFO] WebApp:414 - Apply proxy settings
2024-05-06 21:37:01,307 [INFO] WebApp:499 - Chromium requires no authentication
2024-05-06 21:37:01,316 [INFO] WebApp:442 - Direct internet connection detected
2024-05-06 21:37:01,519 [INFO] WebApp:192 - Starting web application
2024-05-06 21:37:01,519 [INFO] WebApp:544 - Web application path used C:\ST\STM32CubeIDE_1.13.2\STM32CubeIDE\plugins\com.st.stm32cube.common.mx_6.11.0.202403141607\db\plugins\mcufinder\reactClient1\index.html
