2024-05-02 00:06:33,005 [INFO] UtilMem:75 - End SaveConfig() Used Memory: 744862792 Bytes (1073741824)
2024-05-02 00:06:33,335 [INFO] BlockDiagram:2759 - set Specific Code input for plugin: TIM1_8G4
2024-05-02 00:06:33,335 [INFO] BlockDiagram:2759 - set Specific Code input for plugin: TIM1_8G4
2024-05-02 00:06:33,335 [INFO] BlockDiagram:2759 - set Specific Code input for plugin: TIM1_8G4
2024-05-02 00:06:33,335 [INFO] BlockDiagram:2759 - set Specific Code input for plugin: ARM.CMSIS-DSP.1.15.0
2024-05-02 00:06:33,335 [INFO] BlockDiagram:2759 - set Specific Code input for plugin: SYS
2024-05-02 00:06:33,335 [INFO] BlockDiagram:2759 - set Specific Code input for plugin: RCC
2024-05-02 00:06:33,335 [INFO] BlockDiagram:2759 - set Specific Code input for plugin: NVIC
2024-05-02 00:06:33,335 [INFO] BlockDiagram:2759 - set Specific Code input for plugin: USART
2024-05-02 00:06:33,335 [INFO] BlockDiagram:2759 - set Specific Code input for plugin: DMA
2024-05-02 00:06:33,335 [INFO] BlockDiagram:2759 - set Specific Code input for plugin: TIM1_8G4
2024-05-02 00:06:33,335 [INFO] BlockDiagram:2759 - set Specific Code input for plugin: GPIO
2024-05-02 00:06:33,335 [INFO] BlockDiagram:2759 - set Specific Code input for plugin: ARM.CMSIS.6.0.0
2024-05-02 00:06:33,336 [WARN] ThirdPartyIpManager:480 - Condition 'TrustZone' not fulfilled in pack 'ARM.CMSIS.6.0.0'
2024-05-02 00:06:33,336 [WARN] ThirdPartyRefParameterProcessor:173 - Condition 'TrustZone;(SIiDtzIiTZ)' has not the same result using Semaphore or Dynamic solver for pack 'ARM.CMSIS.6.0.0''
2024-05-02 00:06:33,336 [WARN] ThirdPartyIpManager:480 - Condition 'TZ Secure' not fulfilled in pack 'ARM.CMSIS.6.0.0'
2024-05-02 00:06:33,336 [WARN] ThirdPartyRefParameterProcessor:173 - Condition 'TZ Secure;(SIiDtzIiTZ&SIiDsecureIiSecure)' has not the same result using Semaphore or Dynamic solver for pack 'ARM.CMSIS.6.0.0''
2024-05-02 00:06:33,336 [WARN] ThirdPartyIpManager:480 - Condition 'TZ Secure' not fulfilled in pack 'ARM.CMSIS.6.0.0'
2024-05-02 00:06:33,336 [WARN] ThirdPartyRefParameterProcessor:173 - Condition 'TZ Secure;(SIiDtzIiTZ&SIiDsecureIiSecure)' has not the same result using Semaphore or Dynamic solver for pack 'ARM.CMSIS.6.0.0''
2024-05-02 00:06:33,336 [WARN] ThirdPartyIpManager:480 - Condition 'ARMv7-A Device' not fulfilled in pack 'ARM.CMSIS-DSP.1.15.0'
2024-05-02 00:06:33,336 [WARN] ThirdPartyIpManager:480 - Condition 'ARMv7-A Device' not fulfilled in pack 'ARM.CMSIS-DSP.1.15.0'
2024-05-02 00:06:33,337 [INFO] CodeGenerator:807 - code generatio: config db path: C:\ST\STM32CubeIDE_1.13.2\STM32CubeIDE\plugins\com.st.stm32cube.common.mx_6.11.0.202403141607\\db\
2024-05-02 00:06:33,391 [INFO] Argument:325 - Argument : hdmavalue: null
2024-05-02 00:06:33,391 [INFO] Argument:327 - 	 sub Args: 
2024-05-02 00:06:33,391 [INFO] Argument:325 - Argument : Instancevalue: DMA1_Channel1
2024-05-02 00:06:33,391 [INFO] Argument:335 - Argument : Instancevalue: DMA1_Channel1
2024-05-02 00:06:33,391 [INFO] Argument:325 - Argument : Initvalue: null
2024-05-02 00:06:33,391 [INFO] Argument:327 - 	 sub Args: 
2024-05-02 00:06:33,391 [INFO] Argument:325 - Argument : Requestvalue: DMA_REQUEST_USART2_TX
2024-05-02 00:06:33,391 [INFO] Argument:335 - Argument : Requestvalue: DMA_REQUEST_USART2_TX
2024-05-02 00:06:33,391 [INFO] Argument:325 - Argument : Directionvalue: DMA_MEMORY_TO_PERIPH
2024-05-02 00:06:33,391 [INFO] Argument:335 - Argument : Directionvalue: DMA_MEMORY_TO_PERIPH
2024-05-02 00:06:33,391 [INFO] Argument:325 - Argument : PeriphIncvalue: DMA_PINC_DISABLE
2024-05-02 00:06:33,391 [INFO] Argument:335 - Argument : PeriphIncvalue: DMA_PINC_DISABLE
2024-05-02 00:06:33,391 [INFO] Argument:325 - Argument : MemIncvalue: DMA_MINC_ENABLE
2024-05-02 00:06:33,391 [INFO] Argument:335 - Argument : MemIncvalue: DMA_MINC_ENABLE
2024-05-02 00:06:33,391 [INFO] Argument:325 - Argument : PeriphDataAlignmentvalue: DMA_PDATAALIGN_BYTE
2024-05-02 00:06:33,391 [INFO] Argument:335 - Argument : PeriphDataAlignmentvalue: DMA_PDATAALIGN_BYTE
2024-05-02 00:06:33,391 [INFO] Argument:325 - Argument : MemDataAlignmentvalue: DMA_MDATAALIGN_BYTE
2024-05-02 00:06:33,391 [INFO] Argument:335 - Argument : MemDataAlignmentvalue: DMA_MDATAALIGN_BYTE
2024-05-02 00:06:33,391 [INFO] Argument:325 - Argument : Modevalue: DMA_NORMAL
2024-05-02 00:06:33,391 [INFO] Argument:335 - Argument : Modevalue: DMA_NORMAL
2024-05-02 00:06:33,391 [INFO] Argument:325 - Argument : Priorityvalue: DMA_PRIORITY_LOW
2024-05-02 00:06:33,392 [INFO] Argument:335 - Argument : Priorityvalue: DMA_PRIORITY_LOW
2024-05-02 00:06:33,392 [INFO] Argument:325 - Argument : Lockvalue: null
2024-05-02 00:06:33,392 [INFO] Argument:335 - Argument : Lockvalue: null
2024-05-02 00:06:33,392 [INFO] Argument:325 - Argument : Statevalue: null
2024-05-02 00:06:33,392 [INFO] Argument:335 - Argument : Statevalue: null
2024-05-02 00:06:33,392 [INFO] Argument:325 - Argument : Parentvalue: null
2024-05-02 00:06:33,392 [INFO] Argument:335 - Argument : Parentvalue: null
2024-05-02 00:06:33,392 [INFO] Argument:325 - Argument : XferCpltCallbackvalue: null
2024-05-02 00:06:33,392 [INFO] Argument:335 - Argument : XferCpltCallbackvalue: null
2024-05-02 00:06:33,392 [INFO] Argument:325 - Argument : XferHalfCpltCallbackvalue: null
2024-05-02 00:06:33,392 [INFO] Argument:335 - Argument : XferHalfCpltCallbackvalue: null
2024-05-02 00:06:33,392 [INFO] Argument:325 - Argument : XferErrorCallbackvalue: null
2024-05-02 00:06:33,392 [INFO] Argument:335 - Argument : XferErrorCallbackvalue: null
2024-05-02 00:06:33,392 [INFO] Argument:325 - Argument : XferAbortCallbackvalue: null
2024-05-02 00:06:33,392 [INFO] Argument:335 - Argument : XferAbortCallbackvalue: null
2024-05-02 00:06:33,392 [INFO] Argument:325 - Argument : ErrorCodevalue: null
2024-05-02 00:06:33,392 [INFO] Argument:335 - Argument : ErrorCodevalue: null
2024-05-02 00:06:33,392 [INFO] Argument:325 - Argument : ChannelIndexvalue: null
2024-05-02 00:06:33,392 [INFO] Argument:335 - Argument : ChannelIndexvalue: null
2024-05-02 00:06:33,392 [INFO] Argument:325 - Argument : DMAmuxChannelvalue: null
2024-05-02 00:06:33,392 [INFO] Argument:335 - Argument : DMAmuxChannelvalue: null
2024-05-02 00:06:33,392 [INFO] Argument:325 - Argument : DMAmuxChannelStatusvalue: null
2024-05-02 00:06:33,392 [INFO] Argument:335 - Argument : DMAmuxChannelStatusvalue: null
2024-05-02 00:06:33,392 [INFO] Argument:325 - Argument : DMAmuxChannelStatusMaskvalue: null
2024-05-02 00:06:33,392 [INFO] Argument:335 - Argument : DMAmuxChannelStatusMaskvalue: null
2024-05-02 00:06:33,392 [INFO] Argument:325 - Argument : DMAmuxRequestGenvalue: null
2024-05-02 00:06:33,392 [INFO] Argument:335 - Argument : DMAmuxRequestGenvalue: null
2024-05-02 00:06:33,392 [INFO] Argument:325 - Argument : DMAmuxRequestGenStatusvalue: null
2024-05-02 00:06:33,392 [INFO] Argument:335 - Argument : DMAmuxRequestGenStatusvalue: null
2024-05-02 00:06:33,392 [INFO] Argument:325 - Argument : DMAmuxRequestGenStatusMaskvalue: null
2024-05-02 00:06:33,392 [INFO] Argument:335 - Argument : DMAmuxRequestGenStatusMaskvalue: null
2024-05-02 00:06:33,393 [INFO] Argument:325 - Argument : hdmavalue: null
2024-05-02 00:06:33,393 [INFO] Argument:327 - 	 sub Args: 
2024-05-02 00:06:33,393 [INFO] Argument:325 - Argument : Instancevalue: DMA1_Channel2
2024-05-02 00:06:33,393 [INFO] Argument:335 - Argument : Instancevalue: DMA1_Channel2
2024-05-02 00:06:33,393 [INFO] Argument:325 - Argument : Initvalue: null
2024-05-02 00:06:33,393 [INFO] Argument:327 - 	 sub Args: 
2024-05-02 00:06:33,393 [INFO] Argument:325 - Argument : Requestvalue: DMA_REQUEST_USART2_RX
2024-05-02 00:06:33,393 [INFO] Argument:335 - Argument : Requestvalue: DMA_REQUEST_USART2_RX
2024-05-02 00:06:33,393 [INFO] Argument:325 - Argument : Directionvalue: DMA_PERIPH_TO_MEMORY
2024-05-02 00:06:33,393 [INFO] Argument:335 - Argument : Directionvalue: DMA_PERIPH_TO_MEMORY
2024-05-02 00:06:33,393 [INFO] Argument:325 - Argument : PeriphIncvalue: DMA_PINC_DISABLE
2024-05-02 00:06:33,393 [INFO] Argument:335 - Argument : PeriphIncvalue: DMA_PINC_DISABLE
2024-05-02 00:06:33,393 [INFO] Argument:325 - Argument : MemIncvalue: DMA_MINC_ENABLE
2024-05-02 00:06:33,393 [INFO] Argument:335 - Argument : MemIncvalue: DMA_MINC_ENABLE
2024-05-02 00:06:33,393 [INFO] Argument:325 - Argument : PeriphDataAlignmentvalue: DMA_PDATAALIGN_BYTE
2024-05-02 00:06:33,393 [INFO] Argument:335 - Argument : PeriphDataAlignmentvalue: DMA_PDATAALIGN_BYTE
2024-05-02 00:06:33,393 [INFO] Argument:325 - Argument : MemDataAlignmentvalue: DMA_MDATAALIGN_BYTE
2024-05-02 00:06:33,393 [INFO] Argument:335 - Argument : MemDataAlignmentvalue: DMA_MDATAALIGN_BYTE
2024-05-02 00:06:33,393 [INFO] Argument:325 - Argument : Modevalue: DMA_NORMAL
2024-05-02 00:06:33,393 [INFO] Argument:335 - Argument : Modevalue: DMA_NORMAL
2024-05-02 00:06:33,393 [INFO] Argument:325 - Argument : Priorityvalue: DMA_PRIORITY_LOW
2024-05-02 00:06:33,393 [INFO] Argument:335 - Argument : Priorityvalue: DMA_PRIORITY_LOW
2024-05-02 00:06:33,393 [INFO] Argument:325 - Argument : Lockvalue: null
2024-05-02 00:06:33,393 [INFO] Argument:335 - Argument : Lockvalue: null
2024-05-02 00:06:33,393 [INFO] Argument:325 - Argument : Statevalue: null
2024-05-02 00:06:33,393 [INFO] Argument:335 - Argument : Statevalue: null
2024-05-02 00:06:33,393 [INFO] Argument:325 - Argument : Parentvalue: null
2024-05-02 00:06:33,393 [INFO] Argument:335 - Argument : Parentvalue: null
2024-05-02 00:06:33,393 [INFO] Argument:325 - Argument : XferCpltCallbackvalue: null
2024-05-02 00:06:33,393 [INFO] Argument:335 - Argument : XferCpltCallbackvalue: null
2024-05-02 00:06:33,394 [INFO] Argument:325 - Argument : XferHalfCpltCallbackvalue: null
2024-05-02 00:06:33,394 [INFO] Argument:335 - Argument : XferHalfCpltCallbackvalue: null
2024-05-02 00:06:33,394 [INFO] Argument:325 - Argument : XferErrorCallbackvalue: null
2024-05-02 00:06:33,394 [INFO] Argument:335 - Argument : XferErrorCallbackvalue: null
2024-05-02 00:06:33,394 [INFO] Argument:325 - Argument : XferAbortCallbackvalue: null
2024-05-02 00:06:33,394 [INFO] Argument:335 - Argument : XferAbortCallbackvalue: null
2024-05-02 00:06:33,394 [INFO] Argument:325 - Argument : ErrorCodevalue: null
2024-05-02 00:06:33,394 [INFO] Argument:335 - Argument : ErrorCodevalue: null
2024-05-02 00:06:33,394 [INFO] Argument:325 - Argument : ChannelIndexvalue: null
2024-05-02 00:06:33,394 [INFO] Argument:335 - Argument : ChannelIndexvalue: null
2024-05-02 00:06:33,394 [INFO] Argument:325 - Argument : DMAmuxChannelvalue: null
2024-05-02 00:06:33,394 [INFO] Argument:335 - Argument : DMAmuxChannelvalue: null
2024-05-02 00:06:33,394 [INFO] Argument:325 - Argument : DMAmuxChannelStatusvalue: null
2024-05-02 00:06:33,394 [INFO] Argument:335 - Argument : DMAmuxChannelStatusvalue: null
2024-05-02 00:06:33,394 [INFO] Argument:325 - Argument : DMAmuxChannelStatusMaskvalue: null
2024-05-02 00:06:33,394 [INFO] Argument:335 - Argument : DMAmuxChannelStatusMaskvalue: null
2024-05-02 00:06:33,394 [INFO] Argument:325 - Argument : DMAmuxRequestGenvalue: null
2024-05-02 00:06:33,394 [INFO] Argument:335 - Argument : DMAmuxRequestGenvalue: null
2024-05-02 00:06:33,394 [INFO] Argument:325 - Argument : DMAmuxRequestGenStatusvalue: null
2024-05-02 00:06:33,394 [INFO] Argument:335 - Argument : DMAmuxRequestGenStatusvalue: null
2024-05-02 00:06:33,394 [INFO] Argument:325 - Argument : DMAmuxRequestGenStatusMaskvalue: null
2024-05-02 00:06:33,394 [INFO] Argument:335 - Argument : DMAmuxRequestGenStatusMaskvalue: null
2024-05-02 00:06:33,494 [INFO] CodeEngine:255 - oldGeneratedFile, E:\Fibo_2_2\Stu\All_code\Robotic_Studio_III_ASRS\ModbusDemo2024\MODBUS2024ALT\MXTmpFiles\license.tmp_save
2024-05-02 00:06:33,558 [INFO] CodeEngine:279 - Generated code: E:\Fibo_2_2\Stu\All_code\Robotic_Studio_III_ASRS\ModbusDemo2024\MODBUS2024ALT\MXTmpFiles\license.tmp
2024-05-02 00:06:33,601 [INFO] CodeEngine:255 - oldGeneratedFile, E:\Fibo_2_2\Stu\All_code\Robotic_Studio_III_ASRS\ModbusDemo2024\MODBUS2024ALT\MXTmpFiles\gpio.tmp_save
2024-05-02 00:06:33,675 [INFO] CodeEngine:279 - Generated code: E:\Fibo_2_2\Stu\All_code\Robotic_Studio_III_ASRS\ModbusDemo2024\MODBUS2024ALT\MXTmpFiles\gpio.tmp
2024-05-02 00:06:34,228 [INFO] CodeEngine:255 - oldGeneratedFile, E:\Fibo_2_2\Stu\All_code\Robotic_Studio_III_ASRS\ModbusDemo2024\MODBUS2024ALT\MXTmpFiles\dma.tmp_save
2024-05-02 00:06:34,290 [INFO] CodeEngine:279 - Generated code: E:\Fibo_2_2\Stu\All_code\Robotic_Studio_III_ASRS\ModbusDemo2024\MODBUS2024ALT\MXTmpFiles\dma.tmp
2024-05-02 00:06:34,293 [INFO] CodeEngine:255 - oldGeneratedFile, E:\Fibo_2_2\Stu\All_code\Robotic_Studio_III_ASRS\ModbusDemo2024\MODBUS2024ALT\MXTmpFiles\dma_GV.tmp_save
2024-05-02 00:06:34,334 [INFO] CodeEngine:279 - Generated code: E:\Fibo_2_2\Stu\All_code\Robotic_Studio_III_ASRS\ModbusDemo2024\MODBUS2024ALT\MXTmpFiles\dma_GV.tmp
2024-05-02 00:06:34,361 [INFO] CodeEngine:255 - oldGeneratedFile, E:\Fibo_2_2\Stu\All_code\Robotic_Studio_III_ASRS\ModbusDemo2024\MODBUS2024ALT\Core\Src\stm32g4xx_it.c_save
2024-05-02 00:06:34,484 [INFO] CodeEngine:279 - Generated code: E:\Fibo_2_2\Stu\All_code\Robotic_Studio_III_ASRS\ModbusDemo2024\MODBUS2024ALT\Core\Src\stm32g4xx_it.c
2024-05-02 00:06:34,489 [INFO] CodeEngine:255 - oldGeneratedFile, E:\Fibo_2_2\Stu\All_code\Robotic_Studio_III_ASRS\ModbusDemo2024\MODBUS2024ALT\Core\Inc\stm32g4xx_it.h_save
2024-05-02 00:06:34,535 [INFO] CodeEngine:279 - Generated code: E:\Fibo_2_2\Stu\All_code\Robotic_Studio_III_ASRS\ModbusDemo2024\MODBUS2024ALT\Core\Inc\stm32g4xx_it.h
2024-05-02 00:06:34,560 [INFO] CodeEngine:255 - oldGeneratedFile, E:\Fibo_2_2\Stu\All_code\Robotic_Studio_III_ASRS\ModbusDemo2024\MODBUS2024ALT\Core\Src\stm32g4xx_hal_msp.c_save
2024-05-02 00:06:34,660 [INFO] CodeEngine:279 - Generated code: E:\Fibo_2_2\Stu\All_code\Robotic_Studio_III_ASRS\ModbusDemo2024\MODBUS2024ALT\Core\Src\stm32g4xx_hal_msp.c
2024-05-02 00:06:34,664 [INFO] CodeEngine:255 - oldGeneratedFile, E:\Fibo_2_2\Stu\All_code\Robotic_Studio_III_ASRS\ModbusDemo2024\MODBUS2024ALT\MXTmpFiles\system.tmp_save
2024-05-02 00:06:34,711 [INFO] CodeEngine:279 - Generated code: E:\Fibo_2_2\Stu\All_code\Robotic_Studio_III_ASRS\ModbusDemo2024\MODBUS2024ALT\MXTmpFiles\system.tmp
2024-05-02 00:06:34,729 [INFO] CodeEngine:311 - oldGeneratedFile, E:\Fibo_2_2\Stu\All_code\Robotic_Studio_III_ASRS\ModbusDemo2024\MODBUS2024ALT\Core\Inc\stm32g4xx_hal_conf.h_save
2024-05-02 00:06:34,801 [INFO] CodeEngine:335 - Generated code: E:\Fibo_2_2\Stu\All_code\Robotic_Studio_III_ASRS\ModbusDemo2024\MODBUS2024ALT\Core\Inc\stm32g4xx_hal_conf.h
2024-05-02 00:06:34,823 [WARN] IPConfigManager:2982 - Warning: the RefConfig RCC_CommonPeriphClockConfig is not available in your config.xml file
2024-05-02 00:06:34,830 [WARN] IPConfigManager:3513 - IP not found : TIM
2024-05-02 00:06:34,831 [WARN] CodeGenerator:3951 - IP not found : null
2024-05-02 00:06:34,843 [INFO] CodeEngine:255 - oldGeneratedFile, E:\Fibo_2_2\Stu\All_code\Robotic_Studio_III_ASRS\ModbusDemo2024\MODBUS2024ALT\Core\Inc\main.h_save
2024-05-02 00:06:34,914 [INFO] CodeEngine:279 - Generated code: E:\Fibo_2_2\Stu\All_code\Robotic_Studio_III_ASRS\ModbusDemo2024\MODBUS2024ALT\Core\Inc\main.h
2024-05-02 00:06:34,925 [INFO] CodeEngine:255 - oldGeneratedFile, E:\Fibo_2_2\Stu\All_code\Robotic_Studio_III_ASRS\ModbusDemo2024\MODBUS2024ALT\Core\Src\main.c_save
2024-05-02 00:06:35,025 [INFO] CodeEngine:279 - Generated code: E:\Fibo_2_2\Stu\All_code\Robotic_Studio_III_ASRS\ModbusDemo2024\MODBUS2024ALT\Core\Src\main.c
2024-05-02 00:06:35,375 [INFO] ProjectBuilder:3163 - Time for Copy HAL[1] : 171mS.
2024-05-02 00:06:35,375 [WARN] ThirdPartyIpManager:480 - Condition 'TrustZone' not fulfilled in pack 'ARM.CMSIS.6.0.0'
2024-05-02 00:06:35,376 [WARN] ThirdPartyRefParameterProcessor:173 - Condition 'TrustZone;(SIiDtzIiTZ)' has not the same result using Semaphore or Dynamic solver for pack 'ARM.CMSIS.6.0.0''
2024-05-02 00:06:35,376 [WARN] ThirdPartyIpManager:480 - Condition 'TZ Secure' not fulfilled in pack 'ARM.CMSIS.6.0.0'
2024-05-02 00:06:35,376 [WARN] ThirdPartyRefParameterProcessor:173 - Condition 'TZ Secure;(SIiDtzIiTZ&SIiDsecureIiSecure)' has not the same result using Semaphore or Dynamic solver for pack 'ARM.CMSIS.6.0.0''
2024-05-02 00:06:35,376 [WARN] ThirdPartyIpManager:480 - Condition 'TZ Secure' not fulfilled in pack 'ARM.CMSIS.6.0.0'
2024-05-02 00:06:35,376 [WARN] ThirdPartyRefParameterProcessor:173 - Condition 'TZ Secure;(SIiDtzIiTZ&SIiDsecureIiSecure)' has not the same result using Semaphore or Dynamic solver for pack 'ARM.CMSIS.6.0.0''
2024-05-02 00:06:35,376 [WARN] ThirdPartyIpManager:480 - Condition 'ARMv7-A Device' not fulfilled in pack 'ARM.CMSIS-DSP.1.15.0'
2024-05-02 00:06:35,376 [WARN] ThirdPartyIpManager:480 - Condition 'ARMv7-A Device' not fulfilled in pack 'ARM.CMSIS-DSP.1.15.0'
2024-05-02 00:06:35,451 [INFO] ProjectBuilder:8898 - Time for Copy ThirdParty[1] : 74mS.
2024-05-02 00:06:35,683 [INFO] ProjectBuilder:8898 - Time for Copy ThirdParty[1] : 231mS.
2024-05-02 00:06:35,687 [INFO] ProjectBuilder:4736 - Project Generator version: 4.3.0-B58
2024-05-02 00:06:35,748 [INFO] ConfigFileManager:1503 - The Die is : DIE469
2024-05-02 00:06:36,651 [INFO] ProjectBuilder:5002 - Time for Generating toolchain IDE Files: 964mS.
2024-05-02 00:06:36,652 [INFO] ProjectBuilder:3034 - Time for Copy CMSIS : 1mS.
2024-05-02 00:06:36,660 [INFO] ProjectBuilder:3034 - Time for Copy CMSIS : 0mS.
2024-05-02 00:17:39,507 [INFO] UtilMem:75 - End SaveConfig() Used Memory: 944237448 Bytes (1073741824)
2024-05-02 00:17:39,861 [INFO] BlockDiagram:2759 - set Specific Code input for plugin: TIM1_8G4
2024-05-02 00:17:39,861 [INFO] BlockDiagram:2759 - set Specific Code input for plugin: TIM1_8G4
2024-05-02 00:17:39,862 [INFO] BlockDiagram:2759 - set Specific Code input for plugin: TIM1_8G4
2024-05-02 00:17:39,862 [INFO] BlockDiagram:2759 - set Specific Code input for plugin: ARM.CMSIS-DSP.1.15.0
2024-05-02 00:17:39,862 [INFO] BlockDiagram:2759 - set Specific Code input for plugin: SYS
2024-05-02 00:17:39,862 [INFO] BlockDiagram:2759 - set Specific Code input for plugin: RCC
2024-05-02 00:17:39,862 [INFO] BlockDiagram:2759 - set Specific Code input for plugin: NVIC
2024-05-02 00:17:39,862 [INFO] BlockDiagram:2759 - set Specific Code input for plugin: USART
2024-05-02 00:17:39,862 [INFO] BlockDiagram:2759 - set Specific Code input for plugin: DMA
2024-05-02 00:17:39,862 [INFO] BlockDiagram:2759 - set Specific Code input for plugin: TIM1_8G4
2024-05-02 00:17:39,862 [INFO] BlockDiagram:2759 - set Specific Code input for plugin: GPIO
2024-05-02 00:17:39,862 [INFO] BlockDiagram:2759 - set Specific Code input for plugin: ARM.CMSIS.6.0.0
2024-05-02 00:17:39,863 [WARN] ThirdPartyIpManager:480 - Condition 'TrustZone' not fulfilled in pack 'ARM.CMSIS.6.0.0'
2024-05-02 00:17:39,863 [WARN] ThirdPartyRefParameterProcessor:173 - Condition 'TrustZone;(SIiDtzIiTZ)' has not the same result using Semaphore or Dynamic solver for pack 'ARM.CMSIS.6.0.0''
2024-05-02 00:17:39,863 [WARN] ThirdPartyIpManager:480 - Condition 'TZ Secure' not fulfilled in pack 'ARM.CMSIS.6.0.0'
2024-05-02 00:17:39,863 [WARN] ThirdPartyRefParameterProcessor:173 - Condition 'TZ Secure;(SIiDtzIiTZ&SIiDsecureIiSecure)' has not the same result using Semaphore or Dynamic solver for pack 'ARM.CMSIS.6.0.0''
2024-05-02 00:17:39,863 [WARN] ThirdPartyIpManager:480 - Condition 'TZ Secure' not fulfilled in pack 'ARM.CMSIS.6.0.0'
2024-05-02 00:17:39,863 [WARN] ThirdPartyRefParameterProcessor:173 - Condition 'TZ Secure;(SIiDtzIiTZ&SIiDsecureIiSecure)' has not the same result using Semaphore or Dynamic solver for pack 'ARM.CMSIS.6.0.0''
2024-05-02 00:17:39,863 [WARN] ThirdPartyIpManager:480 - Condition 'ARMv7-A Device' not fulfilled in pack 'ARM.CMSIS-DSP.1.15.0'
2024-05-02 00:17:39,864 [WARN] ThirdPartyIpManager:480 - Condition 'ARMv7-A Device' not fulfilled in pack 'ARM.CMSIS-DSP.1.15.0'
2024-05-02 00:17:39,864 [INFO] CodeGenerator:807 - code generatio: config db path: C:\ST\STM32CubeIDE_1.13.2\STM32CubeIDE\plugins\com.st.stm32cube.common.mx_6.11.0.202403141607\\db\
2024-05-02 00:17:40,016 [INFO] Argument:325 - Argument : hdmavalue: null
2024-05-02 00:17:40,016 [INFO] Argument:327 - 	 sub Args: 
2024-05-02 00:17:40,016 [INFO] Argument:325 - Argument : Instancevalue: DMA1_Channel1
2024-05-02 00:17:40,016 [INFO] Argument:335 - Argument : Instancevalue: DMA1_Channel1
2024-05-02 00:17:40,016 [INFO] Argument:325 - Argument : Initvalue: null
2024-05-02 00:17:40,016 [INFO] Argument:327 - 	 sub Args: 
2024-05-02 00:17:40,016 [INFO] Argument:325 - Argument : Requestvalue: DMA_REQUEST_USART2_TX
2024-05-02 00:17:40,016 [INFO] Argument:335 - Argument : Requestvalue: DMA_REQUEST_USART2_TX
2024-05-02 00:17:40,016 [INFO] Argument:325 - Argument : Directionvalue: DMA_MEMORY_TO_PERIPH
2024-05-02 00:17:40,016 [INFO] Argument:335 - Argument : Directionvalue: DMA_MEMORY_TO_PERIPH
2024-05-02 00:17:40,016 [INFO] Argument:325 - Argument : PeriphIncvalue: DMA_PINC_DISABLE
2024-05-02 00:17:40,016 [INFO] Argument:335 - Argument : PeriphIncvalue: DMA_PINC_DISABLE
2024-05-02 00:17:40,016 [INFO] Argument:325 - Argument : MemIncvalue: DMA_MINC_ENABLE
2024-05-02 00:17:40,016 [INFO] Argument:335 - Argument : MemIncvalue: DMA_MINC_ENABLE
2024-05-02 00:17:40,016 [INFO] Argument:325 - Argument : PeriphDataAlignmentvalue: DMA_PDATAALIGN_BYTE
2024-05-02 00:17:40,016 [INFO] Argument:335 - Argument : PeriphDataAlignmentvalue: DMA_PDATAALIGN_BYTE
2024-05-02 00:17:40,016 [INFO] Argument:325 - Argument : MemDataAlignmentvalue: DMA_MDATAALIGN_BYTE
2024-05-02 00:17:40,017 [INFO] Argument:335 - Argument : MemDataAlignmentvalue: DMA_MDATAALIGN_BYTE
2024-05-02 00:17:40,017 [INFO] Argument:325 - Argument : Modevalue: DMA_NORMAL
2024-05-02 00:17:40,017 [INFO] Argument:335 - Argument : Modevalue: DMA_NORMAL
2024-05-02 00:17:40,017 [INFO] Argument:325 - Argument : Priorityvalue: DMA_PRIORITY_LOW
2024-05-02 00:17:40,017 [INFO] Argument:335 - Argument : Priorityvalue: DMA_PRIORITY_LOW
2024-05-02 00:17:40,017 [INFO] Argument:325 - Argument : Lockvalue: null
2024-05-02 00:17:40,017 [INFO] Argument:335 - Argument : Lockvalue: null
2024-05-02 00:17:40,017 [INFO] Argument:325 - Argument : Statevalue: null
2024-05-02 00:17:40,017 [INFO] Argument:335 - Argument : Statevalue: null
2024-05-02 00:17:40,017 [INFO] Argument:325 - Argument : Parentvalue: null
2024-05-02 00:17:40,017 [INFO] Argument:335 - Argument : Parentvalue: null
2024-05-02 00:17:40,017 [INFO] Argument:325 - Argument : XferCpltCallbackvalue: null
2024-05-02 00:17:40,017 [INFO] Argument:335 - Argument : XferCpltCallbackvalue: null
2024-05-02 00:17:40,017 [INFO] Argument:325 - Argument : XferHalfCpltCallbackvalue: null
2024-05-02 00:17:40,017 [INFO] Argument:335 - Argument : XferHalfCpltCallbackvalue: null
2024-05-02 00:17:40,017 [INFO] Argument:325 - Argument : XferErrorCallbackvalue: null
2024-05-02 00:17:40,017 [INFO] Argument:335 - Argument : XferErrorCallbackvalue: null
2024-05-02 00:17:40,017 [INFO] Argument:325 - Argument : XferAbortCallbackvalue: null
2024-05-02 00:17:40,017 [INFO] Argument:335 - Argument : XferAbortCallbackvalue: null
2024-05-02 00:17:40,017 [INFO] Argument:325 - Argument : ErrorCodevalue: null
2024-05-02 00:17:40,017 [INFO] Argument:335 - Argument : ErrorCodevalue: null
2024-05-02 00:17:40,017 [INFO] Argument:325 - Argument : ChannelIndexvalue: null
2024-05-02 00:17:40,017 [INFO] Argument:335 - Argument : ChannelIndexvalue: null
2024-05-02 00:17:40,017 [INFO] Argument:325 - Argument : DMAmuxChannelvalue: null
2024-05-02 00:17:40,017 [INFO] Argument:335 - Argument : DMAmuxChannelvalue: null
2024-05-02 00:17:40,017 [INFO] Argument:325 - Argument : DMAmuxChannelStatusvalue: null
2024-05-02 00:17:40,017 [INFO] Argument:335 - Argument : DMAmuxChannelStatusvalue: null
2024-05-02 00:17:40,017 [INFO] Argument:325 - Argument : DMAmuxChannelStatusMaskvalue: null
2024-05-02 00:17:40,017 [INFO] Argument:335 - Argument : DMAmuxChannelStatusMaskvalue: null
2024-05-02 00:17:40,017 [INFO] Argument:325 - Argument : DMAmuxRequestGenvalue: null
2024-05-02 00:17:40,017 [INFO] Argument:335 - Argument : DMAmuxRequestGenvalue: null
2024-05-02 00:17:40,017 [INFO] Argument:325 - Argument : DMAmuxRequestGenStatusvalue: null
2024-05-02 00:17:40,017 [INFO] Argument:335 - Argument : DMAmuxRequestGenStatusvalue: null
2024-05-02 00:17:40,018 [INFO] Argument:325 - Argument : DMAmuxRequestGenStatusMaskvalue: null
2024-05-02 00:17:40,018 [INFO] Argument:335 - Argument : DMAmuxRequestGenStatusMaskvalue: null
2024-05-02 00:17:40,019 [INFO] Argument:325 - Argument : hdmavalue: null
2024-05-02 00:17:40,019 [INFO] Argument:327 - 	 sub Args: 
2024-05-02 00:17:40,019 [INFO] Argument:325 - Argument : Instancevalue: DMA1_Channel2
2024-05-02 00:17:40,019 [INFO] Argument:335 - Argument : Instancevalue: DMA1_Channel2
2024-05-02 00:17:40,019 [INFO] Argument:325 - Argument : Initvalue: null
2024-05-02 00:17:40,019 [INFO] Argument:327 - 	 sub Args: 
2024-05-02 00:17:40,019 [INFO] Argument:325 - Argument : Requestvalue: DMA_REQUEST_USART2_RX
2024-05-02 00:17:40,019 [INFO] Argument:335 - Argument : Requestvalue: DMA_REQUEST_USART2_RX
2024-05-02 00:17:40,019 [INFO] Argument:325 - Argument : Directionvalue: DMA_PERIPH_TO_MEMORY
2024-05-02 00:17:40,019 [INFO] Argument:335 - Argument : Directionvalue: DMA_PERIPH_TO_MEMORY
2024-05-02 00:17:40,019 [INFO] Argument:325 - Argument : PeriphIncvalue: DMA_PINC_DISABLE
2024-05-02 00:17:40,019 [INFO] Argument:335 - Argument : PeriphIncvalue: DMA_PINC_DISABLE
2024-05-02 00:17:40,019 [INFO] Argument:325 - Argument : MemIncvalue: DMA_MINC_ENABLE
2024-05-02 00:17:40,019 [INFO] Argument:335 - Argument : MemIncvalue: DMA_MINC_ENABLE
2024-05-02 00:17:40,019 [INFO] Argument:325 - Argument : PeriphDataAlignmentvalue: DMA_PDATAALIGN_BYTE
2024-05-02 00:17:40,019 [INFO] Argument:335 - Argument : PeriphDataAlignmentvalue: DMA_PDATAALIGN_BYTE
2024-05-02 00:17:40,019 [INFO] Argument:325 - Argument : MemDataAlignmentvalue: DMA_MDATAALIGN_BYTE
2024-05-02 00:17:40,020 [INFO] Argument:335 - Argument : MemDataAlignmentvalue: DMA_MDATAALIGN_BYTE
2024-05-02 00:17:40,020 [INFO] Argument:325 - Argument : Modevalue: DMA_NORMAL
2024-05-02 00:17:40,020 [INFO] Argument:335 - Argument : Modevalue: DMA_NORMAL
2024-05-02 00:17:40,020 [INFO] Argument:325 - Argument : Priorityvalue: DMA_PRIORITY_LOW
2024-05-02 00:17:40,020 [INFO] Argument:335 - Argument : Priorityvalue: DMA_PRIORITY_LOW
2024-05-02 00:17:40,020 [INFO] Argument:325 - Argument : Lockvalue: null
2024-05-02 00:17:40,020 [INFO] Argument:335 - Argument : Lockvalue: null
2024-05-02 00:17:40,020 [INFO] Argument:325 - Argument : Statevalue: null
2024-05-02 00:17:40,020 [INFO] Argument:335 - Argument : Statevalue: null
2024-05-02 00:17:40,020 [INFO] Argument:325 - Argument : Parentvalue: null
2024-05-02 00:17:40,020 [INFO] Argument:335 - Argument : Parentvalue: null
2024-05-02 00:17:40,020 [INFO] Argument:325 - Argument : XferCpltCallbackvalue: null
2024-05-02 00:17:40,020 [INFO] Argument:335 - Argument : XferCpltCallbackvalue: null
2024-05-02 00:17:40,020 [INFO] Argument:325 - Argument : XferHalfCpltCallbackvalue: null
2024-05-02 00:17:40,020 [INFO] Argument:335 - Argument : XferHalfCpltCallbackvalue: null
2024-05-02 00:17:40,020 [INFO] Argument:325 - Argument : XferErrorCallbackvalue: null
2024-05-02 00:17:40,020 [INFO] Argument:335 - Argument : XferErrorCallbackvalue: null
2024-05-02 00:17:40,020 [INFO] Argument:325 - Argument : XferAbortCallbackvalue: null
2024-05-02 00:17:40,020 [INFO] Argument:335 - Argument : XferAbortCallbackvalue: null
2024-05-02 00:17:40,020 [INFO] Argument:325 - Argument : ErrorCodevalue: null
2024-05-02 00:17:40,020 [INFO] Argument:335 - Argument : ErrorCodevalue: null
2024-05-02 00:17:40,020 [INFO] Argument:325 - Argument : ChannelIndexvalue: null
2024-05-02 00:17:40,020 [INFO] Argument:335 - Argument : ChannelIndexvalue: null
2024-05-02 00:17:40,020 [INFO] Argument:325 - Argument : DMAmuxChannelvalue: null
2024-05-02 00:17:40,020 [INFO] Argument:335 - Argument : DMAmuxChannelvalue: null
2024-05-02 00:17:40,020 [INFO] Argument:325 - Argument : DMAmuxChannelStatusvalue: null
2024-05-02 00:17:40,020 [INFO] Argument:335 - Argument : DMAmuxChannelStatusvalue: null
2024-05-02 00:17:40,020 [INFO] Argument:325 - Argument : DMAmuxChannelStatusMaskvalue: null
2024-05-02 00:17:40,020 [INFO] Argument:335 - Argument : DMAmuxChannelStatusMaskvalue: null
2024-05-02 00:17:40,020 [INFO] Argument:325 - Argument : DMAmuxRequestGenvalue: null
2024-05-02 00:17:40,021 [INFO] Argument:335 - Argument : DMAmuxRequestGenvalue: null
2024-05-02 00:17:40,021 [INFO] Argument:325 - Argument : DMAmuxRequestGenStatusvalue: null
2024-05-02 00:17:40,021 [INFO] Argument:335 - Argument : DMAmuxRequestGenStatusvalue: null
2024-05-02 00:17:40,021 [INFO] Argument:325 - Argument : DMAmuxRequestGenStatusMaskvalue: null
2024-05-02 00:17:40,021 [INFO] Argument:335 - Argument : DMAmuxRequestGenStatusMaskvalue: null
2024-05-02 00:17:40,114 [INFO] CodeEngine:255 - oldGeneratedFile, E:\Fibo_2_2\Stu\All_code\Robotic_Studio_III_ASRS\ModbusDemo2024\MODBUS2024ALT\MXTmpFiles\license.tmp_save
2024-05-02 00:17:40,196 [INFO] CodeEngine:279 - Generated code: E:\Fibo_2_2\Stu\All_code\Robotic_Studio_III_ASRS\ModbusDemo2024\MODBUS2024ALT\MXTmpFiles\license.tmp
2024-05-02 00:17:40,233 [INFO] CodeEngine:255 - oldGeneratedFile, E:\Fibo_2_2\Stu\All_code\Robotic_Studio_III_ASRS\ModbusDemo2024\MODBUS2024ALT\MXTmpFiles\gpio.tmp_save
2024-05-02 00:17:40,302 [INFO] CodeEngine:279 - Generated code: E:\Fibo_2_2\Stu\All_code\Robotic_Studio_III_ASRS\ModbusDemo2024\MODBUS2024ALT\MXTmpFiles\gpio.tmp
2024-05-02 00:17:40,898 [INFO] CodeEngine:255 - oldGeneratedFile, E:\Fibo_2_2\Stu\All_code\Robotic_Studio_III_ASRS\ModbusDemo2024\MODBUS2024ALT\MXTmpFiles\dma.tmp_save
2024-05-02 00:17:40,961 [INFO] CodeEngine:279 - Generated code: E:\Fibo_2_2\Stu\All_code\Robotic_Studio_III_ASRS\ModbusDemo2024\MODBUS2024ALT\MXTmpFiles\dma.tmp
2024-05-02 00:17:40,965 [INFO] CodeEngine:255 - oldGeneratedFile, E:\Fibo_2_2\Stu\All_code\Robotic_Studio_III_ASRS\ModbusDemo2024\MODBUS2024ALT\MXTmpFiles\dma_GV.tmp_save
2024-05-02 00:17:41,006 [INFO] CodeEngine:279 - Generated code: E:\Fibo_2_2\Stu\All_code\Robotic_Studio_III_ASRS\ModbusDemo2024\MODBUS2024ALT\MXTmpFiles\dma_GV.tmp
2024-05-02 00:17:41,033 [INFO] CodeEngine:255 - oldGeneratedFile, E:\Fibo_2_2\Stu\All_code\Robotic_Studio_III_ASRS\ModbusDemo2024\MODBUS2024ALT\Core\Src\stm32g4xx_it.c_save
2024-05-02 00:17:41,151 [INFO] CodeEngine:279 - Generated code: E:\Fibo_2_2\Stu\All_code\Robotic_Studio_III_ASRS\ModbusDemo2024\MODBUS2024ALT\Core\Src\stm32g4xx_it.c
2024-05-02 00:17:41,156 [INFO] CodeEngine:255 - oldGeneratedFile, E:\Fibo_2_2\Stu\All_code\Robotic_Studio_III_ASRS\ModbusDemo2024\MODBUS2024ALT\Core\Inc\stm32g4xx_it.h_save
2024-05-02 00:17:41,201 [INFO] CodeEngine:279 - Generated code: E:\Fibo_2_2\Stu\All_code\Robotic_Studio_III_ASRS\ModbusDemo2024\MODBUS2024ALT\Core\Inc\stm32g4xx_it.h
2024-05-02 00:17:41,231 [INFO] CodeEngine:255 - oldGeneratedFile, E:\Fibo_2_2\Stu\All_code\Robotic_Studio_III_ASRS\ModbusDemo2024\MODBUS2024ALT\Core\Src\stm32g4xx_hal_msp.c_save
2024-05-02 00:17:41,373 [INFO] CodeEngine:279 - Generated code: E:\Fibo_2_2\Stu\All_code\Robotic_Studio_III_ASRS\ModbusDemo2024\MODBUS2024ALT\Core\Src\stm32g4xx_hal_msp.c
2024-05-02 00:17:41,377 [INFO] CodeEngine:255 - oldGeneratedFile, E:\Fibo_2_2\Stu\All_code\Robotic_Studio_III_ASRS\ModbusDemo2024\MODBUS2024ALT\MXTmpFiles\system.tmp_save
2024-05-02 00:17:41,420 [INFO] CodeEngine:279 - Generated code: E:\Fibo_2_2\Stu\All_code\Robotic_Studio_III_ASRS\ModbusDemo2024\MODBUS2024ALT\MXTmpFiles\system.tmp
2024-05-02 00:17:41,435 [INFO] CodeEngine:311 - oldGeneratedFile, E:\Fibo_2_2\Stu\All_code\Robotic_Studio_III_ASRS\ModbusDemo2024\MODBUS2024ALT\Core\Inc\stm32g4xx_hal_conf.h_save
2024-05-02 00:17:41,509 [INFO] CodeEngine:335 - Generated code: E:\Fibo_2_2\Stu\All_code\Robotic_Studio_III_ASRS\ModbusDemo2024\MODBUS2024ALT\Core\Inc\stm32g4xx_hal_conf.h
2024-05-02 00:17:41,532 [WARN] IPConfigManager:2982 - Warning: the RefConfig RCC_CommonPeriphClockConfig is not available in your config.xml file
2024-05-02 00:17:41,539 [WARN] IPConfigManager:3513 - IP not found : TIM
2024-05-02 00:17:41,540 [WARN] CodeGenerator:3951 - IP not found : null
2024-05-02 00:17:41,552 [INFO] CodeEngine:255 - oldGeneratedFile, E:\Fibo_2_2\Stu\All_code\Robotic_Studio_III_ASRS\ModbusDemo2024\MODBUS2024ALT\Core\Inc\main.h_save
2024-05-02 00:17:41,636 [INFO] CodeEngine:279 - Generated code: E:\Fibo_2_2\Stu\All_code\Robotic_Studio_III_ASRS\ModbusDemo2024\MODBUS2024ALT\Core\Inc\main.h
2024-05-02 00:17:41,648 [INFO] CodeEngine:255 - oldGeneratedFile, E:\Fibo_2_2\Stu\All_code\Robotic_Studio_III_ASRS\ModbusDemo2024\MODBUS2024ALT\Core\Src\main.c_save
2024-05-02 00:17:41,771 [INFO] CodeEngine:279 - Generated code: E:\Fibo_2_2\Stu\All_code\Robotic_Studio_III_ASRS\ModbusDemo2024\MODBUS2024ALT\Core\Src\main.c
2024-05-02 00:17:42,125 [INFO] ProjectBuilder:3163 - Time for Copy HAL[1] : 174mS.
2024-05-02 00:17:42,126 [WARN] ThirdPartyIpManager:480 - Condition 'TrustZone' not fulfilled in pack 'ARM.CMSIS.6.0.0'
2024-05-02 00:17:42,126 [WARN] ThirdPartyRefParameterProcessor:173 - Condition 'TrustZone;(SIiDtzIiTZ)' has not the same result using Semaphore or Dynamic solver for pack 'ARM.CMSIS.6.0.0''
2024-05-02 00:17:42,126 [WARN] ThirdPartyIpManager:480 - Condition 'TZ Secure' not fulfilled in pack 'ARM.CMSIS.6.0.0'
2024-05-02 00:17:42,126 [WARN] ThirdPartyRefParameterProcessor:173 - Condition 'TZ Secure;(SIiDtzIiTZ&SIiDsecureIiSecure)' has not the same result using Semaphore or Dynamic solver for pack 'ARM.CMSIS.6.0.0''
2024-05-02 00:17:42,126 [WARN] ThirdPartyIpManager:480 - Condition 'TZ Secure' not fulfilled in pack 'ARM.CMSIS.6.0.0'
2024-05-02 00:17:42,126 [WARN] ThirdPartyRefParameterProcessor:173 - Condition 'TZ Secure;(SIiDtzIiTZ&SIiDsecureIiSecure)' has not the same result using Semaphore or Dynamic solver for pack 'ARM.CMSIS.6.0.0''
2024-05-02 00:17:42,127 [WARN] ThirdPartyIpManager:480 - Condition 'ARMv7-A Device' not fulfilled in pack 'ARM.CMSIS-DSP.1.15.0'
2024-05-02 00:17:42,127 [WARN] ThirdPartyIpManager:480 - Condition 'ARMv7-A Device' not fulfilled in pack 'ARM.CMSIS-DSP.1.15.0'
2024-05-02 00:17:42,197 [INFO] ProjectBuilder:8898 - Time for Copy ThirdParty[1] : 69mS.
2024-05-02 00:17:42,398 [INFO] ProjectBuilder:8898 - Time for Copy ThirdParty[1] : 201mS.
2024-05-02 00:17:42,402 [INFO] ProjectBuilder:4736 - Project Generator version: 4.3.0-B58
2024-05-02 00:17:42,491 [INFO] ConfigFileManager:1503 - The Die is : DIE469
2024-05-02 00:17:43,408 [INFO] ProjectBuilder:5002 - Time for Generating toolchain IDE Files: 1006mS.
2024-05-02 00:17:43,409 [INFO] ProjectBuilder:3034 - Time for Copy CMSIS : 1mS.
2024-05-02 00:17:43,416 [INFO] ProjectBuilder:3034 - Time for Copy CMSIS : 0mS.
